#
# A fatal error has been detected by the Java Runtime Environment:
#
#  EXCEPTION_ACCESS_VIOLATION (0xc0000005) at pc=0x00007ff904cda6c9, pid=11892, tid=15488
#
# JRE version: OpenJDK Runtime Environment Corretto-20.0.2.10.1 (20.0.2.1+10) (build 20.0.2.1+10-FR)
# Java VM: OpenJDK 64-Bit Server VM Corretto-20.0.2.10.1 (20.0.2.1+10-FR, mixed mode, sharing, tiered, compressed oops, compressed class ptrs, g1 gc, windows-amd64)
# Problematic frame:
# C  [imgui-java64.dll+0x6a6c9]
#
# No core dump will be written. Minidumps are not enabled by default on client versions of Windows
#
# If you would like to submit a bug report, please visit:
#   https://github.com/corretto/corretto-20/issues/
# The crash happened outside the Java Virtual Machine in native code.
# See problematic frame for where to report the bug.
#

---------------  S U M M A R Y ------------

Command Line: -Djava.library.path=E:\repo\Haspid2DEngine\libs -javaagent:C:\Program Files\JetBrains\IntelliJ IDEA Community Edition 2023.3.5\lib\idea_rt.jar=49775:C:\Program Files\JetBrains\IntelliJ IDEA Community Edition 2023.3.5\bin -Dfile.encoding=UTF-8 -Dsun.stdout.encoding=UTF-8 -Dsun.stderr.encoding=UTF-8 main.Main

Host: Intel(R) Core(TM) i5-10300H CPU @ 2.50GHz, 8 cores, 7G,  Windows 11 , 64 bit Build 22621 (10.0.22621.3374)
Time: Tue May 21 22:23:41 2024  Windows 11 , 64 bit Build 22621 (10.0.22621.3374) elapsed time: 1.868540 seconds (0d 0h 0m 1s)

---------------  T H R E A D  ---------------

Current thread (0x000001b1d882f620):  JavaThread "main" [_thread_in_native, id=15488, stack(0x0000003534f00000,0x0000003535000000)]

Stack: [0x0000003534f00000,0x0000003535000000],  sp=0x0000003534ffeda0,  free space=1019k
Native frames: (J=compiled Java code, j=interpreted, Vv=VM code, C=native code)
C  [imgui-java64.dll+0x6a6c9]

Java frames: (J=compiled Java code, j=interpreted, Vv=VM code)
j  imgui.ImGui.pushID(Ljava/lang/String;)V+0
j  main.editor.JImGui.drawValue(Ljava/lang/String;Ljava/lang/Object;Ljava/lang/String;FF)Ljava/lang/Object;+10
j  main.editor.JImGui.drawValue(Ljava/lang/String;Ljava/lang/Object;Ljava/lang/String;)Ljava/lang/Object;+8
j  main.components.behaviour.PipeBeh.setName()V+16
j  main.components.behaviour.PipeBeh.update(F)V+1
j  main.haspid.GameObject.update(F)V+53
j  main.haspid.Scene.updateGameObject(F)V+31
j  main.editor.EditorScene.update(F)V+14
j  main.haspid.Window.loop()V+49
j  main.haspid.Window.run()V+19
j  main.Main.main([Ljava/lang/String;)V+5
v  ~StubRoutines::call_stub 0x000001b1e809100d

siginfo: EXCEPTION_ACCESS_VIOLATION (0xc0000005), reading address 0x0000000000000100


Registers:
RAX=0x000001b1c5e73b60, RBX=0x000001b1c5e73b60, RCX=0x000001b1c5e73b60, RDX=0x000001b1d882f8e0
RSP=0x0000003534ffeda0, RBP=0x0000003534ffeea8, RSI=0x0000000000000000, RDI=0x000000008a53a8e8
R8 =0x000001b1c5e73b65, R9 =0x0000000000000001, R10=0x000001b1c5e73b66, R11=0x000001b1c5e73b60
R12=0x000001b1fb0c7760, R13=0x0000003534ffeec8, R14=0x0000003534ffeec8, R15=0x000001b1d882f620
RIP=0x00007ff904cda6c9, EFLAGS=0x0000000000010206


Register to memory mapping:

RIP=0x00007ff904cda6c9 imgui-java64.dll
RAX=0x000001b1c5e73b60 points into unknown readable memory: 0x0000203a656d614e | 4e 61 6d 65 3a 20 00 00
RBX=0x000001b1c5e73b60 points into unknown readable memory: 0x0000203a656d614e | 4e 61 6d 65 3a 20 00 00
RCX=0x000001b1c5e73b60 points into unknown readable memory: 0x0000203a656d614e | 4e 61 6d 65 3a 20 00 00
RDX=0x000001b1d882f8e0 points into unknown readable memory: 0x0000003534ffee30 | 30 ee ff 34 35 00 00 00
RSP=0x0000003534ffeda0 is pointing into the stack for thread: 0x000001b1d882f620
RBP=0x0000003534ffeea8 is pointing into the stack for thread: 0x000001b1d882f620
RSI=0x0 is NULL
RDI=0x000000008a53a8e8 is an oop: java.lang.String 
{0x000000008a53a8e8} - klass: 'java/lang/String'
 - string: "Java_imgui_ImGui_pushID"
 - ---- fields (total size 3 words):
 - private 'hash' 'I' @12  0 (0x00000000)
 - private final 'coder' 'B' @16  0 (0x00)
 - private 'hashIsZero' 'Z' @17  false (0x00)
 - abstract internal 'flags' 'B' @18  0 (0x00)
 - private final synchronized 'value' '[B' @20  [B{0x000000008a53a900} (0x8a53a900)
R8 =0x000001b1c5e73b65 points into unknown readable memory: 20 00 00
R9 =0x0000000000000001 is an unknown value
R10=0x000001b1c5e73b66 points into unknown readable memory: 00 00
R11=0x000001b1c5e73b60 points into unknown readable memory: 0x0000203a656d614e | 4e 61 6d 65 3a 20 00 00
R12=0x000001b1fb0c7760 points into unknown readable memory: 0x000001b1d6840101 | 01 01 84 d6 b1 01 00 00
R13=0x0000003534ffeec8 is pointing into the stack for thread: 0x000001b1d882f620
R14=0x0000003534ffeec8 is pointing into the stack for thread: 0x000001b1d882f620
R15=0x000001b1d882f620 is a thread


Top of Stack: (sp=0x0000003534ffeda0)
0x0000003534ffeda0:   000000008a53a8e8 000001b1d882f620
0x0000003534ffedb0:   000001b1d882f620 0000000000000000
0x0000003534ffedc0:   000001b1c5e73b60 000000000002a85a
0x0000003534ffedd0:   000000008a53a8e8 0000003534ffeea8
0x0000003534ffede0:   000001b1d882f900 00007ff904d05329
0x0000003534ffedf0:   0000003534ffeea8 0000003534ffeec8
0x0000003534ffee00:   000001b1d882f620 000001b1f60c2e48
0x0000003534ffee10:   000001b1f60c2e48 0000000000000000
0x0000003534ffee20:   000001b1f60c2e48 000001b1e80b1ff3
0x0000003534ffee30:   000001b1f60c2e48 000000000002a85a
0x0000003534ffee40:   0000000088e2dea8 000000008a536428
0x0000003534ffee50:   000000008a536910 000001b1e80b1c96
0x0000003534ffee60:   0000003534ffee60 000001b1f60c2e48
0x0000003534ffee70:   0000003534ffeec8 000001b1f60e8000
0x0000003534ffee80:   0000000000000000 000000008a7558e8
0x0000003534ffee90:   000001b1f60c2e48 0000000000000000
0x0000003534ffeea0:   0000003534ffeec8 0000003534ffef18
0x0000003534ffeeb0:   000001b1e80ade8a 000000008a7558e8
0x0000003534ffeec0:   000001b1e80af897 000000008a536428
0x0000003534ffeed0:   0000003534ffeed0 000001b1f62630aa
0x0000003534ffeee0:   0000003534ffef68 000001b1f6263d10
0x0000003534ffeef0:   0000000000000000 000000008a539ba8
0x0000003534ffef00:   000001b1f6263270 0000003534ffeec8
0x0000003534ffef10:   0000003534ffef48 0000003534ffefb8
0x0000003534ffef20:   000001b1e80adfe3 0000000000000000
0x0000003534ffef30:   0000000000000000 0000000000000000
0x0000003534ffef40:   000000008a53a8d0 0000000042a00000
0x0000003534ffef50:   0000000000000000 000000008a536910
0x0000003534ffef60:   0000000088f32ad8 000000008a536428
0x0000003534ffef70:   0000003534ffef70 000001b1f6262fe0
0x0000003534ffef80:   0000003534ffefd8 000001b1f6263d10
0x0000003534ffef90:   0000000000000000 000000008a539ba8 

Instructions: (pc=0x00007ff904cda6c9)
0x00007ff904cda5c9:   9b 4a 40 00 48 89 bb 08 01 00 00 48 63 83 00 01
0x00007ff904cda5d9:   00 00 89 ab 04 01 00 00 e9 44 ff ff ff 66 2e 0f
0x00007ff904cda5e9:   1f 84 00 00 00 00 00 45 31 c9 45 31 c0 ba 0d 00
0x00007ff904cda5f9:   00 00 e8 70 c7 ff ff e9 0f ff ff ff 0f 1f 00 89
0x00007ff904cda609:   c2 c1 ea 1f 01 c2 d1 fa 01 c2 39 ca 0f 4d ca 89
0x00007ff904cda619:   cd 39 c8 0f 8d 01 ff ff ff e9 31 ff ff ff 66 0f
0x00007ff904cda629:   1f 84 00 00 00 00 00 56 53 48 83 ec 38 b8 00 00
0x00007ff904cda639:   00 00 48 89 d6 48 29 ca 48 89 cb 48 85 f6 48 0f
0x00007ff904cda649:   44 d0 e8 60 b5 fd ff 48 8b 15 f1 ca 49 00 3b 82
0x00007ff904cda659:   7c 1d 00 00 75 06 89 82 80 1d 00 00 3b 82 b8 1d
0x00007ff904cda669:   00 00 75 07 c6 82 bc 1d 00 00 01 39 82 64 1d 00
0x00007ff904cda679:   00 74 0c 48 83 c4 38 5b 5e c3 0f 1f 44 00 00 89
0x00007ff904cda689:   c1 49 89 f1 49 89 d8 ba 0b 00 00 00 89 44 24 2c
0x00007ff904cda699:   e8 d2 c6 ff ff 8b 44 24 2c 48 83 c4 38 5b 5e c3
0x00007ff904cda6a9:   0f 1f 80 00 00 00 00 41 54 55 57 56 53 48 83 ec
0x00007ff904cda6b9:   20 4c 8b 25 87 ca 49 00 49 8b b4 24 28 1d 00 00
0x00007ff904cda6c9:   48 63 9e 00 01 00 00 48 89 cd 85 db 0f 8e f5 00
0x00007ff904cda6d9:   00 00 48 8b 96 08 01 00 00 48 63 c3 48 89 e9 44
0x00007ff904cda6e9:   8b 44 82 fc 31 d2 e8 bc b4 fd ff 89 c7 41 3b 84
0x00007ff904cda6f9:   24 64 1d 00 00 0f 84 f4 00 00 00 39 9e 04 01 00
0x00007ff904cda709:   00 74 24 48 8b ae 08 01 00 00 89 7c 9d 00 83 86
0x00007ff904cda719:   00 01 00 00 01 48 83 c4 20 5b 5e 5f 5d 41 5c c3
0x00007ff904cda729:   0f 1f 80 00 00 00 00 8d 43 01 85 db 0f 85 e5 00
0x00007ff904cda739:   00 00 41 bc 08 00 00 00 48 8b 05 00 ca 49 00 49
0x00007ff904cda749:   63 cc 48 c1 e1 02 48 85 c0 74 07 83 80 ac 03 00
0x00007ff904cda759:   00 01 48 8b 15 fe ca 49 00 ff 15 08 49 40 00 48
0x00007ff904cda769:   8b 96 08 01 00 00 48 89 c5 48 85 d2 74 3f 4c 63
0x00007ff904cda779:   86 00 01 00 00 48 89 c1 49 c1 e0 02 e8 de 4f 17
0x00007ff904cda789:   00 48 8b 8e 08 01 00 00 48 85 c9 74 13 48 8b 05
0x00007ff904cda799:   ab c9 49 00 48 85 c0 74 07 83 a8 ac 03 00 00 01
0x00007ff904cda7a9:   48 8b 15 b0 ca 49 00 ff 15 b2 48 40 00 48 89 ae
0x00007ff904cda7b9:   08 01 00 00 48 63 9e 00 01 00 00 44 89 a6 04 01 


Stack slot to memory mapping:
stack at sp + 0 slots: 0x000000008a53a8e8 is an oop: java.lang.String 
{0x000000008a53a8e8} - klass: 'java/lang/String'
 - string: "Java_imgui_ImGui_pushID"
 - ---- fields (total size 3 words):
 - private 'hash' 'I' @12  0 (0x00000000)
 - private final 'coder' 'B' @16  0 (0x00)
 - private 'hashIsZero' 'Z' @17  false (0x00)
 - abstract internal 'flags' 'B' @18  0 (0x00)
 - private final synchronized 'value' '[B' @20  [B{0x000000008a53a900} (0x8a53a900)
stack at sp + 1 slots: 0x000001b1d882f620 is a thread
stack at sp + 2 slots: 0x000001b1d882f620 is a thread
stack at sp + 3 slots: 0x0 is NULL
stack at sp + 4 slots: 0x000001b1c5e73b60 points into unknown readable memory: 0x0000203a656d614e | 4e 61 6d 65 3a 20 00 00
stack at sp + 5 slots: 0x000000000002a85a is an unknown value
stack at sp + 6 slots: 0x000000008a53a8e8 is an oop: java.lang.String 
{0x000000008a53a8e8} - klass: 'java/lang/String'
 - string: "Java_imgui_ImGui_pushID"
 - ---- fields (total size 3 words):
 - private 'hash' 'I' @12  0 (0x00000000)
 - private final 'coder' 'B' @16  0 (0x00)
 - private 'hashIsZero' 'Z' @17  false (0x00)
 - abstract internal 'flags' 'B' @18  0 (0x00)
 - private final synchronized 'value' '[B' @20  [B{0x000000008a53a900} (0x8a53a900)
stack at sp + 7 slots: 0x0000003534ffeea8 is pointing into the stack for thread: 0x000001b1d882f620


---------------  P R O C E S S  ---------------

Threads class SMR info:
_java_thread_list=0x000001b1c52ee970, length=15, elements={
0x000001b1d882f620, 0x000001b1f540bcf0, 0x000001b1f540c8d0, 0x000001b1f540df30,
0x000001b1f540fa80, 0x000001b1f5412500, 0x000001b1f5412f70, 0x000001b1f5421100,
0x000001b1f5421ce0, 0x000001b1f53d3260, 0x000001b1f9b57370, 0x000001b1f9b578c0,
0x000001b1f9d73f20, 0x000001b1f9d88180, 0x000001b1c56c8eb0
}

Java Threads: ( => current thread )
=>0x000001b1d882f620 JavaThread "main" [_thread_in_native, id=15488, stack(0x0000003534f00000,0x0000003535000000)]
  0x000001b1f540bcf0 JavaThread "Reference Handler" daemon [_thread_blocked, id=15492, stack(0x0000003535600000,0x0000003535700000)]
  0x000001b1f540c8d0 JavaThread "Finalizer" daemon [_thread_blocked, id=3320, stack(0x0000003535700000,0x0000003535800000)]
  0x000001b1f540df30 JavaThread "Signal Dispatcher" daemon [_thread_blocked, id=16828, stack(0x0000003535800000,0x0000003535900000)]
  0x000001b1f540fa80 JavaThread "Attach Listener" daemon [_thread_blocked, id=4312, stack(0x0000003535900000,0x0000003535a00000)]
  0x000001b1f5412500 JavaThread "Service Thread" daemon [_thread_blocked, id=13680, stack(0x0000003535a00000,0x0000003535b00000)]
  0x000001b1f5412f70 JavaThread "Monitor Deflation Thread" daemon [_thread_blocked, id=1400, stack(0x0000003535b00000,0x0000003535c00000)]
  0x000001b1f5421100 JavaThread "C2 CompilerThread0" daemon [_thread_blocked, id=16168, stack(0x0000003535c00000,0x0000003535d00000)]
  0x000001b1f5421ce0 JavaThread "C1 CompilerThread0" daemon [_thread_blocked, id=8344, stack(0x0000003535d00000,0x0000003535e00000)]
  0x000001b1f53d3260 JavaThread "Common-Cleaner" daemon [_thread_blocked, id=9384, stack(0x0000003535e00000,0x0000003535f00000)]
  0x000001b1f9b57370 JavaThread "Monitor Ctrl-Break" daemon [_thread_in_native, id=12036, stack(0x0000003536000000,0x0000003536100000)]
  0x000001b1f9b578c0 JavaThread "Notification Thread" daemon [_thread_blocked, id=7992, stack(0x0000003536100000,0x0000003536200000)]
  0x000001b1f9d73f20 JavaThread "Java2D Disposer" daemon [_thread_blocked, id=12424, stack(0x0000003536600000,0x0000003536700000)]
  0x000001b1f9d88180 JavaThread "AWT-Windows" daemon [_thread_in_native, id=7220, stack(0x0000003536800000,0x0000003536900000)]
  0x000001b1c56c8eb0 JavaThread "C2 CompilerThread1" daemon [_thread_blocked, id=13660, stack(0x0000003536700000,0x0000003536800000)]

Other Threads:
  0x000001b1f53ee4a0 VMThread "VM Thread" [stack: 0x0000003535500000,0x0000003535600000] [id=9276]
  0x000001b1f9a5bb60 WatcherThread "VM Periodic Task Thread" [stack: 0x0000003536200000,0x0000003536300000] [id=13828]
  0x000001b1d888ebb0 WorkerThread "GC Thread#0" [stack: 0x0000003535000000,0x0000003535100000] [id=5436]
  0x000001b1c508cba0 WorkerThread "GC Thread#1" [stack: 0x0000003536e00000,0x0000003536f00000] [id=15012]
  0x000001b1c508d140 WorkerThread "GC Thread#2" [stack: 0x0000003536f00000,0x0000003537000000] [id=8500]
  0x000001b1c589a230 WorkerThread "GC Thread#3" [stack: 0x0000003537200000,0x0000003537300000] [id=13824]
  0x000001b1c5899150 WorkerThread "GC Thread#4" [stack: 0x0000003537300000,0x0000003537400000] [id=10304]
  0x000001b1c5899f60 WorkerThread "GC Thread#5" [stack: 0x0000003537400000,0x0000003537500000] [id=12380]
  0x000001b1c589b310 WorkerThread "GC Thread#6" [stack: 0x0000003537500000,0x0000003537600000] [id=17348]
  0x000001b1c589a500 WorkerThread "GC Thread#7" [stack: 0x0000003537600000,0x0000003537700000] [id=6448]
  0x000001b1d889f580 ConcurrentGCThread "G1 Main Marker" [stack: 0x0000003535100000,0x0000003535200000] [id=6976]
  0x000001b1d88a0150 WorkerThread "G1 Conc#0" [stack: 0x0000003535200000,0x0000003535300000] [id=7744]
  0x000001b1f52a8500 ConcurrentGCThread "G1 Refine#0" [stack: 0x0000003535300000,0x0000003535400000] [id=3876]
  0x000001b1f52a8fa0 ConcurrentGCThread "G1 Service" [stack: 0x0000003535400000,0x0000003535500000] [id=7020]

Threads with active compile tasks:

VM state: not at safepoint (normal execution)

VM Mutex/Monitor currently owned by a thread: None

Heap address: 0x0000000082a00000, size: 2006 MB, Compressed Oops mode: 32-bit

CDS archive(s) mapped at: [0x000001b180000000-0x000001b180c60000-0x000001b180c60000), size 12976128, SharedBaseAddress: 0x000001b180000000, ArchiveRelocationMode: 1.
Compressed class space mapped at: 0x000001b181000000-0x000001b1c1000000, reserved size: 1073741824
Narrow klass base: 0x000001b180000000, Narrow klass shift: 0, Narrow klass range: 0x100000000

GC Precious Log:
 CardTable entry size: 512
 Card Set container configuration: InlinePtr #cards 5 size 8 Array Of Cards #cards 12 size 40 Howl #buckets 4 coarsen threshold 1843 Howl Bitmap #cards 512 size 80 coarsen threshold 460 Card regions per heap region 1 cards per card region 2048
 CPUs: 8 total, 8 available
 Memory: 8023M
 Large Page Support: Disabled
 NUMA Support: Disabled
 Compressed Oops: Enabled (32-bit)
 Heap Region Size: 1M
 Heap Min Capacity: 8M
 Heap Initial Capacity: 126M
 Heap Max Capacity: 2006M
 Pre-touch: Disabled
 Parallel Workers: 8
 Concurrent Workers: 2
 Concurrent Refinement Workers: 8
 Periodic GC: Disabled

Heap:
 garbage-first heap   total 129024K, used 8491K [0x0000000082a00000, 0x0000000100000000)
  region size 1024K, 6 young (6144K), 3 survivors (3072K)
 Metaspace       used 10585K, committed 10880K, reserved 1114112K
  class space    used 817K, committed 960K, reserved 1048576K

Heap Regions: E=young(eden), S=young(survivor), O=old, HS=humongous(starts), HC=humongous(continues), CS=collection set, F=free, OA=open archive, CA=closed archive, TAMS=top-at-mark-start, PB=parsable bottom
|   0|0x0000000082a00000, 0x0000000082b00000, 0x0000000082b00000|100%| O|  |TAMS 0x0000000082a00000| PB 0x0000000082a00000| Untracked 
|   1|0x0000000082b00000, 0x0000000082b4ac00, 0x0000000082c00000| 29%| O|  |TAMS 0x0000000082b00000| PB 0x0000000082b00000| Untracked 
|   2|0x0000000082c00000, 0x0000000082d00000, 0x0000000082d00000|100%|HS|  |TAMS 0x0000000082c00000| PB 0x0000000082c00000| Complete 
|   3|0x0000000082d00000, 0x0000000082e00000, 0x0000000082e00000|100%|HC|  |TAMS 0x0000000082d00000| PB 0x0000000082d00000| Complete 
|   4|0x0000000082e00000, 0x0000000082e00000, 0x0000000082f00000|  0%| F|  |TAMS 0x0000000082e00000| PB 0x0000000082e00000| Untracked 
|   5|0x0000000082f00000, 0x0000000082f00000, 0x0000000083000000|  0%| F|  |TAMS 0x0000000082f00000| PB 0x0000000082f00000| Untracked 
|   6|0x0000000083000000, 0x0000000083000000, 0x0000000083100000|  0%| F|  |TAMS 0x0000000083000000| PB 0x0000000083000000| Untracked 
|   7|0x0000000083100000, 0x0000000083100000, 0x0000000083200000|  0%| F|  |TAMS 0x0000000083100000| PB 0x0000000083100000| Untracked 
|   8|0x0000000083200000, 0x0000000083200000, 0x0000000083300000|  0%| F|  |TAMS 0x0000000083200000| PB 0x0000000083200000| Untracked 
|   9|0x0000000083300000, 0x0000000083300000, 0x0000000083400000|  0%| F|  |TAMS 0x0000000083300000| PB 0x0000000083300000| Untracked 
|  10|0x0000000083400000, 0x0000000083400000, 0x0000000083500000|  0%| F|  |TAMS 0x0000000083400000| PB 0x0000000083400000| Untracked 
|  11|0x0000000083500000, 0x0000000083500000, 0x0000000083600000|  0%| F|  |TAMS 0x0000000083500000| PB 0x0000000083500000| Untracked 
|  12|0x0000000083600000, 0x0000000083600000, 0x0000000083700000|  0%| F|  |TAMS 0x0000000083600000| PB 0x0000000083600000| Untracked 
|  13|0x0000000083700000, 0x0000000083700000, 0x0000000083800000|  0%| F|  |TAMS 0x0000000083700000| PB 0x0000000083700000| Untracked 
|  14|0x0000000083800000, 0x0000000083800000, 0x0000000083900000|  0%| F|  |TAMS 0x0000000083800000| PB 0x0000000083800000| Untracked 
|  15|0x0000000083900000, 0x0000000083900000, 0x0000000083a00000|  0%| F|  |TAMS 0x0000000083900000| PB 0x0000000083900000| Untracked 
|  16|0x0000000083a00000, 0x0000000083a00000, 0x0000000083b00000|  0%| F|  |TAMS 0x0000000083a00000| PB 0x0000000083a00000| Untracked 
|  17|0x0000000083b00000, 0x0000000083b00000, 0x0000000083c00000|  0%| F|  |TAMS 0x0000000083b00000| PB 0x0000000083b00000| Untracked 
|  18|0x0000000083c00000, 0x0000000083c00000, 0x0000000083d00000|  0%| F|  |TAMS 0x0000000083c00000| PB 0x0000000083c00000| Untracked 
|  19|0x0000000083d00000, 0x0000000083d00000, 0x0000000083e00000|  0%| F|  |TAMS 0x0000000083d00000| PB 0x0000000083d00000| Untracked 
|  20|0x0000000083e00000, 0x0000000083e00000, 0x0000000083f00000|  0%| F|  |TAMS 0x0000000083e00000| PB 0x0000000083e00000| Untracked 
|  21|0x0000000083f00000, 0x0000000083f00000, 0x0000000084000000|  0%| F|  |TAMS 0x0000000083f00000| PB 0x0000000083f00000| Untracked 
|  22|0x0000000084000000, 0x0000000084000000, 0x0000000084100000|  0%| F|  |TAMS 0x0000000084000000| PB 0x0000000084000000| Untracked 
|  23|0x0000000084100000, 0x0000000084100000, 0x0000000084200000|  0%| F|  |TAMS 0x0000000084100000| PB 0x0000000084100000| Untracked 
|  24|0x0000000084200000, 0x0000000084200000, 0x0000000084300000|  0%| F|  |TAMS 0x0000000084200000| PB 0x0000000084200000| Untracked 
|  25|0x0000000084300000, 0x0000000084300000, 0x0000000084400000|  0%| F|  |TAMS 0x0000000084300000| PB 0x0000000084300000| Untracked 
|  26|0x0000000084400000, 0x0000000084400000, 0x0000000084500000|  0%| F|  |TAMS 0x0000000084400000| PB 0x0000000084400000| Untracked 
|  27|0x0000000084500000, 0x0000000084500000, 0x0000000084600000|  0%| F|  |TAMS 0x0000000084500000| PB 0x0000000084500000| Untracked 
|  28|0x0000000084600000, 0x0000000084600000, 0x0000000084700000|  0%| F|  |TAMS 0x0000000084600000| PB 0x0000000084600000| Untracked 
|  29|0x0000000084700000, 0x0000000084700000, 0x0000000084800000|  0%| F|  |TAMS 0x0000000084700000| PB 0x0000000084700000| Untracked 
|  30|0x0000000084800000, 0x0000000084800000, 0x0000000084900000|  0%| F|  |TAMS 0x0000000084800000| PB 0x0000000084800000| Untracked 
|  31|0x0000000084900000, 0x0000000084900000, 0x0000000084a00000|  0%| F|  |TAMS 0x0000000084900000| PB 0x0000000084900000| Untracked 
|  32|0x0000000084a00000, 0x0000000084a00000, 0x0000000084b00000|  0%| F|  |TAMS 0x0000000084a00000| PB 0x0000000084a00000| Untracked 
|  33|0x0000000084b00000, 0x0000000084b00000, 0x0000000084c00000|  0%| F|  |TAMS 0x0000000084b00000| PB 0x0000000084b00000| Untracked 
|  34|0x0000000084c00000, 0x0000000084c00000, 0x0000000084d00000|  0%| F|  |TAMS 0x0000000084c00000| PB 0x0000000084c00000| Untracked 
|  35|0x0000000084d00000, 0x0000000084d00000, 0x0000000084e00000|  0%| F|  |TAMS 0x0000000084d00000| PB 0x0000000084d00000| Untracked 
|  36|0x0000000084e00000, 0x0000000084e00000, 0x0000000084f00000|  0%| F|  |TAMS 0x0000000084e00000| PB 0x0000000084e00000| Untracked 
|  37|0x0000000084f00000, 0x0000000084f00000, 0x0000000085000000|  0%| F|  |TAMS 0x0000000084f00000| PB 0x0000000084f00000| Untracked 
|  38|0x0000000085000000, 0x0000000085000000, 0x0000000085100000|  0%| F|  |TAMS 0x0000000085000000| PB 0x0000000085000000| Untracked 
|  39|0x0000000085100000, 0x0000000085100000, 0x0000000085200000|  0%| F|  |TAMS 0x0000000085100000| PB 0x0000000085100000| Untracked 
|  40|0x0000000085200000, 0x0000000085200000, 0x0000000085300000|  0%| F|  |TAMS 0x0000000085200000| PB 0x0000000085200000| Untracked 
|  41|0x0000000085300000, 0x0000000085300000, 0x0000000085400000|  0%| F|  |TAMS 0x0000000085300000| PB 0x0000000085300000| Untracked 
|  42|0x0000000085400000, 0x0000000085400000, 0x0000000085500000|  0%| F|  |TAMS 0x0000000085400000| PB 0x0000000085400000| Untracked 
|  43|0x0000000085500000, 0x0000000085500000, 0x0000000085600000|  0%| F|  |TAMS 0x0000000085500000| PB 0x0000000085500000| Untracked 
|  44|0x0000000085600000, 0x0000000085600000, 0x0000000085700000|  0%| F|  |TAMS 0x0000000085600000| PB 0x0000000085600000| Untracked 
|  45|0x0000000085700000, 0x0000000085700000, 0x0000000085800000|  0%| F|  |TAMS 0x0000000085700000| PB 0x0000000085700000| Untracked 
|  46|0x0000000085800000, 0x0000000085800000, 0x0000000085900000|  0%| F|  |TAMS 0x0000000085800000| PB 0x0000000085800000| Untracked 
|  47|0x0000000085900000, 0x0000000085900000, 0x0000000085a00000|  0%| F|  |TAMS 0x0000000085900000| PB 0x0000000085900000| Untracked 
|  48|0x0000000085a00000, 0x0000000085a00000, 0x0000000085b00000|  0%| F|  |TAMS 0x0000000085a00000| PB 0x0000000085a00000| Untracked 
|  49|0x0000000085b00000, 0x0000000085b00000, 0x0000000085c00000|  0%| F|  |TAMS 0x0000000085b00000| PB 0x0000000085b00000| Untracked 
|  50|0x0000000085c00000, 0x0000000085c00000, 0x0000000085d00000|  0%| F|  |TAMS 0x0000000085c00000| PB 0x0000000085c00000| Untracked 
|  51|0x0000000085d00000, 0x0000000085d00000, 0x0000000085e00000|  0%| F|  |TAMS 0x0000000085d00000| PB 0x0000000085d00000| Untracked 
|  52|0x0000000085e00000, 0x0000000085e00000, 0x0000000085f00000|  0%| F|  |TAMS 0x0000000085e00000| PB 0x0000000085e00000| Untracked 
|  53|0x0000000085f00000, 0x0000000085f00000, 0x0000000086000000|  0%| F|  |TAMS 0x0000000085f00000| PB 0x0000000085f00000| Untracked 
|  54|0x0000000086000000, 0x0000000086000000, 0x0000000086100000|  0%| F|  |TAMS 0x0000000086000000| PB 0x0000000086000000| Untracked 
|  55|0x0000000086100000, 0x0000000086100000, 0x0000000086200000|  0%| F|  |TAMS 0x0000000086100000| PB 0x0000000086100000| Untracked 
|  56|0x0000000086200000, 0x0000000086200000, 0x0000000086300000|  0%| F|  |TAMS 0x0000000086200000| PB 0x0000000086200000| Untracked 
|  57|0x0000000086300000, 0x0000000086300000, 0x0000000086400000|  0%| F|  |TAMS 0x0000000086300000| PB 0x0000000086300000| Untracked 
|  58|0x0000000086400000, 0x0000000086400000, 0x0000000086500000|  0%| F|  |TAMS 0x0000000086400000| PB 0x0000000086400000| Untracked 
|  59|0x0000000086500000, 0x0000000086500000, 0x0000000086600000|  0%| F|  |TAMS 0x0000000086500000| PB 0x0000000086500000| Untracked 
|  60|0x0000000086600000, 0x0000000086600000, 0x0000000086700000|  0%| F|  |TAMS 0x0000000086600000| PB 0x0000000086600000| Untracked 
|  61|0x0000000086700000, 0x0000000086700000, 0x0000000086800000|  0%| F|  |TAMS 0x0000000086700000| PB 0x0000000086700000| Untracked 
|  62|0x0000000086800000, 0x0000000086800000, 0x0000000086900000|  0%| F|  |TAMS 0x0000000086800000| PB 0x0000000086800000| Untracked 
|  63|0x0000000086900000, 0x0000000086900000, 0x0000000086a00000|  0%| F|  |TAMS 0x0000000086900000| PB 0x0000000086900000| Untracked 
|  64|0x0000000086a00000, 0x0000000086a00000, 0x0000000086b00000|  0%| F|  |TAMS 0x0000000086a00000| PB 0x0000000086a00000| Untracked 
|  65|0x0000000086b00000, 0x0000000086b00000, 0x0000000086c00000|  0%| F|  |TAMS 0x0000000086b00000| PB 0x0000000086b00000| Untracked 
|  66|0x0000000086c00000, 0x0000000086c00000, 0x0000000086d00000|  0%| F|  |TAMS 0x0000000086c00000| PB 0x0000000086c00000| Untracked 
|  67|0x0000000086d00000, 0x0000000086d00000, 0x0000000086e00000|  0%| F|  |TAMS 0x0000000086d00000| PB 0x0000000086d00000| Untracked 
|  68|0x0000000086e00000, 0x0000000086e00000, 0x0000000086f00000|  0%| F|  |TAMS 0x0000000086e00000| PB 0x0000000086e00000| Untracked 
|  69|0x0000000086f00000, 0x0000000086f00000, 0x0000000087000000|  0%| F|  |TAMS 0x0000000086f00000| PB 0x0000000086f00000| Untracked 
|  70|0x0000000087000000, 0x0000000087000000, 0x0000000087100000|  0%| F|  |TAMS 0x0000000087000000| PB 0x0000000087000000| Untracked 
|  71|0x0000000087100000, 0x0000000087100000, 0x0000000087200000|  0%| F|  |TAMS 0x0000000087100000| PB 0x0000000087100000| Untracked 
|  72|0x0000000087200000, 0x0000000087200000, 0x0000000087300000|  0%| F|  |TAMS 0x0000000087200000| PB 0x0000000087200000| Untracked 
|  73|0x0000000087300000, 0x0000000087300000, 0x0000000087400000|  0%| F|  |TAMS 0x0000000087300000| PB 0x0000000087300000| Untracked 
|  74|0x0000000087400000, 0x0000000087400000, 0x0000000087500000|  0%| F|  |TAMS 0x0000000087400000| PB 0x0000000087400000| Untracked 
|  75|0x0000000087500000, 0x0000000087500000, 0x0000000087600000|  0%| F|  |TAMS 0x0000000087500000| PB 0x0000000087500000| Untracked 
|  76|0x0000000087600000, 0x0000000087600000, 0x0000000087700000|  0%| F|  |TAMS 0x0000000087600000| PB 0x0000000087600000| Untracked 
|  77|0x0000000087700000, 0x0000000087700000, 0x0000000087800000|  0%| F|  |TAMS 0x0000000087700000| PB 0x0000000087700000| Untracked 
|  78|0x0000000087800000, 0x0000000087800000, 0x0000000087900000|  0%| F|  |TAMS 0x0000000087800000| PB 0x0000000087800000| Untracked 
|  79|0x0000000087900000, 0x0000000087900000, 0x0000000087a00000|  0%| F|  |TAMS 0x0000000087900000| PB 0x0000000087900000| Untracked 
|  80|0x0000000087a00000, 0x0000000087a00000, 0x0000000087b00000|  0%| F|  |TAMS 0x0000000087a00000| PB 0x0000000087a00000| Untracked 
|  81|0x0000000087b00000, 0x0000000087b00000, 0x0000000087c00000|  0%| F|  |TAMS 0x0000000087b00000| PB 0x0000000087b00000| Untracked 
|  82|0x0000000087c00000, 0x0000000087c00000, 0x0000000087d00000|  0%| F|  |TAMS 0x0000000087c00000| PB 0x0000000087c00000| Untracked 
|  83|0x0000000087d00000, 0x0000000087d00000, 0x0000000087e00000|  0%| F|  |TAMS 0x0000000087d00000| PB 0x0000000087d00000| Untracked 
|  84|0x0000000087e00000, 0x0000000087e00000, 0x0000000087f00000|  0%| F|  |TAMS 0x0000000087e00000| PB 0x0000000087e00000| Untracked 
|  85|0x0000000087f00000, 0x0000000087f00000, 0x0000000088000000|  0%| F|  |TAMS 0x0000000087f00000| PB 0x0000000087f00000| Untracked 
|  86|0x0000000088000000, 0x0000000088000000, 0x0000000088100000|  0%| F|  |TAMS 0x0000000088000000| PB 0x0000000088000000| Untracked 
|  87|0x0000000088100000, 0x0000000088100000, 0x0000000088200000|  0%| F|  |TAMS 0x0000000088100000| PB 0x0000000088100000| Untracked 
|  88|0x0000000088200000, 0x0000000088200000, 0x0000000088300000|  0%| F|  |TAMS 0x0000000088200000| PB 0x0000000088200000| Untracked 
|  89|0x0000000088300000, 0x0000000088300000, 0x0000000088400000|  0%| F|  |TAMS 0x0000000088300000| PB 0x0000000088300000| Untracked 
|  90|0x0000000088400000, 0x0000000088400000, 0x0000000088500000|  0%| F|  |TAMS 0x0000000088400000| PB 0x0000000088400000| Untracked 
|  91|0x0000000088500000, 0x0000000088500000, 0x0000000088600000|  0%| F|  |TAMS 0x0000000088500000| PB 0x0000000088500000| Untracked 
|  92|0x0000000088600000, 0x0000000088600000, 0x0000000088700000|  0%| F|  |TAMS 0x0000000088600000| PB 0x0000000088600000| Untracked 
|  93|0x0000000088700000, 0x0000000088700000, 0x0000000088800000|  0%| F|  |TAMS 0x0000000088700000| PB 0x0000000088700000| Untracked 
|  94|0x0000000088800000, 0x0000000088800000, 0x0000000088900000|  0%| F|  |TAMS 0x0000000088800000| PB 0x0000000088800000| Untracked 
|  95|0x0000000088900000, 0x0000000088900000, 0x0000000088a00000|  0%| F|  |TAMS 0x0000000088900000| PB 0x0000000088900000| Untracked 
|  96|0x0000000088a00000, 0x0000000088a00000, 0x0000000088b00000|  0%| F|  |TAMS 0x0000000088a00000| PB 0x0000000088a00000| Untracked 
|  97|0x0000000088b00000, 0x0000000088b00000, 0x0000000088c00000|  0%| F|  |TAMS 0x0000000088b00000| PB 0x0000000088b00000| Untracked 
|  98|0x0000000088c00000, 0x0000000088c00000, 0x0000000088d00000|  0%| F|  |TAMS 0x0000000088c00000| PB 0x0000000088c00000| Untracked 
|  99|0x0000000088d00000, 0x0000000088d00000, 0x0000000088e00000|  0%| F|  |TAMS 0x0000000088d00000| PB 0x0000000088d00000| Untracked 
| 100|0x0000000088e00000, 0x0000000088f00000, 0x0000000088f00000|100%| S|CS|TAMS 0x0000000088e00000| PB 0x0000000088e00000| Complete 
| 101|0x0000000088f00000, 0x0000000089000000, 0x0000000089000000|100%| S|CS|TAMS 0x0000000088f00000| PB 0x0000000088f00000| Complete 
| 102|0x0000000089000000, 0x0000000089100000, 0x0000000089100000|100%| S|CS|TAMS 0x0000000089000000| PB 0x0000000089000000| Complete 
| 103|0x0000000089100000, 0x0000000089100000, 0x0000000089200000|  0%| F|  |TAMS 0x0000000089100000| PB 0x0000000089100000| Untracked 
| 104|0x0000000089200000, 0x0000000089200000, 0x0000000089300000|  0%| F|  |TAMS 0x0000000089200000| PB 0x0000000089200000| Untracked 
| 105|0x0000000089300000, 0x0000000089300000, 0x0000000089400000|  0%| F|  |TAMS 0x0000000089300000| PB 0x0000000089300000| Untracked 
| 106|0x0000000089400000, 0x0000000089400000, 0x0000000089500000|  0%| F|  |TAMS 0x0000000089400000| PB 0x0000000089400000| Untracked 
| 107|0x0000000089500000, 0x0000000089500000, 0x0000000089600000|  0%| F|  |TAMS 0x0000000089500000| PB 0x0000000089500000| Untracked 
| 108|0x0000000089600000, 0x0000000089600000, 0x0000000089700000|  0%| F|  |TAMS 0x0000000089600000| PB 0x0000000089600000| Untracked 
| 109|0x0000000089700000, 0x0000000089700000, 0x0000000089800000|  0%| F|  |TAMS 0x0000000089700000| PB 0x0000000089700000| Untracked 
| 110|0x0000000089800000, 0x0000000089800000, 0x0000000089900000|  0%| F|  |TAMS 0x0000000089800000| PB 0x0000000089800000| Untracked 
| 111|0x0000000089900000, 0x0000000089900000, 0x0000000089a00000|  0%| F|  |TAMS 0x0000000089900000| PB 0x0000000089900000| Untracked 
| 112|0x0000000089a00000, 0x0000000089a00000, 0x0000000089b00000|  0%| F|  |TAMS 0x0000000089a00000| PB 0x0000000089a00000| Untracked 
| 113|0x0000000089b00000, 0x0000000089b00000, 0x0000000089c00000|  0%| F|  |TAMS 0x0000000089b00000| PB 0x0000000089b00000| Untracked 
| 114|0x0000000089c00000, 0x0000000089c00000, 0x0000000089d00000|  0%| F|  |TAMS 0x0000000089c00000| PB 0x0000000089c00000| Untracked 
| 115|0x0000000089d00000, 0x0000000089d00000, 0x0000000089e00000|  0%| F|  |TAMS 0x0000000089d00000| PB 0x0000000089d00000| Untracked 
| 116|0x0000000089e00000, 0x0000000089e00000, 0x0000000089f00000|  0%| F|  |TAMS 0x0000000089e00000| PB 0x0000000089e00000| Untracked 
| 117|0x0000000089f00000, 0x0000000089f00000, 0x000000008a000000|  0%| F|  |TAMS 0x0000000089f00000| PB 0x0000000089f00000| Untracked 
| 118|0x000000008a000000, 0x000000008a000000, 0x000000008a100000|  0%| F|  |TAMS 0x000000008a000000| PB 0x000000008a000000| Untracked 
| 119|0x000000008a100000, 0x000000008a100000, 0x000000008a200000|  0%| F|  |TAMS 0x000000008a100000| PB 0x000000008a100000| Untracked 
| 120|0x000000008a200000, 0x000000008a200000, 0x000000008a300000|  0%| F|  |TAMS 0x000000008a200000| PB 0x000000008a200000| Untracked 
| 121|0x000000008a300000, 0x000000008a300000, 0x000000008a400000|  0%| F|  |TAMS 0x000000008a300000| PB 0x000000008a300000| Untracked 
| 122|0x000000008a400000, 0x000000008a400000, 0x000000008a500000|  0%| F|  |TAMS 0x000000008a400000| PB 0x000000008a400000| Untracked 
| 123|0x000000008a500000, 0x000000008a598cb0, 0x000000008a600000| 59%| E|  |TAMS 0x000000008a500000| PB 0x000000008a500000| Complete 
| 124|0x000000008a600000, 0x000000008a700000, 0x000000008a700000|100%| E|CS|TAMS 0x000000008a600000| PB 0x000000008a600000| Complete 
| 125|0x000000008a700000, 0x000000008a800000, 0x000000008a800000|100%| E|CS|TAMS 0x000000008a700000| PB 0x000000008a700000| Complete 

Card table byte_map: [0x000001b1f0290000,0x000001b1f0680000] _byte_map_base: 0x000001b1efe7b000

Marking Bits: (CMBitMap*) 0x000001b1d888f1e0
 Bits: [0x000001b1f0a70000, 0x000001b1f29c8000)

Polling page: 0x000001b1d6810000

Metaspace:

Usage:
  Non-class:      9.54 MB used.
      Class:    817.87 KB used.
       Both:     10.34 MB used.

Virtual space:
  Non-class space:       64.00 MB reserved,       9.69 MB ( 15%) committed,  1 nodes.
      Class space:        1.00 GB reserved,     960.00 KB ( <1%) committed,  1 nodes.
             Both:        1.06 GB reserved,      10.62 MB ( <1%) committed. 

Chunk freelists:
   Non-Class:  1.59 MB
       Class:  2.95 MB
        Both:  4.54 MB

MaxMetaspaceSize: unlimited
CompressedClassSpaceSize: 1.00 GB
Initial GC threshold: 21.00 MB
Current GC threshold: 21.00 MB
CDS: on
MetaspaceReclaimPolicy: balanced
 - commit_granule_bytes: 65536.
 - commit_granule_words: 8192.
 - virtual_space_node_default_size: 8388608.
 - enlarge_chunks_in_place: 1.
 - new_chunks_are_fully_committed: 0.
 - uncommit_free_chunks: 1.
 - use_allocation_guard: 0.


Internal statistics:

num_allocs_failed_limit: 0.
num_arena_births: 252.
num_arena_deaths: 0.
num_vsnodes_births: 2.
num_vsnodes_deaths: 0.
num_space_committed: 168.
num_space_uncommitted: 0.
num_chunks_returned_to_freelist: 0.
num_chunks_taken_from_freelist: 528.
num_chunk_merges: 0.
num_chunk_splits: 351.
num_chunks_enlarged: 236.
num_inconsistent_stats: 0.

CodeHeap 'non-profiled nmethods': size=120000Kb used=429Kb max_used=429Kb free=119570Kb
 bounds [0x000001b1e8630000, 0x000001b1e88a0000, 0x000001b1efb60000]
CodeHeap 'profiled nmethods': size=120000Kb used=2483Kb max_used=2483Kb free=117516Kb
 bounds [0x000001b1e0b60000, 0x000001b1e0dd0000, 0x000001b1e8090000]
CodeHeap 'non-nmethods': size=5760Kb used=2533Kb max_used=2548Kb free=3226Kb
 bounds [0x000001b1e8090000, 0x000001b1e8310000, 0x000001b1e8630000]
 total_blobs=2809 nmethods=1418 adapters=1302
 compilation: enabled
              stopped_count=0, restarted_count=0
 full_count=0

Compilation events (20 events):
Event: 1.837 Thread 0x000001b1f5421ce0 nmethod 1409 0x000001b1e0dcac10 code [0x000001b1e0dcada0, 0x000001b1e0dcaf10]
Event: 1.837 Thread 0x000001b1c56c8eb0 nmethod 1402 0x000001b1e8699b10 code [0x000001b1e8699ca0, 0x000001b1e869a258]
Event: 1.837 Thread 0x000001b1f5421100 1410       4       java.lang.StringUTF16::getChar (60 bytes)
Event: 1.838 Thread 0x000001b1f5421100 nmethod 1410 0x000001b1e869a510 code [0x000001b1e869a680, 0x000001b1e869a758]
Event: 1.840 Thread 0x000001b1f5421ce0 1411       3       java.util.Arrays::equals (43 bytes)
Event: 1.840 Thread 0x000001b1f5421ce0 nmethod 1411 0x000001b1e0dcb010 code [0x000001b1e0dcb1c0, 0x000001b1e0dcb4b0]
Event: 1.849 Thread 0x000001b1f5421ce0 1412       1       main.haspid.Camera::getPosition (5 bytes)
Event: 1.849 Thread 0x000001b1f5421ce0 nmethod 1412 0x000001b1e869a810 code [0x000001b1e869a980, 0x000001b1e869aa48]
Event: 1.849 Thread 0x000001b1f5421ce0 1413       3       java.lang.Integer::hashCode (8 bytes)
Event: 1.849 Thread 0x000001b1f5421ce0 nmethod 1413 0x000001b1e0dcb590 code [0x000001b1e0dcb720, 0x000001b1e0dcb888]
Event: 1.849 Thread 0x000001b1f5421ce0 1414       3       java.lang.Integer::hashCode (2 bytes)
Event: 1.849 Thread 0x000001b1f5421ce0 nmethod 1414 0x000001b1e0dcb910 code [0x000001b1e0dcbaa0, 0x000001b1e0dcbb90]
Event: 1.849 Thread 0x000001b1f5421ce0 1415       1       main.haspid.Transform::getPosition (5 bytes)
Event: 1.849 Thread 0x000001b1f5421ce0 nmethod 1415 0x000001b1e869ab10 code [0x000001b1e869ac80, 0x000001b1e869ad48]
Event: 1.849 Thread 0x000001b1f5421ce0 1416       3       org.joml.Vector2d::<init> (25 bytes)
Event: 1.849 Thread 0x000001b1f5421ce0 nmethod 1416 0x000001b1e0dcbc10 code [0x000001b1e0dcbda0, 0x000001b1e0dcbff0]
Event: 1.849 Thread 0x000001b1f5421ce0 1417       3       java.lang.invoke.DirectMethodHandle::shouldBeInitialized (117 bytes)
Event: 1.849 Thread 0x000001b1c56c8eb0 1418       4       java.util.concurrent.ConcurrentHashMap::get (162 bytes)
Event: 1.849 Thread 0x000001b1f5421ce0 nmethod 1417 0x000001b1e0dcc110 code [0x000001b1e0dcc340, 0x000001b1e0dccb20]
Event: 1.851 Thread 0x000001b1c56c8eb0 nmethod 1418 0x000001b1e869ae10 code [0x000001b1e869afa0, 0x000001b1e869b278]

GC Heap History (2 events):
Event: 1.791 GC heap before
{Heap before GC invocations=0 (full 0):
 garbage-first heap   total 129024K, used 22528K [0x0000000082a00000, 0x0000000100000000)
  region size 1024K, 23 young (23552K), 0 survivors (0K)
 Metaspace       used 9691K, committed 9920K, reserved 1114112K
  class space    used 755K, committed 832K, reserved 1048576K
}
Event: 1.795 GC heap after
{Heap after GC invocations=1 (full 0):
 garbage-first heap   total 129024K, used 4395K [0x0000000082a00000, 0x0000000100000000)
  region size 1024K, 3 young (3072K), 3 survivors (3072K)
 Metaspace       used 9691K, committed 9920K, reserved 1114112K
  class space    used 755K, committed 832K, reserved 1048576K
}

Dll operation events (16 events):
Event: 0.011 Loaded shared library C:\Users\sangral\.jdks\corretto-20.0.2.1\bin\java.dll
Event: 0.032 Loaded shared library C:\Users\sangral\.jdks\corretto-20.0.2.1\bin\jsvml.dll
Event: 0.087 Loaded shared library C:\Users\sangral\.jdks\corretto-20.0.2.1\bin\zip.dll
Event: 0.093 Loaded shared library C:\Users\sangral\.jdks\corretto-20.0.2.1\bin\instrument.dll
Event: 0.098 Loaded shared library C:\Users\sangral\.jdks\corretto-20.0.2.1\bin\net.dll
Event: 0.101 Loaded shared library C:\Users\sangral\.jdks\corretto-20.0.2.1\bin\nio.dll
Event: 0.112 Loaded shared library C:\Users\sangral\.jdks\corretto-20.0.2.1\bin\zip.dll
Event: 0.159 Loaded shared library C:\Program Files\JetBrains\IntelliJ IDEA Community Edition 2023.3.5\bin\breakgen64.dll
Event: 0.167 Loaded shared library C:\Users\sangral\.jdks\corretto-20.0.2.1\bin\extnet.dll
Event: 0.167 Loaded shared library C:\Users\sangral\.jdks\corretto-20.0.2.1\bin\jimage.dll
Event: 0.243 Loaded shared library C:\Users\sangral\AppData\Local\Temp\lwjgl_sangral\3.3.3-snapshot\x64\lwjgl.dll
Event: 0.312 Loaded shared library C:\Users\sangral\.jdks\corretto-20.0.2.1\bin\awt.dll
Event: 0.497 Loaded shared library C:\Users\sangral\.jdks\corretto-20.0.2.1\bin\verify.dll
Event: 1.151 Loaded shared library C:\Users\sangral\AppData\Local\Temp\lwjgl_sangral\3.3.3-snapshot\x64\lwjgl_opengl.dll
Event: 1.243 Loaded shared library C:\Users\sangral\AppData\Local\Temp\lwjgl_sangral\3.3.3-snapshot\x64\lwjgl_stb.dll
Event: 1.803 Loaded shared library E:\repo\Haspid2DEngine\libs\imgui-java64.dll

Deoptimization events (20 events):
Event: 1.725 Thread 0x000001b1d882f620 DEOPT PACKING pc=0x000001b1e867961c sp=0x0000003534ffe310
Event: 1.725 Thread 0x000001b1d882f620 DEOPT UNPACKING pc=0x000001b1e80f9d22 sp=0x0000003534ffe280 mode 2
Event: 1.726 Thread 0x000001b1d882f620 Uncommon trap: trap_request=0xffffffc6 fr.pc=0x000001b1e867961c relative=0x00000000000002dc
Event: 1.726 Thread 0x000001b1d882f620 Uncommon trap: reason=bimorphic_or_optimized_type_check action=maybe_recompile pc=0x000001b1e867961c method=java.util.concurrent.ConcurrentHashMap.get(Ljava/lang/Object;)Ljava/lang/Object; @ 149 c2
Event: 1.726 Thread 0x000001b1d882f620 DEOPT PACKING pc=0x000001b1e867961c sp=0x0000003534ffdfd0
Event: 1.726 Thread 0x000001b1d882f620 DEOPT UNPACKING pc=0x000001b1e80f9d22 sp=0x0000003534ffdf40 mode 2
Event: 1.726 Thread 0x000001b1d882f620 Uncommon trap: trap_request=0xffffffc6 fr.pc=0x000001b1e867961c relative=0x00000000000002dc
Event: 1.726 Thread 0x000001b1d882f620 Uncommon trap: reason=bimorphic_or_optimized_type_check action=maybe_recompile pc=0x000001b1e867961c method=java.util.concurrent.ConcurrentHashMap.get(Ljava/lang/Object;)Ljava/lang/Object; @ 149 c2
Event: 1.726 Thread 0x000001b1d882f620 DEOPT PACKING pc=0x000001b1e867961c sp=0x0000003534ffdfd0
Event: 1.726 Thread 0x000001b1d882f620 DEOPT UNPACKING pc=0x000001b1e80f9d22 sp=0x0000003534ffdf40 mode 2
Event: 1.726 Thread 0x000001b1d882f620 Uncommon trap: trap_request=0xffffffc6 fr.pc=0x000001b1e867961c relative=0x00000000000002dc
Event: 1.726 Thread 0x000001b1d882f620 Uncommon trap: reason=bimorphic_or_optimized_type_check action=maybe_recompile pc=0x000001b1e867961c method=java.util.concurrent.ConcurrentHashMap.get(Ljava/lang/Object;)Ljava/lang/Object; @ 149 c2
Event: 1.726 Thread 0x000001b1d882f620 DEOPT PACKING pc=0x000001b1e867961c sp=0x0000003534ffdfd0
Event: 1.726 Thread 0x000001b1d882f620 DEOPT UNPACKING pc=0x000001b1e80f9d22 sp=0x0000003534ffdf40 mode 2
Event: 1.798 Thread 0x000001b1d882f620 DEOPT PACKING pc=0x000001b1e0cfdf27 sp=0x0000003534ffac70
Event: 1.798 Thread 0x000001b1d882f620 DEOPT UNPACKING pc=0x000001b1e80fa4c2 sp=0x0000003534ffa0f8 mode 0
Event: 1.830 Thread 0x000001b1d882f620 Uncommon trap: trap_request=0xffffffde fr.pc=0x000001b1e867cc94 relative=0x0000000000000574
Event: 1.830 Thread 0x000001b1d882f620 Uncommon trap: reason=class_check action=maybe_recompile pc=0x000001b1e867cc94 method=java.lang.String.<init>(Ljava/lang/AbstractStringBuilder;Ljava/lang/Void;)V @ 10 c2
Event: 1.830 Thread 0x000001b1d882f620 DEOPT PACKING pc=0x000001b1e867cc94 sp=0x0000003534ffd5f0
Event: 1.830 Thread 0x000001b1d882f620 DEOPT UNPACKING pc=0x000001b1e80f9d22 sp=0x0000003534ffd5a8 mode 2

Classes loaded (20 events):
Event: 1.762 Loading class sun/reflect/generics/reflectiveObjects/TypeVariableImpl
Event: 1.762 Loading class sun/reflect/generics/reflectiveObjects/LazyReflectiveObjectGenerator
Event: 1.762 Loading class sun/reflect/generics/reflectiveObjects/LazyReflectiveObjectGenerator done
Event: 1.762 Loading class sun/reflect/generics/reflectiveObjects/TypeVariableImpl done
Event: 1.762 Loading class sun/reflect/misc/ReflectUtil
Event: 1.762 Loading class sun/reflect/misc/ReflectUtil done
Event: 1.801 Loading class java/io/UncheckedIOException
Event: 1.801 Loading class java/io/UncheckedIOException done
Event: 1.801 Loading class java/nio/file/AccessDeniedException
Event: 1.801 Loading class java/nio/file/AccessDeniedException done
Event: 1.828 Loading class java/util/ComparableTimSort
Event: 1.828 Loading class java/util/ComparableTimSort done
Event: 1.832 Loading class sun/util/resources/LocaleData$CommonResourceBundleProvider
Event: 1.832 Loading class sun/util/resources/LocaleData$LocaleDataResourceBundleProvider
Event: 1.832 Loading class java/util/spi/ResourceBundleProvider
Event: 1.832 Loading class java/util/spi/ResourceBundleProvider done
Event: 1.832 Loading class sun/util/resources/LocaleData$LocaleDataResourceBundleProvider done
Event: 1.832 Loading class sun/util/resources/LocaleData$CommonResourceBundleProvider done
Event: 1.833 Loading class sun/util/resources/Bundles$2
Event: 1.833 Loading class sun/util/resources/Bundles$2 done

Classes unloaded (0 events):
No events

Classes redefined (0 events):
No events

Internal exceptions (20 events):
Event: 0.625 Thread 0x000001b1d882f620 Exception <a 'sun/nio/fs/WindowsException'{0x0000000089f74e68}> (0x0000000089f74e68) 
thrown [s\src\hotspot\share\prims\jni.cpp, line 519]
Event: 1.088 Thread 0x000001b1f540fa80 Exception <a 'java/lang/NoSuchMethodError'{0x0000000089eed328}: 'java.lang.Object java.lang.invoke.Invokers$Holder.invokeExact_MT(java.lang.Object, java.lang.Object, java.lang.Object, java.lang.Object, java.lang.Object, java.lang.Object)'> (0x0000000089eed328) 
thrown [s\src\hotspot\share\interpreter\linkResolver.cpp, line 773]
Event: 1.139 Thread 0x000001b1d882f620 Exception <a 'java/lang/NoSuchMethodError'{0x0000000089faafb0}: 'java.lang.Object java.lang.invoke.DirectMethodHandle$Holder.newInvokeSpecial(java.lang.Object, long)'> (0x0000000089faafb0) 
thrown [s\src\hotspot\share\interpreter\linkResolver.cpp, line 773]
Event: 1.145 Thread 0x000001b1d882f620 Exception <a 'java/lang/NoSuchMethodError'{0x0000000089fe1a08}: 'void java.lang.System.load(java.lang.String, java.lang.Class)'> (0x0000000089fe1a08) 
thrown [s\src\hotspot\share\interpreter\linkResolver.cpp, line 773]
Event: 1.146 Thread 0x000001b1d882f620 Exception <a 'java/lang/NoSuchMethodError'{0x0000000089fe47f0}: 'void java.lang.System.loadLibrary(java.lang.String, java.lang.Class)'> (0x0000000089fe47f0) 
thrown [s\src\hotspot\share\interpreter\linkResolver.cpp, line 773]
Event: 1.149 Thread 0x000001b1d882f620 Exception <a 'sun/nio/fs/WindowsException'{0x0000000089fef458}> (0x0000000089fef458) 
thrown [s\src\hotspot\share\prims\jni.cpp, line 519]
Event: 1.149 Thread 0x000001b1d882f620 Exception <a 'sun/nio/fs/WindowsException'{0x0000000089fef838}> (0x0000000089fef838) 
thrown [s\src\hotspot\share\prims\jni.cpp, line 519]
Event: 1.154 Thread 0x000001b1d882f620 Exception <a 'sun/nio/fs/WindowsException'{0x0000000089d7fb08}> (0x0000000089d7fb08) 
thrown [s\src\hotspot\share\prims\jni.cpp, line 519]
Event: 1.154 Thread 0x000001b1d882f620 Exception <a 'sun/nio/fs/WindowsException'{0x0000000089d7fe28}> (0x0000000089d7fe28) 
thrown [s\src\hotspot\share\prims\jni.cpp, line 519]
Event: 1.237 Thread 0x000001b1d882f620 Exception <a 'java/lang/NoSuchMethodError'{0x0000000089beafb0}: 'void java.lang.System.load(java.lang.String, java.lang.Class)'> (0x0000000089beafb0) 
thrown [s\src\hotspot\share\interpreter\linkResolver.cpp, line 773]
Event: 1.238 Thread 0x000001b1d882f620 Exception <a 'java/lang/NoSuchMethodError'{0x0000000089bedda0}: 'void java.lang.System.loadLibrary(java.lang.String, java.lang.Class)'> (0x0000000089bedda0) 
thrown [s\src\hotspot\share\interpreter\linkResolver.cpp, line 773]
Event: 1.242 Thread 0x000001b1d882f620 Exception <a 'sun/nio/fs/WindowsException'{0x0000000089bfdd20}> (0x0000000089bfdd20) 
thrown [s\src\hotspot\share\prims\jni.cpp, line 519]
Event: 1.242 Thread 0x000001b1d882f620 Exception <a 'sun/nio/fs/WindowsException'{0x0000000089bfe0e0}> (0x0000000089bfe0e0) 
thrown [s\src\hotspot\share\prims\jni.cpp, line 519]
Event: 1.721 Thread 0x000001b1d882f620 Exception <a 'java/lang/NoSuchMethodError'{0x00000000894b5488}: 'double java.lang.invoke.DelegatingMethodHandle$Holder.reinvoke_L(java.lang.Object, java.lang.Object)'> (0x00000000894b5488) 
thrown [s\src\hotspot\share\interpreter\linkResolver.cpp, line 773]
Event: 1.722 Thread 0x000001b1d882f620 Exception <a 'java/lang/NoSuchMethodError'{0x00000000894bf410}: 'void java.lang.invoke.DelegatingMethodHandle$Holder.reinvoke_L(java.lang.Object, java.lang.Object, double)'> (0x00000000894bf410) 
thrown [s\src\hotspot\share\interpreter\linkResolver.cpp, line 773]
Event: 1.724 Thread 0x000001b1d882f620 Exception <a 'java/lang/NoSuchMethodError'{0x00000000894e35f8}: 'void java.lang.invoke.Invokers$Holder.invokeExact_MT(java.lang.Object, java.lang.Object, java.lang.Object, java.lang.Object)'> (0x00000000894e35f8) 
thrown [s\src\hotspot\share\interpreter\linkResolver.cpp, line 773]
Event: 1.725 Thread 0x000001b1d882f620 Exception <a 'java/lang/NoSuchMethodError'{0x00000000894ec258}: 'void java.lang.invoke.DelegatingMethodHandle$Holder.reinvoke_L(java.lang.Object, java.lang.Object, int)'> (0x00000000894ec258) 
thrown [s\src\hotspot\share\interpreter\linkResolver.cpp, line 773]
Event: 1.725 Thread 0x000001b1d882f620 Exception <a 'java/lang/NoSuchMethodError'{0x00000000894f2a98}: 'void java.lang.invoke.Invokers$Holder.invokeExact_MT(java.lang.Object, java.lang.Object, int, java.lang.Object)'> (0x00000000894f2a98) 
thrown [s\src\hotspot\share\interpreter\linkResolver.cpp, line 773]
Event: 1.727 Thread 0x000001b1d882f620 Exception <a 'java/lang/NoSuchMethodError'{0x0000000089308158}: 'float java.lang.invoke.DelegatingMethodHandle$Holder.reinvoke_L(java.lang.Object, java.lang.Object)'> (0x0000000089308158) 
thrown [s\src\hotspot\share\interpreter\linkResolver.cpp, line 773]
Event: 1.728 Thread 0x000001b1d882f620 Exception <a 'java/lang/NoSuchMethodError'{0x00000000893120e0}: 'void java.lang.invoke.DelegatingMethodHandle$Holder.reinvoke_L(java.lang.Object, java.lang.Object, float)'> (0x00000000893120e0) 
thrown [s\src\hotspot\share\interpreter\linkResolver.cpp, line 773]

VM Operations (10 events):
Event: 0.069 Executing VM operation: HandshakeAllThreads
Event: 0.070 Executing VM operation: HandshakeAllThreads done
Event: 0.162 Executing VM operation: HandshakeAllThreads
Event: 0.162 Executing VM operation: HandshakeAllThreads done
Event: 1.167 Executing VM operation: Cleanup
Event: 1.183 Executing VM operation: Cleanup done
Event: 1.494 Executing VM operation: HandshakeAllThreads
Event: 1.494 Executing VM operation: HandshakeAllThreads done
Event: 1.791 Executing VM operation: G1CollectForAllocation
Event: 1.795 Executing VM operation: G1CollectForAllocation done

Events (20 events):
Event: 0.041 Thread 0x000001b1f540df30 Thread added: 0x000001b1f540df30
Event: 0.041 Thread 0x000001b1f540fa80 Thread added: 0x000001b1f540fa80
Event: 0.041 Thread 0x000001b1f5412500 Thread added: 0x000001b1f5412500
Event: 0.041 Thread 0x000001b1f5412f70 Thread added: 0x000001b1f5412f70
Event: 0.041 Thread 0x000001b1f5421100 Thread added: 0x000001b1f5421100
Event: 0.041 Thread 0x000001b1f5421ce0 Thread added: 0x000001b1f5421ce0
Event: 0.062 Thread 0x000001b1f53d3260 Thread added: 0x000001b1f53d3260
Event: 0.109 Thread 0x000001b1f9a01890 Thread added: 0x000001b1f9a01890
Event: 0.159 Thread 0x000001b1f9b57370 Thread added: 0x000001b1f9b57370
Event: 0.160 Thread 0x000001b1f9b578c0 Thread added: 0x000001b1f9b578c0
Event: 0.342 Thread 0x000001b1f9d73f20 Thread added: 0x000001b1f9d73f20
Event: 0.343 Thread 0x000001b1f9d87010 Thread added: 0x000001b1f9d87010
Event: 0.344 Thread 0x000001b1f9d88180 Thread added: 0x000001b1f9d88180
Event: 0.502 Thread 0x000001b1f9a01890 Thread exited: 0x000001b1f9a01890
Event: 1.078 Thread 0x000001b1c5462140 Thread added: 0x000001b1c5462140
Event: 1.079 Thread 0x000001b1c52d72f0 Thread added: 0x000001b1c52d72f0
Event: 1.493 Thread 0x000001b1c52d72f0 Thread exited: 0x000001b1c52d72f0
Event: 1.493 Thread 0x000001b1c5462140 Thread exited: 0x000001b1c5462140
Event: 1.494 Thread 0x000001b1f9d87010 Thread exited: 0x000001b1f9d87010
Event: 1.760 Thread 0x000001b1c56c8eb0 Thread added: 0x000001b1c56c8eb0


Dynamic libraries:
0x00007ff726e20000 - 0x00007ff726e2e000 	C:\Users\sangral\.jdks\corretto-20.0.2.1\bin\java.exe
0x00007ff95b070000 - 0x00007ff95b286000 	C:\WINDOWS\SYSTEM32\ntdll.dll
0x00007ff95a4d0000 - 0x00007ff95a594000 	C:\WINDOWS\System32\KERNEL32.DLL
0x00007ff958530000 - 0x00007ff9588d7000 	C:\WINDOWS\System32\KERNELBASE.dll
0x00007ff958a50000 - 0x00007ff958b61000 	C:\WINDOWS\System32\ucrtbase.dll
0x00007ff93daa0000 - 0x00007ff93dabb000 	C:\Users\sangral\.jdks\corretto-20.0.2.1\bin\VCRUNTIME140.dll
0x00007ff93c5e0000 - 0x00007ff93c5f7000 	C:\Users\sangral\.jdks\corretto-20.0.2.1\bin\jli.dll
0x00007ff959a30000 - 0x00007ff959bde000 	C:\WINDOWS\System32\USER32.dll
0x00007ff958410000 - 0x00007ff958436000 	C:\WINDOWS\System32\win32u.dll
0x00007ff946130000 - 0x00007ff9463c3000 	C:\WINDOWS\WinSxS\amd64_microsoft.windows.common-controls_6595b64144ccf1df_6.0.22621.3235_none_270f74e173860f98\COMCTL32.dll
0x00007ff95ac30000 - 0x00007ff95ac59000 	C:\WINDOWS\System32\GDI32.dll
0x00007ff95a110000 - 0x00007ff95a1b7000 	C:\WINDOWS\System32\msvcrt.dll
0x00007ff958b70000 - 0x00007ff958c89000 	C:\WINDOWS\System32\gdi32full.dll
0x00007ff958c90000 - 0x00007ff958d2a000 	C:\WINDOWS\System32\msvcp_win.dll
0x00007ff95a3d0000 - 0x00007ff95a401000 	C:\WINDOWS\System32\IMM32.DLL
0x00007ff94a390000 - 0x00007ff94a39c000 	C:\Users\sangral\.jdks\corretto-20.0.2.1\bin\vcruntime140_1.dll
0x00007ff91fbb0000 - 0x00007ff91fc3e000 	C:\Users\sangral\.jdks\corretto-20.0.2.1\bin\msvcp140.dll
0x00007ff913a70000 - 0x00007ff914774000 	C:\Users\sangral\.jdks\corretto-20.0.2.1\bin\server\jvm.dll
0x00007ff95a410000 - 0x00007ff95a4c2000 	C:\WINDOWS\System32\ADVAPI32.dll
0x00007ff959820000 - 0x00007ff9598c8000 	C:\WINDOWS\System32\sechost.dll
0x00007ff958440000 - 0x00007ff958468000 	C:\WINDOWS\System32\bcrypt.dll
0x00007ff95af10000 - 0x00007ff95b025000 	C:\WINDOWS\System32\RPCRT4.dll
0x00007ff9560e0000 - 0x00007ff9560e9000 	C:\WINDOWS\SYSTEM32\WSOCK32.dll
0x00007ff9528d0000 - 0x00007ff952904000 	C:\WINDOWS\SYSTEM32\WINMM.dll
0x00007ff953150000 - 0x00007ff95315a000 	C:\WINDOWS\SYSTEM32\VERSION.dll
0x00007ff95a220000 - 0x00007ff95a291000 	C:\WINDOWS\System32\WS2_32.dll
0x00007ff9574c0000 - 0x00007ff9574d8000 	C:\WINDOWS\SYSTEM32\kernel.appcore.dll
0x00007ff948710000 - 0x00007ff94871a000 	C:\Users\sangral\.jdks\corretto-20.0.2.1\bin\jimage.dll
0x00007ff955e90000 - 0x00007ff9560c3000 	C:\WINDOWS\SYSTEM32\DBGHELP.DLL
0x00007ff95a8a0000 - 0x00007ff95ac28000 	C:\WINDOWS\System32\combase.dll
0x00007ff958da0000 - 0x00007ff958e77000 	C:\WINDOWS\System32\OLEAUT32.dll
0x00007ff953350000 - 0x00007ff953382000 	C:\WINDOWS\SYSTEM32\dbgcore.DLL
0x00007ff958390000 - 0x00007ff958409000 	C:\WINDOWS\System32\bcryptPrimitives.dll
0x00007ff946590000 - 0x00007ff94659e000 	C:\Users\sangral\.jdks\corretto-20.0.2.1\bin\instrument.dll
0x00007ff939580000 - 0x00007ff9395a6000 	C:\Users\sangral\.jdks\corretto-20.0.2.1\bin\java.dll
0x00007ff91f810000 - 0x00007ff91f8e7000 	C:\Users\sangral\.jdks\corretto-20.0.2.1\bin\jsvml.dll
0x00007ff958e80000 - 0x00007ff9596dc000 	C:\WINDOWS\System32\SHELL32.dll
0x00007ff956300000 - 0x00007ff956bf9000 	C:\WINDOWS\SYSTEM32\windows.storage.dll
0x00007ff9561c0000 - 0x00007ff9562fe000 	C:\WINDOWS\SYSTEM32\wintypes.dll
0x00007ff95ac60000 - 0x00007ff95ad53000 	C:\WINDOWS\System32\SHCORE.dll
0x00007ff95a1c0000 - 0x00007ff95a21e000 	C:\WINDOWS\System32\shlwapi.dll
0x00007ff9582c0000 - 0x00007ff9582e1000 	C:\WINDOWS\SYSTEM32\profapi.dll
0x00007ff936220000 - 0x00007ff936238000 	C:\Users\sangral\.jdks\corretto-20.0.2.1\bin\zip.dll
0x00007ff938270000 - 0x00007ff938283000 	C:\Users\sangral\.jdks\corretto-20.0.2.1\bin\net.dll
0x00007ff94a890000 - 0x00007ff94a9c6000 	C:\WINDOWS\SYSTEM32\WINHTTP.dll
0x00007ff957930000 - 0x00007ff957999000 	C:\WINDOWS\system32\mswsock.dll
0x00007ff9381e0000 - 0x00007ff9381f6000 	C:\Users\sangral\.jdks\corretto-20.0.2.1\bin\nio.dll
0x00007ff930c40000 - 0x00007ff930c5a000 	C:\Program Files\JetBrains\IntelliJ IDEA Community Edition 2023.3.5\bin\breakgen64.dll
0x00007ff945010000 - 0x00007ff945017000 	C:\Users\sangral\.jdks\corretto-20.0.2.1\bin\extnet.dll
0x00007ff91e6b0000 - 0x00007ff91e72b000 	C:\Users\sangral\AppData\Local\Temp\lwjgl_sangral\3.3.3-snapshot\x64\lwjgl.dll
0x00007ff91e620000 - 0x00007ff91e6a2000 	C:\Users\sangral\AppData\Local\Temp\lwjgl_sangral\3.3.3-snapshot\x64\glfw.dll
0x00007ff91e5d0000 - 0x00007ff91e616000 	C:\WINDOWS\SYSTEM32\dinput8.dll
0x00007ff92b210000 - 0x00007ff92b221000 	C:\WINDOWS\SYSTEM32\xinput1_4.dll
0x00007ff958080000 - 0x00007ff9580ce000 	C:\WINDOWS\SYSTEM32\cfgmgr32.dll
0x00007ff958050000 - 0x00007ff95807c000 	C:\WINDOWS\SYSTEM32\DEVOBJ.dll
0x00007ff9556e0000 - 0x00007ff95570b000 	C:\WINDOWS\SYSTEM32\dwmapi.dll
0x00007ff931910000 - 0x00007ff931b1a000 	C:\WINDOWS\SYSTEM32\inputhost.dll
0x00007ff954d20000 - 0x00007ff954e54000 	C:\WINDOWS\SYSTEM32\CoreMessaging.dll
0x00007ff955460000 - 0x00007ff95550b000 	C:\WINDOWS\system32\uxtheme.dll
0x00007ff9598d0000 - 0x00007ff959a23000 	C:\WINDOWS\System32\MSCTF.dll
0x00007ff957b90000 - 0x00007ff957b9c000 	C:\WINDOWS\SYSTEM32\CRYPTBASE.DLL
0x00007ff9189d0000 - 0x00007ff918b60000 	C:\Users\sangral\.jdks\corretto-20.0.2.1\bin\awt.dll
0x00007ff955090000 - 0x00007ff955127000 	C:\WINDOWS\SYSTEM32\apphelp.dll
0x00007ff95ad60000 - 0x00007ff95af05000 	C:\WINDOWS\System32\ole32.dll
0x00007ff93afe0000 - 0x00007ff93b0e0000 	C:\WINDOWS\system32\opengl32.dll
0x00007ff948990000 - 0x00007ff9489bd000 	C:\WINDOWS\SYSTEM32\GLU32.dll
0x00007ff955750000 - 0x00007ff955789000 	C:\WINDOWS\SYSTEM32\dxcore.dll
0x00007ff9478e0000 - 0x00007ff947a89000 	C:\WINDOWS\system32\d3d9.dll
0x00007ff918870000 - 0x00007ff9189cd000 	C:\WINDOWS\System32\DriverStore\FileRepository\iigd_dch.inf_amd64_2b7bcff446ea567f\igdumdim64.dll
0x00007ff8e2750000 - 0x00007ff8e6022000 	C:\WINDOWS\System32\DriverStore\FileRepository\iigd_dch.inf_amd64_2b7bcff446ea567f\igd9dxva64.dll
0x00007ff959be0000 - 0x00007ff95a054000 	C:\WINDOWS\System32\SETUPAPI.dll
0x00007ff950330000 - 0x00007ff9504d5000 	C:\WINDOWS\System32\DriverStore\FileRepository\iigd_dch.inf_amd64_2b7bcff446ea567f\igdgmm64.dll
0x00007ff952d70000 - 0x00007ff952dba000 	C:\WINDOWS\SYSTEM32\directxdatabasehelper.dll
0x00007ff94f2a0000 - 0x00007ff94f3a2000 	C:\WINDOWS\System32\DriverStore\FileRepository\nvacegpu.inf_amd64_efe127e721dd1bb8\nvldumdx.dll
0x00007ff9588e0000 - 0x00007ff958a47000 	C:\WINDOWS\System32\crypt32.dll
0x00007ff94a2a0000 - 0x00007ff94a2d2000 	C:\WINDOWS\SYSTEM32\cryptnet.dll
0x00007ff958d30000 - 0x00007ff958d9b000 	C:\WINDOWS\System32\WINTRUST.DLL
0x00007ff957bf0000 - 0x00007ff957c02000 	C:\WINDOWS\SYSTEM32\MSASN1.dll
0x00007ff95a880000 - 0x00007ff95a89f000 	C:\WINDOWS\System32\imagehlp.dll
0x00007ff957ba0000 - 0x00007ff957bbb000 	C:\WINDOWS\SYSTEM32\CRYPTSP.dll
0x00007ff957420000 - 0x00007ff957455000 	C:\WINDOWS\system32\rsaenh.dll
0x00007ff8f2820000 - 0x00007ff8f3fc2000 	C:\WINDOWS\System32\DriverStore\FileRepository\nvacegpu.inf_amd64_efe127e721dd1bb8\nvd3dumx.dll
0x00007ff957230000 - 0x00007ff95727d000 	C:\WINDOWS\SYSTEM32\powrprof.dll
0x00007ff957210000 - 0x00007ff957223000 	C:\WINDOWS\SYSTEM32\UMPDC.dll
0x00007ff9579c0000 - 0x00007ff9579e6000 	C:\WINDOWS\SYSTEM32\gpapi.dll
0x00007ff938660000 - 0x00007ff938670000 	C:\Users\sangral\.jdks\corretto-20.0.2.1\bin\verify.dll
0x00007ff95a060000 - 0x00007ff95a110000 	C:\WINDOWS\System32\clbcatq.dll
0x00007ff952f80000 - 0x00007ff9530b7000 	C:\Windows\System32\AppXDeploymentClient.dll
0x00007ff8fb220000 - 0x00007ff8fc151000 	C:\WINDOWS\System32\DriverStore\FileRepository\iigd_dch.inf_amd64_2b7bcff446ea567f\ig9icd64.dll
0x00007ff9555d0000 - 0x00007ff9556c8000 	C:\WINDOWS\system32\dxgi.dll
0x00007ff94a9d0000 - 0x00007ff94d486000 	C:\WINDOWS\System32\DriverStore\FileRepository\iigd_dch.inf_amd64_2b7bcff446ea567f\igc64.dll
0x00007ff912f40000 - 0x00007ff913325000 	C:\WINDOWS\System32\DriverStore\FileRepository\iigd_dch.inf_amd64_2b7bcff446ea567f\igdml64.dll
0x00007ff944200000 - 0x00007ff94434a000 	C:\WINDOWS\SYSTEM32\textinputframework.dll
0x00007ff9520d0000 - 0x00007ff95243c000 	C:\WINDOWS\SYSTEM32\CoreUIComponents.dll
0x00007ff912d70000 - 0x00007ff912f37000 	C:\Users\sangral\AppData\Local\Temp\lwjgl_sangral\3.3.3-snapshot\x64\OpenAL.dll
0x00007ff949c00000 - 0x00007ff949c9d000 	C:\WINDOWS\System32\MMDevApi.dll
0x00007ff9448c0000 - 0x00007ff944aac000 	C:\WINDOWS\SYSTEM32\AUDIOSES.DLL
0x00007ff9559f0000 - 0x00007ff955a05000 	C:\WINDOWS\SYSTEM32\resourcepolicyclient.dll
0x00007ff918df0000 - 0x00007ff918e4e000 	C:\Users\sangral\AppData\Local\Temp\lwjgl_sangral\3.3.3-snapshot\x64\lwjgl_opengl.dll
0x00007ff9139e0000 - 0x00007ff913a62000 	C:\Users\sangral\AppData\Local\Temp\lwjgl_sangral\3.3.3-snapshot\x64\lwjgl_stb.dll
0x00007ff904c70000 - 0x00007ff9059cd000 	E:\repo\Haspid2DEngine\libs\imgui-java64.dll

dbghelp: loaded successfully - version: 4.0.5 - missing functions: none
symbol engine: initialized successfully - sym options: 0x614 - pdb path: .;C:\Users\sangral\.jdks\corretto-20.0.2.1\bin;C:\WINDOWS\SYSTEM32;C:\WINDOWS\WinSxS\amd64_microsoft.windows.common-controls_6595b64144ccf1df_6.0.22621.3235_none_270f74e173860f98;C:\Users\sangral\.jdks\corretto-20.0.2.1\bin\server;C:\Program Files\JetBrains\IntelliJ IDEA Community Edition 2023.3.5\bin;C:\Users\sangral\AppData\Local\Temp\lwjgl_sangral\3.3.3-snapshot\x64;C:\WINDOWS\System32\DriverStore\FileRepository\iigd_dch.inf_amd64_2b7bcff446ea567f;C:\WINDOWS\System32\DriverStore\FileRepository\nvacegpu.inf_amd64_efe127e721dd1bb8;E:\repo\Haspid2DEngine\libs

VM Arguments:
jvm_args: -Djava.library.path=E:\repo\Haspid2DEngine\libs -javaagent:C:\Program Files\JetBrains\IntelliJ IDEA Community Edition 2023.3.5\lib\idea_rt.jar=49775:C:\Program Files\JetBrains\IntelliJ IDEA Community Edition 2023.3.5\bin -Dfile.encoding=UTF-8 -Dsun.stdout.encoding=UTF-8 -Dsun.stderr.encoding=UTF-8 
java_command: main.Main
java_class_path (initial): E:\repo\Haspid2DEngine\out\production\Haspid2DEngine;E:\repo\Haspid2DEngine\libs\imgui-app-1.86.11-all.jar;E:\repo\Haspid2DEngine\libs\imgui-app-1.86.11.jar;E:\repo\Haspid2DEngine\libs\imgui-binding-1.86.11.jar;E:\repo\Haspid2DEngine\libs\imgui-java64.dll;E:\repo\Haspid2DEngine\libs\imgui-lwjgl3-1.86.11.jar;E:\repo\Haspid2DEngine\libs\joml-1.10.5.jar;E:\repo\Haspid2DEngine\libs\lwjgl-assimp-natives-windows.jar;E:\repo\Haspid2DEngine\libs\lwjgl-assimp.jar;E:\repo\Haspid2DEngine\libs\lwjgl-glfw-natives-windows.jar;E:\repo\Haspid2DEngine\libs\lwjgl-glfw.jar;E:\repo\Haspid2DEngine\libs\lwjgl-natives-windows.jar;E:\repo\Haspid2DEngine\libs\lwjgl-nfd-natives-windows.jar;E:\repo\Haspid2DEngine\libs\lwjgl-nfd.jar;E:\repo\Haspid2DEngine\libs\lwjgl-openal-natives-windows.jar;E:\repo\Haspid2DEngine\libs\lwjgl-openal.jar;E:\repo\Haspid2DEngine\libs\lwjgl-opengl-natives-windows.jar;E:\repo\Haspid2DEngine\libs\lwjgl-opengl.jar;E:\repo\Haspid2DEngine\libs\lwjgl-stb-natives-windows.jar;E:\repo\Haspid2DEngine\libs\lwjgl-stb.jar;E:\repo\Haspid2DEngine\libs\lwjgl.jar;E:\repo\Haspid2DEngine\libs\gson-2.10.1.jar;E:\repo\Haspid2DEngine\libs\jbox2d-library.jar
Launcher Type: SUN_STANDARD

[Global flags]
     intx CICompilerCount                          = 4                                         {product} {ergonomic}
     uint ConcGCThreads                            = 2                                         {product} {ergonomic}
     uint G1ConcRefinementThreads                  = 8                                         {product} {ergonomic}
   size_t G1HeapRegionSize                         = 1048576                                   {product} {ergonomic}
    uintx GCDrainStackTargetSize                   = 64                                        {product} {ergonomic}
   size_t InitialHeapSize                          = 132120576                                 {product} {ergonomic}
   size_t MarkStackSize                            = 4194304                                   {product} {ergonomic}
   size_t MaxHeapSize                              = 2103443456                                {product} {ergonomic}
   size_t MaxNewSize                               = 1261436928                                {product} {ergonomic}
   size_t MinHeapDeltaBytes                        = 1048576                                   {product} {ergonomic}
   size_t MinHeapSize                              = 8388608                                   {product} {ergonomic}
    uintx NonNMethodCodeHeapSize                   = 5839372                                {pd product} {ergonomic}
    uintx NonProfiledCodeHeapSize                  = 122909434                              {pd product} {ergonomic}
    uintx ProfiledCodeHeapSize                     = 122909434                              {pd product} {ergonomic}
    uintx ReservedCodeCacheSize                    = 251658240                              {pd product} {ergonomic}
     bool SegmentedCodeCache                       = true                                      {product} {ergonomic}
   size_t SoftMaxHeapSize                          = 2103443456                             {manageable} {ergonomic}
     bool UseCompressedClassPointers               = true                           {product lp64_product} {ergonomic}
     bool UseCompressedOops                        = true                           {product lp64_product} {ergonomic}
     bool UseG1GC                                  = true                                      {product} {ergonomic}
     bool UseLargePagesIndividualAllocation        = false                                  {pd product} {ergonomic}

Logging:
Log output configuration:
 #0: stdout all=warning uptime,level,tags foldmultilines=false
 #1: stderr all=off uptime,level,tags foldmultilines=false

Environment Variables:
PATH=C:\Program Files (x86)\Common Files\Oracle\Java\javapath;C:\WINDOWS\system32;C:\WINDOWS;C:\WINDOWS\System32\Wbem;C:\WINDOWS\System32\WindowsPowerShell\v1.0\;C:\WINDOWS\System32\OpenSSH\;E:\system\Git\cmd;C:\Users\sangral\AppData\Local\Programs\Python\Python312\Scripts\;C:\Users\sangral\AppData\Local\Programs\Python\Python312\;C:\Users\sangral\AppData\Local\Microsoft\WindowsApps;E:\system\Microsoft VS Code\bin
USERNAME=sangral
OS=Windows_NT
PROCESSOR_IDENTIFIER=Intel64 Family 6 Model 165 Stepping 2, GenuineIntel
TMP=C:\Users\sangral\AppData\Local\Temp
TEMP=C:\Users\sangral\AppData\Local\Temp




---------------  S Y S T E M  ---------------

OS:
 Windows 11 , 64 bit Build 22621 (10.0.22621.3374)
OS uptime: 4 days 4:47 hours

CPU: total 8 (initial active 8) (4 cores per cpu, 2 threads per core) family 6 model 165 stepping 2 microcode 0xea, cx8, cmov, fxsr, ht, mmx, 3dnowpref, sse, sse2, sse3, ssse3, sse4.1, sse4.2, popcnt, lzcnt, tsc, tscinvbit, avx, avx2, aes, erms, clmul, bmi1, bmi2, adx, fma, vzeroupper, clflush, clflushopt, rdtscp, f16c, pku

Memory: 4k page, system-wide physical 8023M (1381M free)
TotalPageFile size 13143M (AvailPageFile size 2975M)
current process WorkingSet (physical memory assigned to process): 248M, peak: 251M
current process commit charge ("private bytes"): 378M, peak: 389M

vm_info: OpenJDK 64-Bit Server VM (20.0.2.1+10-FR) for windows-amd64 JRE (20.0.2.1+10-FR), built on 2023-08-19T09:18:31Z by "Administrator" with unknown MS VC++:1937

END.
