#
# A fatal error has been detected by the Java Runtime Environment:
#
#  EXCEPTION_ACCESS_VIOLATION (0xc0000005) at pc=0x00007ffdddf3bba7, pid=7204, tid=8572
#
# JRE version: OpenJDK Runtime Environment Corretto-20.0.2.10.1 (20.0.2.1+10) (build 20.0.2.1+10-FR)
# Java VM: OpenJDK 64-Bit Server VM Corretto-20.0.2.10.1 (20.0.2.1+10-FR, mixed mode, sharing, tiered, compressed oops, compressed class ptrs, g1 gc, windows-amd64)
# Problematic frame:
# C  [imgui-java64.dll+0x8bba7]
#
# No core dump will be written. Minidumps are not enabled by default on client versions of Windows
#
# If you would like to submit a bug report, please visit:
#   https://github.com/corretto/corretto-20/issues/
# The crash happened outside the Java Virtual Machine in native code.
# See problematic frame for where to report the bug.
#

---------------  S U M M A R Y ------------

Command Line: -Djava.library.path=E:\repo\Haspid2DEngine\libs -javaagent:C:\Program Files\JetBrains\IntelliJ IDEA Community Edition 2023.3.5\lib\idea_rt.jar=55291:C:\Program Files\JetBrains\IntelliJ IDEA Community Edition 2023.3.5\bin -Dfile.encoding=UTF-8 -Dsun.stdout.encoding=UTF-8 -Dsun.stderr.encoding=UTF-8 main.Main

Host: Intel(R) Core(TM) i5-10300H CPU @ 2.50GHz, 8 cores, 7G,  Windows 11 , 64 bit Build 22621 (10.0.22621.3235)
Time: Fri Apr  5 23:31:05 2024  Windows 11 , 64 bit Build 22621 (10.0.22621.3235) elapsed time: 0.762366 seconds (0d 0h 0m 0s)

---------------  T H R E A D  ---------------

Current thread (0x0000016f01ddeba0):  JavaThread "main" [_thread_in_native, id=8572, stack(0x0000005a56500000,0x0000005a56600000)]

Stack: [0x0000005a56500000,0x0000005a56600000],  sp=0x0000005a565fed40,  free space=1019k
Native frames: (J=compiled Java code, j=interpreted, Vv=VM code, C=native code)
C  [imgui-java64.dll+0x8bba7]

Java frames: (J=compiled Java code, j=interpreted, Vv=VM code)
j  imgui.ImDrawData.getCmdListsCount()I+0
j  imgui.gl3.ImGuiImplGl3.renderDrawData(Limgui/ImDrawData;)V+1
j  main.haspid.ImGuiLayer.endFrame()V+7
j  main.haspid.ImGuiLayer.update(F)V+10
j  main.scene.EditorScene.update(F)V+5
j  main.haspid.Window.loop()V+86
j  main.haspid.Window.run()V+19
j  main.Main.main([Ljava/lang/String;)V+5
v  ~StubRoutines::call_stub 0x0000016f1164100d

siginfo: EXCEPTION_ACCESS_VIOLATION (0xc0000005), reading address 0x0000000000000004


Registers:
RAX=0x0000000000000000, RBX=0x0000016f602b80d8, RCX=0x0000016f01ddee80, RDX=0x0000005a565fee10
RSP=0x0000005a565fed40, RBP=0x0000005a565fedf0, RSI=0x0000016f646e9070, RDI=0x0000016f1165df59
R8 =0x0000000000000042, R9 =0x0000000089ef24d0, R10=0x00007ffde1ad4d00, R11=0x0000000000000000
R12=0x0000016f01ddee80, R13=0x0000005a565fee10, R14=0x0000005a565fee10, R15=0x0000016f01ddeba0
RIP=0x00007ffdddf3bba7, EFLAGS=0x0000000000010246


Register to memory mapping:

RIP=0x00007ffdddf3bba7 imgui-java64.dll
RAX=0x0 is NULL
RBX={method} {0x0000016f602b80e0} 'getCmdListsCount' '()I' in 'imgui/ImDrawData'
RCX=0x0000016f01ddee80 points into unknown readable memory: 0x0000016f6404b500 | 00 b5 04 64 6f 01 00 00
RDX=0x0000005a565fee10 is pointing into the stack for thread: 0x0000016f01ddeba0
RSP=0x0000005a565fed40 is pointing into the stack for thread: 0x0000016f01ddeba0
RBP=0x0000005a565fedf0 is pointing into the stack for thread: 0x0000016f01ddeba0
RSI=0x0000016f646e9070 points into unknown readable memory: 0x00ffffff00ffffff | ff ff ff 00 ff ff ff 00
RDI=0x0000016f1165df59 is at code_begin+1305 in an Interpreter codelet
return entry points  [0x0000016f1165da40, 0x0000016f1165e508]  2760 bytes
R8 =0x0000000000000042 is an unknown value
R9 =0x0000000089ef24d0 is an oop: imgui.ImDrawData 
{0x0000000089ef24d0} - klass: 'imgui/ImDrawData'
 - ---- fields (total size 3 words):
 - public 'ptr' 'J' @16  0 (0x0000000000000000)
R10=0x00007ffde1ad4d00 jvm.dll
R11=0x0 is NULL
R12=0x0000016f01ddee80 points into unknown readable memory: 0x0000016f6404b500 | 00 b5 04 64 6f 01 00 00
R13=0x0000005a565fee10 is pointing into the stack for thread: 0x0000016f01ddeba0
R14=0x0000005a565fee10 is pointing into the stack for thread: 0x0000016f01ddeba0
R15=0x0000016f01ddeba0 is a thread


Top of Stack: (sp=0x0000005a565fed40)
0x0000005a565fed40:   0000016f1165df59 0000016f11661e6e
0x0000005a565fed50:   0000016f602b80d8 0000016f602b80d8
0x0000005a565fed60:   0000016f602b80d8 0000000000000000
0x0000005a565fed70:   0000016f602b80d8 0000016f11661ff3
0x0000005a565fed80:   0000016f602b80d8 0000016f646e9070
0x0000005a565fed90:   0000016f646e9070 00007ffde1278be5
0x0000005a565feda0:   0000016f11661c96 0000005a565feda8
0x0000005a565fedb0:   0000016f602b80d8 0000005a565fee10
0x0000005a565fedc0:   0000016f602b8da8 0000000000000000
0x0000005a565fedd0:   0000000089ef22f8 0000016f602b80d8
0x0000005a565fede0:   0000000000000000 0000005a565fee10
0x0000005a565fedf0:   0000005a565fee60 0000016f1165df9e
0x0000005a565fee00:   0000000000000000 0000016f1165f895
0x0000005a565fee10:   0000000089ef24d0 0000005a565fee18
0x0000005a565fee20:   0000016f60265ce9 0000005a565fef00
0x0000005a565fee30:   0000016f60268000 0000000000000000
0x0000005a565fee40:   0000000089e9d278 0000016f60265f98
0x0000005a565fee50:   0000005a565fee10 0000005a565feef8
0x0000005a565fee60:   0000005a565fef50 0000016f1165de8a
0x0000005a565fee70:   0000000000000000 0000000000000000
0x0000005a565fee80:   0000000000000000 0000000000000000
0x0000005a565fee90:   0000000000000000 0000000000000000
0x0000005a565feea0:   0000000000000000 0000000000000000
0x0000005a565feeb0:   0000000000000000 0000000000000000
0x0000005a565feec0:   0000000000000000 0000000000000000
0x0000005a565feed0:   0000000000000000 0000000000000000
0x0000005a565feee0:   0000000000000000 0000000000000000
0x0000005a565feef0:   0000000000000000 0000000089ef24d0
0x0000005a565fef00:   0000000089e9f718 0000005a565fef08
0x0000005a565fef10:   0000016f6026228f 0000005a565fef60
0x0000005a565fef20:   0000016f602636a0 0000000000000000
0x0000005a565fef30:   0000000089e8f518 0000016f602622a8 

Instructions: (pc=0x00007ffdddf3bba7)
0x00007ffdddf3baa7:   83 c4 20 5b 41 5c 41 5d c3 41 56 41 55 41 54 56
0x00007ffdddf3bab7:   53 48 83 ec 20 8b 74 24 70 49 89 cd 49 89 d6 49
0x00007ffdddf3bac7:   63 d8 4d 89 cc 4d 85 c9 74 0f 48 8b 01 4c 89 ca
0x00007ffdddf3bad7:   ff 90 30 07 00 00 49 89 c4 e8 1b 8f 13 00 4d 8b
0x00007ffdddf3bae7:   4d 00 4c 89 f2 4c 89 e9 49 89 c0 41 ff 91 28 03
0x00007ffdddf3baf7:   00 00 4c 63 c6 4c 89 e1 48 8b 40 10 48 8b 04 d8
0x00007ffdddf3bb07:   48 8b 50 28 48 83 c4 20 5b 5e 41 5c 41 5d 41 5e
0x00007ffdddf3bb17:   e9 4c 3c 15 00 0f 1f 40 00 b8 14 00 00 00 c3 66
0x00007ffdddf3bb27:   2e 0f 1f 84 00 00 00 00 00 b8 02 00 00 00 c3 66
0x00007ffdddf3bb37:   2e 0f 1f 84 00 00 00 00 00 41 55 41 54 48 83 ec
0x00007ffdddf3bb47:   28 49 89 cc 49 89 d5 e8 ad 8e 13 00 4d 8b 0c 24
0x00007ffdddf3bb57:   4c 89 ea 4c 89 e1 49 89 c0 41 ff 91 28 03 00 00
0x00007ffdddf3bb67:   0f b6 00 48 83 c4 28 41 5c 41 5d c3 66 66 2e 0f
0x00007ffdddf3bb77:   1f 84 00 00 00 00 00 66 90 41 55 41 54 48 83 ec
0x00007ffdddf3bb87:   28 49 89 cc 49 89 d5 e8 6d 8e 13 00 4d 8b 0c 24
0x00007ffdddf3bb97:   4c 89 ea 4c 89 e1 49 89 c0 41 ff 91 28 03 00 00
0x00007ffdddf3bba7:   8b 40 04 48 83 c4 28 41 5c 41 5d c3 66 66 2e 0f
0x00007ffdddf3bbb7:   1f 84 00 00 00 00 00 66 90 41 55 41 54 48 83 ec
0x00007ffdddf3bbc7:   28 49 89 cc 49 89 d5 e8 2d 8e 13 00 4d 8b 0c 24
0x00007ffdddf3bbd7:   4c 89 ea 4c 89 e1 49 89 c0 41 ff 91 28 03 00 00
0x00007ffdddf3bbe7:   8b 40 08 48 83 c4 28 41 5c 41 5d c3 66 66 2e 0f
0x00007ffdddf3bbf7:   1f 84 00 00 00 00 00 66 90 41 55 41 54 48 83 ec
0x00007ffdddf3bc07:   28 49 89 cc 49 89 d5 e8 ed 8d 13 00 4d 8b 0c 24
0x00007ffdddf3bc17:   4c 89 ea 4c 89 e1 49 89 c0 41 ff 91 28 03 00 00
0x00007ffdddf3bc27:   8b 40 0c 48 83 c4 28 41 5c 41 5d c3 66 66 2e 0f
0x00007ffdddf3bc37:   1f 84 00 00 00 00 00 66 90 41 55 41 54 53 48 83
0x00007ffdddf3bc47:   ec 20 49 89 cc 4c 89 c3 49 89 d5 e8 a9 8d 13 00
0x00007ffdddf3bc57:   4d 8b 0c 24 4c 89 ea 4c 89 e1 49 89 c0 41 ff 91
0x00007ffdddf3bc67:   28 03 00 00 49 89 d8 4c 89 e1 48 8d 50 18 48 83
0x00007ffdddf3bc77:   c4 20 5b 41 5c 41 5d e9 bd 92 13 00 66 66 2e 0f
0x00007ffdddf3bc87:   1f 84 00 00 00 00 00 66 90 41 55 41 54 48 83 ec
0x00007ffdddf3bc97:   28 49 89 cc 49 89 d5 e8 5d 8d 13 00 4d 8b 0c 24 


Stack slot to memory mapping:
stack at sp + 0 slots: 0x0000016f1165df59 is at code_begin+1305 in an Interpreter codelet
return entry points  [0x0000016f1165da40, 0x0000016f1165e508]  2760 bytes
stack at sp + 1 slots: 0x0000016f11661e6e is at code_begin+654 in an Interpreter codelet
method entry point (kind = native)  [0x0000016f11661be0, 0x0000016f116626d0]  2800 bytes
stack at sp + 2 slots: {method} {0x0000016f602b80e0} 'getCmdListsCount' '()I' in 'imgui/ImDrawData'
stack at sp + 3 slots: {method} {0x0000016f602b80e0} 'getCmdListsCount' '()I' in 'imgui/ImDrawData'
stack at sp + 4 slots: {method} {0x0000016f602b80e0} 'getCmdListsCount' '()I' in 'imgui/ImDrawData'
stack at sp + 5 slots: 0x0 is NULL
stack at sp + 6 slots: {method} {0x0000016f602b80e0} 'getCmdListsCount' '()I' in 'imgui/ImDrawData'
stack at sp + 7 slots: 0x0000016f11661ff3 is at code_begin+1043 in an Interpreter codelet
method entry point (kind = native)  [0x0000016f11661be0, 0x0000016f116626d0]  2800 bytes


---------------  P R O C E S S  ---------------

Threads class SMR info:
_java_thread_list=0x0000016f646b8240, length=13, elements={
0x0000016f01ddeba0, 0x0000016f1e4728c0, 0x0000016f1e4734a0, 0x0000016f1e474670,
0x0000016f1e477550, 0x0000016f1e478ea0, 0x0000016f1e47b530, 0x0000016f1e483570,
0x0000016f1e48cf20, 0x0000016f63ceca70, 0x0000016f63f03cd0, 0x0000016f63f07f50,
0x0000016f6455c8c0
}

Java Threads: ( => current thread )
=>0x0000016f01ddeba0 JavaThread "main" [_thread_in_native, id=8572, stack(0x0000005a56500000,0x0000005a56600000)]
  0x0000016f1e4728c0 JavaThread "Reference Handler" daemon [_thread_blocked, id=9808, stack(0x0000005a56c00000,0x0000005a56d00000)]
  0x0000016f1e4734a0 JavaThread "Finalizer" daemon [_thread_blocked, id=9976, stack(0x0000005a56d00000,0x0000005a56e00000)]
  0x0000016f1e474670 JavaThread "Signal Dispatcher" daemon [_thread_blocked, id=8976, stack(0x0000005a56e00000,0x0000005a56f00000)]
  0x0000016f1e477550 JavaThread "Attach Listener" daemon [_thread_blocked, id=1268, stack(0x0000005a56f00000,0x0000005a57000000)]
  0x0000016f1e478ea0 JavaThread "Service Thread" daemon [_thread_blocked, id=6316, stack(0x0000005a57000000,0x0000005a57100000)]
  0x0000016f1e47b530 JavaThread "Monitor Deflation Thread" daemon [_thread_blocked, id=11648, stack(0x0000005a57100000,0x0000005a57200000)]
  0x0000016f1e483570 JavaThread "C2 CompilerThread0" daemon [_thread_blocked, id=12152, stack(0x0000005a57200000,0x0000005a57300000)]
  0x0000016f1e48cf20 JavaThread "C1 CompilerThread0" daemon [_thread_blocked, id=10568, stack(0x0000005a57300000,0x0000005a57400000)]
  0x0000016f63ceca70 JavaThread "Common-Cleaner" daemon [_thread_blocked, id=13156, stack(0x0000005a57400000,0x0000005a57500000)]
  0x0000016f63f03cd0 JavaThread "Monitor Ctrl-Break" daemon [_thread_in_native, id=6868, stack(0x0000005a57500000,0x0000005a57600000)]
  0x0000016f63f07f50 JavaThread "Notification Thread" daemon [_thread_blocked, id=12832, stack(0x0000005a57600000,0x0000005a57700000)]
  0x0000016f6455c8c0 JavaThread "C2 CompilerThread1" daemon [_thread_blocked, id=2084, stack(0x0000005a57e00000,0x0000005a57f00000)]

Other Threads:
  0x0000016f1e453a50 VMThread "VM Thread" [stack: 0x0000005a56b00000,0x0000005a56c00000] [id=14376]
  0x0000016f01ddfbc0 WatcherThread "VM Periodic Task Thread" [stack: 0x0000005a57700000,0x0000005a57800000] [id=4756]
  0x0000016f01e3d460 WorkerThread "GC Thread#0" [stack: 0x0000005a56600000,0x0000005a56700000] [id=10156]
  0x0000016f01e4dfd0 ConcurrentGCThread "G1 Main Marker" [stack: 0x0000005a56700000,0x0000005a56800000] [id=12648]
  0x0000016f01e4ea00 WorkerThread "G1 Conc#0" [stack: 0x0000005a56800000,0x0000005a56900000] [id=2308]
  0x0000016f1e30cff0 ConcurrentGCThread "G1 Refine#0" [stack: 0x0000005a56900000,0x0000005a56a00000] [id=1380]
  0x0000016f1e30d9a0 ConcurrentGCThread "G1 Service" [stack: 0x0000005a56a00000,0x0000005a56b00000] [id=11804]

Threads with active compile tasks:

VM state: not at safepoint (normal execution)

VM Mutex/Monitor currently owned by a thread: None

Heap address: 0x0000000082a00000, size: 2006 MB, Compressed Oops mode: 32-bit

CDS archive(s) mapped at: [0x0000016f1ec00000-0x0000016f1f860000-0x0000016f1f860000), size 12976128, SharedBaseAddress: 0x0000016f1ec00000, ArchiveRelocationMode: 1.
Compressed class space mapped at: 0x0000016f1fc00000-0x0000016f5fc00000, reserved size: 1073741824
Narrow klass base: 0x0000016f1ec00000, Narrow klass shift: 0, Narrow klass range: 0x100000000

GC Precious Log:
 CardTable entry size: 512
 Card Set container configuration: InlinePtr #cards 5 size 8 Array Of Cards #cards 12 size 40 Howl #buckets 4 coarsen threshold 1843 Howl Bitmap #cards 512 size 80 coarsen threshold 460 Card regions per heap region 1 cards per card region 2048
 CPUs: 8 total, 8 available
 Memory: 8023M
 Large Page Support: Disabled
 NUMA Support: Disabled
 Compressed Oops: Enabled (32-bit)
 Heap Region Size: 1M
 Heap Min Capacity: 8M
 Heap Initial Capacity: 126M
 Heap Max Capacity: 2006M
 Pre-touch: Disabled
 Parallel Workers: 8
 Concurrent Workers: 2
 Concurrent Refinement Workers: 8
 Periodic GC: Disabled

Heap:
 garbage-first heap   total 129024K, used 12288K [0x0000000082a00000, 0x0000000100000000)
  region size 1024K, 12 young (12288K), 0 survivors (0K)
 Metaspace       used 5602K, committed 5824K, reserved 1114112K
  class space    used 322K, committed 448K, reserved 1048576K

Heap Regions: E=young(eden), S=young(survivor), O=old, HS=humongous(starts), HC=humongous(continues), CS=collection set, F=free, OA=open archive, CA=closed archive, TAMS=top-at-mark-start, PB=parsable bottom
|   0|0x0000000082a00000, 0x0000000082b00000, 0x0000000082b00000|100%|HS|  |TAMS 0x0000000082a00000| PB 0x0000000082a00000| Complete 
|   1|0x0000000082b00000, 0x0000000082c00000, 0x0000000082c00000|100%|HC|  |TAMS 0x0000000082b00000| PB 0x0000000082b00000| Complete 
|   2|0x0000000082c00000, 0x0000000082c00000, 0x0000000082d00000|  0%| F|  |TAMS 0x0000000082c00000| PB 0x0000000082c00000| Untracked 
|   3|0x0000000082d00000, 0x0000000082d00000, 0x0000000082e00000|  0%| F|  |TAMS 0x0000000082d00000| PB 0x0000000082d00000| Untracked 
|   4|0x0000000082e00000, 0x0000000082e00000, 0x0000000082f00000|  0%| F|  |TAMS 0x0000000082e00000| PB 0x0000000082e00000| Untracked 
|   5|0x0000000082f00000, 0x0000000082f00000, 0x0000000083000000|  0%| F|  |TAMS 0x0000000082f00000| PB 0x0000000082f00000| Untracked 
|   6|0x0000000083000000, 0x0000000083000000, 0x0000000083100000|  0%| F|  |TAMS 0x0000000083000000| PB 0x0000000083000000| Untracked 
|   7|0x0000000083100000, 0x0000000083100000, 0x0000000083200000|  0%| F|  |TAMS 0x0000000083100000| PB 0x0000000083100000| Untracked 
|   8|0x0000000083200000, 0x0000000083200000, 0x0000000083300000|  0%| F|  |TAMS 0x0000000083200000| PB 0x0000000083200000| Untracked 
|   9|0x0000000083300000, 0x0000000083300000, 0x0000000083400000|  0%| F|  |TAMS 0x0000000083300000| PB 0x0000000083300000| Untracked 
|  10|0x0000000083400000, 0x0000000083400000, 0x0000000083500000|  0%| F|  |TAMS 0x0000000083400000| PB 0x0000000083400000| Untracked 
|  11|0x0000000083500000, 0x0000000083500000, 0x0000000083600000|  0%| F|  |TAMS 0x0000000083500000| PB 0x0000000083500000| Untracked 
|  12|0x0000000083600000, 0x0000000083600000, 0x0000000083700000|  0%| F|  |TAMS 0x0000000083600000| PB 0x0000000083600000| Untracked 
|  13|0x0000000083700000, 0x0000000083700000, 0x0000000083800000|  0%| F|  |TAMS 0x0000000083700000| PB 0x0000000083700000| Untracked 
|  14|0x0000000083800000, 0x0000000083800000, 0x0000000083900000|  0%| F|  |TAMS 0x0000000083800000| PB 0x0000000083800000| Untracked 
|  15|0x0000000083900000, 0x0000000083900000, 0x0000000083a00000|  0%| F|  |TAMS 0x0000000083900000| PB 0x0000000083900000| Untracked 
|  16|0x0000000083a00000, 0x0000000083a00000, 0x0000000083b00000|  0%| F|  |TAMS 0x0000000083a00000| PB 0x0000000083a00000| Untracked 
|  17|0x0000000083b00000, 0x0000000083b00000, 0x0000000083c00000|  0%| F|  |TAMS 0x0000000083b00000| PB 0x0000000083b00000| Untracked 
|  18|0x0000000083c00000, 0x0000000083c00000, 0x0000000083d00000|  0%| F|  |TAMS 0x0000000083c00000| PB 0x0000000083c00000| Untracked 
|  19|0x0000000083d00000, 0x0000000083d00000, 0x0000000083e00000|  0%| F|  |TAMS 0x0000000083d00000| PB 0x0000000083d00000| Untracked 
|  20|0x0000000083e00000, 0x0000000083e00000, 0x0000000083f00000|  0%| F|  |TAMS 0x0000000083e00000| PB 0x0000000083e00000| Untracked 
|  21|0x0000000083f00000, 0x0000000083f00000, 0x0000000084000000|  0%| F|  |TAMS 0x0000000083f00000| PB 0x0000000083f00000| Untracked 
|  22|0x0000000084000000, 0x0000000084000000, 0x0000000084100000|  0%| F|  |TAMS 0x0000000084000000| PB 0x0000000084000000| Untracked 
|  23|0x0000000084100000, 0x0000000084100000, 0x0000000084200000|  0%| F|  |TAMS 0x0000000084100000| PB 0x0000000084100000| Untracked 
|  24|0x0000000084200000, 0x0000000084200000, 0x0000000084300000|  0%| F|  |TAMS 0x0000000084200000| PB 0x0000000084200000| Untracked 
|  25|0x0000000084300000, 0x0000000084300000, 0x0000000084400000|  0%| F|  |TAMS 0x0000000084300000| PB 0x0000000084300000| Untracked 
|  26|0x0000000084400000, 0x0000000084400000, 0x0000000084500000|  0%| F|  |TAMS 0x0000000084400000| PB 0x0000000084400000| Untracked 
|  27|0x0000000084500000, 0x0000000084500000, 0x0000000084600000|  0%| F|  |TAMS 0x0000000084500000| PB 0x0000000084500000| Untracked 
|  28|0x0000000084600000, 0x0000000084600000, 0x0000000084700000|  0%| F|  |TAMS 0x0000000084600000| PB 0x0000000084600000| Untracked 
|  29|0x0000000084700000, 0x0000000084700000, 0x0000000084800000|  0%| F|  |TAMS 0x0000000084700000| PB 0x0000000084700000| Untracked 
|  30|0x0000000084800000, 0x0000000084800000, 0x0000000084900000|  0%| F|  |TAMS 0x0000000084800000| PB 0x0000000084800000| Untracked 
|  31|0x0000000084900000, 0x0000000084900000, 0x0000000084a00000|  0%| F|  |TAMS 0x0000000084900000| PB 0x0000000084900000| Untracked 
|  32|0x0000000084a00000, 0x0000000084a00000, 0x0000000084b00000|  0%| F|  |TAMS 0x0000000084a00000| PB 0x0000000084a00000| Untracked 
|  33|0x0000000084b00000, 0x0000000084b00000, 0x0000000084c00000|  0%| F|  |TAMS 0x0000000084b00000| PB 0x0000000084b00000| Untracked 
|  34|0x0000000084c00000, 0x0000000084c00000, 0x0000000084d00000|  0%| F|  |TAMS 0x0000000084c00000| PB 0x0000000084c00000| Untracked 
|  35|0x0000000084d00000, 0x0000000084d00000, 0x0000000084e00000|  0%| F|  |TAMS 0x0000000084d00000| PB 0x0000000084d00000| Untracked 
|  36|0x0000000084e00000, 0x0000000084e00000, 0x0000000084f00000|  0%| F|  |TAMS 0x0000000084e00000| PB 0x0000000084e00000| Untracked 
|  37|0x0000000084f00000, 0x0000000084f00000, 0x0000000085000000|  0%| F|  |TAMS 0x0000000084f00000| PB 0x0000000084f00000| Untracked 
|  38|0x0000000085000000, 0x0000000085000000, 0x0000000085100000|  0%| F|  |TAMS 0x0000000085000000| PB 0x0000000085000000| Untracked 
|  39|0x0000000085100000, 0x0000000085100000, 0x0000000085200000|  0%| F|  |TAMS 0x0000000085100000| PB 0x0000000085100000| Untracked 
|  40|0x0000000085200000, 0x0000000085200000, 0x0000000085300000|  0%| F|  |TAMS 0x0000000085200000| PB 0x0000000085200000| Untracked 
|  41|0x0000000085300000, 0x0000000085300000, 0x0000000085400000|  0%| F|  |TAMS 0x0000000085300000| PB 0x0000000085300000| Untracked 
|  42|0x0000000085400000, 0x0000000085400000, 0x0000000085500000|  0%| F|  |TAMS 0x0000000085400000| PB 0x0000000085400000| Untracked 
|  43|0x0000000085500000, 0x0000000085500000, 0x0000000085600000|  0%| F|  |TAMS 0x0000000085500000| PB 0x0000000085500000| Untracked 
|  44|0x0000000085600000, 0x0000000085600000, 0x0000000085700000|  0%| F|  |TAMS 0x0000000085600000| PB 0x0000000085600000| Untracked 
|  45|0x0000000085700000, 0x0000000085700000, 0x0000000085800000|  0%| F|  |TAMS 0x0000000085700000| PB 0x0000000085700000| Untracked 
|  46|0x0000000085800000, 0x0000000085800000, 0x0000000085900000|  0%| F|  |TAMS 0x0000000085800000| PB 0x0000000085800000| Untracked 
|  47|0x0000000085900000, 0x0000000085900000, 0x0000000085a00000|  0%| F|  |TAMS 0x0000000085900000| PB 0x0000000085900000| Untracked 
|  48|0x0000000085a00000, 0x0000000085a00000, 0x0000000085b00000|  0%| F|  |TAMS 0x0000000085a00000| PB 0x0000000085a00000| Untracked 
|  49|0x0000000085b00000, 0x0000000085b00000, 0x0000000085c00000|  0%| F|  |TAMS 0x0000000085b00000| PB 0x0000000085b00000| Untracked 
|  50|0x0000000085c00000, 0x0000000085c00000, 0x0000000085d00000|  0%| F|  |TAMS 0x0000000085c00000| PB 0x0000000085c00000| Untracked 
|  51|0x0000000085d00000, 0x0000000085d00000, 0x0000000085e00000|  0%| F|  |TAMS 0x0000000085d00000| PB 0x0000000085d00000| Untracked 
|  52|0x0000000085e00000, 0x0000000085e00000, 0x0000000085f00000|  0%| F|  |TAMS 0x0000000085e00000| PB 0x0000000085e00000| Untracked 
|  53|0x0000000085f00000, 0x0000000085f00000, 0x0000000086000000|  0%| F|  |TAMS 0x0000000085f00000| PB 0x0000000085f00000| Untracked 
|  54|0x0000000086000000, 0x0000000086000000, 0x0000000086100000|  0%| F|  |TAMS 0x0000000086000000| PB 0x0000000086000000| Untracked 
|  55|0x0000000086100000, 0x0000000086100000, 0x0000000086200000|  0%| F|  |TAMS 0x0000000086100000| PB 0x0000000086100000| Untracked 
|  56|0x0000000086200000, 0x0000000086200000, 0x0000000086300000|  0%| F|  |TAMS 0x0000000086200000| PB 0x0000000086200000| Untracked 
|  57|0x0000000086300000, 0x0000000086300000, 0x0000000086400000|  0%| F|  |TAMS 0x0000000086300000| PB 0x0000000086300000| Untracked 
|  58|0x0000000086400000, 0x0000000086400000, 0x0000000086500000|  0%| F|  |TAMS 0x0000000086400000| PB 0x0000000086400000| Untracked 
|  59|0x0000000086500000, 0x0000000086500000, 0x0000000086600000|  0%| F|  |TAMS 0x0000000086500000| PB 0x0000000086500000| Untracked 
|  60|0x0000000086600000, 0x0000000086600000, 0x0000000086700000|  0%| F|  |TAMS 0x0000000086600000| PB 0x0000000086600000| Untracked 
|  61|0x0000000086700000, 0x0000000086700000, 0x0000000086800000|  0%| F|  |TAMS 0x0000000086700000| PB 0x0000000086700000| Untracked 
|  62|0x0000000086800000, 0x0000000086800000, 0x0000000086900000|  0%| F|  |TAMS 0x0000000086800000| PB 0x0000000086800000| Untracked 
|  63|0x0000000086900000, 0x0000000086900000, 0x0000000086a00000|  0%| F|  |TAMS 0x0000000086900000| PB 0x0000000086900000| Untracked 
|  64|0x0000000086a00000, 0x0000000086a00000, 0x0000000086b00000|  0%| F|  |TAMS 0x0000000086a00000| PB 0x0000000086a00000| Untracked 
|  65|0x0000000086b00000, 0x0000000086b00000, 0x0000000086c00000|  0%| F|  |TAMS 0x0000000086b00000| PB 0x0000000086b00000| Untracked 
|  66|0x0000000086c00000, 0x0000000086c00000, 0x0000000086d00000|  0%| F|  |TAMS 0x0000000086c00000| PB 0x0000000086c00000| Untracked 
|  67|0x0000000086d00000, 0x0000000086d00000, 0x0000000086e00000|  0%| F|  |TAMS 0x0000000086d00000| PB 0x0000000086d00000| Untracked 
|  68|0x0000000086e00000, 0x0000000086e00000, 0x0000000086f00000|  0%| F|  |TAMS 0x0000000086e00000| PB 0x0000000086e00000| Untracked 
|  69|0x0000000086f00000, 0x0000000086f00000, 0x0000000087000000|  0%| F|  |TAMS 0x0000000086f00000| PB 0x0000000086f00000| Untracked 
|  70|0x0000000087000000, 0x0000000087000000, 0x0000000087100000|  0%| F|  |TAMS 0x0000000087000000| PB 0x0000000087000000| Untracked 
|  71|0x0000000087100000, 0x0000000087100000, 0x0000000087200000|  0%| F|  |TAMS 0x0000000087100000| PB 0x0000000087100000| Untracked 
|  72|0x0000000087200000, 0x0000000087200000, 0x0000000087300000|  0%| F|  |TAMS 0x0000000087200000| PB 0x0000000087200000| Untracked 
|  73|0x0000000087300000, 0x0000000087300000, 0x0000000087400000|  0%| F|  |TAMS 0x0000000087300000| PB 0x0000000087300000| Untracked 
|  74|0x0000000087400000, 0x0000000087400000, 0x0000000087500000|  0%| F|  |TAMS 0x0000000087400000| PB 0x0000000087400000| Untracked 
|  75|0x0000000087500000, 0x0000000087500000, 0x0000000087600000|  0%| F|  |TAMS 0x0000000087500000| PB 0x0000000087500000| Untracked 
|  76|0x0000000087600000, 0x0000000087600000, 0x0000000087700000|  0%| F|  |TAMS 0x0000000087600000| PB 0x0000000087600000| Untracked 
|  77|0x0000000087700000, 0x0000000087700000, 0x0000000087800000|  0%| F|  |TAMS 0x0000000087700000| PB 0x0000000087700000| Untracked 
|  78|0x0000000087800000, 0x0000000087800000, 0x0000000087900000|  0%| F|  |TAMS 0x0000000087800000| PB 0x0000000087800000| Untracked 
|  79|0x0000000087900000, 0x0000000087900000, 0x0000000087a00000|  0%| F|  |TAMS 0x0000000087900000| PB 0x0000000087900000| Untracked 
|  80|0x0000000087a00000, 0x0000000087a00000, 0x0000000087b00000|  0%| F|  |TAMS 0x0000000087a00000| PB 0x0000000087a00000| Untracked 
|  81|0x0000000087b00000, 0x0000000087b00000, 0x0000000087c00000|  0%| F|  |TAMS 0x0000000087b00000| PB 0x0000000087b00000| Untracked 
|  82|0x0000000087c00000, 0x0000000087c00000, 0x0000000087d00000|  0%| F|  |TAMS 0x0000000087c00000| PB 0x0000000087c00000| Untracked 
|  83|0x0000000087d00000, 0x0000000087d00000, 0x0000000087e00000|  0%| F|  |TAMS 0x0000000087d00000| PB 0x0000000087d00000| Untracked 
|  84|0x0000000087e00000, 0x0000000087e00000, 0x0000000087f00000|  0%| F|  |TAMS 0x0000000087e00000| PB 0x0000000087e00000| Untracked 
|  85|0x0000000087f00000, 0x0000000087f00000, 0x0000000088000000|  0%| F|  |TAMS 0x0000000087f00000| PB 0x0000000087f00000| Untracked 
|  86|0x0000000088000000, 0x0000000088000000, 0x0000000088100000|  0%| F|  |TAMS 0x0000000088000000| PB 0x0000000088000000| Untracked 
|  87|0x0000000088100000, 0x0000000088100000, 0x0000000088200000|  0%| F|  |TAMS 0x0000000088100000| PB 0x0000000088100000| Untracked 
|  88|0x0000000088200000, 0x0000000088200000, 0x0000000088300000|  0%| F|  |TAMS 0x0000000088200000| PB 0x0000000088200000| Untracked 
|  89|0x0000000088300000, 0x0000000088300000, 0x0000000088400000|  0%| F|  |TAMS 0x0000000088300000| PB 0x0000000088300000| Untracked 
|  90|0x0000000088400000, 0x0000000088400000, 0x0000000088500000|  0%| F|  |TAMS 0x0000000088400000| PB 0x0000000088400000| Untracked 
|  91|0x0000000088500000, 0x0000000088500000, 0x0000000088600000|  0%| F|  |TAMS 0x0000000088500000| PB 0x0000000088500000| Untracked 
|  92|0x0000000088600000, 0x0000000088600000, 0x0000000088700000|  0%| F|  |TAMS 0x0000000088600000| PB 0x0000000088600000| Untracked 
|  93|0x0000000088700000, 0x0000000088700000, 0x0000000088800000|  0%| F|  |TAMS 0x0000000088700000| PB 0x0000000088700000| Untracked 
|  94|0x0000000088800000, 0x0000000088800000, 0x0000000088900000|  0%| F|  |TAMS 0x0000000088800000| PB 0x0000000088800000| Untracked 
|  95|0x0000000088900000, 0x0000000088900000, 0x0000000088a00000|  0%| F|  |TAMS 0x0000000088900000| PB 0x0000000088900000| Untracked 
|  96|0x0000000088a00000, 0x0000000088a00000, 0x0000000088b00000|  0%| F|  |TAMS 0x0000000088a00000| PB 0x0000000088a00000| Untracked 
|  97|0x0000000088b00000, 0x0000000088b00000, 0x0000000088c00000|  0%| F|  |TAMS 0x0000000088b00000| PB 0x0000000088b00000| Untracked 
|  98|0x0000000088c00000, 0x0000000088c00000, 0x0000000088d00000|  0%| F|  |TAMS 0x0000000088c00000| PB 0x0000000088c00000| Untracked 
|  99|0x0000000088d00000, 0x0000000088d00000, 0x0000000088e00000|  0%| F|  |TAMS 0x0000000088d00000| PB 0x0000000088d00000| Untracked 
| 100|0x0000000088e00000, 0x0000000088e00000, 0x0000000088f00000|  0%| F|  |TAMS 0x0000000088e00000| PB 0x0000000088e00000| Untracked 
| 101|0x0000000088f00000, 0x0000000088f00000, 0x0000000089000000|  0%| F|  |TAMS 0x0000000088f00000| PB 0x0000000088f00000| Untracked 
| 102|0x0000000089000000, 0x0000000089000000, 0x0000000089100000|  0%| F|  |TAMS 0x0000000089000000| PB 0x0000000089000000| Untracked 
| 103|0x0000000089100000, 0x0000000089100000, 0x0000000089200000|  0%| F|  |TAMS 0x0000000089100000| PB 0x0000000089100000| Untracked 
| 104|0x0000000089200000, 0x0000000089200000, 0x0000000089300000|  0%| F|  |TAMS 0x0000000089200000| PB 0x0000000089200000| Untracked 
| 105|0x0000000089300000, 0x0000000089300000, 0x0000000089400000|  0%| F|  |TAMS 0x0000000089300000| PB 0x0000000089300000| Untracked 
| 106|0x0000000089400000, 0x0000000089400000, 0x0000000089500000|  0%| F|  |TAMS 0x0000000089400000| PB 0x0000000089400000| Untracked 
| 107|0x0000000089500000, 0x0000000089500000, 0x0000000089600000|  0%| F|  |TAMS 0x0000000089500000| PB 0x0000000089500000| Untracked 
| 108|0x0000000089600000, 0x0000000089600000, 0x0000000089700000|  0%| F|  |TAMS 0x0000000089600000| PB 0x0000000089600000| Untracked 
| 109|0x0000000089700000, 0x0000000089700000, 0x0000000089800000|  0%| F|  |TAMS 0x0000000089700000| PB 0x0000000089700000| Untracked 
| 110|0x0000000089800000, 0x0000000089800000, 0x0000000089900000|  0%| F|  |TAMS 0x0000000089800000| PB 0x0000000089800000| Untracked 
| 111|0x0000000089900000, 0x0000000089900000, 0x0000000089a00000|  0%| F|  |TAMS 0x0000000089900000| PB 0x0000000089900000| Untracked 
| 112|0x0000000089a00000, 0x0000000089a00000, 0x0000000089b00000|  0%| F|  |TAMS 0x0000000089a00000| PB 0x0000000089a00000| Untracked 
| 113|0x0000000089b00000, 0x0000000089b00000, 0x0000000089c00000|  0%| F|  |TAMS 0x0000000089b00000| PB 0x0000000089b00000| Untracked 
| 114|0x0000000089c00000, 0x0000000089d00000, 0x0000000089d00000|100%| E|  |TAMS 0x0000000089c00000| PB 0x0000000089c00000| Complete 
| 115|0x0000000089d00000, 0x0000000089e00000, 0x0000000089e00000|100%| E|  |TAMS 0x0000000089d00000| PB 0x0000000089d00000| Complete 
| 116|0x0000000089e00000, 0x0000000089f00000, 0x0000000089f00000|100%| E|CS|TAMS 0x0000000089e00000| PB 0x0000000089e00000| Complete 
| 117|0x0000000089f00000, 0x000000008a000000, 0x000000008a000000|100%| E|CS|TAMS 0x0000000089f00000| PB 0x0000000089f00000| Complete 
| 118|0x000000008a000000, 0x000000008a100000, 0x000000008a100000|100%| E|CS|TAMS 0x000000008a000000| PB 0x000000008a000000| Complete 
| 119|0x000000008a100000, 0x000000008a200000, 0x000000008a200000|100%| E|CS|TAMS 0x000000008a100000| PB 0x000000008a100000| Complete 
| 120|0x000000008a200000, 0x000000008a300000, 0x000000008a300000|100%| E|CS|TAMS 0x000000008a200000| PB 0x000000008a200000| Complete 
| 121|0x000000008a300000, 0x000000008a400000, 0x000000008a400000|100%| E|CS|TAMS 0x000000008a300000| PB 0x000000008a300000| Complete 
| 122|0x000000008a400000, 0x000000008a500000, 0x000000008a500000|100%| E|CS|TAMS 0x000000008a400000| PB 0x000000008a400000| Complete 
| 123|0x000000008a500000, 0x000000008a600000, 0x000000008a600000|100%| E|CS|TAMS 0x000000008a500000| PB 0x000000008a500000| Complete 
| 124|0x000000008a600000, 0x000000008a700000, 0x000000008a700000|100%| E|CS|TAMS 0x000000008a600000| PB 0x000000008a600000| Complete 
| 125|0x000000008a700000, 0x000000008a800000, 0x000000008a800000|100%| E|CS|TAMS 0x000000008a700000| PB 0x000000008a700000| Complete 

Card table byte_map: [0x0000016f19830000,0x0000016f19c20000] _byte_map_base: 0x0000016f1941b000

Marking Bits: (CMBitMap*) 0x0000016f01e3da90
 Bits: [0x0000016f1a010000, 0x0000016f1bf68000)

Polling page: 0x0000016f015a0000

Metaspace:

Usage:
  Non-class:      5.16 MB used.
      Class:    322.70 KB used.
       Both:      5.47 MB used.

Virtual space:
  Non-class space:       64.00 MB reserved,       5.25 MB (  8%) committed,  1 nodes.
      Class space:        1.00 GB reserved,     448.00 KB ( <1%) committed,  1 nodes.
             Both:        1.06 GB reserved,       5.69 MB ( <1%) committed. 

Chunk freelists:
   Non-Class:  640.00 KB
       Class:  3.51 MB
        Both:  4.14 MB

MaxMetaspaceSize: unlimited
CompressedClassSpaceSize: 1.00 GB
Initial GC threshold: 21.00 MB
Current GC threshold: 21.00 MB
CDS: on
MetaspaceReclaimPolicy: balanced
 - commit_granule_bytes: 65536.
 - commit_granule_words: 8192.
 - virtual_space_node_default_size: 8388608.
 - enlarge_chunks_in_place: 1.
 - new_chunks_are_fully_committed: 0.
 - uncommit_free_chunks: 1.
 - use_allocation_guard: 0.


Internal statistics:

num_allocs_failed_limit: 0.
num_arena_births: 180.
num_arena_deaths: 0.
num_vsnodes_births: 2.
num_vsnodes_deaths: 0.
num_space_committed: 89.
num_space_uncommitted: 0.
num_chunks_returned_to_freelist: 0.
num_chunks_taken_from_freelist: 342.
num_chunk_merges: 0.
num_chunk_splits: 227.
num_chunks_enlarged: 148.
num_inconsistent_stats: 0.

CodeHeap 'non-profiled nmethods': size=120000Kb used=271Kb max_used=271Kb free=119728Kb
 bounds [0x0000016f11be0000, 0x0000016f11e50000, 0x0000016f19110000]
CodeHeap 'profiled nmethods': size=120000Kb used=1451Kb max_used=1451Kb free=118548Kb
 bounds [0x0000016f0a110000, 0x0000016f0a380000, 0x0000016f11640000]
CodeHeap 'non-nmethods': size=5760Kb used=2404Kb max_used=2419Kb free=3355Kb
 bounds [0x0000016f11640000, 0x0000016f118b0000, 0x0000016f11be0000]
 total_blobs=2265 nmethods=981 adapters=1195
 compilation: enabled
              stopped_count=0, restarted_count=0
 full_count=0

Compilation events (20 events):
Event: 0.724 Thread 0x0000016f1e48cf20 nmethod 964 0x0000016f0a278e10 code [0x0000016f0a278fa0, 0x0000016f0a2790f8]
Event: 0.724 Thread 0x0000016f1e48cf20  968       3       jdk.internal.math.FloatToDecimal::append (19 bytes)
Event: 0.724 Thread 0x0000016f1e48cf20 nmethod 968 0x0000016f0a279190 code [0x0000016f0a279320, 0x0000016f0a279460]
Event: 0.724 Thread 0x0000016f1e48cf20  970       3       jdk.internal.math.FloatToDecimal::rop (32 bytes)
Event: 0.724 Thread 0x0000016f1e483570 nmethod 973 0x0000016f11c23290 code [0x0000016f11c23400, 0x0000016f11c235e8]
Event: 0.724 Thread 0x0000016f6455c8c0  975       4       java.nio.CharBuffer::arrayOffset (35 bytes)
Event: 0.724 Thread 0x0000016f1e48cf20 nmethod 970 0x0000016f0a279510 code [0x0000016f0a2796a0, 0x0000016f0a2797d8]
Event: 0.724 Thread 0x0000016f1e483570  976   !   4       jdk.internal.misc.Blocker::begin (97 bytes)
Event: 0.725 Thread 0x0000016f6455c8c0 nmethod 975 0x0000016f11c23710 code [0x0000016f11c23880, 0x0000016f11c23938]
Event: 0.725 Thread 0x0000016f1e483570 nmethod 976 0x0000016f11c23a10 code [0x0000016f11c23b80, 0x0000016f11c23c38]
Event: 0.726 Thread 0x0000016f1e48cf20  977       3       java.util.concurrent.ConcurrentHashMap$BaseIterator::<init> (21 bytes)
Event: 0.727 Thread 0x0000016f1e48cf20 nmethod 977 0x0000016f0a279890 code [0x0000016f0a279a40, 0x0000016f0a279c08]
Event: 0.727 Thread 0x0000016f1e48cf20  978       3       java.util.concurrent.ConcurrentHashMap$Traverser::<init> (36 bytes)
Event: 0.727 Thread 0x0000016f1e48cf20 nmethod 978 0x0000016f0a279d10 code [0x0000016f0a279ea0, 0x0000016f0a27a0a8]
Event: 0.727 Thread 0x0000016f1e48cf20  979       3       java.util.concurrent.ConcurrentHashMap::values (25 bytes)
Event: 0.727 Thread 0x0000016f1e48cf20 nmethod 979 0x0000016f0a27a190 code [0x0000016f0a27a340, 0x0000016f0a27a6e0]
Event: 0.727 Thread 0x0000016f1e48cf20  980       3       org.lwjgl.system.Checks::checkBuffer (11 bytes)
Event: 0.727 Thread 0x0000016f1e48cf20 nmethod 980 0x0000016f0a27a810 code [0x0000016f0a27a9a0, 0x0000016f0a27aae8]
Event: 0.727 Thread 0x0000016f1e48cf20  981       3       java.lang.Character::charCount (12 bytes)
Event: 0.727 Thread 0x0000016f1e48cf20 nmethod 981 0x0000016f0a27ab90 code [0x0000016f0a27ad20, 0x0000016f0a27ae90]

GC Heap History (0 events):
No events

Dll operation events (16 events):
Event: 0.008 Loaded shared library C:\Users\sangral\.jdks\corretto-20.0.2.1\bin\java.dll
Event: 0.031 Loaded shared library C:\Users\sangral\.jdks\corretto-20.0.2.1\bin\jsvml.dll
Event: 0.092 Loaded shared library C:\Users\sangral\.jdks\corretto-20.0.2.1\bin\zip.dll
Event: 0.095 Loaded shared library C:\Users\sangral\.jdks\corretto-20.0.2.1\bin\instrument.dll
Event: 0.105 Loaded shared library C:\Users\sangral\.jdks\corretto-20.0.2.1\bin\net.dll
Event: 0.107 Loaded shared library C:\Users\sangral\.jdks\corretto-20.0.2.1\bin\nio.dll
Event: 0.118 Loaded shared library C:\Users\sangral\.jdks\corretto-20.0.2.1\bin\zip.dll
Event: 0.155 Loaded shared library C:\Program Files\JetBrains\IntelliJ IDEA Community Edition 2023.3.5\bin\breakgen64.dll
Event: 0.165 Loaded shared library C:\Users\sangral\.jdks\corretto-20.0.2.1\bin\extnet.dll
Event: 0.175 Loaded shared library C:\Users\sangral\.jdks\corretto-20.0.2.1\bin\jimage.dll
Event: 0.235 Loaded shared library C:\Users\sangral\AppData\Local\Temp\lwjgl_sangral\3.3.3-snapshot\x64\lwjgl.dll
Event: 0.297 Loaded shared library C:\Users\sangral\.jdks\corretto-20.0.2.1\bin\awt.dll
Event: 0.306 Loaded shared library C:\Users\sangral\.jdks\corretto-20.0.2.1\bin\verify.dll
Event: 0.413 Loaded shared library C:\Users\sangral\AppData\Local\Temp\lwjgl_sangral\3.3.3-snapshot\x64\lwjgl_opengl.dll
Event: 0.541 Loaded shared library C:\Users\sangral\AppData\Local\Temp\lwjgl_sangral\3.3.3-snapshot\x64\lwjgl_stb.dll
Event: 0.597 Loaded shared library E:\repo\Haspid2DEngine\libs\imgui-java64.dll

Deoptimization events (8 events):
Event: 0.250 Thread 0x0000016f01ddeba0 DEOPT PACKING pc=0x0000016f0a13a557 sp=0x0000005a565fb8b0
Event: 0.250 Thread 0x0000016f01ddeba0 DEOPT UNPACKING pc=0x0000016f116aa4c2 sp=0x0000005a565facd0 mode 0
Event: 0.263 Thread 0x0000016f01ddeba0 DEOPT PACKING pc=0x0000016f0a118841 sp=0x0000005a565fb8e0
Event: 0.263 Thread 0x0000016f01ddeba0 DEOPT UNPACKING pc=0x0000016f116aa4c2 sp=0x0000005a565fad58 mode 0
Event: 0.423 Thread 0x0000016f01ddeba0 Uncommon trap: trap_request=0xffffff54 fr.pc=0x0000016f11c13674 relative=0x0000000000000074
Event: 0.423 Thread 0x0000016f01ddeba0 Uncommon trap: reason=speculate_null_assert action=make_not_entrant pc=0x0000016f11c13674 method=sun.misc.Unsafe.putLong(Ljava/lang/Object;JJ)V @ 7 c2
Event: 0.423 Thread 0x0000016f01ddeba0 DEOPT PACKING pc=0x0000016f11c13674 sp=0x0000005a565fec50
Event: 0.423 Thread 0x0000016f01ddeba0 DEOPT UNPACKING pc=0x0000016f116a9d22 sp=0x0000005a565febc8 mode 2

Classes loaded (20 events):
Event: 0.305 Loading class sun/awt/PlatformGraphicsInfo
Event: 0.305 Loading class sun/awt/PlatformGraphicsInfo done
Event: 0.306 Loading class java/io/Externalizable
Event: 0.306 Loading class java/io/Externalizable done
Event: 0.424 Loading class jdk/internal/foreign/MemorySessionImpl
Event: 0.424 Loading class java/lang/foreign/SegmentScope
Event: 0.425 Loading class java/lang/foreign/SegmentScope done
Event: 0.425 Loading class java/lang/foreign/SegmentAllocator
Event: 0.425 Loading class java/lang/foreign/SegmentAllocator done
Event: 0.425 Loading class jdk/internal/foreign/MemorySessionImpl done
Event: 0.489 Loading class java/util/regex/Pattern$BnM
Event: 0.489 Loading class java/util/regex/Pattern$BnM done
Event: 0.489 Loading class java/util/regex/Pattern$SliceS
Event: 0.489 Loading class java/util/regex/Pattern$SliceS done
Event: 0.593 Loading class java/io/UncheckedIOException
Event: 0.593 Loading class java/io/UncheckedIOException done
Event: 0.593 Loading class java/nio/file/AccessDeniedException
Event: 0.593 Loading class java/nio/file/AccessDeniedException done
Event: 0.696 Loading class java/util/ComparableTimSort
Event: 0.696 Loading class java/util/ComparableTimSort done

Classes unloaded (0 events):
No events

Classes redefined (0 events):
No events

Internal exceptions (20 events):
Event: 0.247 Thread 0x0000016f01ddeba0 Exception <a 'java/lang/NoSuchMethodError'{0x000000008a22fad8}: 'int java.lang.invoke.DirectMethodHandle$Holder.invokeStaticInit(java.lang.Object, java.lang.Object, java.lang.Object, long)'> (0x000000008a22fad8) 
thrown [s\src\hotspot\share\interpreter\linkResolver.cpp, line 773]
Event: 0.263 Thread 0x0000016f01ddeba0 Exception <a 'sun/nio/fs/WindowsException'{0x000000008a2c3e48}> (0x000000008a2c3e48) 
thrown [s\src\hotspot\share\prims\jni.cpp, line 519]
Event: 0.263 Thread 0x0000016f01ddeba0 Exception <a 'sun/nio/fs/WindowsException'{0x000000008a2c41f0}> (0x000000008a2c41f0) 
thrown [s\src\hotspot\share\prims\jni.cpp, line 519]
Event: 0.268 Thread 0x0000016f01ddeba0 Exception <a 'java/lang/NoSuchMethodError'{0x000000008a2dd608}: 'int java.lang.invoke.Invokers$Holder.invokeExact_MT(java.lang.Object, java.lang.Object)'> (0x000000008a2dd608) 
thrown [s\src\hotspot\share\interpreter\linkResolver.cpp, line 773]
Event: 0.291 Thread 0x0000016f01ddeba0 Exception <a 'java/lang/ClassNotFoundException'{0x000000008a12f738}: sun/awt/resources/spi/awtProvider> (0x000000008a12f738) 
thrown [s\src\hotspot\share\classfile\systemDictionary.cpp, line 305]
Event: 0.301 Thread 0x0000016f01ddeba0 Exception <a 'java/io/FileNotFoundException'{0x000000008a171488}> (0x000000008a171488) 
thrown [s\src\hotspot\share\prims\jni.cpp, line 519]
Event: 0.304 Thread 0x0000016f01ddeba0 Exception <a 'java/io/FileNotFoundException'{0x000000008a19b620}> (0x000000008a19b620) 
thrown [s\src\hotspot\share\prims\jni.cpp, line 519]
Event: 0.371 Thread 0x0000016f01ddeba0 Exception <a 'java/lang/NoSuchMethodError'{0x000000008a1cd088}: 'void java.lang.invoke.DirectMethodHandle$Holder.invokeStaticInit(java.lang.Object, long, int, int, int, int)'> (0x000000008a1cd088) 
thrown [s\src\hotspot\share\interpreter\linkResolver.cpp, line 773]
Event: 0.374 Thread 0x0000016f01ddeba0 Exception <a 'java/lang/NoSuchMethodError'{0x000000008a1db8f8}: 'void java.lang.invoke.DirectMethodHandle$Holder.invokeStaticInit(java.lang.Object, long, double, double)'> (0x000000008a1db8f8) 
thrown [s\src\hotspot\share\interpreter\linkResolver.cpp, line 773]
Event: 0.376 Thread 0x0000016f01ddeba0 Exception <a 'java/lang/NoSuchMethodError'{0x000000008a1e8c80}: 'void java.lang.invoke.DirectMethodHandle$Holder.invokeStaticInit(java.lang.Object, long, int, int, int)'> (0x000000008a1e8c80) 
thrown [s\src\hotspot\share\interpreter\linkResolver.cpp, line 773]
Event: 0.404 Thread 0x0000016f01ddeba0 Exception <a 'java/lang/NoSuchMethodError'{0x000000008a0171a0}: 'void java.lang.System.load(java.lang.String, java.lang.Class)'> (0x000000008a0171a0) 
thrown [s\src\hotspot\share\interpreter\linkResolver.cpp, line 773]
Event: 0.405 Thread 0x0000016f01ddeba0 Exception <a 'java/lang/NoSuchMethodError'{0x000000008a019f88}: 'void java.lang.System.loadLibrary(java.lang.String, java.lang.Class)'> (0x000000008a019f88) 
thrown [s\src\hotspot\share\interpreter\linkResolver.cpp, line 773]
Event: 0.411 Thread 0x0000016f01ddeba0 Exception <a 'sun/nio/fs/WindowsException'{0x000000008a024bf0}> (0x000000008a024bf0) 
thrown [s\src\hotspot\share\prims\jni.cpp, line 519]
Event: 0.411 Thread 0x0000016f01ddeba0 Exception <a 'sun/nio/fs/WindowsException'{0x000000008a024fd0}> (0x000000008a024fd0) 
thrown [s\src\hotspot\share\prims\jni.cpp, line 519]
Event: 0.417 Thread 0x0000016f01ddeba0 Exception <a 'sun/nio/fs/WindowsException'{0x000000008a032580}> (0x000000008a032580) 
thrown [s\src\hotspot\share\prims\jni.cpp, line 519]
Event: 0.417 Thread 0x0000016f01ddeba0 Exception <a 'sun/nio/fs/WindowsException'{0x000000008a0328a0}> (0x000000008a0328a0) 
thrown [s\src\hotspot\share\prims\jni.cpp, line 519]
Event: 0.528 Thread 0x0000016f01ddeba0 Exception <a 'java/lang/NoSuchMethodError'{0x0000000089e426a0}: 'void java.lang.System.load(java.lang.String, java.lang.Class)'> (0x0000000089e426a0) 
thrown [s\src\hotspot\share\interpreter\linkResolver.cpp, line 773]
Event: 0.528 Thread 0x0000016f01ddeba0 Exception <a 'java/lang/NoSuchMethodError'{0x0000000089e45490}: 'void java.lang.System.loadLibrary(java.lang.String, java.lang.Class)'> (0x0000000089e45490) 
thrown [s\src\hotspot\share\interpreter\linkResolver.cpp, line 773]
Event: 0.536 Thread 0x0000016f01ddeba0 Exception <a 'sun/nio/fs/WindowsException'{0x0000000089e54620}> (0x0000000089e54620) 
thrown [s\src\hotspot\share\prims\jni.cpp, line 519]
Event: 0.538 Thread 0x0000016f01ddeba0 Exception <a 'sun/nio/fs/WindowsException'{0x0000000089e549e0}> (0x0000000089e549e0) 
thrown [s\src\hotspot\share\prims\jni.cpp, line 519]

VM Operations (4 events):
Event: 0.079 Executing VM operation: HandshakeAllThreads
Event: 0.079 Executing VM operation: HandshakeAllThreads done
Event: 0.159 Executing VM operation: HandshakeAllThreads
Event: 0.159 Executing VM operation: HandshakeAllThreads done

Events (13 events):
Event: 0.031 Thread 0x0000016f01ddeba0 Thread added: 0x0000016f01ddeba0
Event: 0.043 Thread 0x0000016f1e4728c0 Thread added: 0x0000016f1e4728c0
Event: 0.043 Thread 0x0000016f1e4734a0 Thread added: 0x0000016f1e4734a0
Event: 0.044 Thread 0x0000016f1e474670 Thread added: 0x0000016f1e474670
Event: 0.044 Thread 0x0000016f1e477550 Thread added: 0x0000016f1e477550
Event: 0.044 Thread 0x0000016f1e478ea0 Thread added: 0x0000016f1e478ea0
Event: 0.044 Thread 0x0000016f1e47b530 Thread added: 0x0000016f1e47b530
Event: 0.044 Thread 0x0000016f1e483570 Thread added: 0x0000016f1e483570
Event: 0.044 Thread 0x0000016f1e48cf20 Thread added: 0x0000016f1e48cf20
Event: 0.071 Thread 0x0000016f63ceca70 Thread added: 0x0000016f63ceca70
Event: 0.156 Thread 0x0000016f63f03cd0 Thread added: 0x0000016f63f03cd0
Event: 0.156 Thread 0x0000016f63f07f50 Thread added: 0x0000016f63f07f50
Event: 0.713 Thread 0x0000016f6455c8c0 Thread added: 0x0000016f6455c8c0


Dynamic libraries:
0x00007ff6bdef0000 - 0x00007ff6bdefe000 	C:\Users\sangral\.jdks\corretto-20.0.2.1\bin\java.exe
0x00007ffe420f0000 - 0x00007ffe42306000 	C:\WINDOWS\SYSTEM32\ntdll.dll
0x00007ffe404f0000 - 0x00007ffe405b4000 	C:\WINDOWS\System32\KERNEL32.DLL
0x00007ffe3fa90000 - 0x00007ffe3fe36000 	C:\WINDOWS\System32\KERNELBASE.dll
0x00007ffe3f6f0000 - 0x00007ffe3f801000 	C:\WINDOWS\System32\ucrtbase.dll
0x00007ffe1d3c0000 - 0x00007ffe1d3db000 	C:\Users\sangral\.jdks\corretto-20.0.2.1\bin\VCRUNTIME140.dll
0x00007ffe23110000 - 0x00007ffe23127000 	C:\Users\sangral\.jdks\corretto-20.0.2.1\bin\jli.dll
0x00007ffe41e30000 - 0x00007ffe41fdd000 	C:\WINDOWS\System32\USER32.dll
0x00007ffe3f550000 - 0x00007ffe3f576000 	C:\WINDOWS\System32\win32u.dll
0x00007ffe41fe0000 - 0x00007ffe42009000 	C:\WINDOWS\System32\GDI32.dll
0x00007ffe2cfd0000 - 0x00007ffe2d263000 	C:\WINDOWS\WinSxS\amd64_microsoft.windows.common-controls_6595b64144ccf1df_6.0.22621.3235_none_270f74e173860f98\COMCTL32.dll
0x00007ffe3f430000 - 0x00007ffe3f548000 	C:\WINDOWS\System32\gdi32full.dll
0x00007ffe40270000 - 0x00007ffe40317000 	C:\WINDOWS\System32\msvcrt.dll
0x00007ffe3f810000 - 0x00007ffe3f8aa000 	C:\WINDOWS\System32\msvcp_win.dll
0x00007ffe40320000 - 0x00007ffe40351000 	C:\WINDOWS\System32\IMM32.DLL
0x00007ffe2b500000 - 0x00007ffe2b50c000 	C:\Users\sangral\.jdks\corretto-20.0.2.1\bin\vcruntime140_1.dll
0x00007ffdf32a0000 - 0x00007ffdf332e000 	C:\Users\sangral\.jdks\corretto-20.0.2.1\bin\msvcp140.dll
0x00007ffde0ea0000 - 0x00007ffde1ba4000 	C:\Users\sangral\.jdks\corretto-20.0.2.1\bin\server\jvm.dll
0x00007ffe40620000 - 0x00007ffe406d2000 	C:\WINDOWS\System32\ADVAPI32.dll
0x00007ffe40100000 - 0x00007ffe401a8000 	C:\WINDOWS\System32\sechost.dll
0x00007ffe3f640000 - 0x00007ffe3f668000 	C:\WINDOWS\System32\bcrypt.dll
0x00007ffe40360000 - 0x00007ffe40475000 	C:\WINDOWS\System32\RPCRT4.dll
0x00007ffe370e0000 - 0x00007ffe37114000 	C:\WINDOWS\SYSTEM32\WINMM.dll
0x00007ffe36790000 - 0x00007ffe3679a000 	C:\WINDOWS\SYSTEM32\VERSION.dll
0x00007ffe38190000 - 0x00007ffe38199000 	C:\WINDOWS\SYSTEM32\WSOCK32.dll
0x00007ffe415a0000 - 0x00007ffe41611000 	C:\WINDOWS\System32\WS2_32.dll
0x00007ffe3e560000 - 0x00007ffe3e578000 	C:\WINDOWS\SYSTEM32\kernel.appcore.dll
0x00007ffe2ab20000 - 0x00007ffe2ab2a000 	C:\Users\sangral\.jdks\corretto-20.0.2.1\bin\jimage.dll
0x00007ffe3cbd0000 - 0x00007ffe3ce03000 	C:\WINDOWS\SYSTEM32\DBGHELP.DLL
0x00007ffe41620000 - 0x00007ffe419a8000 	C:\WINDOWS\System32\combase.dll
0x00007ffe41370000 - 0x00007ffe41447000 	C:\WINDOWS\System32\OLEAUT32.dll
0x00007ffe1a800000 - 0x00007ffe1a832000 	C:\WINDOWS\SYSTEM32\dbgcore.DLL
0x00007ffe3f670000 - 0x00007ffe3f6ea000 	C:\WINDOWS\System32\bcryptPrimitives.dll
0x00007ffe28010000 - 0x00007ffe2801e000 	C:\Users\sangral\.jdks\corretto-20.0.2.1\bin\instrument.dll
0x00007ffe1d160000 - 0x00007ffe1d186000 	C:\Users\sangral\.jdks\corretto-20.0.2.1\bin\java.dll
0x00007ffdf31c0000 - 0x00007ffdf3297000 	C:\Users\sangral\.jdks\corretto-20.0.2.1\bin\jsvml.dll
0x00007ffe40970000 - 0x00007ffe411cd000 	C:\WINDOWS\System32\SHELL32.dll
0x00007ffe3d3a0000 - 0x00007ffe3dc98000 	C:\WINDOWS\SYSTEM32\windows.storage.dll
0x00007ffe3d260000 - 0x00007ffe3d39e000 	C:\WINDOWS\SYSTEM32\wintypes.dll
0x00007ffe41450000 - 0x00007ffe41543000 	C:\WINDOWS\System32\SHCORE.dll
0x00007ffe40490000 - 0x00007ffe404ee000 	C:\WINDOWS\System32\shlwapi.dll
0x00007ffe3f360000 - 0x00007ffe3f386000 	C:\WINDOWS\SYSTEM32\profapi.dll
0x00007ffe1b0e0000 - 0x00007ffe1b0f8000 	C:\Users\sangral\.jdks\corretto-20.0.2.1\bin\zip.dll
0x00007ffe1d3a0000 - 0x00007ffe1d3b3000 	C:\Users\sangral\.jdks\corretto-20.0.2.1\bin\net.dll
0x00007ffe38960000 - 0x00007ffe38a97000 	C:\WINDOWS\SYSTEM32\WINHTTP.dll
0x00007ffe3e9e0000 - 0x00007ffe3ea49000 	C:\WINDOWS\system32\mswsock.dll
0x00007ffe1d140000 - 0x00007ffe1d156000 	C:\Users\sangral\.jdks\corretto-20.0.2.1\bin\nio.dll
0x00007ffe15fe0000 - 0x00007ffe15ffa000 	C:\Program Files\JetBrains\IntelliJ IDEA Community Edition 2023.3.5\bin\breakgen64.dll
0x00007ffe279e0000 - 0x00007ffe279e7000 	C:\Users\sangral\.jdks\corretto-20.0.2.1\bin\extnet.dll
0x00007ffdf2760000 - 0x00007ffdf27db000 	C:\Users\sangral\AppData\Local\Temp\lwjgl_sangral\3.3.3-snapshot\x64\lwjgl.dll
0x00007ffdf2200000 - 0x00007ffdf2282000 	C:\Users\sangral\AppData\Local\Temp\lwjgl_sangral\3.3.3-snapshot\x64\glfw.dll
0x00007ffdfc210000 - 0x00007ffdfc256000 	C:\WINDOWS\SYSTEM32\dinput8.dll
0x00007ffe15fc0000 - 0x00007ffe15fd1000 	C:\WINDOWS\SYSTEM32\xinput1_4.dll
0x00007ffe3f120000 - 0x00007ffe3f16e000 	C:\WINDOWS\SYSTEM32\cfgmgr32.dll
0x00007ffe3f0f0000 - 0x00007ffe3f11c000 	C:\WINDOWS\SYSTEM32\DEVOBJ.dll
0x00007ffe2b960000 - 0x00007ffe2bb6a000 	C:\WINDOWS\SYSTEM32\inputhost.dll
0x00007ffe3c110000 - 0x00007ffe3c244000 	C:\WINDOWS\SYSTEM32\CoreMessaging.dll
0x00007ffe3c780000 - 0x00007ffe3c7ab000 	C:\WINDOWS\SYSTEM32\dwmapi.dll
0x00007ffe3c540000 - 0x00007ffe3c5eb000 	C:\WINDOWS\system32\uxtheme.dll
0x00007ffe3ec30000 - 0x00007ffe3ec3c000 	C:\WINDOWS\SYSTEM32\CRYPTBASE.DLL
0x00007ffe3fe40000 - 0x00007ffe3ff94000 	C:\WINDOWS\System32\MSCTF.dll
0x00007ffdef150000 - 0x00007ffdef2e0000 	C:\Users\sangral\.jdks\corretto-20.0.2.1\bin\awt.dll
0x00007ffe3c400000 - 0x00007ffe3c497000 	C:\WINDOWS\SYSTEM32\apphelp.dll
0x00007ffe24a30000 - 0x00007ffe24a40000 	C:\Users\sangral\.jdks\corretto-20.0.2.1\bin\verify.dll
0x00007ffe2e6e0000 - 0x00007ffe2e7e0000 	C:\WINDOWS\SYSTEM32\opengl32.dll
0x00007ffe35a50000 - 0x00007ffe35a7d000 	C:\WINDOWS\SYSTEM32\GLU32.dll
0x00007ffe3c7f0000 - 0x00007ffe3c829000 	C:\WINDOWS\SYSTEM32\dxcore.dll
0x00007ffe383f0000 - 0x00007ffe3843a000 	C:\WINDOWS\SYSTEM32\directxdatabasehelper.dll
0x00007ffe406f0000 - 0x00007ffe407a0000 	C:\WINDOWS\System32\clbcatq.dll
0x00007ffddf980000 - 0x00007ffde08b1000 	C:\WINDOWS\System32\DriverStore\FileRepository\iigd_dch.inf_amd64_2b7bcff446ea567f\ig9icd64.dll
0x00007ffe411d0000 - 0x00007ffe4136f000 	C:\WINDOWS\System32\ole32.dll
0x00007ffe3c670000 - 0x00007ffe3c768000 	C:\WINDOWS\system32\dxgi.dll
0x00007ffe369c0000 - 0x00007ffe36b65000 	C:\WINDOWS\System32\DriverStore\FileRepository\iigd_dch.inf_amd64_2b7bcff446ea567f\igdgmm64.dll
0x00007ffe0c690000 - 0x00007ffe0f146000 	C:\WINDOWS\System32\DriverStore\FileRepository\iigd_dch.inf_amd64_2b7bcff446ea567f\igc64.dll
0x00007ffe3e2c0000 - 0x00007ffe3e30d000 	C:\WINDOWS\SYSTEM32\powrprof.dll
0x00007ffe3e2a0000 - 0x00007ffe3e2b3000 	C:\WINDOWS\SYSTEM32\UMPDC.dll
0x00007ffe15bd0000 - 0x00007ffe15fb5000 	C:\WINDOWS\System32\DriverStore\FileRepository\iigd_dch.inf_amd64_2b7bcff446ea567f\igdml64.dll
0x00007ffe2db90000 - 0x00007ffe2dcda000 	C:\WINDOWS\SYSTEM32\textinputframework.dll
0x00007ffe36d70000 - 0x00007ffe370dc000 	C:\WINDOWS\SYSTEM32\CoreUIComponents.dll
0x00007ffdf1f50000 - 0x00007ffdf1fae000 	C:\Users\sangral\AppData\Local\Temp\lwjgl_sangral\3.3.3-snapshot\x64\lwjgl_opengl.dll
0x00007ffdef0c0000 - 0x00007ffdef142000 	C:\Users\sangral\AppData\Local\Temp\lwjgl_sangral\3.3.3-snapshot\x64\lwjgl_stb.dll
0x00007ffdddeb0000 - 0x00007ffddec0d000 	E:\repo\Haspid2DEngine\libs\imgui-java64.dll

dbghelp: loaded successfully - version: 4.0.5 - missing functions: none
symbol engine: initialized successfully - sym options: 0x614 - pdb path: .;C:\Users\sangral\.jdks\corretto-20.0.2.1\bin;C:\WINDOWS\SYSTEM32;C:\WINDOWS\WinSxS\amd64_microsoft.windows.common-controls_6595b64144ccf1df_6.0.22621.3235_none_270f74e173860f98;C:\Users\sangral\.jdks\corretto-20.0.2.1\bin\server;C:\Program Files\JetBrains\IntelliJ IDEA Community Edition 2023.3.5\bin;C:\Users\sangral\AppData\Local\Temp\lwjgl_sangral\3.3.3-snapshot\x64;C:\WINDOWS\System32\DriverStore\FileRepository\iigd_dch.inf_amd64_2b7bcff446ea567f;E:\repo\Haspid2DEngine\libs

VM Arguments:
jvm_args: -Djava.library.path=E:\repo\Haspid2DEngine\libs -javaagent:C:\Program Files\JetBrains\IntelliJ IDEA Community Edition 2023.3.5\lib\idea_rt.jar=55291:C:\Program Files\JetBrains\IntelliJ IDEA Community Edition 2023.3.5\bin -Dfile.encoding=UTF-8 -Dsun.stdout.encoding=UTF-8 -Dsun.stderr.encoding=UTF-8 
java_command: main.Main
java_class_path (initial): E:\repo\Haspid2DEngine\out\production\Haspid2DEngine;E:\repo\Haspid2DEngine\libs\imgui-app-1.86.11-all.jar;E:\repo\Haspid2DEngine\libs\imgui-app-1.86.11.jar;E:\repo\Haspid2DEngine\libs\imgui-binding-1.86.11.jar;E:\repo\Haspid2DEngine\libs\imgui-java64.dll;E:\repo\Haspid2DEngine\libs\imgui-lwjgl3-1.86.11.jar;E:\repo\Haspid2DEngine\libs\joml-1.10.5.jar;E:\repo\Haspid2DEngine\libs\lwjgl-assimp-natives-windows.jar;E:\repo\Haspid2DEngine\libs\lwjgl-assimp.jar;E:\repo\Haspid2DEngine\libs\lwjgl-glfw-natives-windows.jar;E:\repo\Haspid2DEngine\libs\lwjgl-glfw.jar;E:\repo\Haspid2DEngine\libs\lwjgl-natives-windows.jar;E:\repo\Haspid2DEngine\libs\lwjgl-nfd-natives-windows.jar;E:\repo\Haspid2DEngine\libs\lwjgl-nfd.jar;E:\repo\Haspid2DEngine\libs\lwjgl-openal-natives-windows.jar;E:\repo\Haspid2DEngine\libs\lwjgl-openal.jar;E:\repo\Haspid2DEngine\libs\lwjgl-opengl-natives-windows.jar;E:\repo\Haspid2DEngine\libs\lwjgl-opengl.jar;E:\repo\Haspid2DEngine\libs\lwjgl-stb-natives-windows.jar;E:\repo\Haspid2DEngine\libs\lwjgl-stb.jar;E:\repo\Haspid2DEngine\libs\lwjgl.jar
Launcher Type: SUN_STANDARD

[Global flags]
     intx CICompilerCount                          = 4                                         {product} {ergonomic}
     uint ConcGCThreads                            = 2                                         {product} {ergonomic}
     uint G1ConcRefinementThreads                  = 8                                         {product} {ergonomic}
   size_t G1HeapRegionSize                         = 1048576                                   {product} {ergonomic}
    uintx GCDrainStackTargetSize                   = 64                                        {product} {ergonomic}
   size_t InitialHeapSize                          = 132120576                                 {product} {ergonomic}
   size_t MarkStackSize                            = 4194304                                   {product} {ergonomic}
   size_t MaxHeapSize                              = 2103443456                                {product} {ergonomic}
   size_t MaxNewSize                               = 1261436928                                {product} {ergonomic}
   size_t MinHeapDeltaBytes                        = 1048576                                   {product} {ergonomic}
   size_t MinHeapSize                              = 8388608                                   {product} {ergonomic}
    uintx NonNMethodCodeHeapSize                   = 5839372                                {pd product} {ergonomic}
    uintx NonProfiledCodeHeapSize                  = 122909434                              {pd product} {ergonomic}
    uintx ProfiledCodeHeapSize                     = 122909434                              {pd product} {ergonomic}
    uintx ReservedCodeCacheSize                    = 251658240                              {pd product} {ergonomic}
     bool SegmentedCodeCache                       = true                                      {product} {ergonomic}
   size_t SoftMaxHeapSize                          = 2103443456                             {manageable} {ergonomic}
     bool UseCompressedClassPointers               = true                           {product lp64_product} {ergonomic}
     bool UseCompressedOops                        = true                           {product lp64_product} {ergonomic}
     bool UseG1GC                                  = true                                      {product} {ergonomic}
     bool UseLargePagesIndividualAllocation        = false                                  {pd product} {ergonomic}

Logging:
Log output configuration:
 #0: stdout all=warning uptime,level,tags foldmultilines=false
 #1: stderr all=off uptime,level,tags foldmultilines=false

Environment Variables:
PATH=C:\Program Files (x86)\Common Files\Oracle\Java\javapath;C:\WINDOWS\system32;C:\WINDOWS;C:\WINDOWS\System32\Wbem;C:\WINDOWS\System32\WindowsPowerShell\v1.0\;C:\WINDOWS\System32\OpenSSH\;E:\system\Git\cmd;C:\Users\sangral\AppData\Local\Microsoft\WindowsApps;
USERNAME=sangral
OS=Windows_NT
PROCESSOR_IDENTIFIER=Intel64 Family 6 Model 165 Stepping 2, GenuineIntel
TMP=C:\Users\sangral\AppData\Local\Temp
TEMP=C:\Users\sangral\AppData\Local\Temp




---------------  S Y S T E M  ---------------

OS:
 Windows 11 , 64 bit Build 22621 (10.0.22621.3235)
OS uptime: 11 days 10:16 hours

CPU: total 8 (initial active 8) (4 cores per cpu, 2 threads per core) family 6 model 165 stepping 2 microcode 0xea, cx8, cmov, fxsr, ht, mmx, 3dnowpref, sse, sse2, sse3, ssse3, sse4.1, sse4.2, popcnt, lzcnt, tsc, tscinvbit, avx, avx2, aes, erms, clmul, bmi1, bmi2, adx, fma, vzeroupper, clflush, clflushopt, rdtscp, f16c, pku

Memory: 4k page, system-wide physical 8023M (1349M free)
TotalPageFile size 14261M (AvailPageFile size 2111M)
current process WorkingSet (physical memory assigned to process): 141M, peak: 141M
current process commit charge ("private bytes"): 274M, peak: 274M

vm_info: OpenJDK 64-Bit Server VM (20.0.2.1+10-FR) for windows-amd64 JRE (20.0.2.1+10-FR), built on 2023-08-19T09:18:31Z by "Administrator" with unknown MS VC++:1937

END.
