#
# A fatal error has been detected by the Java Runtime Environment:
#
#  EXCEPTION_ACCESS_VIOLATION (0xc0000005) at pc=0x00007ffde56861b1, pid=15088, tid=5576
#
# JRE version: OpenJDK Runtime Environment Corretto-20.0.2.10.1 (20.0.2.1+10) (build 20.0.2.1+10-FR)
# Java VM: OpenJDK 64-Bit Server VM Corretto-20.0.2.10.1 (20.0.2.1+10-FR, mixed mode, sharing, tiered, compressed oops, compressed class ptrs, g1 gc, windows-amd64)
# Problematic frame:
# C  [ig9icd64.dll+0x5561b1]
#
# No core dump will be written. Minidumps are not enabled by default on client versions of Windows
#
# If you would like to submit a bug report, please visit:
#   https://github.com/corretto/corretto-20/issues/
# The crash happened outside the Java Virtual Machine in native code.
# See problematic frame for where to report the bug.
#

---------------  S U M M A R Y ------------

Command Line: -Djava.library.path=E:\repo\Haspid2DEngine\libs -javaagent:C:\Program Files\JetBrains\IntelliJ IDEA Community Edition 2023.3.5\lib\idea_rt.jar=56229:C:\Program Files\JetBrains\IntelliJ IDEA Community Edition 2023.3.5\bin -Dfile.encoding=UTF-8 -Dsun.stdout.encoding=UTF-8 -Dsun.stderr.encoding=UTF-8 main.Main

Host: Intel(R) Core(TM) i5-10300H CPU @ 2.50GHz, 8 cores, 7G,  Windows 11 , 64 bit Build 22621 (10.0.22621.3235)
Time: Fri Apr 19 15:35:01 2024  Windows 11 , 64 bit Build 22621 (10.0.22621.3235) elapsed time: 3.093212 seconds (0d 0h 0m 3s)

---------------  T H R E A D  ---------------

Current thread (0x000002135204f130):  JavaThread "main" [_thread_in_native, id=5576, stack(0x0000005bf8000000,0x0000005bf8100000)]

Stack: [0x0000005bf8000000,0x0000005bf8100000],  sp=0x0000005bf80fe4a0,  free space=1017k
Native frames: (J=compiled Java code, j=interpreted, Vv=VM code, C=native code)
C  [ig9icd64.dll+0x5561b1]

Java frames: (J=compiled Java code, j=interpreted, Vv=VM code)
J 1307  org.lwjgl.system.JNI.invokePV(JJ)V (0 bytes) @ 0x0000021361eb88fc [0x0000021361eb88a0+0x000000000000005c]
j  org.lwjgl.glfw.GLFW.glfwSwapBuffers(J)V+17
j  main.haspid.Window.loop()V+194
j  main.haspid.Window.run()V+19
j  main.Main.main([Ljava/lang/String;)V+5
v  ~StubRoutines::call_stub 0x00000213618b100d

siginfo: EXCEPTION_ACCESS_VIOLATION (0xc0000005), writing address 0x0000021340800000


Registers:
RAX=0x0000021373bdbdf0, RBX=0x00000213735174c0, RCX=0x0000021373bdc010, RDX=0x0000021340800000
RSP=0x0000005bf80fe4a0, RBP=0x000002137374c0b0, RSI=0x000002137317fa10, RDI=0x000002137394de00
R8 =0x0000000000000000, R9 =0x0000000000000000, R10=0x00000000e4440a87, R11=0x000000000000cea0
R12=0x00000213737b0160, R13=0x000002137347b3f0, R14=0x000002137394e040, R15=0x000002137364fab0
RIP=0x00007ffde56861b1, EFLAGS=0x0000000000010206


Register to memory mapping:

RIP=0x00007ffde56861b1 ig9icd64.dll
RAX=0x0000021373bdbdf0 points into unknown readable memory: 0x0000021373bdbad0 | d0 ba bd 73 13 02 00 00
RBX=0x00000213735174c0 points into unknown readable memory: 0xffffffffffffffff | ff ff ff ff ff ff ff ff
RCX=0x0000021373bdc010 points into unknown readable memory: 0x0000021373bdbdf0 | f0 bd bd 73 13 02 00 00
RDX=0x0000021340800000 is an unknown value
RSP=0x0000005bf80fe4a0 is pointing into the stack for thread: 0x000002135204f130
RBP=0x000002137374c0b0 points into unknown readable memory: 0x000002137347b3f0 | f0 b3 47 73 13 02 00 00
RSI=0x000002137317fa10 points into unknown readable memory: 0x00007ffe40437c00 | 00 7c 43 40 fe 7f 00 00
RDI=0x000002137394de00 points into unknown readable memory: 0x000002137394e040 | 40 e0 94 73 13 02 00 00
R8 =0x0 is NULL
R9 =0x0 is NULL
R10=0x00000000e4440a87 is an unallocated location in the heap
R11=0x000000000000cea0 is an unknown value
R12=0x00000213737b0160 points into unknown readable memory: 0x000002137374ee40 | 40 ee 74 73 13 02 00 00
R13=0x000002137347b3f0 points into unknown readable memory: 0x00000213734d9c70 | 70 9c 4d 73 13 02 00 00
R14=0x000002137394e040 points into unknown readable memory: 0x000002137394d800 | 00 d8 94 73 13 02 00 00
R15=0x000002137364fab0 points into unknown readable memory: 0x000002137394da40 | 40 da 94 73 13 02 00 00


Top of Stack: (sp=0x0000005bf80fe4a0)
0x0000005bf80fe4a0:   000002137374e950 00007ffde56740cc
0x0000005bf80fe4b0:   000002137374c5c0 00000213735174c0
0x0000005bf80fe4c0:   000002137347b3f0 0000000000000001
0x0000005bf80fe4d0:   00000213737b0160 000002137317fa10
0x0000005bf80fe4e0:   000002137374ee60 00007ffde5673f69
0x0000005bf80fe4f0:   00000213735174c0 000002137374ee40
0x0000005bf80fe500:   0000000000000000 0000000000000001
0x0000005bf80fe510:   0000000000000001 00007ffde5670c27
0x0000005bf80fe520:   000002137374e930 000002137374c5c0
0x0000005bf80fe530:   000002137317fa10 0000000000000001
0x0000005bf80fe540:   000002137347b3f0 00000213737b0160
0x0000005bf80fe550:   0000000000000001 00007ffde5670a77
0x0000005bf80fe560:   000002137374ee40 0000000000000000
0x0000005bf80fe570:   000002137374ee40 00007ffde51674e4
0x0000005bf80fe580:   0000000000000001 00000213737b0000
0x0000005bf80fe590:   0000000000000000 00000213737b31a0
0x0000005bf80fe5a0:   00000213737b0440 0000000000000000
0x0000005bf80fe5b0:   000002137377b680 00007ffde51674e4
0x0000005bf80fe5c0:   000000000000a000 00000213737b0150
0x0000005bf80fe5d0:   0000000000000001 00000213737b0158
0x0000005bf80fe5e0:   0000005bf80fe600 000002137317fa10
0x0000005bf80fe5f0:   00000213737afef0 00007ffde57f2bbb
0x0000005bf80fe600:   0000005bf80fe788 0000000000000001
0x0000005bf80fe610:   000002137377b680 00000213737b0100
0x0000005bf80fe620:   0000005bf80fe630 0000000000000000
0x0000005bf80fe630:   0000021378920000 000002137374ee40
0x0000005bf80fe640:   0000000000000ff4 00006cb21bf3925d
0x0000005bf80fe650:   0000000000000000 00000213737afef0
0x0000005bf80fe660:   000000000000007f 00007ffde56d970a
0x0000005bf80fe670:   00000213737a7928 00000213737a7928
0x0000005bf80fe680:   0000005bf80fe770 000002137377b680
0x0000005bf80fe690:   0000005bf80fe6b0 0000005bf80fe6b0 

Instructions: (pc=0x00007ffde56861b1)
0x00007ffde56860b1:   91 00 48 89 5c 24 50 48 8b cb ff 15 77 d1 4f 00
0x00007ffde56860c1:   90 48 8b 05 a7 eb 81 00 83 b8 f0 0b 00 00 01 75
0x00007ffde56860d1:   15 48 81 be f8 02 00 00 e8 03 00 00 76 08 48 8b
0x00007ffde56860e1:   ce e8 69 f2 ff ff ba 20 00 00 00 48 8b cd e8 bc
0x00007ffde56860f1:   48 ac ff 48 8b 8e e0 02 00 00 48 23 c8 48 03 c9
0x00007ffde5686101:   48 8b 86 c8 02 00 00 48 8b 3c c8 4c 8b be b8 02
0x00007ffde5686111:   00 00 49 3b ff 74 28 4c 8b 74 c8 08 0f 1f 00 48
0x00007ffde5686121:   8d 4f 10 41 b8 80 00 00 00 48 8b d5 e8 ae 62 f9
0x00007ffde5686131:   ff 85 c0 74 0d 49 3b fe 74 05 48 8b 3f eb e0 49
0x00007ffde5686141:   8b ff 49 3b ff 0f 84 ba 00 00 00 48 8b 87 a8 00
0x00007ffde5686151:   00 00 48 8b 68 10 48 8b 4d 08 48 8b 01 ba 01 00
0x00007ffde5686161:   00 00 48 8b 80 d0 02 00 00 ff 15 80 d4 4f 00 0f
0x00007ffde5686171:   b7 c8 48 2b c1 48 05 00 00 01 00 48 29 86 08 03
0x00007ffde5686181:   00 00 48 8b 4d 08 48 8b 01 ba 01 00 00 00 48 8b
0x00007ffde5686191:   80 d0 02 00 00 ff 15 54 d4 4f 00 48 29 86 00 03
0x00007ffde56861a1:   00 00 48 8b 8f a8 00 00 00 48 8b 51 08 48 8b 01
0x00007ffde56861b1:   48 89 02 48 8b 11 48 8b 41 08 48 89 42 08 48 ff
0x00007ffde56861c1:   8e f8 02 00 00 ba 18 00 00 00 e8 44 39 f9 ff 4c
0x00007ffde56861d1:   8b c7 48 8d 54 24 50 48 8d 8e b0 02 00 00 e8 4c
0x00007ffde56861e1:   34 ac ff 48 c7 44 24 50 00 00 00 00 48 8d 4c 24
0x00007ffde56861f1:   50 ff 15 f0 ce 4f 00 48 8b 44 24 50 48 89 85 b8
0x00007ffde5686201:   00 00 00 eb 02 33 ed 48 8b cb ff 15 27 cf 4f 00
0x00007ffde5686211:   48 8b c5 48 8b 5c 24 58 48 8b 6c 24 60 48 83 c4
0x00007ffde5686221:   20 41 5f 41 5e 41 5c 5f 5e c3 cc cc cc cc cc cc
0x00007ffde5686231:   cc cc cc cc cc cc cc cc cc cc cc cc cc cc cc 48
0x00007ffde5686241:   85 d2 0f 84 f4 00 00 00 48 89 5c 24 08 48 89 74
0x00007ffde5686251:   24 18 57 48 83 ec 20 48 8b f2 48 8b f9 48 8b 1d
0x00007ffde5686261:   63 66 91 00 48 89 5c 24 38 48 8b cb ff 15 c5 cf
0x00007ffde5686271:   4f 00 90 48 8b 87 80 02 00 00 48 89 86 90 04 00
0x00007ffde5686281:   00 48 89 b7 80 02 00 00 ff 87 88 02 00 00 48 8b
0x00007ffde5686291:   4e 08 48 8b 01 ba 01 00 00 00 48 8b 80 d0 02 00
0x00007ffde56862a1:   00 ff 15 48 d3 4f 00 48 01 87 a0 02 00 00 48 8b 


Stack slot to memory mapping:
stack at sp + 0 slots: 0x000002137374e950 points into unknown readable memory: 0x0000014500000006 | 06 00 00 00 45 01 00 00
stack at sp + 1 slots: 0x00007ffde56740cc ig9icd64.dll
stack at sp + 2 slots: 0x000002137374c5c0 points into unknown readable memory: 0x000002137347b3f0 | f0 b3 47 73 13 02 00 00
stack at sp + 3 slots: 0x00000213735174c0 points into unknown readable memory: 0xffffffffffffffff | ff ff ff ff ff ff ff ff
stack at sp + 4 slots: 0x000002137347b3f0 points into unknown readable memory: 0x00000213734d9c70 | 70 9c 4d 73 13 02 00 00
stack at sp + 5 slots: 0x0000000000000001 is an unknown value
stack at sp + 6 slots: 0x00000213737b0160 points into unknown readable memory: 0x000002137374ee40 | 40 ee 74 73 13 02 00 00
stack at sp + 7 slots: 0x000002137317fa10 points into unknown readable memory: 0x00007ffe40437c00 | 00 7c 43 40 fe 7f 00 00


Compiled method (n/a)    3141 1307     n 0       org.lwjgl.system.JNI::invokePV (native)
 total in heap  [0x0000021361eb8710,0x0000021361eb8ac8] = 952
 relocation     [0x0000021361eb8858,0x0000021361eb8890] = 56
 main code      [0x0000021361eb88a0,0x0000021361eb8abb] = 539
 stub code      [0x0000021361eb8abb,0x0000021361eb8ac0] = 5
 oops           [0x0000021361eb8ac0,0x0000021361eb8ac8] = 8

[Constant Pool (empty)]

[MachCode]
[Entry Point]
  # {method} {0x000002136f4c8fe0} 'invokePV' '(JJ)V' in 'org/lwjgl/system/JNI'
  # parm0:    rdx:rdx   = long
  # parm1:    r8:r8     = long
  #           [sp+0x70]  (sp of caller)
  0x0000021361eb88a0: 448b 5208 | 49bb 0000 | 0000 1302 | 0000 4d03 | d349 3bc2 | 0f84 0600 

  0x0000021361eb88b8: ;   {runtime_call ic_miss_stub}
  0x0000021361eb88b8: 0000 e941 | b5a5 ff90 
[Verified Entry Point]
  0x0000021361eb88c0: 8984 2400 | 80ff ff55 | 488b ec48 | 83ec 6090 | 4181 7f20 | 0100 0000 

  0x0000021361eb88d8: ;   {runtime_call StubRoutines (2)}
  0x0000021361eb88d8: 7405 e8a1 | 13a4 ff4d | 8bc8 4c8b 

  0x0000021361eb88e4: ;   {oop(a 'java/lang/Class'{0x000000008a135350} = 'org/lwjgl/system/JNI')}
  0x0000021361eb88e4: c249 be50 | 5313 8a00 | 0000 004c | 8974 2450 | 4c8d 7424 | 5049 8bd6 

  0x0000021361eb88fc: ;   {internal_word}
  0x0000021361eb88fc: c5f8 7749 | bafc 88eb | 6113 0200 | 004d 8997 | c802 0000 | 4989 a7c0 

  0x0000021361eb8914: ;   {external_word}
  0x0000021361eb8914: 0200 0049 | ba23 7f92 | e9fd 7f00 | 0041 803a | 000f 844e | 0000 0052 | 4150 4151 

  0x0000021361eb8930: ;   {metadata({method} {0x000002136f4c8fe0} 'invokePV' '(JJ)V' in 'org/lwjgl/system/JNI')}
  0x0000021361eb8930: 48ba d88f | 4c6f 1302 | 0000 498b | cf48 83ec | 2040 f6c4 | 0f0f 8419 | 0000 0048 

  0x0000021361eb894c: ;   {runtime_call}
  0x0000021361eb894c: 83ec 0848 | b830 ef42 | e9fd 7f00 | 00ff d048 | 83c4 08e9 | 0c00 0000 

  0x0000021361eb8964: ;   {runtime_call}
  0x0000021361eb8964: 48b8 30ef | 42e9 fd7f | 0000 ffd0 | 4883 c420 | 4159 4158 | 5a49 8d8f | e002 0000 | 41c7 8774 
  0x0000021361eb8984: 0300 0004 

  0x0000021361eb8988: ;   {runtime_call}
  0x0000021361eb8988: 0000 0048 | b880 1359 | 37fe 7f00 | 00ff d0c5 | f877 41c7 | 8774 0300 | 0005 0000 | 00f0 8344 
  0x0000021361eb89a8: 24c0 0049 | 3baf 7803 | 0000 0f87 | 0e00 0000 | 4183 bf70 | 0300 0000 | 0f84 2300 | 0000 c5f8 
  0x0000021361eb89c8: 7749 8bcf | 4c8b e448 | 83ec 2048 

  0x0000021361eb89d4: ;   {runtime_call}
  0x0000021361eb89d4: 83e4 f048 | b8c0 d40f | e9fd 7f00 | 00ff d049 | 8be4 4d33 | e441 c787 | 7403 0000 | 0800 0000 
  0x0000021361eb89f4: 4183 bff0 | 0300 0002 | 0f84 9400 

  0x0000021361eb8a00: ;   {external_word}
  0x0000021361eb8a00: 0000 49ba | 237f 92e9 | fd7f 0000 | 4180 3a00 | 0f84 4400 

  0x0000021361eb8a14: ;   {metadata({method} {0x000002136f4c8fe0} 'invokePV' '(JJ)V' in 'org/lwjgl/system/JNI')}
  0x0000021361eb8a14: 0000 48ba | d88f 4c6f | 1302 0000 | 498b cf48 | 83ec 2040 | f6c4 0f0f | 8419 0000 | 0048 83ec 
  0x0000021361eb8a34: ;   {runtime_call}
  0x0000021361eb8a34: 0848 b830 | ef42 e9fd | 7f00 00ff | d048 83c4 | 08e9 0c00 

  0x0000021361eb8a48: ;   {runtime_call}
  0x0000021361eb8a48: 0000 48b8 | 30ef 42e9 | fd7f 0000 | ffd0 4883 | c420 49c7 | 87c0 0200 | 0000 0000 | 0049 c787 
  0x0000021361eb8a68: c802 0000 | 0000 0000 | c5f8 7749 | 8b8f 5003 | 0000 c781 | 0001 0000 | 0000 0000 | c949 837f 
  0x0000021361eb8a88: 0800 0f85 | 0100 0000 

  0x0000021361eb8a90: ;   {runtime_call StubRoutines (1)}
  0x0000021361eb8a90: c3e9 6a84 | 9fff c5f8 | 774c 8be4 | 4883 ec20 | 4883 e4f0 

  0x0000021361eb8aa4: ;   {runtime_call}
  0x0000021361eb8aa4: 48b8 2023 | 43e9 fd7f | 0000 ffd0 | 498b e44d | 33e4 e947 | ffff fff4 | f4f4 f4f4 
[/MachCode]


---------------  P R O C E S S  ---------------

Threads class SMR info:
_java_thread_list=0x000002137caed380, length=12, elements={
0x000002135204f130, 0x000002136e7f65a0, 0x000002136e7f7320, 0x000002136e7fa840,
0x000002136e7fb520, 0x000002136e7fde70, 0x000002136e7feaf0, 0x000002136e80c6b0,
0x000002136e816e80, 0x00000213730c4cf0, 0x00000213733accc0, 0x00000213733ad210
}

Java Threads: ( => current thread )
=>0x000002135204f130 JavaThread "main" [_thread_in_native, id=5576, stack(0x0000005bf8000000,0x0000005bf8100000)]
  0x000002136e7f65a0 JavaThread "Reference Handler" daemon [_thread_blocked, id=6684, stack(0x0000005bf8700000,0x0000005bf8800000)]
  0x000002136e7f7320 JavaThread "Finalizer" daemon [_thread_blocked, id=6200, stack(0x0000005bf8800000,0x0000005bf8900000)]
  0x000002136e7fa840 JavaThread "Signal Dispatcher" daemon [_thread_blocked, id=13524, stack(0x0000005bf8900000,0x0000005bf8a00000)]
  0x000002136e7fb520 JavaThread "Attach Listener" daemon [_thread_blocked, id=7288, stack(0x0000005bf8a00000,0x0000005bf8b00000)]
  0x000002136e7fde70 JavaThread "Service Thread" daemon [_thread_blocked, id=10752, stack(0x0000005bf8b00000,0x0000005bf8c00000)]
  0x000002136e7feaf0 JavaThread "Monitor Deflation Thread" daemon [_thread_blocked, id=3424, stack(0x0000005bf8c00000,0x0000005bf8d00000)]
  0x000002136e80c6b0 JavaThread "C2 CompilerThread0" daemon [_thread_blocked, id=13844, stack(0x0000005bf8d00000,0x0000005bf8e00000)]
  0x000002136e816e80 JavaThread "C1 CompilerThread0" daemon [_thread_blocked, id=8424, stack(0x0000005bf8e00000,0x0000005bf8f00000)]
  0x00000213730c4cf0 JavaThread "Common-Cleaner" daemon [_thread_blocked, id=3656, stack(0x0000005bf8f00000,0x0000005bf9000000)]
  0x00000213733accc0 JavaThread "Monitor Ctrl-Break" daemon [_thread_in_native, id=3580, stack(0x0000005bf9000000,0x0000005bf9100000)]
  0x00000213733ad210 JavaThread "Notification Thread" daemon [_thread_blocked, id=2528, stack(0x0000005bf9100000,0x0000005bf9200000)]

Other Threads:
  0x000002136e7d81e0 VMThread "VM Thread" [stack: 0x0000005bf8600000,0x0000005bf8700000] [id=13684]
  0x00000213733ab380 WatcherThread "VM Periodic Task Thread" [stack: 0x0000005bf9200000,0x0000005bf9300000] [id=14008]
  0x00000213520ad9f0 WorkerThread "GC Thread#0" [stack: 0x0000005bf8100000,0x0000005bf8200000] [id=7260]
  0x00000213520be560 ConcurrentGCThread "G1 Main Marker" [stack: 0x0000005bf8200000,0x0000005bf8300000] [id=15080]
  0x00000213520bf730 WorkerThread "G1 Conc#0" [stack: 0x0000005bf8300000,0x0000005bf8400000] [id=13108]
  0x000002135210e700 ConcurrentGCThread "G1 Refine#0" [stack: 0x0000005bf8400000,0x0000005bf8500000] [id=1240]
  0x000002136e691260 ConcurrentGCThread "G1 Service" [stack: 0x0000005bf8500000,0x0000005bf8600000] [id=7040]

Threads with active compile tasks:

VM state: not at safepoint (normal execution)

VM Mutex/Monitor currently owned by a thread: None

Heap address: 0x0000000082a00000, size: 2006 MB, Compressed Oops mode: 32-bit

CDS archive(s) mapped at: [0x0000021300000000-0x0000021300c60000-0x0000021300c60000), size 12976128, SharedBaseAddress: 0x0000021300000000, ArchiveRelocationMode: 1.
Compressed class space mapped at: 0x0000021301000000-0x0000021341000000, reserved size: 1073741824
Narrow klass base: 0x0000021300000000, Narrow klass shift: 0, Narrow klass range: 0x100000000

GC Precious Log:
 CardTable entry size: 512
 Card Set container configuration: InlinePtr #cards 5 size 8 Array Of Cards #cards 12 size 40 Howl #buckets 4 coarsen threshold 1843 Howl Bitmap #cards 512 size 80 coarsen threshold 460 Card regions per heap region 1 cards per card region 2048
 CPUs: 8 total, 8 available
 Memory: 8023M
 Large Page Support: Disabled
 NUMA Support: Disabled
 Compressed Oops: Enabled (32-bit)
 Heap Region Size: 1M
 Heap Min Capacity: 8M
 Heap Initial Capacity: 126M
 Heap Max Capacity: 2006M
 Pre-touch: Disabled
 Parallel Workers: 8
 Concurrent Workers: 2
 Concurrent Refinement Workers: 8
 Periodic GC: Disabled

Heap:
 garbage-first heap   total 129024K, used 22528K [0x0000000082a00000, 0x0000000100000000)
  region size 1024K, 22 young (22528K), 0 survivors (0K)
 Metaspace       used 8624K, committed 8832K, reserved 1114112K
  class space    used 520K, committed 640K, reserved 1048576K

Heap Regions: E=young(eden), S=young(survivor), O=old, HS=humongous(starts), HC=humongous(continues), CS=collection set, F=free, OA=open archive, CA=closed archive, TAMS=top-at-mark-start, PB=parsable bottom
|   0|0x0000000082a00000, 0x0000000082b00000, 0x0000000082b00000|100%|HS|  |TAMS 0x0000000082a00000| PB 0x0000000082a00000| Complete 
|   1|0x0000000082b00000, 0x0000000082c00000, 0x0000000082c00000|100%|HC|  |TAMS 0x0000000082b00000| PB 0x0000000082b00000| Complete 
|   2|0x0000000082c00000, 0x0000000082c00000, 0x0000000082d00000|  0%| F|  |TAMS 0x0000000082c00000| PB 0x0000000082c00000| Untracked 
|   3|0x0000000082d00000, 0x0000000082d00000, 0x0000000082e00000|  0%| F|  |TAMS 0x0000000082d00000| PB 0x0000000082d00000| Untracked 
|   4|0x0000000082e00000, 0x0000000082e00000, 0x0000000082f00000|  0%| F|  |TAMS 0x0000000082e00000| PB 0x0000000082e00000| Untracked 
|   5|0x0000000082f00000, 0x0000000082f00000, 0x0000000083000000|  0%| F|  |TAMS 0x0000000082f00000| PB 0x0000000082f00000| Untracked 
|   6|0x0000000083000000, 0x0000000083000000, 0x0000000083100000|  0%| F|  |TAMS 0x0000000083000000| PB 0x0000000083000000| Untracked 
|   7|0x0000000083100000, 0x0000000083100000, 0x0000000083200000|  0%| F|  |TAMS 0x0000000083100000| PB 0x0000000083100000| Untracked 
|   8|0x0000000083200000, 0x0000000083200000, 0x0000000083300000|  0%| F|  |TAMS 0x0000000083200000| PB 0x0000000083200000| Untracked 
|   9|0x0000000083300000, 0x0000000083300000, 0x0000000083400000|  0%| F|  |TAMS 0x0000000083300000| PB 0x0000000083300000| Untracked 
|  10|0x0000000083400000, 0x0000000083400000, 0x0000000083500000|  0%| F|  |TAMS 0x0000000083400000| PB 0x0000000083400000| Untracked 
|  11|0x0000000083500000, 0x0000000083500000, 0x0000000083600000|  0%| F|  |TAMS 0x0000000083500000| PB 0x0000000083500000| Untracked 
|  12|0x0000000083600000, 0x0000000083600000, 0x0000000083700000|  0%| F|  |TAMS 0x0000000083600000| PB 0x0000000083600000| Untracked 
|  13|0x0000000083700000, 0x0000000083700000, 0x0000000083800000|  0%| F|  |TAMS 0x0000000083700000| PB 0x0000000083700000| Untracked 
|  14|0x0000000083800000, 0x0000000083800000, 0x0000000083900000|  0%| F|  |TAMS 0x0000000083800000| PB 0x0000000083800000| Untracked 
|  15|0x0000000083900000, 0x0000000083900000, 0x0000000083a00000|  0%| F|  |TAMS 0x0000000083900000| PB 0x0000000083900000| Untracked 
|  16|0x0000000083a00000, 0x0000000083a00000, 0x0000000083b00000|  0%| F|  |TAMS 0x0000000083a00000| PB 0x0000000083a00000| Untracked 
|  17|0x0000000083b00000, 0x0000000083b00000, 0x0000000083c00000|  0%| F|  |TAMS 0x0000000083b00000| PB 0x0000000083b00000| Untracked 
|  18|0x0000000083c00000, 0x0000000083c00000, 0x0000000083d00000|  0%| F|  |TAMS 0x0000000083c00000| PB 0x0000000083c00000| Untracked 
|  19|0x0000000083d00000, 0x0000000083d00000, 0x0000000083e00000|  0%| F|  |TAMS 0x0000000083d00000| PB 0x0000000083d00000| Untracked 
|  20|0x0000000083e00000, 0x0000000083e00000, 0x0000000083f00000|  0%| F|  |TAMS 0x0000000083e00000| PB 0x0000000083e00000| Untracked 
|  21|0x0000000083f00000, 0x0000000083f00000, 0x0000000084000000|  0%| F|  |TAMS 0x0000000083f00000| PB 0x0000000083f00000| Untracked 
|  22|0x0000000084000000, 0x0000000084000000, 0x0000000084100000|  0%| F|  |TAMS 0x0000000084000000| PB 0x0000000084000000| Untracked 
|  23|0x0000000084100000, 0x0000000084100000, 0x0000000084200000|  0%| F|  |TAMS 0x0000000084100000| PB 0x0000000084100000| Untracked 
|  24|0x0000000084200000, 0x0000000084200000, 0x0000000084300000|  0%| F|  |TAMS 0x0000000084200000| PB 0x0000000084200000| Untracked 
|  25|0x0000000084300000, 0x0000000084300000, 0x0000000084400000|  0%| F|  |TAMS 0x0000000084300000| PB 0x0000000084300000| Untracked 
|  26|0x0000000084400000, 0x0000000084400000, 0x0000000084500000|  0%| F|  |TAMS 0x0000000084400000| PB 0x0000000084400000| Untracked 
|  27|0x0000000084500000, 0x0000000084500000, 0x0000000084600000|  0%| F|  |TAMS 0x0000000084500000| PB 0x0000000084500000| Untracked 
|  28|0x0000000084600000, 0x0000000084600000, 0x0000000084700000|  0%| F|  |TAMS 0x0000000084600000| PB 0x0000000084600000| Untracked 
|  29|0x0000000084700000, 0x0000000084700000, 0x0000000084800000|  0%| F|  |TAMS 0x0000000084700000| PB 0x0000000084700000| Untracked 
|  30|0x0000000084800000, 0x0000000084800000, 0x0000000084900000|  0%| F|  |TAMS 0x0000000084800000| PB 0x0000000084800000| Untracked 
|  31|0x0000000084900000, 0x0000000084900000, 0x0000000084a00000|  0%| F|  |TAMS 0x0000000084900000| PB 0x0000000084900000| Untracked 
|  32|0x0000000084a00000, 0x0000000084a00000, 0x0000000084b00000|  0%| F|  |TAMS 0x0000000084a00000| PB 0x0000000084a00000| Untracked 
|  33|0x0000000084b00000, 0x0000000084b00000, 0x0000000084c00000|  0%| F|  |TAMS 0x0000000084b00000| PB 0x0000000084b00000| Untracked 
|  34|0x0000000084c00000, 0x0000000084c00000, 0x0000000084d00000|  0%| F|  |TAMS 0x0000000084c00000| PB 0x0000000084c00000| Untracked 
|  35|0x0000000084d00000, 0x0000000084d00000, 0x0000000084e00000|  0%| F|  |TAMS 0x0000000084d00000| PB 0x0000000084d00000| Untracked 
|  36|0x0000000084e00000, 0x0000000084e00000, 0x0000000084f00000|  0%| F|  |TAMS 0x0000000084e00000| PB 0x0000000084e00000| Untracked 
|  37|0x0000000084f00000, 0x0000000084f00000, 0x0000000085000000|  0%| F|  |TAMS 0x0000000084f00000| PB 0x0000000084f00000| Untracked 
|  38|0x0000000085000000, 0x0000000085000000, 0x0000000085100000|  0%| F|  |TAMS 0x0000000085000000| PB 0x0000000085000000| Untracked 
|  39|0x0000000085100000, 0x0000000085100000, 0x0000000085200000|  0%| F|  |TAMS 0x0000000085100000| PB 0x0000000085100000| Untracked 
|  40|0x0000000085200000, 0x0000000085200000, 0x0000000085300000|  0%| F|  |TAMS 0x0000000085200000| PB 0x0000000085200000| Untracked 
|  41|0x0000000085300000, 0x0000000085300000, 0x0000000085400000|  0%| F|  |TAMS 0x0000000085300000| PB 0x0000000085300000| Untracked 
|  42|0x0000000085400000, 0x0000000085400000, 0x0000000085500000|  0%| F|  |TAMS 0x0000000085400000| PB 0x0000000085400000| Untracked 
|  43|0x0000000085500000, 0x0000000085500000, 0x0000000085600000|  0%| F|  |TAMS 0x0000000085500000| PB 0x0000000085500000| Untracked 
|  44|0x0000000085600000, 0x0000000085600000, 0x0000000085700000|  0%| F|  |TAMS 0x0000000085600000| PB 0x0000000085600000| Untracked 
|  45|0x0000000085700000, 0x0000000085700000, 0x0000000085800000|  0%| F|  |TAMS 0x0000000085700000| PB 0x0000000085700000| Untracked 
|  46|0x0000000085800000, 0x0000000085800000, 0x0000000085900000|  0%| F|  |TAMS 0x0000000085800000| PB 0x0000000085800000| Untracked 
|  47|0x0000000085900000, 0x0000000085900000, 0x0000000085a00000|  0%| F|  |TAMS 0x0000000085900000| PB 0x0000000085900000| Untracked 
|  48|0x0000000085a00000, 0x0000000085a00000, 0x0000000085b00000|  0%| F|  |TAMS 0x0000000085a00000| PB 0x0000000085a00000| Untracked 
|  49|0x0000000085b00000, 0x0000000085b00000, 0x0000000085c00000|  0%| F|  |TAMS 0x0000000085b00000| PB 0x0000000085b00000| Untracked 
|  50|0x0000000085c00000, 0x0000000085c00000, 0x0000000085d00000|  0%| F|  |TAMS 0x0000000085c00000| PB 0x0000000085c00000| Untracked 
|  51|0x0000000085d00000, 0x0000000085d00000, 0x0000000085e00000|  0%| F|  |TAMS 0x0000000085d00000| PB 0x0000000085d00000| Untracked 
|  52|0x0000000085e00000, 0x0000000085e00000, 0x0000000085f00000|  0%| F|  |TAMS 0x0000000085e00000| PB 0x0000000085e00000| Untracked 
|  53|0x0000000085f00000, 0x0000000085f00000, 0x0000000086000000|  0%| F|  |TAMS 0x0000000085f00000| PB 0x0000000085f00000| Untracked 
|  54|0x0000000086000000, 0x0000000086000000, 0x0000000086100000|  0%| F|  |TAMS 0x0000000086000000| PB 0x0000000086000000| Untracked 
|  55|0x0000000086100000, 0x0000000086100000, 0x0000000086200000|  0%| F|  |TAMS 0x0000000086100000| PB 0x0000000086100000| Untracked 
|  56|0x0000000086200000, 0x0000000086200000, 0x0000000086300000|  0%| F|  |TAMS 0x0000000086200000| PB 0x0000000086200000| Untracked 
|  57|0x0000000086300000, 0x0000000086300000, 0x0000000086400000|  0%| F|  |TAMS 0x0000000086300000| PB 0x0000000086300000| Untracked 
|  58|0x0000000086400000, 0x0000000086400000, 0x0000000086500000|  0%| F|  |TAMS 0x0000000086400000| PB 0x0000000086400000| Untracked 
|  59|0x0000000086500000, 0x0000000086500000, 0x0000000086600000|  0%| F|  |TAMS 0x0000000086500000| PB 0x0000000086500000| Untracked 
|  60|0x0000000086600000, 0x0000000086600000, 0x0000000086700000|  0%| F|  |TAMS 0x0000000086600000| PB 0x0000000086600000| Untracked 
|  61|0x0000000086700000, 0x0000000086700000, 0x0000000086800000|  0%| F|  |TAMS 0x0000000086700000| PB 0x0000000086700000| Untracked 
|  62|0x0000000086800000, 0x0000000086800000, 0x0000000086900000|  0%| F|  |TAMS 0x0000000086800000| PB 0x0000000086800000| Untracked 
|  63|0x0000000086900000, 0x0000000086900000, 0x0000000086a00000|  0%| F|  |TAMS 0x0000000086900000| PB 0x0000000086900000| Untracked 
|  64|0x0000000086a00000, 0x0000000086a00000, 0x0000000086b00000|  0%| F|  |TAMS 0x0000000086a00000| PB 0x0000000086a00000| Untracked 
|  65|0x0000000086b00000, 0x0000000086b00000, 0x0000000086c00000|  0%| F|  |TAMS 0x0000000086b00000| PB 0x0000000086b00000| Untracked 
|  66|0x0000000086c00000, 0x0000000086c00000, 0x0000000086d00000|  0%| F|  |TAMS 0x0000000086c00000| PB 0x0000000086c00000| Untracked 
|  67|0x0000000086d00000, 0x0000000086d00000, 0x0000000086e00000|  0%| F|  |TAMS 0x0000000086d00000| PB 0x0000000086d00000| Untracked 
|  68|0x0000000086e00000, 0x0000000086e00000, 0x0000000086f00000|  0%| F|  |TAMS 0x0000000086e00000| PB 0x0000000086e00000| Untracked 
|  69|0x0000000086f00000, 0x0000000086f00000, 0x0000000087000000|  0%| F|  |TAMS 0x0000000086f00000| PB 0x0000000086f00000| Untracked 
|  70|0x0000000087000000, 0x0000000087000000, 0x0000000087100000|  0%| F|  |TAMS 0x0000000087000000| PB 0x0000000087000000| Untracked 
|  71|0x0000000087100000, 0x0000000087100000, 0x0000000087200000|  0%| F|  |TAMS 0x0000000087100000| PB 0x0000000087100000| Untracked 
|  72|0x0000000087200000, 0x0000000087200000, 0x0000000087300000|  0%| F|  |TAMS 0x0000000087200000| PB 0x0000000087200000| Untracked 
|  73|0x0000000087300000, 0x0000000087300000, 0x0000000087400000|  0%| F|  |TAMS 0x0000000087300000| PB 0x0000000087300000| Untracked 
|  74|0x0000000087400000, 0x0000000087400000, 0x0000000087500000|  0%| F|  |TAMS 0x0000000087400000| PB 0x0000000087400000| Untracked 
|  75|0x0000000087500000, 0x0000000087500000, 0x0000000087600000|  0%| F|  |TAMS 0x0000000087500000| PB 0x0000000087500000| Untracked 
|  76|0x0000000087600000, 0x0000000087600000, 0x0000000087700000|  0%| F|  |TAMS 0x0000000087600000| PB 0x0000000087600000| Untracked 
|  77|0x0000000087700000, 0x0000000087700000, 0x0000000087800000|  0%| F|  |TAMS 0x0000000087700000| PB 0x0000000087700000| Untracked 
|  78|0x0000000087800000, 0x0000000087800000, 0x0000000087900000|  0%| F|  |TAMS 0x0000000087800000| PB 0x0000000087800000| Untracked 
|  79|0x0000000087900000, 0x0000000087900000, 0x0000000087a00000|  0%| F|  |TAMS 0x0000000087900000| PB 0x0000000087900000| Untracked 
|  80|0x0000000087a00000, 0x0000000087a00000, 0x0000000087b00000|  0%| F|  |TAMS 0x0000000087a00000| PB 0x0000000087a00000| Untracked 
|  81|0x0000000087b00000, 0x0000000087b00000, 0x0000000087c00000|  0%| F|  |TAMS 0x0000000087b00000| PB 0x0000000087b00000| Untracked 
|  82|0x0000000087c00000, 0x0000000087c00000, 0x0000000087d00000|  0%| F|  |TAMS 0x0000000087c00000| PB 0x0000000087c00000| Untracked 
|  83|0x0000000087d00000, 0x0000000087d00000, 0x0000000087e00000|  0%| F|  |TAMS 0x0000000087d00000| PB 0x0000000087d00000| Untracked 
|  84|0x0000000087e00000, 0x0000000087e00000, 0x0000000087f00000|  0%| F|  |TAMS 0x0000000087e00000| PB 0x0000000087e00000| Untracked 
|  85|0x0000000087f00000, 0x0000000087f00000, 0x0000000088000000|  0%| F|  |TAMS 0x0000000087f00000| PB 0x0000000087f00000| Untracked 
|  86|0x0000000088000000, 0x0000000088000000, 0x0000000088100000|  0%| F|  |TAMS 0x0000000088000000| PB 0x0000000088000000| Untracked 
|  87|0x0000000088100000, 0x0000000088100000, 0x0000000088200000|  0%| F|  |TAMS 0x0000000088100000| PB 0x0000000088100000| Untracked 
|  88|0x0000000088200000, 0x0000000088200000, 0x0000000088300000|  0%| F|  |TAMS 0x0000000088200000| PB 0x0000000088200000| Untracked 
|  89|0x0000000088300000, 0x0000000088300000, 0x0000000088400000|  0%| F|  |TAMS 0x0000000088300000| PB 0x0000000088300000| Untracked 
|  90|0x0000000088400000, 0x0000000088400000, 0x0000000088500000|  0%| F|  |TAMS 0x0000000088400000| PB 0x0000000088400000| Untracked 
|  91|0x0000000088500000, 0x0000000088500000, 0x0000000088600000|  0%| F|  |TAMS 0x0000000088500000| PB 0x0000000088500000| Untracked 
|  92|0x0000000088600000, 0x0000000088600000, 0x0000000088700000|  0%| F|  |TAMS 0x0000000088600000| PB 0x0000000088600000| Untracked 
|  93|0x0000000088700000, 0x0000000088700000, 0x0000000088800000|  0%| F|  |TAMS 0x0000000088700000| PB 0x0000000088700000| Untracked 
|  94|0x0000000088800000, 0x0000000088800000, 0x0000000088900000|  0%| F|  |TAMS 0x0000000088800000| PB 0x0000000088800000| Untracked 
|  95|0x0000000088900000, 0x0000000088900000, 0x0000000088a00000|  0%| F|  |TAMS 0x0000000088900000| PB 0x0000000088900000| Untracked 
|  96|0x0000000088a00000, 0x0000000088a00000, 0x0000000088b00000|  0%| F|  |TAMS 0x0000000088a00000| PB 0x0000000088a00000| Untracked 
|  97|0x0000000088b00000, 0x0000000088b00000, 0x0000000088c00000|  0%| F|  |TAMS 0x0000000088b00000| PB 0x0000000088b00000| Untracked 
|  98|0x0000000088c00000, 0x0000000088c00000, 0x0000000088d00000|  0%| F|  |TAMS 0x0000000088c00000| PB 0x0000000088c00000| Untracked 
|  99|0x0000000088d00000, 0x0000000088d00000, 0x0000000088e00000|  0%| F|  |TAMS 0x0000000088d00000| PB 0x0000000088d00000| Untracked 
| 100|0x0000000088e00000, 0x0000000088e00000, 0x0000000088f00000|  0%| F|  |TAMS 0x0000000088e00000| PB 0x0000000088e00000| Untracked 
| 101|0x0000000088f00000, 0x0000000088f00000, 0x0000000089000000|  0%| F|  |TAMS 0x0000000088f00000| PB 0x0000000088f00000| Untracked 
| 102|0x0000000089000000, 0x0000000089000000, 0x0000000089100000|  0%| F|  |TAMS 0x0000000089000000| PB 0x0000000089000000| Untracked 
| 103|0x0000000089100000, 0x0000000089100000, 0x0000000089200000|  0%| F|  |TAMS 0x0000000089100000| PB 0x0000000089100000| Untracked 
| 104|0x0000000089200000, 0x0000000089276848, 0x0000000089300000| 46%| E|  |TAMS 0x0000000089200000| PB 0x0000000089200000| Complete 
| 105|0x0000000089300000, 0x0000000089400000, 0x0000000089400000|100%| E|CS|TAMS 0x0000000089300000| PB 0x0000000089300000| Complete 
| 106|0x0000000089400000, 0x0000000089500000, 0x0000000089500000|100%| E|CS|TAMS 0x0000000089400000| PB 0x0000000089400000| Complete 
| 107|0x0000000089500000, 0x0000000089600000, 0x0000000089600000|100%| E|CS|TAMS 0x0000000089500000| PB 0x0000000089500000| Complete 
| 108|0x0000000089600000, 0x0000000089700000, 0x0000000089700000|100%| E|CS|TAMS 0x0000000089600000| PB 0x0000000089600000| Complete 
| 109|0x0000000089700000, 0x0000000089800000, 0x0000000089800000|100%| E|CS|TAMS 0x0000000089700000| PB 0x0000000089700000| Complete 
| 110|0x0000000089800000, 0x0000000089900000, 0x0000000089900000|100%| E|CS|TAMS 0x0000000089800000| PB 0x0000000089800000| Complete 
| 111|0x0000000089900000, 0x0000000089a00000, 0x0000000089a00000|100%| E|CS|TAMS 0x0000000089900000| PB 0x0000000089900000| Complete 
| 112|0x0000000089a00000, 0x0000000089b00000, 0x0000000089b00000|100%| E|CS|TAMS 0x0000000089a00000| PB 0x0000000089a00000| Complete 
| 113|0x0000000089b00000, 0x0000000089c00000, 0x0000000089c00000|100%| E|CS|TAMS 0x0000000089b00000| PB 0x0000000089b00000| Complete 
| 114|0x0000000089c00000, 0x0000000089d00000, 0x0000000089d00000|100%| E|CS|TAMS 0x0000000089c00000| PB 0x0000000089c00000| Complete 
| 115|0x0000000089d00000, 0x0000000089e00000, 0x0000000089e00000|100%| E|CS|TAMS 0x0000000089d00000| PB 0x0000000089d00000| Complete 
| 116|0x0000000089e00000, 0x0000000089f00000, 0x0000000089f00000|100%| E|CS|TAMS 0x0000000089e00000| PB 0x0000000089e00000| Complete 
| 117|0x0000000089f00000, 0x000000008a000000, 0x000000008a000000|100%| E|CS|TAMS 0x0000000089f00000| PB 0x0000000089f00000| Complete 
| 118|0x000000008a000000, 0x000000008a100000, 0x000000008a100000|100%| E|  |TAMS 0x000000008a000000| PB 0x000000008a000000| Complete 
| 119|0x000000008a100000, 0x000000008a200000, 0x000000008a200000|100%| E|CS|TAMS 0x000000008a100000| PB 0x000000008a100000| Complete 
| 120|0x000000008a200000, 0x000000008a300000, 0x000000008a300000|100%| E|CS|TAMS 0x000000008a200000| PB 0x000000008a200000| Complete 
| 121|0x000000008a300000, 0x000000008a400000, 0x000000008a400000|100%| E|CS|TAMS 0x000000008a300000| PB 0x000000008a300000| Complete 
| 122|0x000000008a400000, 0x000000008a500000, 0x000000008a500000|100%| E|CS|TAMS 0x000000008a400000| PB 0x000000008a400000| Complete 
| 123|0x000000008a500000, 0x000000008a600000, 0x000000008a600000|100%| E|CS|TAMS 0x000000008a500000| PB 0x000000008a500000| Complete 
| 124|0x000000008a600000, 0x000000008a700000, 0x000000008a700000|100%| E|CS|TAMS 0x000000008a600000| PB 0x000000008a600000| Complete 
| 125|0x000000008a700000, 0x000000008a800000, 0x000000008a800000|100%| E|CS|TAMS 0x000000008a700000| PB 0x000000008a700000| Complete 

Card table byte_map: [0x0000021369aa0000,0x0000021369e90000] _byte_map_base: 0x000002136968b000

Marking Bits: (CMBitMap*) 0x00000213520ae020
 Bits: [0x000002136a280000, 0x000002136c1d8000)

Polling page: 0x000002134ff90000

Metaspace:

Usage:
  Non-class:      7.91 MB used.
      Class:    520.97 KB used.
       Both:      8.42 MB used.

Virtual space:
  Non-class space:       64.00 MB reserved,       8.00 MB ( 12%) committed,  1 nodes.
      Class space:        1.00 GB reserved,     640.00 KB ( <1%) committed,  1 nodes.
             Both:        1.06 GB reserved,       8.62 MB ( <1%) committed. 

Chunk freelists:
   Non-Class:  2.38 MB
       Class:  3.37 MB
        Both:  5.75 MB

MaxMetaspaceSize: unlimited
CompressedClassSpaceSize: 1.00 GB
Initial GC threshold: 21.00 MB
Current GC threshold: 21.00 MB
CDS: on
MetaspaceReclaimPolicy: balanced
 - commit_granule_bytes: 65536.
 - commit_granule_words: 8192.
 - virtual_space_node_default_size: 8388608.
 - enlarge_chunks_in_place: 1.
 - new_chunks_are_fully_committed: 0.
 - uncommit_free_chunks: 1.
 - use_allocation_guard: 0.


Internal statistics:

num_allocs_failed_limit: 0.
num_arena_births: 182.
num_arena_deaths: 0.
num_vsnodes_births: 2.
num_vsnodes_deaths: 0.
num_space_committed: 136.
num_space_uncommitted: 0.
num_chunks_returned_to_freelist: 0.
num_chunks_taken_from_freelist: 429.
num_chunk_merges: 0.
num_chunk_splits: 307.
num_chunks_enlarged: 222.
num_inconsistent_stats: 0.

CodeHeap 'non-profiled nmethods': size=120000Kb used=440Kb max_used=440Kb free=119559Kb
 bounds [0x0000021361e50000, 0x00000213620c0000, 0x0000021369380000]
CodeHeap 'profiled nmethods': size=120000Kb used=2012Kb max_used=2012Kb free=117987Kb
 bounds [0x000002135a380000, 0x000002135a5f0000, 0x00000213618b0000]
CodeHeap 'non-nmethods': size=5760Kb used=2494Kb max_used=2511Kb free=3265Kb
 bounds [0x00000213618b0000, 0x0000021361b30000, 0x0000021361e50000]
 total_blobs=2721 nmethods=1362 adapters=1270
 compilation: enabled
              stopped_count=0, restarted_count=0
 full_count=0

Compilation events (20 events):
Event: 2.815 Thread 0x000002136e816e80 1353       3       org.lwjgl.opengl.GL20::glUniform1i (6 bytes)
Event: 2.815 Thread 0x000002136e816e80 nmethod 1353 0x000002135a576290 code [0x000002135a576420, 0x000002135a576530]
Event: 2.815 Thread 0x000002136e80c6b0 1354       4       org.joml.Matrix4f::_m00 (7 bytes)
Event: 2.816 Thread 0x000002136e80c6b0 nmethod 1354 0x0000021361ebcd90 code [0x0000021361ebcf00, 0x0000021361ebcf90]
Event: 2.816 Thread 0x000002136e80c6b0 1355       4       org.joml.Matrix4f::_m11 (7 bytes)
Event: 2.816 Thread 0x000002136e80c6b0 nmethod 1355 0x0000021361ebd090 code [0x0000021361ebd200, 0x0000021361ebd290]
Event: 2.816 Thread 0x000002136e80c6b0 1356       4       org.joml.Matrix4f::_m22 (7 bytes)
Event: 2.816 Thread 0x000002136e817410 1357       4       org.joml.Matrix4f::_m30 (7 bytes)
Event: 2.816 Thread 0x000002136e80c6b0 nmethod 1356 0x0000021361ebd390 code [0x0000021361ebd500, 0x0000021361ebd590]
Event: 2.816 Thread 0x000002136e80c6b0 1358       4       org.joml.Matrix4f::_m31 (7 bytes)
Event: 2.816 Thread 0x000002136e817410 nmethod 1357 0x0000021361ebd690 code [0x0000021361ebd800, 0x0000021361ebd890]
Event: 2.816 Thread 0x000002136e817410 1359       4       org.joml.Matrix4f::_m32 (7 bytes)
Event: 2.816 Thread 0x000002136e80c6b0 nmethod 1358 0x0000021361ebd990 code [0x0000021361ebdb00, 0x0000021361ebdb90]
Event: 2.817 Thread 0x000002136e817410 nmethod 1359 0x0000021361ebdc90 code [0x0000021361ebde00, 0x0000021361ebde90]
Event: 2.902 Thread 0x000002136e816e80 1360       3       org.joml.Matrix4f::lookAt (60 bytes)
Event: 2.903 Thread 0x000002136e816e80 nmethod 1360 0x000002135a576610 code [0x000002135a5767e0, 0x000002135a576c50]
Event: 2.903 Thread 0x000002136e816e80 1361       3       main.util.Shader::detach (10 bytes)
Event: 2.903 Thread 0x000002136e816e80 nmethod 1361 0x000002135a576e90 code [0x000002135a577020, 0x000002135a5771c0]
Event: 3.075 Thread 0x000002136e80c6b0 1362       4       main.haspid.Window::getCurrentScene (4 bytes)
Event: 3.076 Thread 0x000002136e80c6b0 nmethod 1362 0x0000021361ebdf90 code [0x0000021361ebe100, 0x0000021361ebe198]

GC Heap History (0 events):
No events

Dll operation events (16 events):
Event: 0.009 Loaded shared library C:\Users\sangral\.jdks\corretto-20.0.2.1\bin\java.dll
Event: 0.030 Loaded shared library C:\Users\sangral\.jdks\corretto-20.0.2.1\bin\jsvml.dll
Event: 0.077 Loaded shared library C:\Users\sangral\.jdks\corretto-20.0.2.1\bin\zip.dll
Event: 0.078 Loaded shared library C:\Users\sangral\.jdks\corretto-20.0.2.1\bin\instrument.dll
Event: 0.081 Loaded shared library C:\Users\sangral\.jdks\corretto-20.0.2.1\bin\net.dll
Event: 0.082 Loaded shared library C:\Users\sangral\.jdks\corretto-20.0.2.1\bin\nio.dll
Event: 0.086 Loaded shared library C:\Users\sangral\.jdks\corretto-20.0.2.1\bin\zip.dll
Event: 0.104 Loaded shared library C:\Program Files\JetBrains\IntelliJ IDEA Community Edition 2023.3.5\bin\breakgen64.dll
Event: 0.109 Loaded shared library C:\Users\sangral\.jdks\corretto-20.0.2.1\bin\jimage.dll
Event: 0.110 Loaded shared library C:\Users\sangral\.jdks\corretto-20.0.2.1\bin\extnet.dll
Event: 0.148 Loaded shared library C:\Users\sangral\AppData\Local\Temp\lwjgl_sangral\3.3.3-snapshot\x64\lwjgl.dll
Event: 0.197 Loaded shared library C:\Users\sangral\.jdks\corretto-20.0.2.1\bin\verify.dll
Event: 0.210 Loaded shared library C:\Users\sangral\.jdks\corretto-20.0.2.1\bin\awt.dll
Event: 0.313 Loaded shared library C:\Users\sangral\AppData\Local\Temp\lwjgl_sangral\3.3.3-snapshot\x64\lwjgl_opengl.dll
Event: 0.444 Loaded shared library C:\Users\sangral\AppData\Local\Temp\lwjgl_sangral\3.3.3-snapshot\x64\lwjgl_stb.dll
Event: 0.545 Loaded shared library E:\repo\Haspid2DEngine\libs\imgui-java64.dll

Deoptimization events (20 events):
Event: 0.606 Thread 0x000002135204f130 DEOPT PACKING pc=0x0000021361e92d54 sp=0x0000005bf80fe9f0
Event: 0.606 Thread 0x000002135204f130 DEOPT UNPACKING pc=0x0000021361919d22 sp=0x0000005bf80fe9a8 mode 2
Event: 0.606 Thread 0x000002135204f130 Uncommon trap: trap_request=0xffffffde fr.pc=0x0000021361e92d54 relative=0x0000000000000314
Event: 0.606 Thread 0x000002135204f130 Uncommon trap: reason=class_check action=maybe_recompile pc=0x0000021361e92d54 method=java.util.regex.Pattern$BmpCharPropertyGreedy.match(Ljava/util/regex/Matcher;ILjava/lang/CharSequence;)Z @ 26 c2
Event: 0.606 Thread 0x000002135204f130 DEOPT PACKING pc=0x0000021361e92d54 sp=0x0000005bf80fe9f0
Event: 0.606 Thread 0x000002135204f130 DEOPT UNPACKING pc=0x0000021361919d22 sp=0x0000005bf80fe9a8 mode 2
Event: 0.693 Thread 0x000002135204f130 Uncommon trap: trap_request=0xffffff54 fr.pc=0x0000021361e860f0 relative=0x0000000000000070
Event: 0.693 Thread 0x000002135204f130 Uncommon trap: reason=speculate_null_assert action=make_not_entrant pc=0x0000021361e860f0 method=sun.misc.Unsafe.getLong(Ljava/lang/Object;J)J @ 5 c2
Event: 0.693 Thread 0x000002135204f130 DEOPT PACKING pc=0x0000021361e860f0 sp=0x0000005bf80fed00
Event: 0.693 Thread 0x000002135204f130 DEOPT UNPACKING pc=0x0000021361919d22 sp=0x0000005bf80fec88 mode 2
Event: 1.093 Thread 0x000002136e7fb520 DEOPT PACKING pc=0x000002135a405dee sp=0x0000005bf8afd3b0
Event: 1.093 Thread 0x000002136e7fb520 DEOPT UNPACKING pc=0x000002136191a4c2 sp=0x0000005bf8afc820 mode 0
Event: 1.119 Thread 0x000002136e7fb520 Uncommon trap: trap_request=0xffffff45 fr.pc=0x0000021361ea67ec relative=0x000000000000016c
Event: 1.119 Thread 0x000002136e7fb520 Uncommon trap: reason=unstable_if action=reinterpret pc=0x0000021361ea67ec method=java.util.concurrent.locks.ReentrantLock$NonfairSync.initialTryLock()Z @ 10 c2
Event: 1.119 Thread 0x000002136e7fb520 DEOPT PACKING pc=0x0000021361ea67ec sp=0x0000005bf8afee90
Event: 1.119 Thread 0x000002136e7fb520 DEOPT UNPACKING pc=0x0000021361919d22 sp=0x0000005bf8afee38 mode 2
Event: 1.119 Thread 0x000002136e7fb520 Uncommon trap: trap_request=0xffffff45 fr.pc=0x0000021361ea93d4 relative=0x00000000000000d4
Event: 1.119 Thread 0x000002136e7fb520 Uncommon trap: reason=unstable_if action=reinterpret pc=0x0000021361ea93d4 method=java.util.concurrent.locks.ReentrantLock$Sync.tryRelease(I)Z @ 26 c2
Event: 1.119 Thread 0x000002136e7fb520 DEOPT PACKING pc=0x0000021361ea93d4 sp=0x0000005bf8afee90
Event: 1.119 Thread 0x000002136e7fb520 DEOPT UNPACKING pc=0x0000021361919d22 sp=0x0000005bf8afee30 mode 2

Classes loaded (20 events):
Event: 1.092 Loading class java/time/zone/TzdbZoneRulesProvider
Event: 1.092 Loading class java/time/zone/TzdbZoneRulesProvider done
Event: 1.099 Loading class java/time/zone/Ser
Event: 1.099 Loading class java/time/zone/Ser done
Event: 1.101 Loading class java/time/Month
Event: 1.101 Loading class java/time/Month done
Event: 1.101 Loading class java/time/DayOfWeek
Event: 1.102 Loading class java/time/DayOfWeek done
Event: 1.102 Loading class java/time/zone/ZoneOffsetTransitionRule$TimeDefinition
Event: 1.102 Loading class java/time/zone/ZoneOffsetTransitionRule$TimeDefinition done
Event: 1.103 Loading class java/time/zone/ZoneOffsetTransition
Event: 1.103 Loading class java/time/zone/ZoneOffsetTransition done
Event: 1.105 Loading class sun/util/cldr/CLDRBaseLocaleDataMetaInfo$TZCanonicalIDMapHolder
Event: 1.107 Loading class sun/util/cldr/CLDRBaseLocaleDataMetaInfo$TZCanonicalIDMapHolder done
Event: 1.110 Loading class sun/util/resources/TimeZoneNames
Event: 1.111 Loading class sun/util/resources/TimeZoneNames done
Event: 1.111 Loading class sun/util/resources/TimeZoneNames_en
Event: 1.112 Loading class sun/util/resources/TimeZoneNames_en done
Event: 2.679 Loading class java/util/ComparableTimSort
Event: 2.679 Loading class java/util/ComparableTimSort done

Classes unloaded (0 events):
No events

Classes redefined (0 events):
No events

Internal exceptions (20 events):
Event: 0.173 Thread 0x000002135204f130 Exception <a 'sun/nio/fs/WindowsException'{0x000000008a2d1a28}> (0x000000008a2d1a28) 
thrown [s\src\hotspot\share\prims\jni.cpp, line 519]
Event: 0.173 Thread 0x000002135204f130 Exception <a 'sun/nio/fs/WindowsException'{0x000000008a2d1dd0}> (0x000000008a2d1dd0) 
thrown [s\src\hotspot\share\prims\jni.cpp, line 519]
Event: 0.178 Thread 0x000002135204f130 Exception <a 'java/lang/NoSuchMethodError'{0x000000008a2eb1e8}: 'int java.lang.invoke.Invokers$Holder.invokeExact_MT(java.lang.Object, java.lang.Object)'> (0x000000008a2eb1e8) 
thrown [s\src\hotspot\share\interpreter\linkResolver.cpp, line 773]
Event: 0.205 Thread 0x000002135204f130 Exception <a 'java/lang/ClassNotFoundException'{0x000000008a193208}: sun/awt/resources/spi/awtProvider> (0x000000008a193208) 
thrown [s\src\hotspot\share\classfile\systemDictionary.cpp, line 305]
Event: 0.214 Thread 0x000002135204f130 Exception <a 'java/io/FileNotFoundException'{0x000000008a1d50b0}> (0x000000008a1d50b0) 
thrown [s\src\hotspot\share\prims\jni.cpp, line 519]
Event: 0.216 Thread 0x000002135204f130 Exception <a 'java/io/FileNotFoundException'{0x000000008a1ff598}> (0x000000008a1ff598) 
thrown [s\src\hotspot\share\prims\jni.cpp, line 519]
Event: 0.274 Thread 0x000002135204f130 Exception <a 'java/lang/NoSuchMethodError'{0x000000008a0094c0}: 'void java.lang.invoke.DirectMethodHandle$Holder.invokeStaticInit(java.lang.Object, long, int, int, int, int)'> (0x000000008a0094c0) 
thrown [s\src\hotspot\share\interpreter\linkResolver.cpp, line 773]
Event: 0.277 Thread 0x000002135204f130 Exception <a 'java/lang/NoSuchMethodError'{0x000000008a021588}: 'void java.lang.invoke.DirectMethodHandle$Holder.invokeStaticInit(java.lang.Object, long, double, double)'> (0x000000008a021588) 
thrown [s\src\hotspot\share\interpreter\linkResolver.cpp, line 773]
Event: 0.278 Thread 0x000002135204f130 Exception <a 'java/lang/NoSuchMethodError'{0x000000008a02e910}: 'void java.lang.invoke.DirectMethodHandle$Holder.invokeStaticInit(java.lang.Object, long, int, int, int)'> (0x000000008a02e910) 
thrown [s\src\hotspot\share\interpreter\linkResolver.cpp, line 773]
Event: 0.303 Thread 0x000002135204f130 Exception <a 'java/lang/NoSuchMethodError'{0x000000008a060bf8}: 'void java.lang.System.load(java.lang.String, java.lang.Class)'> (0x000000008a060bf8) 
thrown [s\src\hotspot\share\interpreter\linkResolver.cpp, line 773]
Event: 0.304 Thread 0x000002135204f130 Exception <a 'java/lang/NoSuchMethodError'{0x000000008a0639e0}: 'void java.lang.System.loadLibrary(java.lang.String, java.lang.Class)'> (0x000000008a0639e0) 
thrown [s\src\hotspot\share\interpreter\linkResolver.cpp, line 773]
Event: 0.312 Thread 0x000002135204f130 Exception <a 'sun/nio/fs/WindowsException'{0x000000008a06e648}> (0x000000008a06e648) 
thrown [s\src\hotspot\share\prims\jni.cpp, line 519]
Event: 0.312 Thread 0x000002135204f130 Exception <a 'sun/nio/fs/WindowsException'{0x000000008a06ea28}> (0x000000008a06ea28) 
thrown [s\src\hotspot\share\prims\jni.cpp, line 519]
Event: 0.317 Thread 0x000002135204f130 Exception <a 'sun/nio/fs/WindowsException'{0x000000008a07c2d0}> (0x000000008a07c2d0) 
thrown [s\src\hotspot\share\prims\jni.cpp, line 519]
Event: 0.317 Thread 0x000002135204f130 Exception <a 'sun/nio/fs/WindowsException'{0x000000008a07c5f0}> (0x000000008a07c5f0) 
thrown [s\src\hotspot\share\prims\jni.cpp, line 519]
Event: 0.435 Thread 0x000002135204f130 Exception <a 'java/lang/NoSuchMethodError'{0x0000000089eeabb0}: 'void java.lang.System.load(java.lang.String, java.lang.Class)'> (0x0000000089eeabb0) 
thrown [s\src\hotspot\share\interpreter\linkResolver.cpp, line 773]
Event: 0.435 Thread 0x000002135204f130 Exception <a 'java/lang/NoSuchMethodError'{0x0000000089eed9a0}: 'void java.lang.System.loadLibrary(java.lang.String, java.lang.Class)'> (0x0000000089eed9a0) 
thrown [s\src\hotspot\share\interpreter\linkResolver.cpp, line 773]
Event: 0.442 Thread 0x000002135204f130 Exception <a 'sun/nio/fs/WindowsException'{0x0000000089efcdf8}> (0x0000000089efcdf8) 
thrown [s\src\hotspot\share\prims\jni.cpp, line 519]
Event: 0.442 Thread 0x000002135204f130 Exception <a 'sun/nio/fs/WindowsException'{0x0000000089efd1b8}> (0x0000000089efd1b8) 
thrown [s\src\hotspot\share\prims\jni.cpp, line 519]
Event: 1.116 Thread 0x000002136e7fb520 Exception <a 'java/lang/NoSuchMethodError'{0x000000008955c520}: 'java.lang.Object java.lang.invoke.Invokers$Holder.invokeExact_MT(java.lang.Object, java.lang.Object, java.lang.Object, java.lang.Object, java.lang.Object, java.lang.Object)'> (0x000000008955c520) 
thrown [s\src\hotspot\share\interpreter\linkResolver.cpp, line 773]

VM Operations (12 events):
Event: 0.067 Executing VM operation: HandshakeAllThreads
Event: 0.067 Executing VM operation: HandshakeAllThreads done
Event: 0.106 Executing VM operation: HandshakeAllThreads
Event: 0.106 Executing VM operation: HandshakeAllThreads done
Event: 0.578 Executing VM operation: HandshakeAllThreads
Event: 0.578 Executing VM operation: HandshakeAllThreads done
Event: 1.074 Executing VM operation: HandshakeAllThreads
Event: 1.074 Executing VM operation: HandshakeAllThreads done
Event: 1.074 Executing VM operation: Cleanup
Event: 1.074 Executing VM operation: Cleanup done
Event: 2.087 Executing VM operation: Cleanup
Event: 2.087 Executing VM operation: Cleanup done

Events (16 events):
Event: 0.030 Thread 0x000002135204f130 Thread added: 0x000002135204f130
Event: 0.039 Thread 0x000002136e7f65a0 Thread added: 0x000002136e7f65a0
Event: 0.039 Thread 0x000002136e7f7320 Thread added: 0x000002136e7f7320
Event: 0.039 Thread 0x000002136e7fa840 Thread added: 0x000002136e7fa840
Event: 0.039 Thread 0x000002136e7fb520 Thread added: 0x000002136e7fb520
Event: 0.039 Thread 0x000002136e7fde70 Thread added: 0x000002136e7fde70
Event: 0.039 Thread 0x000002136e7feaf0 Thread added: 0x000002136e7feaf0
Event: 0.039 Thread 0x000002136e80c6b0 Thread added: 0x000002136e80c6b0
Event: 0.040 Thread 0x000002136e816e80 Thread added: 0x000002136e816e80
Event: 0.058 Thread 0x00000213730c4cf0 Thread added: 0x00000213730c4cf0
Event: 0.104 Thread 0x00000213733accc0 Thread added: 0x00000213733accc0
Event: 0.104 Thread 0x00000213733ad210 Thread added: 0x00000213733ad210
Event: 1.094 Thread 0x000002136e816360 Thread added: 0x000002136e816360
Event: 1.479 Thread 0x000002136e816360 Thread exited: 0x000002136e816360
Event: 2.816 Thread 0x000002136e817410 Thread added: 0x000002136e817410
Event: 3.075 Thread 0x000002136e817410 Thread exited: 0x000002136e817410


Dynamic libraries:
0x00007ff71ecb0000 - 0x00007ff71ecbe000 	C:\Users\sangral\.jdks\corretto-20.0.2.1\bin\java.exe
0x00007ffe420f0000 - 0x00007ffe42306000 	C:\WINDOWS\SYSTEM32\ntdll.dll
0x00007ffe404f0000 - 0x00007ffe405b4000 	C:\WINDOWS\System32\KERNEL32.DLL
0x00007ffe3fa90000 - 0x00007ffe3fe36000 	C:\WINDOWS\System32\KERNELBASE.dll
0x00007ffe3f6f0000 - 0x00007ffe3f801000 	C:\WINDOWS\System32\ucrtbase.dll
0x00007ffe3d020000 - 0x00007ffe3d037000 	C:\Users\sangral\.jdks\corretto-20.0.2.1\bin\jli.dll
0x00007ffe3cfc0000 - 0x00007ffe3cfdb000 	C:\Users\sangral\.jdks\corretto-20.0.2.1\bin\VCRUNTIME140.dll
0x00007ffe41e30000 - 0x00007ffe41fdd000 	C:\WINDOWS\System32\USER32.dll
0x00007ffe3f550000 - 0x00007ffe3f576000 	C:\WINDOWS\System32\win32u.dll
0x00007ffe41fe0000 - 0x00007ffe42009000 	C:\WINDOWS\System32\GDI32.dll
0x00007ffe2cfd0000 - 0x00007ffe2d263000 	C:\WINDOWS\WinSxS\amd64_microsoft.windows.common-controls_6595b64144ccf1df_6.0.22621.3235_none_270f74e173860f98\COMCTL32.dll
0x00007ffe3f430000 - 0x00007ffe3f548000 	C:\WINDOWS\System32\gdi32full.dll
0x00007ffe40270000 - 0x00007ffe40317000 	C:\WINDOWS\System32\msvcrt.dll
0x00007ffe3f810000 - 0x00007ffe3f8aa000 	C:\WINDOWS\System32\msvcp_win.dll
0x00007ffe40320000 - 0x00007ffe40351000 	C:\WINDOWS\System32\IMM32.DLL
0x00007ffe3d080000 - 0x00007ffe3d08c000 	C:\Users\sangral\.jdks\corretto-20.0.2.1\bin\vcruntime140_1.dll
0x00007ffe38270000 - 0x00007ffe382fe000 	C:\Users\sangral\.jdks\corretto-20.0.2.1\bin\msvcp140.dll
0x00007ffde8d10000 - 0x00007ffde9a14000 	C:\Users\sangral\.jdks\corretto-20.0.2.1\bin\server\jvm.dll
0x00007ffe40620000 - 0x00007ffe406d2000 	C:\WINDOWS\System32\ADVAPI32.dll
0x00007ffe40100000 - 0x00007ffe401a8000 	C:\WINDOWS\System32\sechost.dll
0x00007ffe3f640000 - 0x00007ffe3f668000 	C:\WINDOWS\System32\bcrypt.dll
0x00007ffe40360000 - 0x00007ffe40475000 	C:\WINDOWS\System32\RPCRT4.dll
0x00007ffe3c990000 - 0x00007ffe3c999000 	C:\WINDOWS\SYSTEM32\WSOCK32.dll
0x00007ffe370e0000 - 0x00007ffe37114000 	C:\WINDOWS\SYSTEM32\WINMM.dll
0x00007ffe36790000 - 0x00007ffe3679a000 	C:\WINDOWS\SYSTEM32\VERSION.dll
0x00007ffe415a0000 - 0x00007ffe41611000 	C:\WINDOWS\System32\WS2_32.dll
0x00007ffe3e560000 - 0x00007ffe3e578000 	C:\WINDOWS\SYSTEM32\kernel.appcore.dll
0x00007ffe3cfb0000 - 0x00007ffe3cfba000 	C:\Users\sangral\.jdks\corretto-20.0.2.1\bin\jimage.dll
0x00007ffe3cbd0000 - 0x00007ffe3ce03000 	C:\WINDOWS\SYSTEM32\DBGHELP.DLL
0x00007ffe41620000 - 0x00007ffe419a8000 	C:\WINDOWS\System32\combase.dll
0x00007ffe41370000 - 0x00007ffe41447000 	C:\WINDOWS\System32\OLEAUT32.dll
0x00007ffe1a800000 - 0x00007ffe1a832000 	C:\WINDOWS\SYSTEM32\dbgcore.DLL
0x00007ffe3f670000 - 0x00007ffe3f6ea000 	C:\WINDOWS\System32\bcryptPrimitives.dll
0x00007ffe39570000 - 0x00007ffe3957e000 	C:\Users\sangral\.jdks\corretto-20.0.2.1\bin\instrument.dll
0x00007ffe38240000 - 0x00007ffe38266000 	C:\Users\sangral\.jdks\corretto-20.0.2.1\bin\java.dll
0x00007ffe37b50000 - 0x00007ffe37c27000 	C:\Users\sangral\.jdks\corretto-20.0.2.1\bin\jsvml.dll
0x00007ffe40970000 - 0x00007ffe411cd000 	C:\WINDOWS\System32\SHELL32.dll
0x00007ffe3d3a0000 - 0x00007ffe3dc98000 	C:\WINDOWS\SYSTEM32\windows.storage.dll
0x00007ffe3d260000 - 0x00007ffe3d39e000 	C:\WINDOWS\SYSTEM32\wintypes.dll
0x00007ffe41450000 - 0x00007ffe41543000 	C:\WINDOWS\System32\SHCORE.dll
0x00007ffe40490000 - 0x00007ffe404ee000 	C:\WINDOWS\System32\shlwapi.dll
0x00007ffe3f360000 - 0x00007ffe3f386000 	C:\WINDOWS\SYSTEM32\profapi.dll
0x00007ffe381e0000 - 0x00007ffe381f8000 	C:\Users\sangral\.jdks\corretto-20.0.2.1\bin\zip.dll
0x00007ffe38220000 - 0x00007ffe38233000 	C:\Users\sangral\.jdks\corretto-20.0.2.1\bin\net.dll
0x00007ffe38960000 - 0x00007ffe38a97000 	C:\WINDOWS\SYSTEM32\WINHTTP.dll
0x00007ffe3e9e0000 - 0x00007ffe3ea49000 	C:\WINDOWS\system32\mswsock.dll
0x00007ffe38200000 - 0x00007ffe38216000 	C:\Users\sangral\.jdks\corretto-20.0.2.1\bin\nio.dll
0x00007ffe381a0000 - 0x00007ffe381ba000 	C:\Program Files\JetBrains\IntelliJ IDEA Community Edition 2023.3.5\bin\breakgen64.dll
0x00007ffe381d0000 - 0x00007ffe381d7000 	C:\Users\sangral\.jdks\corretto-20.0.2.1\bin\extnet.dll
0x00007ffe37590000 - 0x00007ffe3760b000 	C:\Users\sangral\AppData\Local\Temp\lwjgl_sangral\3.3.3-snapshot\x64\lwjgl.dll
0x00007ffe34e30000 - 0x00007ffe34eb2000 	C:\Users\sangral\AppData\Local\Temp\lwjgl_sangral\3.3.3-snapshot\x64\glfw.dll
0x00007ffe37b00000 - 0x00007ffe37b46000 	C:\WINDOWS\SYSTEM32\dinput8.dll
0x00007ffe38180000 - 0x00007ffe38191000 	C:\WINDOWS\SYSTEM32\xinput1_4.dll
0x00007ffe3f120000 - 0x00007ffe3f16e000 	C:\WINDOWS\SYSTEM32\cfgmgr32.dll
0x00007ffe3f0f0000 - 0x00007ffe3f11c000 	C:\WINDOWS\SYSTEM32\DEVOBJ.dll
0x00007ffe3c780000 - 0x00007ffe3c7ab000 	C:\WINDOWS\SYSTEM32\dwmapi.dll
0x00007ffe2e9b0000 - 0x00007ffe2ebba000 	C:\WINDOWS\SYSTEM32\inputhost.dll
0x00007ffe3c110000 - 0x00007ffe3c244000 	C:\WINDOWS\SYSTEM32\CoreMessaging.dll
0x00007ffe3c540000 - 0x00007ffe3c5eb000 	C:\WINDOWS\system32\uxtheme.dll
0x00007ffe3fe40000 - 0x00007ffe3ff94000 	C:\WINDOWS\System32\MSCTF.dll
0x00007ffe3ec30000 - 0x00007ffe3ec3c000 	C:\WINDOWS\SYSTEM32\CRYPTBASE.DLL
0x00007ffe38170000 - 0x00007ffe38180000 	C:\Users\sangral\.jdks\corretto-20.0.2.1\bin\verify.dll
0x00007ffe315e0000 - 0x00007ffe31770000 	C:\Users\sangral\.jdks\corretto-20.0.2.1\bin\awt.dll
0x00007ffe3c400000 - 0x00007ffe3c497000 	C:\WINDOWS\SYSTEM32\apphelp.dll
0x00007ffe30720000 - 0x00007ffe30820000 	C:\WINDOWS\SYSTEM32\opengl32.dll
0x00007ffe34a70000 - 0x00007ffe34a9d000 	C:\WINDOWS\SYSTEM32\GLU32.dll
0x00007ffe3c7f0000 - 0x00007ffe3c829000 	C:\WINDOWS\SYSTEM32\dxcore.dll
0x00007ffe383f0000 - 0x00007ffe3843a000 	C:\WINDOWS\SYSTEM32\directxdatabasehelper.dll
0x00007ffe406f0000 - 0x00007ffe407a0000 	C:\WINDOWS\System32\clbcatq.dll
0x00007ffde5130000 - 0x00007ffde6061000 	C:\WINDOWS\System32\DriverStore\FileRepository\iigd_dch.inf_amd64_2b7bcff446ea567f\ig9icd64.dll
0x00007ffe411d0000 - 0x00007ffe4136f000 	C:\WINDOWS\System32\ole32.dll
0x00007ffe3c670000 - 0x00007ffe3c768000 	C:\WINDOWS\system32\dxgi.dll
0x00007ffe34ec0000 - 0x00007ffe35065000 	C:\WINDOWS\System32\DriverStore\FileRepository\iigd_dch.inf_amd64_2b7bcff446ea567f\igdgmm64.dll
0x00007ffe0d090000 - 0x00007ffe0fb46000 	C:\WINDOWS\System32\DriverStore\FileRepository\iigd_dch.inf_amd64_2b7bcff446ea567f\igc64.dll
0x00007ffe3e2c0000 - 0x00007ffe3e30d000 	C:\WINDOWS\SYSTEM32\powrprof.dll
0x00007ffe3e2a0000 - 0x00007ffe3e2b3000 	C:\WINDOWS\SYSTEM32\UMPDC.dll
0x00007ffe14b30000 - 0x00007ffe14f15000 	C:\WINDOWS\System32\DriverStore\FileRepository\iigd_dch.inf_amd64_2b7bcff446ea567f\igdml64.dll
0x00007ffe2db90000 - 0x00007ffe2dcda000 	C:\WINDOWS\SYSTEM32\textinputframework.dll
0x00007ffe35070000 - 0x00007ffe353dc000 	C:\WINDOWS\SYSTEM32\CoreUIComponents.dll
0x00007ffe34dd0000 - 0x00007ffe34e2e000 	C:\Users\sangral\AppData\Local\Temp\lwjgl_sangral\3.3.3-snapshot\x64\lwjgl_opengl.dll
0x00007ffe34370000 - 0x00007ffe343f2000 	C:\Users\sangral\AppData\Local\Temp\lwjgl_sangral\3.3.3-snapshot\x64\lwjgl_stb.dll
0x00007ffde43d0000 - 0x00007ffde512d000 	E:\repo\Haspid2DEngine\libs\imgui-java64.dll

dbghelp: loaded successfully - version: 4.0.5 - missing functions: none
symbol engine: initialized successfully - sym options: 0x614 - pdb path: .;C:\Users\sangral\.jdks\corretto-20.0.2.1\bin;C:\WINDOWS\SYSTEM32;C:\WINDOWS\WinSxS\amd64_microsoft.windows.common-controls_6595b64144ccf1df_6.0.22621.3235_none_270f74e173860f98;C:\Users\sangral\.jdks\corretto-20.0.2.1\bin\server;C:\Program Files\JetBrains\IntelliJ IDEA Community Edition 2023.3.5\bin;C:\Users\sangral\AppData\Local\Temp\lwjgl_sangral\3.3.3-snapshot\x64;C:\WINDOWS\System32\DriverStore\FileRepository\iigd_dch.inf_amd64_2b7bcff446ea567f;E:\repo\Haspid2DEngine\libs

VM Arguments:
jvm_args: -Djava.library.path=E:\repo\Haspid2DEngine\libs -javaagent:C:\Program Files\JetBrains\IntelliJ IDEA Community Edition 2023.3.5\lib\idea_rt.jar=56229:C:\Program Files\JetBrains\IntelliJ IDEA Community Edition 2023.3.5\bin -Dfile.encoding=UTF-8 -Dsun.stdout.encoding=UTF-8 -Dsun.stderr.encoding=UTF-8 
java_command: main.Main
java_class_path (initial): E:\repo\Haspid2DEngine\out\production\Haspid2DEngine;E:\repo\Haspid2DEngine\libs\imgui-app-1.86.11-all.jar;E:\repo\Haspid2DEngine\libs\imgui-app-1.86.11.jar;E:\repo\Haspid2DEngine\libs\imgui-binding-1.86.11.jar;E:\repo\Haspid2DEngine\libs\imgui-java64.dll;E:\repo\Haspid2DEngine\libs\imgui-lwjgl3-1.86.11.jar;E:\repo\Haspid2DEngine\libs\joml-1.10.5.jar;E:\repo\Haspid2DEngine\libs\lwjgl-assimp-natives-windows.jar;E:\repo\Haspid2DEngine\libs\lwjgl-assimp.jar;E:\repo\Haspid2DEngine\libs\lwjgl-glfw-natives-windows.jar;E:\repo\Haspid2DEngine\libs\lwjgl-glfw.jar;E:\repo\Haspid2DEngine\libs\lwjgl-natives-windows.jar;E:\repo\Haspid2DEngine\libs\lwjgl-nfd-natives-windows.jar;E:\repo\Haspid2DEngine\libs\lwjgl-nfd.jar;E:\repo\Haspid2DEngine\libs\lwjgl-openal-natives-windows.jar;E:\repo\Haspid2DEngine\libs\lwjgl-openal.jar;E:\repo\Haspid2DEngine\libs\lwjgl-opengl-natives-windows.jar;E:\repo\Haspid2DEngine\libs\lwjgl-opengl.jar;E:\repo\Haspid2DEngine\libs\lwjgl-stb-natives-windows.jar;E:\repo\Haspid2DEngine\libs\lwjgl-stb.jar;E:\repo\Haspid2DEngine\libs\lwjgl.jar;E:\repo\Haspid2DEngine\libs\gson-2.10.1.jar
Launcher Type: SUN_STANDARD

[Global flags]
     intx CICompilerCount                          = 4                                         {product} {ergonomic}
     uint ConcGCThreads                            = 2                                         {product} {ergonomic}
     uint G1ConcRefinementThreads                  = 8                                         {product} {ergonomic}
   size_t G1HeapRegionSize                         = 1048576                                   {product} {ergonomic}
    uintx GCDrainStackTargetSize                   = 64                                        {product} {ergonomic}
   size_t InitialHeapSize                          = 132120576                                 {product} {ergonomic}
   size_t MarkStackSize                            = 4194304                                   {product} {ergonomic}
   size_t MaxHeapSize                              = 2103443456                                {product} {ergonomic}
   size_t MaxNewSize                               = 1261436928                                {product} {ergonomic}
   size_t MinHeapDeltaBytes                        = 1048576                                   {product} {ergonomic}
   size_t MinHeapSize                              = 8388608                                   {product} {ergonomic}
    uintx NonNMethodCodeHeapSize                   = 5839372                                {pd product} {ergonomic}
    uintx NonProfiledCodeHeapSize                  = 122909434                              {pd product} {ergonomic}
    uintx ProfiledCodeHeapSize                     = 122909434                              {pd product} {ergonomic}
    uintx ReservedCodeCacheSize                    = 251658240                              {pd product} {ergonomic}
     bool SegmentedCodeCache                       = true                                      {product} {ergonomic}
   size_t SoftMaxHeapSize                          = 2103443456                             {manageable} {ergonomic}
     bool UseCompressedClassPointers               = true                           {product lp64_product} {ergonomic}
     bool UseCompressedOops                        = true                           {product lp64_product} {ergonomic}
     bool UseG1GC                                  = true                                      {product} {ergonomic}
     bool UseLargePagesIndividualAllocation        = false                                  {pd product} {ergonomic}

Logging:
Log output configuration:
 #0: stdout all=warning uptime,level,tags foldmultilines=false
 #1: stderr all=off uptime,level,tags foldmultilines=false

Environment Variables:
PATH=C:\Program Files (x86)\Common Files\Oracle\Java\javapath;C:\WINDOWS\system32;C:\WINDOWS;C:\WINDOWS\System32\Wbem;C:\WINDOWS\System32\WindowsPowerShell\v1.0\;C:\WINDOWS\System32\OpenSSH\;E:\system\Git\cmd;C:\Users\sangral\AppData\Local\Microsoft\WindowsApps;E:\system\Microsoft VS Code\bin
USERNAME=sangral
OS=Windows_NT
PROCESSOR_IDENTIFIER=Intel64 Family 6 Model 165 Stepping 2, GenuineIntel
TMP=C:\Users\sangral\AppData\Local\Temp
TEMP=C:\Users\sangral\AppData\Local\Temp




---------------  S Y S T E M  ---------------

OS:
 Windows 11 , 64 bit Build 22621 (10.0.22621.3235)
OS uptime: 25 days 2:19 hours

CPU: total 8 (initial active 8) (4 cores per cpu, 2 threads per core) family 6 model 165 stepping 2 microcode 0xea, cx8, cmov, fxsr, ht, mmx, 3dnowpref, sse, sse2, sse3, ssse3, sse4.1, sse4.2, popcnt, lzcnt, tsc, tscinvbit, avx, avx2, aes, erms, clmul, bmi1, bmi2, adx, fma, vzeroupper, clflush, clflushopt, rdtscp, f16c, pku

Memory: 4k page, system-wide physical 8023M (2278M free)
TotalPageFile size 10862M (AvailPageFile size 1742M)
current process WorkingSet (physical memory assigned to process): 210M, peak: 218M
current process commit charge ("private bytes"): 316M, peak: 325M

vm_info: OpenJDK 64-Bit Server VM (20.0.2.1+10-FR) for windows-amd64 JRE (20.0.2.1+10-FR), built on 2023-08-19T09:18:31Z by "Administrator" with unknown MS VC++:1937

END.
