#
# A fatal error has been detected by the Java Runtime Environment:
#
#  EXCEPTION_ACCESS_VIOLATION (0xc0000005) at pc=0x00007ffdfa22636e, pid=14792, tid=1492
#
# JRE version: OpenJDK Runtime Environment Corretto-20.0.2.10.1 (20.0.2.1+10) (build 20.0.2.1+10-FR)
# Java VM: OpenJDK 64-Bit Server VM Corretto-20.0.2.10.1 (20.0.2.1+10-FR, mixed mode, sharing, tiered, compressed oops, compressed class ptrs, g1 gc, windows-amd64)
# Problematic frame:
# C  [imgui-java64.dll+0x5636e]
#
# No core dump will be written. Minidumps are not enabled by default on client versions of Windows
#
# If you would like to submit a bug report, please visit:
#   https://github.com/corretto/corretto-20/issues/
# The crash happened outside the Java Virtual Machine in native code.
# See problematic frame for where to report the bug.
#

---------------  S U M M A R Y ------------

Command Line: -Djava.library.path=E:\repo\Haspid2DEngine\libs -javaagent:C:\Program Files\JetBrains\IntelliJ IDEA Community Edition 2023.3.5\lib\idea_rt.jar=55261:C:\Program Files\JetBrains\IntelliJ IDEA Community Edition 2023.3.5\bin -Dfile.encoding=UTF-8 -Dsun.stdout.encoding=UTF-8 -Dsun.stderr.encoding=UTF-8 main.Main

Host: Intel(R) Core(TM) i5-10300H CPU @ 2.50GHz, 8 cores, 7G,  Windows 11 , 64 bit Build 22621 (10.0.22621.3235)
Time: Mon Apr 15 14:12:53 2024  Windows 11 , 64 bit Build 22621 (10.0.22621.3235) elapsed time: 0.711563 seconds (0d 0h 0m 0s)

---------------  T H R E A D  ---------------

Current thread (0x0000020c0799e1e0):  JavaThread "main" [_thread_in_native, id=1492, stack(0x000000340e000000,0x000000340e100000)]

Stack: [0x000000340e000000,0x000000340e100000],  sp=0x000000340e0ff378,  free space=1020k
Native frames: (J=compiled Java code, j=interpreted, Vv=VM code, C=native code)
C  [imgui-java64.dll+0x5636e]

Java frames: (J=compiled Java code, j=interpreted, Vv=VM code)
j  imgui.ImGui.getContentRegionAvail(Limgui/ImVec2;)V+0
j  imgui.ImGui.getContentRegionAvail()Limgui/ImVec2;+9
j  main.Editor.ViewPort.update()V+0
j  main.scene.EditorScene.update(F)V+15
j  main.haspid.Window.loop()V+43
j  main.haspid.Window.run()V+19
j  main.Main.main([Ljava/lang/String;)V+5
v  ~StubRoutines::call_stub 0x0000020c1720100d

siginfo: EXCEPTION_ACCESS_VIOLATION (0xc0000005), reading address 0x00000000000001b8


Registers:
RAX=0x00007ffdfa264a10, RBX=0x000000340e0ff450, RCX=0x0000020c737525f0, RDX=0x0000000000000000
RSP=0x000000340e0ff378, RBP=0x000000340e0ff430, RSI=0x0000000000000110, RDI=0x0000000000000095
R8 =0x000000340e0ff450, R9 =0x0000000000000002, R10=0x0000020c17221fc4, R11=0x0000000089afd4a8
R12=0x0000020c0799e4c0, R13=0x0000020c65f66d28, R14=0x000000340e0ff450, R15=0x0000020c0799e1e0
RIP=0x00007ffdfa22636e, EFLAGS=0x0000000000010202


Register to memory mapping:

RIP=0x00007ffdfa22636e imgui-java64.dll
RAX=0x00007ffdfa264a10 imgui-java64.dll
RBX=0x000000340e0ff450 is pointing into the stack for thread: 0x0000020c0799e1e0
RCX=0x0000020c737525f0 points into unknown readable memory: 0x0000020c059b0101 | 01 01 9b 05 0c 02 00 00
RDX=0x0 is NULL
RSP=0x000000340e0ff378 is pointing into the stack for thread: 0x0000020c0799e1e0
RBP=0x000000340e0ff430 is pointing into the stack for thread: 0x0000020c0799e1e0
RSI=0x0000000000000110 is an unknown value
RDI=0x0000000000000095 is an unknown value
R8 =0x000000340e0ff450 is pointing into the stack for thread: 0x0000020c0799e1e0
R9 =0x0000000000000002 is an unknown value
R10=0x0000020c17221fc4 is at code_begin+996 in an Interpreter codelet
method entry point (kind = native)  [0x0000020c17221be0, 0x0000020c172226d0]  2800 bytes
R11=0x0000000089afd4a8 is an oop: java.lang.Class 
{0x0000000089afd4a8} - klass: 'java/lang/Class'
 - ---- fields (total size 24 words):
 - private volatile transient 'classRedefinedCount' 'I' @12  0 (0x00000000)
 - abstract internal 'klass' 'J' @16  2251192601160 (0x0000020c25890a48)
 - abstract internal 'array_klass' 'J' @24  0 (0x0000000000000000)
 - abstract internal 'oop_size' 'I' @32  24 (0x00000018)
 - abstract internal 'static_oop_field_count' 'I' @36  19 (0x00000013)
 - private volatile transient 'cachedConstructor' 'Ljava/lang/reflect/Constructor;' @40  NULL (0x00000000)
 - private transient 'name' 'Ljava/lang/String;' @44  "imgui.ImGui"{0x0000000089afd628} (0x89afd628)
 - private transient 'module' 'Ljava/lang/Module;' @48  a 'java/lang/Module'{0x000000008a76a420} (0x8a76a420)
 - private final 'classLoader' 'Ljava/lang/ClassLoader;' @52  a 'jdk/internal/loader/ClassLoaders$AppClassLoader'{0x000000008a76a260} (0x8a76a260)
 - private transient 'classData' 'Ljava/lang/Object;' @56  NULL (0x00000000)
 - private transient 'packageName' 'Ljava/lang/String;' @60  "imgui"{0x0000000089aa6b18} (0x89aa6b18)
 - private final 'componentType' 'Ljava/lang/Class;' @64  NULL (0x00000000)
 - private volatile transient 'reflectionData' 'Ljava/lang/ref/SoftReference;' @68  NULL (0x00000000)
 - private volatile transient 'genericInfo' 'Lsun/reflect/generics/repository/ClassRepository;' @72  NULL (0x00000000)
 - private volatile transient 'enumConstants' '[Ljava/lang/Object;' @76  NULL (0x00000000)
 - private volatile transient 'enumConstantDirectory' 'Ljava/util/Map;' @80  NULL (0x00000000)
 - private volatile transient 'annotationData' 'Ljava/lang/Class$AnnotationData;' @84  NULL (0x00000000)
 - private volatile transient 'annotationType' 'Lsun/reflect/annotation/AnnotationType;' @88  NULL (0x00000000)
 - transient 'classValueMap' 'Ljava/lang/ClassValue$ClassValueMap;' @92  NULL (0x00000000)
 - abstract internal 'protection_domain' 'Ljava/lang/Object;' @96  a 'java/security/ProtectionDomain'{0x000000008a424b20} (0x8a424b20)
 - abstract internal 'signers_name' 'Ljava/lang/Object;' @100  NULL (0x00000000)
 - abstract internal 'source_file' 'Ljava/lang/Object;' @104  NULL (0x00000000)
 - signature: Limgui/ImGui;
 - ---- static fields (19):
 - private static final 'LIB_PATH_PROP' 'Ljava/lang/String;' @112  "imgui.library.path"{0x0000000089afd568} (0x89afd568)
 - private static final 'LIB_NAME_PROP' 'Ljava/lang/String;' @116  "imgui.library.name"{0x0000000089afd5a8} (0x89afd5a8)
 - private static final 'LIB_NAME_DEFAULT' 'Ljava/lang/String;' @120  "imgui-java64"{0x0000000089922618} (0x89922618)
 - private static final 'LIB_TMP_DIR_PREFIX' 'Ljava/lang/String;' @124  "imgui-java-natives"{0x0000000089afd5e8} (0x89afd5e8)
 - private static final 'IMGUI_CONTEXT' 'Limgui/internal/ImGuiContext;' @128  a 'imgui/internal/ImGuiContext'{0x0000000089924f98} (0x89924f98)
 - private static final 'IMGUI_IO' 'Limgui/ImGuiIO;' @132  a 'imgui/ImGuiIO'{0x0000000089929d90} (0x89929d90)
 - private static final 'WINDOW_DRAW_LIST' 'Limgui/ImDrawList;' @136  a 'imgui/ImDrawList'{0x0000000089933b68} (0x89933b68)
 - private static final 'BACKGROUND_DRAW_LIST' 'Limgui/ImDrawList;' @140  a 'imgui/ImDrawList'{0x0000000089933b80} (0x89933b80)
 - private static final 'FOREGROUND_DRAW_LIST' 'Limgui/ImDrawList;' @144  a 'imgui/ImDrawList'{0x0000000089933b98} (0x89933b98)
 - private static final 'IMGUI_STORAGE' 'Limgui/ImGuiStorage;' @148  a 'imgui/ImGuiStorage'{0x0000000089934d20} (0x89934d20)
 - private static final 'WINDOW_VIEWPORT' 'Limgui/ImGuiViewport;' @152  a 'imgui/ImGuiViewport'{0x000000008993a848} (0x8993a848)
 - private static final 'FIND_VIEWPORT' 'Limgui/ImGuiViewport;' @156  a 'imgui/ImGuiViewport'{0x000000008993a860} (0x8993a860)
 - private static final 'DRAW_DATA' 'Limgui/ImDrawData;' @160  a 'imgui/ImDrawData'{0x000000008993a878} (0x8993a878)
 - private static final 'FONT' 'Limgui/ImFont;' @164  a 'imgui/ImFont'{0x000000008993e020} (0x8993e020)
 - private static final 'STYLE' 'Limgui/ImGuiStyle;' @168  a 'imgui/ImGuiStyle'{0x0000000089943920} (0x89943920)
 - private static final 'MAIN_VIEWPORT' 'Limgui/ImGuiViewport;' @172  a 'imgui/ImGuiViewport'{0x0000000089943938} (0x89943938)
 - private static final 'PLATFORM_IO' 'Limgui/ImGuiPlatformIO;' @176  a 'imgui/ImGuiPlatformIO'{0x0000000089946e00} (0x89946e00)
 - private static 'payloadRef' 'Ljava/lang/ref/WeakReference;' @180  NULL (0x00000000)
 - private static final 'PAYLOAD_PLACEHOLDER_DATA' '[B' @184  [B{0x0000000089950c28} (0x89950c28)
R12=0x0000020c0799e4c0 points into unknown readable memory: 0x0000020c69bfe360 | 60 e3 bf 69 0c 02 00 00
R13={method} {0x0000020c65f66d30} 'getContentRegionAvail' '(Limgui/ImVec2;)V' in 'imgui/ImGui'
R14=0x000000340e0ff450 is pointing into the stack for thread: 0x0000020c0799e1e0
R15=0x0000020c0799e1e0 is a thread


Top of Stack: (sp=0x000000340e0ff378)
0x000000340e0ff378:   00007ffdfa264a22 0000000000000095
0x000000340e0ff388:   0000020c17221e6e 0000020c65f66d28
0x000000340e0ff398:   0000020c65f66d28 0000020c65f66d28
0x000000340e0ff3a8:   0000020c65f66d28 0000000000000000
0x000000340e0ff3b8:   0000020c17221ff3 0000020c65f66d28
0x000000340e0ff3c8:   0000000000000110 000000340e0ff438
0x000000340e0ff3d8:   0000020c1721de8a 0000020c17221c96
0x000000340e0ff3e8:   000000340e0ff3e8 0000020c65f66d28
0x000000340e0ff3f8:   000000340e0ff450 0000020c65f90000
0x000000340e0ff408:   0000000000000000 0000000089afd4a8
0x000000340e0ff418:   0000020c65f66d28 0000000000000000
0x000000340e0ff428:   000000340e0ff450 000000340e0ff4a0
0x000000340e0ff438:   0000020c1721de8a 0000000089afd4a8
0x000000340e0ff448:   0000020c1721f897 00000000898e2ca0
0x000000340e0ff458:   000000340e0ff458 0000020c65f66c79
0x000000340e0ff468:   000000340e0ff4b0 0000020c65f90000
0x000000340e0ff478:   0000000000000000 0000000089afd4a8
0x000000340e0ff488:   0000020c65f66c98 000000340e0ff450
0x000000340e0ff498:   000000340e0ff4b8 000000340e0ff500
0x000000340e0ff4a8:   0000020c1721dfe3 00000000898e2ca0
0x000000340e0ff4b8:   000000340e0ff4b8 0000020c66021e50
0x000000340e0ff4c8:   000000340e0ff528 0000020c66022340
0x000000340e0ff4d8:   0000000000000000 00000000898bcc40
0x000000340e0ff4e8:   0000020c66021ee0 000000340e0ff4b8
0x000000340e0ff4f8:   000000340e0ff528 000000340e0ff578
0x000000340e0ff508:   0000020c1721de8a 0000000000000000
0x000000340e0ff518:   0000000000000000 0000000000000000
0x000000340e0ff528:   00000000898bcd60 000000340e0ff530
0x000000340e0ff538:   0000020c65c0e10f 000000340e0ff5a0
0x000000340e0ff548:   0000020c65e8c290 0000000000000000
0x000000340e0ff558:   000000008a41da48 0000020c65c0e168
0x000000340e0ff568:   000000340e0ff528 000000340e0ff598 

Instructions: (pc=0x00007ffdfa22636e)
0x00007ffdfa22626e:   00 f3 0f 58 c0 f3 0f 58 80 98 1a 00 00 f3 0f 58
0x00007ffdfa22627e:   80 a0 16 00 00 c3 66 66 2e 0f 1f 84 00 00 00 00
0x00007ffdfa22628e:   00 90 48 8b 0d b1 0e 4b 00 48 8b 91 28 1d 00 00
0x00007ffdfa22629e:   f3 0f 10 82 64 02 00 00 48 83 ba b8 01 00 00 00
0x00007ffdfa2262ae:   f3 0f 10 4a 48 0f 10 d0 f3 0f 5c 52 4c 74 23 f3
0x00007ffdfa2262be:   0f 10 82 30 02 00 00 f3 0f 5c c1 66 0f 7e d0 48
0x00007ffdfa2262ce:   89 c2 48 c1 e2 20 66 0f 7e c0 48 09 d0 c3 0f 1f
0x00007ffdfa2262de:   40 00 48 83 b9 f0 21 00 00 00 f3 0f 10 82 60 02
0x00007ffdfa2262ee:   00 00 75 cb eb d1 66 66 2e 0f 1f 84 00 00 00 00
0x00007ffdfa2262fe:   00 90 48 8b 0d 41 0e 4b 00 48 8b 91 28 1d 00 00
0x00007ffdfa22630e:   48 83 ba b8 01 00 00 00 f3 0f 10 8a 64 02 00 00
0x00007ffdfa22631e:   74 20 f3 0f 10 82 30 02 00 00 66 0f 7e c8 48 89
0x00007ffdfa22632e:   c2 66 0f 7e c0 48 c1 e2 20 48 09 d0 c3 0f 1f 44
0x00007ffdfa22633e:   00 00 48 83 b9 f0 21 00 00 00 f3 0f 10 82 60 02
0x00007ffdfa22634e:   00 00 75 ce eb d4 66 66 2e 0f 1f 84 00 00 00 00
0x00007ffdfa22635e:   00 90 48 8b 0d e1 0d 4b 00 48 8b 91 28 1d 00 00
0x00007ffdfa22636e:   48 83 ba b8 01 00 00 00 f3 0f 10 8a 64 02 00 00
0x00007ffdfa22637e:   74 30 f3 0f 10 82 30 02 00 00 f3 0f 5c 8a 14 01
0x00007ffdfa22638e:   00 00 f3 0f 5c 82 10 01 00 00 66 0f 7e c8 48 89
0x00007ffdfa22639e:   c2 66 0f 7e c0 48 c1 e2 20 48 09 d0 c3 0f 1f 44
0x00007ffdfa2263ae:   00 00 48 83 b9 f0 21 00 00 00 f3 0f 10 82 60 02
0x00007ffdfa2263be:   00 00 75 be eb c4 66 66 2e 0f 1f 84 00 00 00 00
0x00007ffdfa2263ce:   00 90 48 8b 05 71 0d 4b 00 48 8b 80 28 1d 00 00
0x00007ffdfa2263de:   f3 0f 10 88 5c 02 00 00 f3 0f 5c 48 4c f3 0f 10
0x00007ffdfa2263ee:   80 58 02 00 00 f3 0f 5c 40 48 66 0f 7e c8 48 89
0x00007ffdfa2263fe:   c2 66 0f 7e c0 48 c1 e2 20 48 09 d0 c3 0f 1f 44
0x00007ffdfa22640e:   00 00 48 8b 05 31 0d 4b 00 48 8b 80 28 1d 00 00
0x00007ffdfa22641e:   f3 0f 10 88 64 02 00 00 f3 0f 5c 48 4c f3 0f 10
0x00007ffdfa22642e:   80 60 02 00 00 f3 0f 5c 40 48 66 0f 7e c8 48 89
0x00007ffdfa22643e:   c2 66 0f 7e c0 48 c1 e2 20 48 09 d0 c3 0f 1f 44
0x00007ffdfa22644e:   00 00 41 54 55 57 56 53 48 83 ec 20 48 8b 35 e7
0x00007ffdfa22645e:   0c 4b 00 8b 86 08 1f 00 00 48 8b 9e 28 1d 00 00 


Stack slot to memory mapping:
stack at sp + 0 slots: 0x00007ffdfa264a22 imgui-java64.dll
stack at sp + 1 slots: 0x0000000000000095 is an unknown value
stack at sp + 2 slots: 0x0000020c17221e6e is at code_begin+654 in an Interpreter codelet
method entry point (kind = native)  [0x0000020c17221be0, 0x0000020c172226d0]  2800 bytes
stack at sp + 3 slots: {method} {0x0000020c65f66d30} 'getContentRegionAvail' '(Limgui/ImVec2;)V' in 'imgui/ImGui'
stack at sp + 4 slots: {method} {0x0000020c65f66d30} 'getContentRegionAvail' '(Limgui/ImVec2;)V' in 'imgui/ImGui'
stack at sp + 5 slots: {method} {0x0000020c65f66d30} 'getContentRegionAvail' '(Limgui/ImVec2;)V' in 'imgui/ImGui'
stack at sp + 6 slots: {method} {0x0000020c65f66d30} 'getContentRegionAvail' '(Limgui/ImVec2;)V' in 'imgui/ImGui'
stack at sp + 7 slots: 0x0 is NULL


---------------  P R O C E S S  ---------------

Threads class SMR info:
_java_thread_list=0x0000020c69aff580, length=12, elements={
0x0000020c0799e1e0, 0x0000020c24555150, 0x0000020c24556190, 0x0000020c24558b00,
0x0000020c2455a7f0, 0x0000020c2455e9a0, 0x0000020c2455d9b0, 0x0000020c2456d8b0,
0x0000020c2456e630, 0x0000020c2455d460, 0x0000020c2455eef0, 0x0000020c24560980
}

Java Threads: ( => current thread )
=>0x0000020c0799e1e0 JavaThread "main" [_thread_in_native, id=1492, stack(0x000000340e000000,0x000000340e100000)]
  0x0000020c24555150 JavaThread "Reference Handler" daemon [_thread_blocked, id=8324, stack(0x000000340e700000,0x000000340e800000)]
  0x0000020c24556190 JavaThread "Finalizer" daemon [_thread_blocked, id=2500, stack(0x000000340e800000,0x000000340e900000)]
  0x0000020c24558b00 JavaThread "Signal Dispatcher" daemon [_thread_blocked, id=11352, stack(0x000000340e900000,0x000000340ea00000)]
  0x0000020c2455a7f0 JavaThread "Attach Listener" daemon [_thread_blocked, id=1080, stack(0x000000340ea00000,0x000000340eb00000)]
  0x0000020c2455e9a0 JavaThread "Service Thread" daemon [_thread_blocked, id=11116, stack(0x000000340eb00000,0x000000340ec00000)]
  0x0000020c2455d9b0 JavaThread "Monitor Deflation Thread" daemon [_thread_blocked, id=10916, stack(0x000000340ec00000,0x000000340ed00000)]
  0x0000020c2456d8b0 JavaThread "C2 CompilerThread0" daemon [_thread_blocked, id=6972, stack(0x000000340ed00000,0x000000340ee00000)]
  0x0000020c2456e630 JavaThread "C1 CompilerThread0" daemon [_thread_blocked, id=13008, stack(0x000000340ee00000,0x000000340ef00000)]
  0x0000020c2455d460 JavaThread "Common-Cleaner" daemon [_thread_blocked, id=2020, stack(0x000000340ef00000,0x000000340f000000)]
  0x0000020c2455eef0 JavaThread "Monitor Ctrl-Break" daemon [_thread_in_native, id=3392, stack(0x000000340f000000,0x000000340f100000)]
  0x0000020c24560980 JavaThread "Notification Thread" daemon [_thread_blocked, id=10684, stack(0x000000340f100000,0x000000340f200000)]

Other Threads:
  0x0000020c24538f70 VMThread "VM Thread" [stack: 0x000000340e600000,0x000000340e700000] [id=712]
  0x0000020c0799f110 WatcherThread "VM Periodic Task Thread" [stack: 0x000000340f200000,0x000000340f300000] [id=9808]
  0x0000020c079fe9c0 WorkerThread "GC Thread#0" [stack: 0x000000340e100000,0x000000340e200000] [id=5188]
  0x0000020c07a0f390 ConcurrentGCThread "G1 Main Marker" [stack: 0x000000340e200000,0x000000340e300000] [id=14400]
  0x0000020c07a0ff60 WorkerThread "G1 Conc#0" [stack: 0x000000340e300000,0x000000340e400000] [id=14316]
  0x0000020c243f8500 ConcurrentGCThread "G1 Refine#0" [stack: 0x000000340e400000,0x000000340e500000] [id=9848]
  0x0000020c243f8fa0 ConcurrentGCThread "G1 Service" [stack: 0x000000340e500000,0x000000340e600000] [id=2444]

Threads with active compile tasks:

VM state: not at safepoint (normal execution)

VM Mutex/Monitor currently owned by a thread: None

Heap address: 0x0000000082a00000, size: 2006 MB, Compressed Oops mode: 32-bit

CDS archive(s) mapped at: [0x0000020c24800000-0x0000020c25460000-0x0000020c25460000), size 12976128, SharedBaseAddress: 0x0000020c24800000, ArchiveRelocationMode: 1.
Compressed class space mapped at: 0x0000020c25800000-0x0000020c65800000, reserved size: 1073741824
Narrow klass base: 0x0000020c24800000, Narrow klass shift: 0, Narrow klass range: 0x100000000

GC Precious Log:
 CardTable entry size: 512
 Card Set container configuration: InlinePtr #cards 5 size 8 Array Of Cards #cards 12 size 40 Howl #buckets 4 coarsen threshold 1843 Howl Bitmap #cards 512 size 80 coarsen threshold 460 Card regions per heap region 1 cards per card region 2048
 CPUs: 8 total, 8 available
 Memory: 8023M
 Large Page Support: Disabled
 NUMA Support: Disabled
 Compressed Oops: Enabled (32-bit)
 Heap Region Size: 1M
 Heap Min Capacity: 8M
 Heap Initial Capacity: 126M
 Heap Max Capacity: 2006M
 Pre-touch: Disabled
 Parallel Workers: 8
 Concurrent Workers: 2
 Concurrent Refinement Workers: 8
 Periodic GC: Disabled

Heap:
 garbage-first heap   total 129024K, used 18432K [0x0000000082a00000, 0x0000000100000000)
  region size 1024K, 16 young (16384K), 0 survivors (0K)
 Metaspace       used 7123K, committed 7424K, reserved 1114112K
  class space    used 516K, committed 640K, reserved 1048576K

Heap Regions: E=young(eden), S=young(survivor), O=old, HS=humongous(starts), HC=humongous(continues), CS=collection set, F=free, OA=open archive, CA=closed archive, TAMS=top-at-mark-start, PB=parsable bottom
|   0|0x0000000082a00000, 0x0000000082b00000, 0x0000000082b00000|100%|HS|  |TAMS 0x0000000082a00000| PB 0x0000000082a00000| Complete 
|   1|0x0000000082b00000, 0x0000000082c00000, 0x0000000082c00000|100%|HC|  |TAMS 0x0000000082b00000| PB 0x0000000082b00000| Complete 
|   2|0x0000000082c00000, 0x0000000082d00000, 0x0000000082d00000|100%|HS|  |TAMS 0x0000000082c00000| PB 0x0000000082c00000| Complete 
|   3|0x0000000082d00000, 0x0000000082e00000, 0x0000000082e00000|100%|HC|  |TAMS 0x0000000082d00000| PB 0x0000000082d00000| Complete 
|   4|0x0000000082e00000, 0x0000000082e00000, 0x0000000082f00000|  0%| F|  |TAMS 0x0000000082e00000| PB 0x0000000082e00000| Untracked 
|   5|0x0000000082f00000, 0x0000000082f00000, 0x0000000083000000|  0%| F|  |TAMS 0x0000000082f00000| PB 0x0000000082f00000| Untracked 
|   6|0x0000000083000000, 0x0000000083000000, 0x0000000083100000|  0%| F|  |TAMS 0x0000000083000000| PB 0x0000000083000000| Untracked 
|   7|0x0000000083100000, 0x0000000083100000, 0x0000000083200000|  0%| F|  |TAMS 0x0000000083100000| PB 0x0000000083100000| Untracked 
|   8|0x0000000083200000, 0x0000000083200000, 0x0000000083300000|  0%| F|  |TAMS 0x0000000083200000| PB 0x0000000083200000| Untracked 
|   9|0x0000000083300000, 0x0000000083300000, 0x0000000083400000|  0%| F|  |TAMS 0x0000000083300000| PB 0x0000000083300000| Untracked 
|  10|0x0000000083400000, 0x0000000083400000, 0x0000000083500000|  0%| F|  |TAMS 0x0000000083400000| PB 0x0000000083400000| Untracked 
|  11|0x0000000083500000, 0x0000000083500000, 0x0000000083600000|  0%| F|  |TAMS 0x0000000083500000| PB 0x0000000083500000| Untracked 
|  12|0x0000000083600000, 0x0000000083600000, 0x0000000083700000|  0%| F|  |TAMS 0x0000000083600000| PB 0x0000000083600000| Untracked 
|  13|0x0000000083700000, 0x0000000083700000, 0x0000000083800000|  0%| F|  |TAMS 0x0000000083700000| PB 0x0000000083700000| Untracked 
|  14|0x0000000083800000, 0x0000000083800000, 0x0000000083900000|  0%| F|  |TAMS 0x0000000083800000| PB 0x0000000083800000| Untracked 
|  15|0x0000000083900000, 0x0000000083900000, 0x0000000083a00000|  0%| F|  |TAMS 0x0000000083900000| PB 0x0000000083900000| Untracked 
|  16|0x0000000083a00000, 0x0000000083a00000, 0x0000000083b00000|  0%| F|  |TAMS 0x0000000083a00000| PB 0x0000000083a00000| Untracked 
|  17|0x0000000083b00000, 0x0000000083b00000, 0x0000000083c00000|  0%| F|  |TAMS 0x0000000083b00000| PB 0x0000000083b00000| Untracked 
|  18|0x0000000083c00000, 0x0000000083c00000, 0x0000000083d00000|  0%| F|  |TAMS 0x0000000083c00000| PB 0x0000000083c00000| Untracked 
|  19|0x0000000083d00000, 0x0000000083d00000, 0x0000000083e00000|  0%| F|  |TAMS 0x0000000083d00000| PB 0x0000000083d00000| Untracked 
|  20|0x0000000083e00000, 0x0000000083e00000, 0x0000000083f00000|  0%| F|  |TAMS 0x0000000083e00000| PB 0x0000000083e00000| Untracked 
|  21|0x0000000083f00000, 0x0000000083f00000, 0x0000000084000000|  0%| F|  |TAMS 0x0000000083f00000| PB 0x0000000083f00000| Untracked 
|  22|0x0000000084000000, 0x0000000084000000, 0x0000000084100000|  0%| F|  |TAMS 0x0000000084000000| PB 0x0000000084000000| Untracked 
|  23|0x0000000084100000, 0x0000000084100000, 0x0000000084200000|  0%| F|  |TAMS 0x0000000084100000| PB 0x0000000084100000| Untracked 
|  24|0x0000000084200000, 0x0000000084200000, 0x0000000084300000|  0%| F|  |TAMS 0x0000000084200000| PB 0x0000000084200000| Untracked 
|  25|0x0000000084300000, 0x0000000084300000, 0x0000000084400000|  0%| F|  |TAMS 0x0000000084300000| PB 0x0000000084300000| Untracked 
|  26|0x0000000084400000, 0x0000000084400000, 0x0000000084500000|  0%| F|  |TAMS 0x0000000084400000| PB 0x0000000084400000| Untracked 
|  27|0x0000000084500000, 0x0000000084500000, 0x0000000084600000|  0%| F|  |TAMS 0x0000000084500000| PB 0x0000000084500000| Untracked 
|  28|0x0000000084600000, 0x0000000084600000, 0x0000000084700000|  0%| F|  |TAMS 0x0000000084600000| PB 0x0000000084600000| Untracked 
|  29|0x0000000084700000, 0x0000000084700000, 0x0000000084800000|  0%| F|  |TAMS 0x0000000084700000| PB 0x0000000084700000| Untracked 
|  30|0x0000000084800000, 0x0000000084800000, 0x0000000084900000|  0%| F|  |TAMS 0x0000000084800000| PB 0x0000000084800000| Untracked 
|  31|0x0000000084900000, 0x0000000084900000, 0x0000000084a00000|  0%| F|  |TAMS 0x0000000084900000| PB 0x0000000084900000| Untracked 
|  32|0x0000000084a00000, 0x0000000084a00000, 0x0000000084b00000|  0%| F|  |TAMS 0x0000000084a00000| PB 0x0000000084a00000| Untracked 
|  33|0x0000000084b00000, 0x0000000084b00000, 0x0000000084c00000|  0%| F|  |TAMS 0x0000000084b00000| PB 0x0000000084b00000| Untracked 
|  34|0x0000000084c00000, 0x0000000084c00000, 0x0000000084d00000|  0%| F|  |TAMS 0x0000000084c00000| PB 0x0000000084c00000| Untracked 
|  35|0x0000000084d00000, 0x0000000084d00000, 0x0000000084e00000|  0%| F|  |TAMS 0x0000000084d00000| PB 0x0000000084d00000| Untracked 
|  36|0x0000000084e00000, 0x0000000084e00000, 0x0000000084f00000|  0%| F|  |TAMS 0x0000000084e00000| PB 0x0000000084e00000| Untracked 
|  37|0x0000000084f00000, 0x0000000084f00000, 0x0000000085000000|  0%| F|  |TAMS 0x0000000084f00000| PB 0x0000000084f00000| Untracked 
|  38|0x0000000085000000, 0x0000000085000000, 0x0000000085100000|  0%| F|  |TAMS 0x0000000085000000| PB 0x0000000085000000| Untracked 
|  39|0x0000000085100000, 0x0000000085100000, 0x0000000085200000|  0%| F|  |TAMS 0x0000000085100000| PB 0x0000000085100000| Untracked 
|  40|0x0000000085200000, 0x0000000085200000, 0x0000000085300000|  0%| F|  |TAMS 0x0000000085200000| PB 0x0000000085200000| Untracked 
|  41|0x0000000085300000, 0x0000000085300000, 0x0000000085400000|  0%| F|  |TAMS 0x0000000085300000| PB 0x0000000085300000| Untracked 
|  42|0x0000000085400000, 0x0000000085400000, 0x0000000085500000|  0%| F|  |TAMS 0x0000000085400000| PB 0x0000000085400000| Untracked 
|  43|0x0000000085500000, 0x0000000085500000, 0x0000000085600000|  0%| F|  |TAMS 0x0000000085500000| PB 0x0000000085500000| Untracked 
|  44|0x0000000085600000, 0x0000000085600000, 0x0000000085700000|  0%| F|  |TAMS 0x0000000085600000| PB 0x0000000085600000| Untracked 
|  45|0x0000000085700000, 0x0000000085700000, 0x0000000085800000|  0%| F|  |TAMS 0x0000000085700000| PB 0x0000000085700000| Untracked 
|  46|0x0000000085800000, 0x0000000085800000, 0x0000000085900000|  0%| F|  |TAMS 0x0000000085800000| PB 0x0000000085800000| Untracked 
|  47|0x0000000085900000, 0x0000000085900000, 0x0000000085a00000|  0%| F|  |TAMS 0x0000000085900000| PB 0x0000000085900000| Untracked 
|  48|0x0000000085a00000, 0x0000000085a00000, 0x0000000085b00000|  0%| F|  |TAMS 0x0000000085a00000| PB 0x0000000085a00000| Untracked 
|  49|0x0000000085b00000, 0x0000000085b00000, 0x0000000085c00000|  0%| F|  |TAMS 0x0000000085b00000| PB 0x0000000085b00000| Untracked 
|  50|0x0000000085c00000, 0x0000000085c00000, 0x0000000085d00000|  0%| F|  |TAMS 0x0000000085c00000| PB 0x0000000085c00000| Untracked 
|  51|0x0000000085d00000, 0x0000000085d00000, 0x0000000085e00000|  0%| F|  |TAMS 0x0000000085d00000| PB 0x0000000085d00000| Untracked 
|  52|0x0000000085e00000, 0x0000000085e00000, 0x0000000085f00000|  0%| F|  |TAMS 0x0000000085e00000| PB 0x0000000085e00000| Untracked 
|  53|0x0000000085f00000, 0x0000000085f00000, 0x0000000086000000|  0%| F|  |TAMS 0x0000000085f00000| PB 0x0000000085f00000| Untracked 
|  54|0x0000000086000000, 0x0000000086000000, 0x0000000086100000|  0%| F|  |TAMS 0x0000000086000000| PB 0x0000000086000000| Untracked 
|  55|0x0000000086100000, 0x0000000086100000, 0x0000000086200000|  0%| F|  |TAMS 0x0000000086100000| PB 0x0000000086100000| Untracked 
|  56|0x0000000086200000, 0x0000000086200000, 0x0000000086300000|  0%| F|  |TAMS 0x0000000086200000| PB 0x0000000086200000| Untracked 
|  57|0x0000000086300000, 0x0000000086300000, 0x0000000086400000|  0%| F|  |TAMS 0x0000000086300000| PB 0x0000000086300000| Untracked 
|  58|0x0000000086400000, 0x0000000086400000, 0x0000000086500000|  0%| F|  |TAMS 0x0000000086400000| PB 0x0000000086400000| Untracked 
|  59|0x0000000086500000, 0x0000000086500000, 0x0000000086600000|  0%| F|  |TAMS 0x0000000086500000| PB 0x0000000086500000| Untracked 
|  60|0x0000000086600000, 0x0000000086600000, 0x0000000086700000|  0%| F|  |TAMS 0x0000000086600000| PB 0x0000000086600000| Untracked 
|  61|0x0000000086700000, 0x0000000086700000, 0x0000000086800000|  0%| F|  |TAMS 0x0000000086700000| PB 0x0000000086700000| Untracked 
|  62|0x0000000086800000, 0x0000000086800000, 0x0000000086900000|  0%| F|  |TAMS 0x0000000086800000| PB 0x0000000086800000| Untracked 
|  63|0x0000000086900000, 0x0000000086900000, 0x0000000086a00000|  0%| F|  |TAMS 0x0000000086900000| PB 0x0000000086900000| Untracked 
|  64|0x0000000086a00000, 0x0000000086a00000, 0x0000000086b00000|  0%| F|  |TAMS 0x0000000086a00000| PB 0x0000000086a00000| Untracked 
|  65|0x0000000086b00000, 0x0000000086b00000, 0x0000000086c00000|  0%| F|  |TAMS 0x0000000086b00000| PB 0x0000000086b00000| Untracked 
|  66|0x0000000086c00000, 0x0000000086c00000, 0x0000000086d00000|  0%| F|  |TAMS 0x0000000086c00000| PB 0x0000000086c00000| Untracked 
|  67|0x0000000086d00000, 0x0000000086d00000, 0x0000000086e00000|  0%| F|  |TAMS 0x0000000086d00000| PB 0x0000000086d00000| Untracked 
|  68|0x0000000086e00000, 0x0000000086e00000, 0x0000000086f00000|  0%| F|  |TAMS 0x0000000086e00000| PB 0x0000000086e00000| Untracked 
|  69|0x0000000086f00000, 0x0000000086f00000, 0x0000000087000000|  0%| F|  |TAMS 0x0000000086f00000| PB 0x0000000086f00000| Untracked 
|  70|0x0000000087000000, 0x0000000087000000, 0x0000000087100000|  0%| F|  |TAMS 0x0000000087000000| PB 0x0000000087000000| Untracked 
|  71|0x0000000087100000, 0x0000000087100000, 0x0000000087200000|  0%| F|  |TAMS 0x0000000087100000| PB 0x0000000087100000| Untracked 
|  72|0x0000000087200000, 0x0000000087200000, 0x0000000087300000|  0%| F|  |TAMS 0x0000000087200000| PB 0x0000000087200000| Untracked 
|  73|0x0000000087300000, 0x0000000087300000, 0x0000000087400000|  0%| F|  |TAMS 0x0000000087300000| PB 0x0000000087300000| Untracked 
|  74|0x0000000087400000, 0x0000000087400000, 0x0000000087500000|  0%| F|  |TAMS 0x0000000087400000| PB 0x0000000087400000| Untracked 
|  75|0x0000000087500000, 0x0000000087500000, 0x0000000087600000|  0%| F|  |TAMS 0x0000000087500000| PB 0x0000000087500000| Untracked 
|  76|0x0000000087600000, 0x0000000087600000, 0x0000000087700000|  0%| F|  |TAMS 0x0000000087600000| PB 0x0000000087600000| Untracked 
|  77|0x0000000087700000, 0x0000000087700000, 0x0000000087800000|  0%| F|  |TAMS 0x0000000087700000| PB 0x0000000087700000| Untracked 
|  78|0x0000000087800000, 0x0000000087800000, 0x0000000087900000|  0%| F|  |TAMS 0x0000000087800000| PB 0x0000000087800000| Untracked 
|  79|0x0000000087900000, 0x0000000087900000, 0x0000000087a00000|  0%| F|  |TAMS 0x0000000087900000| PB 0x0000000087900000| Untracked 
|  80|0x0000000087a00000, 0x0000000087a00000, 0x0000000087b00000|  0%| F|  |TAMS 0x0000000087a00000| PB 0x0000000087a00000| Untracked 
|  81|0x0000000087b00000, 0x0000000087b00000, 0x0000000087c00000|  0%| F|  |TAMS 0x0000000087b00000| PB 0x0000000087b00000| Untracked 
|  82|0x0000000087c00000, 0x0000000087c00000, 0x0000000087d00000|  0%| F|  |TAMS 0x0000000087c00000| PB 0x0000000087c00000| Untracked 
|  83|0x0000000087d00000, 0x0000000087d00000, 0x0000000087e00000|  0%| F|  |TAMS 0x0000000087d00000| PB 0x0000000087d00000| Untracked 
|  84|0x0000000087e00000, 0x0000000087e00000, 0x0000000087f00000|  0%| F|  |TAMS 0x0000000087e00000| PB 0x0000000087e00000| Untracked 
|  85|0x0000000087f00000, 0x0000000087f00000, 0x0000000088000000|  0%| F|  |TAMS 0x0000000087f00000| PB 0x0000000087f00000| Untracked 
|  86|0x0000000088000000, 0x0000000088000000, 0x0000000088100000|  0%| F|  |TAMS 0x0000000088000000| PB 0x0000000088000000| Untracked 
|  87|0x0000000088100000, 0x0000000088100000, 0x0000000088200000|  0%| F|  |TAMS 0x0000000088100000| PB 0x0000000088100000| Untracked 
|  88|0x0000000088200000, 0x0000000088200000, 0x0000000088300000|  0%| F|  |TAMS 0x0000000088200000| PB 0x0000000088200000| Untracked 
|  89|0x0000000088300000, 0x0000000088300000, 0x0000000088400000|  0%| F|  |TAMS 0x0000000088300000| PB 0x0000000088300000| Untracked 
|  90|0x0000000088400000, 0x0000000088400000, 0x0000000088500000|  0%| F|  |TAMS 0x0000000088400000| PB 0x0000000088400000| Untracked 
|  91|0x0000000088500000, 0x0000000088500000, 0x0000000088600000|  0%| F|  |TAMS 0x0000000088500000| PB 0x0000000088500000| Untracked 
|  92|0x0000000088600000, 0x0000000088600000, 0x0000000088700000|  0%| F|  |TAMS 0x0000000088600000| PB 0x0000000088600000| Untracked 
|  93|0x0000000088700000, 0x0000000088700000, 0x0000000088800000|  0%| F|  |TAMS 0x0000000088700000| PB 0x0000000088700000| Untracked 
|  94|0x0000000088800000, 0x0000000088800000, 0x0000000088900000|  0%| F|  |TAMS 0x0000000088800000| PB 0x0000000088800000| Untracked 
|  95|0x0000000088900000, 0x0000000088900000, 0x0000000088a00000|  0%| F|  |TAMS 0x0000000088900000| PB 0x0000000088900000| Untracked 
|  96|0x0000000088a00000, 0x0000000088a00000, 0x0000000088b00000|  0%| F|  |TAMS 0x0000000088a00000| PB 0x0000000088a00000| Untracked 
|  97|0x0000000088b00000, 0x0000000088b00000, 0x0000000088c00000|  0%| F|  |TAMS 0x0000000088b00000| PB 0x0000000088b00000| Untracked 
|  98|0x0000000088c00000, 0x0000000088c00000, 0x0000000088d00000|  0%| F|  |TAMS 0x0000000088c00000| PB 0x0000000088c00000| Untracked 
|  99|0x0000000088d00000, 0x0000000088d00000, 0x0000000088e00000|  0%| F|  |TAMS 0x0000000088d00000| PB 0x0000000088d00000| Untracked 
| 100|0x0000000088e00000, 0x0000000088e00000, 0x0000000088f00000|  0%| F|  |TAMS 0x0000000088e00000| PB 0x0000000088e00000| Untracked 
| 101|0x0000000088f00000, 0x0000000088f00000, 0x0000000089000000|  0%| F|  |TAMS 0x0000000088f00000| PB 0x0000000088f00000| Untracked 
| 102|0x0000000089000000, 0x0000000089000000, 0x0000000089100000|  0%| F|  |TAMS 0x0000000089000000| PB 0x0000000089000000| Untracked 
| 103|0x0000000089100000, 0x0000000089100000, 0x0000000089200000|  0%| F|  |TAMS 0x0000000089100000| PB 0x0000000089100000| Untracked 
| 104|0x0000000089200000, 0x0000000089200000, 0x0000000089300000|  0%| F|  |TAMS 0x0000000089200000| PB 0x0000000089200000| Untracked 
| 105|0x0000000089300000, 0x0000000089300000, 0x0000000089400000|  0%| F|  |TAMS 0x0000000089300000| PB 0x0000000089300000| Untracked 
| 106|0x0000000089400000, 0x0000000089400000, 0x0000000089500000|  0%| F|  |TAMS 0x0000000089400000| PB 0x0000000089400000| Untracked 
| 107|0x0000000089500000, 0x0000000089500000, 0x0000000089600000|  0%| F|  |TAMS 0x0000000089500000| PB 0x0000000089500000| Untracked 
| 108|0x0000000089600000, 0x0000000089600000, 0x0000000089700000|  0%| F|  |TAMS 0x0000000089600000| PB 0x0000000089600000| Untracked 
| 109|0x0000000089700000, 0x0000000089700000, 0x0000000089800000|  0%| F|  |TAMS 0x0000000089700000| PB 0x0000000089700000| Untracked 
| 110|0x0000000089800000, 0x0000000089900000, 0x0000000089900000|100%| E|  |TAMS 0x0000000089800000| PB 0x0000000089800000| Complete 
| 111|0x0000000089900000, 0x0000000089a00000, 0x0000000089a00000|100%| E|CS|TAMS 0x0000000089900000| PB 0x0000000089900000| Complete 
| 112|0x0000000089a00000, 0x0000000089b00000, 0x0000000089b00000|100%| E|CS|TAMS 0x0000000089a00000| PB 0x0000000089a00000| Complete 
| 113|0x0000000089b00000, 0x0000000089c00000, 0x0000000089c00000|100%| E|CS|TAMS 0x0000000089b00000| PB 0x0000000089b00000| Complete 
| 114|0x0000000089c00000, 0x0000000089d00000, 0x0000000089d00000|100%| E|CS|TAMS 0x0000000089c00000| PB 0x0000000089c00000| Complete 
| 115|0x0000000089d00000, 0x0000000089e00000, 0x0000000089e00000|100%| E|CS|TAMS 0x0000000089d00000| PB 0x0000000089d00000| Complete 
| 116|0x0000000089e00000, 0x0000000089f00000, 0x0000000089f00000|100%| E|CS|TAMS 0x0000000089e00000| PB 0x0000000089e00000| Complete 
| 117|0x0000000089f00000, 0x000000008a000000, 0x000000008a000000|100%| E|CS|TAMS 0x0000000089f00000| PB 0x0000000089f00000| Complete 
| 118|0x000000008a000000, 0x000000008a100000, 0x000000008a100000|100%| E|  |TAMS 0x000000008a000000| PB 0x000000008a000000| Complete 
| 119|0x000000008a100000, 0x000000008a200000, 0x000000008a200000|100%| E|CS|TAMS 0x000000008a100000| PB 0x000000008a100000| Complete 
| 120|0x000000008a200000, 0x000000008a300000, 0x000000008a300000|100%| E|CS|TAMS 0x000000008a200000| PB 0x000000008a200000| Complete 
| 121|0x000000008a300000, 0x000000008a400000, 0x000000008a400000|100%| E|CS|TAMS 0x000000008a300000| PB 0x000000008a300000| Complete 
| 122|0x000000008a400000, 0x000000008a500000, 0x000000008a500000|100%| E|CS|TAMS 0x000000008a400000| PB 0x000000008a400000| Complete 
| 123|0x000000008a500000, 0x000000008a600000, 0x000000008a600000|100%| E|CS|TAMS 0x000000008a500000| PB 0x000000008a500000| Complete 
| 124|0x000000008a600000, 0x000000008a700000, 0x000000008a700000|100%| E|CS|TAMS 0x000000008a600000| PB 0x000000008a600000| Complete 
| 125|0x000000008a700000, 0x000000008a800000, 0x000000008a800000|100%| E|CS|TAMS 0x000000008a700000| PB 0x000000008a700000| Complete 

Card table byte_map: [0x0000020c1f3f0000,0x0000020c1f7e0000] _byte_map_base: 0x0000020c1efdb000

Marking Bits: (CMBitMap*) 0x0000020c079feff0
 Bits: [0x0000020c1fbd0000, 0x0000020c21b28000)

Polling page: 0x0000020c058c0000

Metaspace:

Usage:
  Non-class:      6.45 MB used.
      Class:    516.84 KB used.
       Both:      6.96 MB used.

Virtual space:
  Non-class space:       64.00 MB reserved,       6.62 MB ( 10%) committed,  1 nodes.
      Class space:        1.00 GB reserved,     640.00 KB ( <1%) committed,  1 nodes.
             Both:        1.06 GB reserved,       7.25 MB ( <1%) committed. 

Chunk freelists:
   Non-Class:  3.80 MB
       Class:  3.38 MB
        Both:  7.18 MB

MaxMetaspaceSize: unlimited
CompressedClassSpaceSize: 1.00 GB
Initial GC threshold: 21.00 MB
Current GC threshold: 21.00 MB
CDS: on
MetaspaceReclaimPolicy: balanced
 - commit_granule_bytes: 65536.
 - commit_granule_words: 8192.
 - virtual_space_node_default_size: 8388608.
 - enlarge_chunks_in_place: 1.
 - new_chunks_are_fully_committed: 0.
 - uncommit_free_chunks: 1.
 - use_allocation_guard: 0.


Internal statistics:

num_allocs_failed_limit: 0.
num_arena_births: 226.
num_arena_deaths: 0.
num_vsnodes_births: 2.
num_vsnodes_deaths: 0.
num_space_committed: 114.
num_space_uncommitted: 0.
num_chunks_returned_to_freelist: 0.
num_chunks_taken_from_freelist: 436.
num_chunk_merges: 0.
num_chunk_splits: 292.
num_chunks_enlarged: 194.
num_inconsistent_stats: 0.

CodeHeap 'non-profiled nmethods': size=120000Kb used=310Kb max_used=310Kb free=119689Kb
 bounds [0x0000020c177a0000, 0x0000020c17a10000, 0x0000020c1ecd0000]
CodeHeap 'profiled nmethods': size=120000Kb used=1683Kb max_used=1683Kb free=118316Kb
 bounds [0x0000020c0fcd0000, 0x0000020c0ff40000, 0x0000020c17200000]
CodeHeap 'non-nmethods': size=5760Kb used=2426Kb max_used=2439Kb free=3334Kb
 bounds [0x0000020c17200000, 0x0000020c17470000, 0x0000020c177a0000]
 total_blobs=2331 nmethods=1031 adapters=1211
 compilation: enabled
              stopped_count=0, restarted_count=0
 full_count=0

Compilation events (20 events):
Event: 0.683 Thread 0x0000020c2456e630 1021       3       java.security.SecureClassLoader$CodeSourceKey::<init> (10 bytes)
Event: 0.683 Thread 0x0000020c2456e630 nmethod 1021 0x0000020c0fe70d90 code [0x0000020c0fe70f20, 0x0000020c0fe71148]
Event: 0.683 Thread 0x0000020c2456e630 1022       3       java.security.SecureClassLoader$1::<init> (10 bytes)
Event: 0.683 Thread 0x0000020c2456e630 nmethod 1022 0x0000020c0fe71210 code [0x0000020c0fe713a0, 0x0000020c0fe71568]
Event: 0.683 Thread 0x0000020c2456e630 1023       3       java.security.SecureClassLoader$CodeSourceKey::hashCode (21 bytes)
Event: 0.683 Thread 0x0000020c2456e630 nmethod 1023 0x0000020c0fe71610 code [0x0000020c0fe717c0, 0x0000020c0fe719a8]
Event: 0.683 Thread 0x0000020c2456e630 1024       3       java.lang.ClassLoader::preDefineClass (118 bytes)
Event: 0.684 Thread 0x0000020c2456e630 nmethod 1024 0x0000020c0fe71a90 code [0x0000020c0fe71dc0, 0x0000020c0fe72f48]
Event: 0.684 Thread 0x0000020c2456e630 1025   !   3       java.lang.ClassLoader::addClass (27 bytes)
Event: 0.684 Thread 0x0000020c2456e630 nmethod 1025 0x0000020c0fe73690 code [0x0000020c0fe73860, 0x0000020c0fe73e28]
Event: 0.684 Thread 0x0000020c2456e630 1026       3       java.lang.Thread::interrupted (7 bytes)
Event: 0.684 Thread 0x0000020c2456e630 nmethod 1026 0x0000020c0fe74190 code [0x0000020c0fe74320, 0x0000020c0fe74588]
Event: 0.684 Thread 0x0000020c2456e630 1027       3       java.lang.Thread::getAndClearInterrupt (19 bytes)
Event: 0.684 Thread 0x0000020c2456e630 nmethod 1027 0x0000020c0fe74690 code [0x0000020c0fe74820, 0x0000020c0fe749a8]
Event: 0.694 Thread 0x0000020c2456d8b0 1029       4       jdk.internal.util.ArraysSupport::newLength (27 bytes)
Event: 0.694 Thread 0x0000020c2456e630 1030       3       org.joml.Vector2f::<init> (15 bytes)
Event: 0.694 Thread 0x0000020c2456e630 nmethod 1030 0x0000020c0fe74a90 code [0x0000020c0fe74c20, 0x0000020c0fe74d90]
Event: 0.694 Thread 0x0000020c2456e630 1031       1       main.haspid.Camera::getPosition (5 bytes)
Event: 0.694 Thread 0x0000020c2456e630 nmethod 1031 0x0000020c177ed510 code [0x0000020c177ed680, 0x0000020c177ed748]
Event: 0.694 Thread 0x0000020c2456d8b0 nmethod 1029 0x0000020c177ed810 code [0x0000020c177ed980, 0x0000020c177eda18]

GC Heap History (0 events):
No events

Dll operation events (16 events):
Event: 0.011 Loaded shared library C:\Users\sangral\.jdks\corretto-20.0.2.1\bin\java.dll
Event: 0.030 Loaded shared library C:\Users\sangral\.jdks\corretto-20.0.2.1\bin\jsvml.dll
Event: 0.077 Loaded shared library C:\Users\sangral\.jdks\corretto-20.0.2.1\bin\zip.dll
Event: 0.079 Loaded shared library C:\Users\sangral\.jdks\corretto-20.0.2.1\bin\instrument.dll
Event: 0.082 Loaded shared library C:\Users\sangral\.jdks\corretto-20.0.2.1\bin\net.dll
Event: 0.084 Loaded shared library C:\Users\sangral\.jdks\corretto-20.0.2.1\bin\nio.dll
Event: 0.090 Loaded shared library C:\Users\sangral\.jdks\corretto-20.0.2.1\bin\zip.dll
Event: 0.107 Loaded shared library C:\Program Files\JetBrains\IntelliJ IDEA Community Edition 2023.3.5\bin\breakgen64.dll
Event: 0.112 Loaded shared library C:\Users\sangral\.jdks\corretto-20.0.2.1\bin\extnet.dll
Event: 0.118 Loaded shared library C:\Users\sangral\.jdks\corretto-20.0.2.1\bin\jimage.dll
Event: 0.161 Loaded shared library C:\Users\sangral\AppData\Local\Temp\lwjgl_sangral\3.3.3-snapshot\x64\lwjgl.dll
Event: 0.212 Loaded shared library C:\Users\sangral\.jdks\corretto-20.0.2.1\bin\verify.dll
Event: 0.222 Loaded shared library C:\Users\sangral\.jdks\corretto-20.0.2.1\bin\awt.dll
Event: 0.335 Loaded shared library C:\Users\sangral\AppData\Local\Temp\lwjgl_sangral\3.3.3-snapshot\x64\lwjgl_opengl.dll
Event: 0.451 Loaded shared library C:\Users\sangral\AppData\Local\Temp\lwjgl_sangral\3.3.3-snapshot\x64\lwjgl_stb.dll
Event: 0.617 Loaded shared library E:\repo\Haspid2DEngine\libs\imgui-java64.dll

Deoptimization events (14 events):
Event: 0.173 Thread 0x0000020c0799e1e0 DEOPT PACKING pc=0x0000020c0fcf8157 sp=0x000000340e0fd520
Event: 0.173 Thread 0x0000020c0799e1e0 DEOPT UNPACKING pc=0x0000020c1726a4c2 sp=0x000000340e0fc940 mode 0
Event: 0.187 Thread 0x0000020c0799e1e0 DEOPT PACKING pc=0x0000020c0fcd80c1 sp=0x000000340e0fd6a0
Event: 0.187 Thread 0x0000020c0799e1e0 DEOPT UNPACKING pc=0x0000020c1726a4c2 sp=0x000000340e0fcb18 mode 0
Event: 0.347 Thread 0x0000020c0799e1e0 Uncommon trap: trap_request=0xffffff54 fr.pc=0x0000020c177d4ff4 relative=0x0000000000000074
Event: 0.347 Thread 0x0000020c0799e1e0 Uncommon trap: reason=speculate_null_assert action=make_not_entrant pc=0x0000020c177d4ff4 method=sun.misc.Unsafe.putLong(Ljava/lang/Object;JJ)V @ 7 c2
Event: 0.347 Thread 0x0000020c0799e1e0 DEOPT PACKING pc=0x0000020c177d4ff4 sp=0x000000340e0ff160
Event: 0.347 Thread 0x0000020c0799e1e0 DEOPT UNPACKING pc=0x0000020c17269d22 sp=0x000000340e0ff0d8 mode 2
Event: 0.502 Thread 0x0000020c0799e1e0 DEOPT PACKING pc=0x0000020c0fd383f5 sp=0x000000340e0fa6c0
Event: 0.502 Thread 0x0000020c0799e1e0 DEOPT UNPACKING pc=0x0000020c1726a4c2 sp=0x000000340e0f9b10 mode 0
Event: 0.532 Thread 0x0000020c0799e1e0 Uncommon trap: trap_request=0xffffff45 fr.pc=0x0000020c177ae400 relative=0x0000000000000b00
Event: 0.532 Thread 0x0000020c0799e1e0 Uncommon trap: reason=unstable_if action=reinterpret pc=0x0000020c177ae400 method=java.util.HashMap.putVal(ILjava/lang/Object;Ljava/lang/Object;ZZ)Ljava/lang/Object; @ 181 c2
Event: 0.532 Thread 0x0000020c0799e1e0 DEOPT PACKING pc=0x0000020c177ae400 sp=0x000000340e0fef20
Event: 0.532 Thread 0x0000020c0799e1e0 DEOPT UNPACKING pc=0x0000020c17269d22 sp=0x000000340e0feee0 mode 2

Classes loaded (20 events):
Event: 0.568 Loading class java/lang/reflect/Proxy$ProxyBuilder$ProxyClassContext
Event: 0.568 Loading class java/lang/reflect/Proxy$ProxyBuilder$ProxyClassContext done
Event: 0.568 Loading class java/lang/reflect/ProxyGenerator
Event: 0.568 Loading class java/lang/reflect/ProxyGenerator done
Event: 0.569 Loading class java/lang/reflect/ProxyGenerator$ProxyMethod
Event: 0.569 Loading class java/lang/reflect/ProxyGenerator$ProxyMethod done
Event: 0.569 Loading class java/lang/InterruptedException
Event: 0.569 Loading class java/lang/InterruptedException done
Event: 0.570 Loading class java/lang/reflect/ProxyGenerator$PrimitiveTypeInfo
Event: 0.570 Loading class java/lang/reflect/ProxyGenerator$PrimitiveTypeInfo done
Event: 0.570 Loading class jdk/internal/org/objectweb/asm/Edge
Event: 0.570 Loading class jdk/internal/org/objectweb/asm/Edge done
Event: 0.571 Loading class java/lang/reflect/Proxy$ProxyBuilder$1
Event: 0.572 Loading class java/lang/reflect/Proxy$ProxyBuilder$1 done
Event: 0.614 Loading class java/nio/file/AccessDeniedException
Event: 0.614 Loading class java/nio/file/AccessDeniedException done
Event: 0.615 Loading class java/io/UncheckedIOException
Event: 0.615 Loading class java/io/UncheckedIOException done
Event: 0.667 Loading class java/util/ComparableTimSort
Event: 0.667 Loading class java/util/ComparableTimSort done

Classes unloaded (0 events):
No events

Classes redefined (0 events):
No events

Internal exceptions (20 events):
Event: 0.226 Thread 0x0000020c0799e1e0 Exception <a 'java/io/FileNotFoundException'{0x000000008a1c0508}> (0x000000008a1c0508) 
thrown [s\src\hotspot\share\prims\jni.cpp, line 519]
Event: 0.229 Thread 0x0000020c0799e1e0 Exception <a 'java/io/FileNotFoundException'{0x000000008a1ea450}> (0x000000008a1ea450) 
thrown [s\src\hotspot\share\prims\jni.cpp, line 519]
Event: 0.292 Thread 0x0000020c0799e1e0 Exception <a 'java/lang/NoSuchMethodError'{0x000000008a006bc8}: 'void java.lang.invoke.DirectMethodHandle$Holder.invokeStaticInit(java.lang.Object, long, int, int, int, int)'> (0x000000008a006bc8) 
thrown [s\src\hotspot\share\interpreter\linkResolver.cpp, line 773]
Event: 0.295 Thread 0x0000020c0799e1e0 Exception <a 'java/lang/NoSuchMethodError'{0x000000008a01e9e8}: 'void java.lang.invoke.DirectMethodHandle$Holder.invokeStaticInit(java.lang.Object, long, double, double)'> (0x000000008a01e9e8) 
thrown [s\src\hotspot\share\interpreter\linkResolver.cpp, line 773]
Event: 0.296 Thread 0x0000020c0799e1e0 Exception <a 'java/lang/NoSuchMethodError'{0x000000008a02bd70}: 'void java.lang.invoke.DirectMethodHandle$Holder.invokeStaticInit(java.lang.Object, long, int, int, int)'> (0x000000008a02bd70) 
thrown [s\src\hotspot\share\interpreter\linkResolver.cpp, line 773]
Event: 0.324 Thread 0x0000020c0799e1e0 Exception <a 'java/lang/NoSuchMethodError'{0x000000008a05e058}: 'void java.lang.System.load(java.lang.String, java.lang.Class)'> (0x000000008a05e058) 
thrown [s\src\hotspot\share\interpreter\linkResolver.cpp, line 773]
Event: 0.325 Thread 0x0000020c0799e1e0 Exception <a 'java/lang/NoSuchMethodError'{0x000000008a060e40}: 'void java.lang.System.loadLibrary(java.lang.String, java.lang.Class)'> (0x000000008a060e40) 
thrown [s\src\hotspot\share\interpreter\linkResolver.cpp, line 773]
Event: 0.331 Thread 0x0000020c0799e1e0 Exception <a 'sun/nio/fs/WindowsException'{0x000000008a06baa8}> (0x000000008a06baa8) 
thrown [s\src\hotspot\share\prims\jni.cpp, line 519]
Event: 0.331 Thread 0x0000020c0799e1e0 Exception <a 'sun/nio/fs/WindowsException'{0x000000008a06be88}> (0x000000008a06be88) 
thrown [s\src\hotspot\share\prims\jni.cpp, line 519]
Event: 0.341 Thread 0x0000020c0799e1e0 Exception <a 'sun/nio/fs/WindowsException'{0x000000008a079b88}> (0x000000008a079b88) 
thrown [s\src\hotspot\share\prims\jni.cpp, line 519]
Event: 0.342 Thread 0x0000020c0799e1e0 Exception <a 'sun/nio/fs/WindowsException'{0x000000008a079ea8}> (0x000000008a079ea8) 
thrown [s\src\hotspot\share\prims\jni.cpp, line 519]
Event: 0.441 Thread 0x0000020c0799e1e0 Exception <a 'java/lang/NoSuchMethodError'{0x0000000089edfd50}: 'void java.lang.System.load(java.lang.String, java.lang.Class)'> (0x0000000089edfd50) 
thrown [s\src\hotspot\share\interpreter\linkResolver.cpp, line 773]
Event: 0.444 Thread 0x0000020c0799e1e0 Exception <a 'java/lang/NoSuchMethodError'{0x0000000089ee2b40}: 'void java.lang.System.loadLibrary(java.lang.String, java.lang.Class)'> (0x0000000089ee2b40) 
thrown [s\src\hotspot\share\interpreter\linkResolver.cpp, line 773]
Event: 0.450 Thread 0x0000020c0799e1e0 Exception <a 'sun/nio/fs/WindowsException'{0x0000000089ef1cd0}> (0x0000000089ef1cd0) 
thrown [s\src\hotspot\share\prims\jni.cpp, line 519]
Event: 0.450 Thread 0x0000020c0799e1e0 Exception <a 'sun/nio/fs/WindowsException'{0x0000000089ef2090}> (0x0000000089ef2090) 
thrown [s\src\hotspot\share\prims\jni.cpp, line 519]
Event: 0.550 Thread 0x0000020c0799e1e0 Exception <a 'java/lang/NoSuchMethodError'{0x0000000089bb6b28}: 'float java.lang.invoke.DelegatingMethodHandle$Holder.reinvoke_L(java.lang.Object, java.lang.Object)'> (0x0000000089bb6b28) 
thrown [s\src\hotspot\share\interpreter\linkResolver.cpp, line 773]
Event: 0.551 Thread 0x0000020c0799e1e0 Exception <a 'java/lang/NoSuchMethodError'{0x0000000089bc0ab0}: 'void java.lang.invoke.DelegatingMethodHandle$Holder.reinvoke_L(java.lang.Object, java.lang.Object, float)'> (0x0000000089bc0ab0) 
thrown [s\src\hotspot\share\interpreter\linkResolver.cpp, line 773]
Event: 0.553 Thread 0x0000020c0799e1e0 Exception <a 'java/lang/NoSuchMethodError'{0x0000000089bdb940}: 'void java.lang.invoke.Invokers$Holder.invokeExact_MT(java.lang.Object, java.lang.Object, java.lang.Object, java.lang.Object)'> (0x0000000089bdb940) 
thrown [s\src\hotspot\share\interpreter\linkResolver.cpp, line 773]
Event: 0.580 Thread 0x0000020c0799e1e0 Exception <a 'java/lang/NoSuchMethodError'{0x0000000089a44908}: 'void java.lang.invoke.DelegatingMethodHandle$Holder.reinvoke_L(java.lang.Object, java.lang.Object, int)'> (0x0000000089a44908) 
thrown [s\src\hotspot\share\interpreter\linkResolver.cpp, line 773]
Event: 0.581 Thread 0x0000020c0799e1e0 Exception <a 'java/lang/NoSuchMethodError'{0x0000000089a4b148}: 'void java.lang.invoke.Invokers$Holder.invokeExact_MT(java.lang.Object, java.lang.Object, int, java.lang.Object)'> (0x0000000089a4b148) 
thrown [s\src\hotspot\share\interpreter\linkResolver.cpp, line 773]

VM Operations (4 events):
Event: 0.064 Executing VM operation: HandshakeAllThreads
Event: 0.064 Executing VM operation: HandshakeAllThreads done
Event: 0.109 Executing VM operation: HandshakeAllThreads
Event: 0.109 Executing VM operation: HandshakeAllThreads done

Events (12 events):
Event: 0.030 Thread 0x0000020c0799e1e0 Thread added: 0x0000020c0799e1e0
Event: 0.039 Thread 0x0000020c24555150 Thread added: 0x0000020c24555150
Event: 0.039 Thread 0x0000020c24556190 Thread added: 0x0000020c24556190
Event: 0.040 Thread 0x0000020c24558b00 Thread added: 0x0000020c24558b00
Event: 0.040 Thread 0x0000020c2455a7f0 Thread added: 0x0000020c2455a7f0
Event: 0.040 Thread 0x0000020c2455e9a0 Thread added: 0x0000020c2455e9a0
Event: 0.040 Thread 0x0000020c2455d9b0 Thread added: 0x0000020c2455d9b0
Event: 0.040 Thread 0x0000020c2456d8b0 Thread added: 0x0000020c2456d8b0
Event: 0.040 Thread 0x0000020c2456e630 Thread added: 0x0000020c2456e630
Event: 0.059 Thread 0x0000020c2455d460 Thread added: 0x0000020c2455d460
Event: 0.107 Thread 0x0000020c2455eef0 Thread added: 0x0000020c2455eef0
Event: 0.107 Thread 0x0000020c24560980 Thread added: 0x0000020c24560980


Dynamic libraries:
0x00007ff712c80000 - 0x00007ff712c8e000 	C:\Users\sangral\.jdks\corretto-20.0.2.1\bin\java.exe
0x00007ffe420f0000 - 0x00007ffe42306000 	C:\WINDOWS\SYSTEM32\ntdll.dll
0x00007ffe404f0000 - 0x00007ffe405b4000 	C:\WINDOWS\System32\KERNEL32.DLL
0x00007ffe3fa90000 - 0x00007ffe3fe36000 	C:\WINDOWS\System32\KERNELBASE.dll
0x00007ffe3f6f0000 - 0x00007ffe3f801000 	C:\WINDOWS\System32\ucrtbase.dll
0x00007ffe3d050000 - 0x00007ffe3d067000 	C:\Users\sangral\.jdks\corretto-20.0.2.1\bin\jli.dll
0x00007ffe3d030000 - 0x00007ffe3d04b000 	C:\Users\sangral\.jdks\corretto-20.0.2.1\bin\VCRUNTIME140.dll
0x00007ffe41e30000 - 0x00007ffe41fdd000 	C:\WINDOWS\System32\USER32.dll
0x00007ffe2cfd0000 - 0x00007ffe2d263000 	C:\WINDOWS\WinSxS\amd64_microsoft.windows.common-controls_6595b64144ccf1df_6.0.22621.3235_none_270f74e173860f98\COMCTL32.dll
0x00007ffe3f550000 - 0x00007ffe3f576000 	C:\WINDOWS\System32\win32u.dll
0x00007ffe40270000 - 0x00007ffe40317000 	C:\WINDOWS\System32\msvcrt.dll
0x00007ffe41fe0000 - 0x00007ffe42009000 	C:\WINDOWS\System32\GDI32.dll
0x00007ffe3f430000 - 0x00007ffe3f548000 	C:\WINDOWS\System32\gdi32full.dll
0x00007ffe3f810000 - 0x00007ffe3f8aa000 	C:\WINDOWS\System32\msvcp_win.dll
0x00007ffe40320000 - 0x00007ffe40351000 	C:\WINDOWS\System32\IMM32.DLL
0x00007ffe3d080000 - 0x00007ffe3d08c000 	C:\Users\sangral\.jdks\corretto-20.0.2.1\bin\vcruntime140_1.dll
0x00007ffe373e0000 - 0x00007ffe3746e000 	C:\Users\sangral\.jdks\corretto-20.0.2.1\bin\msvcp140.dll
0x00007ffe07e80000 - 0x00007ffe08b84000 	C:\Users\sangral\.jdks\corretto-20.0.2.1\bin\server\jvm.dll
0x00007ffe40620000 - 0x00007ffe406d2000 	C:\WINDOWS\System32\ADVAPI32.dll
0x00007ffe40100000 - 0x00007ffe401a8000 	C:\WINDOWS\System32\sechost.dll
0x00007ffe3f640000 - 0x00007ffe3f668000 	C:\WINDOWS\System32\bcrypt.dll
0x00007ffe40360000 - 0x00007ffe40475000 	C:\WINDOWS\System32\RPCRT4.dll
0x00007ffe345b0000 - 0x00007ffe345b9000 	C:\WINDOWS\SYSTEM32\WSOCK32.dll
0x00007ffe370e0000 - 0x00007ffe37114000 	C:\WINDOWS\SYSTEM32\WINMM.dll
0x00007ffe36790000 - 0x00007ffe3679a000 	C:\WINDOWS\SYSTEM32\VERSION.dll
0x00007ffe415a0000 - 0x00007ffe41611000 	C:\WINDOWS\System32\WS2_32.dll
0x00007ffe3e560000 - 0x00007ffe3e578000 	C:\WINDOWS\SYSTEM32\kernel.appcore.dll
0x00007ffe3d020000 - 0x00007ffe3d02a000 	C:\Users\sangral\.jdks\corretto-20.0.2.1\bin\jimage.dll
0x00007ffe3cbd0000 - 0x00007ffe3ce03000 	C:\WINDOWS\SYSTEM32\DBGHELP.DLL
0x00007ffe41620000 - 0x00007ffe419a8000 	C:\WINDOWS\System32\combase.dll
0x00007ffe41370000 - 0x00007ffe41447000 	C:\WINDOWS\System32\OLEAUT32.dll
0x00007ffe1a800000 - 0x00007ffe1a832000 	C:\WINDOWS\SYSTEM32\dbgcore.DLL
0x00007ffe3f670000 - 0x00007ffe3f6ea000 	C:\WINDOWS\System32\bcryptPrimitives.dll
0x00007ffe3cfc0000 - 0x00007ffe3cfce000 	C:\Users\sangral\.jdks\corretto-20.0.2.1\bin\instrument.dll
0x00007ffe3a080000 - 0x00007ffe3a0a6000 	C:\Users\sangral\.jdks\corretto-20.0.2.1\bin\java.dll
0x00007ffe36830000 - 0x00007ffe36907000 	C:\Users\sangral\.jdks\corretto-20.0.2.1\bin\jsvml.dll
0x00007ffe40970000 - 0x00007ffe411cd000 	C:\WINDOWS\System32\SHELL32.dll
0x00007ffe3d3a0000 - 0x00007ffe3dc98000 	C:\WINDOWS\SYSTEM32\windows.storage.dll
0x00007ffe3d260000 - 0x00007ffe3d39e000 	C:\WINDOWS\SYSTEM32\wintypes.dll
0x00007ffe41450000 - 0x00007ffe41543000 	C:\WINDOWS\System32\SHCORE.dll
0x00007ffe40490000 - 0x00007ffe404ee000 	C:\WINDOWS\System32\shlwapi.dll
0x00007ffe3f360000 - 0x00007ffe3f386000 	C:\WINDOWS\SYSTEM32\profapi.dll
0x00007ffe380b0000 - 0x00007ffe380c8000 	C:\Users\sangral\.jdks\corretto-20.0.2.1\bin\zip.dll
0x00007ffe3b260000 - 0x00007ffe3b273000 	C:\Users\sangral\.jdks\corretto-20.0.2.1\bin\net.dll
0x00007ffe38960000 - 0x00007ffe38a97000 	C:\WINDOWS\SYSTEM32\WINHTTP.dll
0x00007ffe3e9e0000 - 0x00007ffe3ea49000 	C:\WINDOWS\system32\mswsock.dll
0x00007ffe38180000 - 0x00007ffe38196000 	C:\Users\sangral\.jdks\corretto-20.0.2.1\bin\nio.dll
0x00007ffe364a0000 - 0x00007ffe364ba000 	C:\Program Files\JetBrains\IntelliJ IDEA Community Edition 2023.3.5\bin\breakgen64.dll
0x00007ffe39870000 - 0x00007ffe39877000 	C:\Users\sangral\.jdks\corretto-20.0.2.1\bin\extnet.dll
0x00007ffe22d90000 - 0x00007ffe22e0b000 	C:\Users\sangral\AppData\Local\Temp\lwjgl_sangral\3.3.3-snapshot\x64\lwjgl.dll
0x00007ffe0c050000 - 0x00007ffe0c0d2000 	C:\Users\sangral\AppData\Local\Temp\lwjgl_sangral\3.3.3-snapshot\x64\glfw.dll
0x00007ffe1afd0000 - 0x00007ffe1b016000 	C:\WINDOWS\SYSTEM32\dinput8.dll
0x00007ffe36480000 - 0x00007ffe36491000 	C:\WINDOWS\SYSTEM32\xinput1_4.dll
0x00007ffe3f120000 - 0x00007ffe3f16e000 	C:\WINDOWS\SYSTEM32\cfgmgr32.dll
0x00007ffe3f0f0000 - 0x00007ffe3f11c000 	C:\WINDOWS\SYSTEM32\DEVOBJ.dll
0x00007ffe3c780000 - 0x00007ffe3c7ab000 	C:\WINDOWS\SYSTEM32\dwmapi.dll
0x00007ffe2b960000 - 0x00007ffe2bb6a000 	C:\WINDOWS\SYSTEM32\inputhost.dll
0x00007ffe3c110000 - 0x00007ffe3c244000 	C:\WINDOWS\SYSTEM32\CoreMessaging.dll
0x00007ffe3c540000 - 0x00007ffe3c5eb000 	C:\WINDOWS\system32\uxtheme.dll
0x00007ffe3fe40000 - 0x00007ffe3ff94000 	C:\WINDOWS\System32\MSCTF.dll
0x00007ffe3ec30000 - 0x00007ffe3ec3c000 	C:\WINDOWS\SYSTEM32\CRYPTBASE.DLL
0x00007ffe38540000 - 0x00007ffe38550000 	C:\Users\sangral\.jdks\corretto-20.0.2.1\bin\verify.dll
0x00007ffe079e0000 - 0x00007ffe07b70000 	C:\Users\sangral\.jdks\corretto-20.0.2.1\bin\awt.dll
0x00007ffe3c400000 - 0x00007ffe3c497000 	C:\WINDOWS\SYSTEM32\apphelp.dll
0x00007ffe2f4a0000 - 0x00007ffe2f5a0000 	C:\WINDOWS\SYSTEM32\opengl32.dll
0x00007ffe31100000 - 0x00007ffe3112d000 	C:\WINDOWS\SYSTEM32\GLU32.dll
0x00007ffe3c7f0000 - 0x00007ffe3c829000 	C:\WINDOWS\SYSTEM32\dxcore.dll
0x00007ffe383f0000 - 0x00007ffe3843a000 	C:\WINDOWS\SYSTEM32\directxdatabasehelper.dll
0x00007ffe406f0000 - 0x00007ffe407a0000 	C:\WINDOWS\System32\clbcatq.dll
0x00007ffdfca80000 - 0x00007ffdfd9b1000 	C:\WINDOWS\System32\DriverStore\FileRepository\iigd_dch.inf_amd64_2b7bcff446ea567f\ig9icd64.dll
0x00007ffe411d0000 - 0x00007ffe4136f000 	C:\WINDOWS\System32\ole32.dll
0x00007ffe3c670000 - 0x00007ffe3c768000 	C:\WINDOWS\system32\dxgi.dll
0x00007ffe369c0000 - 0x00007ffe36b65000 	C:\WINDOWS\System32\DriverStore\FileRepository\iigd_dch.inf_amd64_2b7bcff446ea567f\igdgmm64.dll
0x00007ffe0c690000 - 0x00007ffe0f146000 	C:\WINDOWS\System32\DriverStore\FileRepository\iigd_dch.inf_amd64_2b7bcff446ea567f\igc64.dll
0x00007ffe3e2c0000 - 0x00007ffe3e30d000 	C:\WINDOWS\SYSTEM32\powrprof.dll
0x00007ffe3e2a0000 - 0x00007ffe3e2b3000 	C:\WINDOWS\SYSTEM32\UMPDC.dll
0x00007ffe06a20000 - 0x00007ffe06e05000 	C:\WINDOWS\System32\DriverStore\FileRepository\iigd_dch.inf_amd64_2b7bcff446ea567f\igdml64.dll
0x00007ffe2db90000 - 0x00007ffe2dcda000 	C:\WINDOWS\SYSTEM32\textinputframework.dll
0x00007ffe36d70000 - 0x00007ffe370dc000 	C:\WINDOWS\SYSTEM32\CoreUIComponents.dll
0x00007ffe16800000 - 0x00007ffe1685e000 	C:\Users\sangral\AppData\Local\Temp\lwjgl_sangral\3.3.3-snapshot\x64\lwjgl_opengl.dll
0x00007ffe0b390000 - 0x00007ffe0b412000 	C:\Users\sangral\AppData\Local\Temp\lwjgl_sangral\3.3.3-snapshot\x64\lwjgl_stb.dll
0x00007ffdfa1d0000 - 0x00007ffdfaf2d000 	E:\repo\Haspid2DEngine\libs\imgui-java64.dll

dbghelp: loaded successfully - version: 4.0.5 - missing functions: none
symbol engine: initialized successfully - sym options: 0x614 - pdb path: .;C:\Users\sangral\.jdks\corretto-20.0.2.1\bin;C:\WINDOWS\SYSTEM32;C:\WINDOWS\WinSxS\amd64_microsoft.windows.common-controls_6595b64144ccf1df_6.0.22621.3235_none_270f74e173860f98;C:\Users\sangral\.jdks\corretto-20.0.2.1\bin\server;C:\Program Files\JetBrains\IntelliJ IDEA Community Edition 2023.3.5\bin;C:\Users\sangral\AppData\Local\Temp\lwjgl_sangral\3.3.3-snapshot\x64;C:\WINDOWS\System32\DriverStore\FileRepository\iigd_dch.inf_amd64_2b7bcff446ea567f;E:\repo\Haspid2DEngine\libs

VM Arguments:
jvm_args: -Djava.library.path=E:\repo\Haspid2DEngine\libs -javaagent:C:\Program Files\JetBrains\IntelliJ IDEA Community Edition 2023.3.5\lib\idea_rt.jar=55261:C:\Program Files\JetBrains\IntelliJ IDEA Community Edition 2023.3.5\bin -Dfile.encoding=UTF-8 -Dsun.stdout.encoding=UTF-8 -Dsun.stderr.encoding=UTF-8 
java_command: main.Main
java_class_path (initial): E:\repo\Haspid2DEngine\out\production\Haspid2DEngine;E:\repo\Haspid2DEngine\libs\imgui-app-1.86.11-all.jar;E:\repo\Haspid2DEngine\libs\imgui-app-1.86.11.jar;E:\repo\Haspid2DEngine\libs\imgui-binding-1.86.11.jar;E:\repo\Haspid2DEngine\libs\imgui-java64.dll;E:\repo\Haspid2DEngine\libs\imgui-lwjgl3-1.86.11.jar;E:\repo\Haspid2DEngine\libs\joml-1.10.5.jar;E:\repo\Haspid2DEngine\libs\lwjgl-assimp-natives-windows.jar;E:\repo\Haspid2DEngine\libs\lwjgl-assimp.jar;E:\repo\Haspid2DEngine\libs\lwjgl-glfw-natives-windows.jar;E:\repo\Haspid2DEngine\libs\lwjgl-glfw.jar;E:\repo\Haspid2DEngine\libs\lwjgl-natives-windows.jar;E:\repo\Haspid2DEngine\libs\lwjgl-nfd-natives-windows.jar;E:\repo\Haspid2DEngine\libs\lwjgl-nfd.jar;E:\repo\Haspid2DEngine\libs\lwjgl-openal-natives-windows.jar;E:\repo\Haspid2DEngine\libs\lwjgl-openal.jar;E:\repo\Haspid2DEngine\libs\lwjgl-opengl-natives-windows.jar;E:\repo\Haspid2DEngine\libs\lwjgl-opengl.jar;E:\repo\Haspid2DEngine\libs\lwjgl-stb-natives-windows.jar;E:\repo\Haspid2DEngine\libs\lwjgl-stb.jar;E:\repo\Haspid2DEngine\libs\lwjgl.jar;E:\repo\Haspid2DEngine\libs\gson-2.10.1.jar
Launcher Type: SUN_STANDARD

[Global flags]
     intx CICompilerCount                          = 4                                         {product} {ergonomic}
     uint ConcGCThreads                            = 2                                         {product} {ergonomic}
     uint G1ConcRefinementThreads                  = 8                                         {product} {ergonomic}
   size_t G1HeapRegionSize                         = 1048576                                   {product} {ergonomic}
    uintx GCDrainStackTargetSize                   = 64                                        {product} {ergonomic}
   size_t InitialHeapSize                          = 132120576                                 {product} {ergonomic}
   size_t MarkStackSize                            = 4194304                                   {product} {ergonomic}
   size_t MaxHeapSize                              = 2103443456                                {product} {ergonomic}
   size_t MaxNewSize                               = 1261436928                                {product} {ergonomic}
   size_t MinHeapDeltaBytes                        = 1048576                                   {product} {ergonomic}
   size_t MinHeapSize                              = 8388608                                   {product} {ergonomic}
    uintx NonNMethodCodeHeapSize                   = 5839372                                {pd product} {ergonomic}
    uintx NonProfiledCodeHeapSize                  = 122909434                              {pd product} {ergonomic}
    uintx ProfiledCodeHeapSize                     = 122909434                              {pd product} {ergonomic}
    uintx ReservedCodeCacheSize                    = 251658240                              {pd product} {ergonomic}
     bool SegmentedCodeCache                       = true                                      {product} {ergonomic}
   size_t SoftMaxHeapSize                          = 2103443456                             {manageable} {ergonomic}
     bool UseCompressedClassPointers               = true                           {product lp64_product} {ergonomic}
     bool UseCompressedOops                        = true                           {product lp64_product} {ergonomic}
     bool UseG1GC                                  = true                                      {product} {ergonomic}
     bool UseLargePagesIndividualAllocation        = false                                  {pd product} {ergonomic}

Logging:
Log output configuration:
 #0: stdout all=warning uptime,level,tags foldmultilines=false
 #1: stderr all=off uptime,level,tags foldmultilines=false

Environment Variables:
PATH=C:\Program Files (x86)\Common Files\Oracle\Java\javapath;C:\WINDOWS\system32;C:\WINDOWS;C:\WINDOWS\System32\Wbem;C:\WINDOWS\System32\WindowsPowerShell\v1.0\;C:\WINDOWS\System32\OpenSSH\;E:\system\Git\cmd;C:\Users\sangral\AppData\Local\Microsoft\WindowsApps;E:\system\Microsoft VS Code\bin
USERNAME=sangral
OS=Windows_NT
PROCESSOR_IDENTIFIER=Intel64 Family 6 Model 165 Stepping 2, GenuineIntel
TMP=C:\Users\sangral\AppData\Local\Temp
TEMP=C:\Users\sangral\AppData\Local\Temp




---------------  S Y S T E M  ---------------

OS:
 Windows 11 , 64 bit Build 22621 (10.0.22621.3235)
OS uptime: 21 days 0:57 hours

CPU: total 8 (initial active 8) (4 cores per cpu, 2 threads per core) family 6 model 165 stepping 2 microcode 0xea, cx8, cmov, fxsr, ht, mmx, 3dnowpref, sse, sse2, sse3, ssse3, sse4.1, sse4.2, popcnt, lzcnt, tsc, tscinvbit, avx, avx2, aes, erms, clmul, bmi1, bmi2, adx, fma, vzeroupper, clflush, clflushopt, rdtscp, f16c, pku

Memory: 4k page, system-wide physical 8023M (1767M free)
TotalPageFile size 12331M (AvailPageFile size 1926M)
current process WorkingSet (physical memory assigned to process): 190M, peak: 190M
current process commit charge ("private bytes"): 328M, peak: 328M

vm_info: OpenJDK 64-Bit Server VM (20.0.2.1+10-FR) for windows-amd64 JRE (20.0.2.1+10-FR), built on 2023-08-19T09:18:31Z by "Administrator" with unknown MS VC++:1937

END.
