#
# A fatal error has been detected by the Java Runtime Environment:
#
#  EXCEPTION_ACCESS_VIOLATION (0xc0000005) at pc=0x00007ffde4d8636e, pid=6008, tid=12452
#
# JRE version: OpenJDK Runtime Environment Corretto-20.0.2.10.1 (20.0.2.1+10) (build 20.0.2.1+10-FR)
# Java VM: OpenJDK 64-Bit Server VM Corretto-20.0.2.10.1 (20.0.2.1+10-FR, mixed mode, sharing, tiered, compressed oops, compressed class ptrs, g1 gc, windows-amd64)
# Problematic frame:
# C  [imgui-java64.dll+0x5636e]
#
# No core dump will be written. Minidumps are not enabled by default on client versions of Windows
#
# If you would like to submit a bug report, please visit:
#   https://github.com/corretto/corretto-20/issues/
# The crash happened outside the Java Virtual Machine in native code.
# See problematic frame for where to report the bug.
#

---------------  S U M M A R Y ------------

Command Line: -Djava.library.path=E:\repo\Haspid2DEngine\libs -javaagent:C:\Program Files\JetBrains\IntelliJ IDEA Community Edition 2023.3.5\lib\idea_rt.jar=50310:C:\Program Files\JetBrains\IntelliJ IDEA Community Edition 2023.3.5\bin -Dfile.encoding=UTF-8 -Dsun.stdout.encoding=UTF-8 -Dsun.stderr.encoding=UTF-8 main.Main

Host: Intel(R) Core(TM) i5-10300H CPU @ 2.50GHz, 8 cores, 7G,  Windows 11 , 64 bit Build 22621 (10.0.22621.3235)
Time: Fri Apr 12 18:35:07 2024  Windows 11 , 64 bit Build 22621 (10.0.22621.3235) elapsed time: 0.676460 seconds (0d 0h 0m 0s)

---------------  T H R E A D  ---------------

Current thread (0x0000020503a30830):  JavaThread "main" [_thread_in_native, id=12452, stack(0x0000007c89300000,0x0000007c89400000)]

Stack: [0x0000007c89300000,0x0000007c89400000],  sp=0x0000007c893ff3b8,  free space=1020k
Native frames: (J=compiled Java code, j=interpreted, Vv=VM code, C=native code)
C  [imgui-java64.dll+0x5636e]

Java frames: (J=compiled Java code, j=interpreted, Vv=VM code)
j  imgui.ImGui.getContentRegionAvail(Limgui/ImVec2;)V+0
j  imgui.ImGui.getContentRegionAvail()Limgui/ImVec2;+9
j  main.Editor.ViewPort.calculateViewSize()Lorg/joml/Vector2f;+0
j  main.Editor.ViewPort.displayViewPort()V+0
j  main.scene.EditorScene.update(F)V+4
j  main.haspid.Window.loop()V+86
j  main.haspid.Window.run()V+19
j  main.Main.main([Ljava/lang/String;)V+5
v  ~StubRoutines::call_stub 0x000002051329100d

siginfo: EXCEPTION_ACCESS_VIOLATION (0xc0000005), reading address 0x00000000000001b8


Registers:
RAX=0x00007ffde4dc4a10, RBX=0x0000007c893ff498, RCX=0x000002056ee025a0, RDX=0x0000000000000000
RSP=0x0000007c893ff3b8, RBP=0x0000007c893ff478, RSI=0x0000020565c3a2fc, RDI=0x00000205132adf9e
R8 =0x0000007c893ff498, R9 =0x0000000000000002, R10=0x00000205132b1fc4, R11=0x00000000899473f8
R12=0x0000020503a30b10, R13=0x0000020561f66d78, R14=0x0000007c893ff498, R15=0x0000020503a30830
RIP=0x00007ffde4d8636e, EFLAGS=0x0000000000010206


Register to memory mapping:

RIP=0x00007ffde4d8636e imgui-java64.dll
RAX=0x00007ffde4dc4a10 imgui-java64.dll
RBX=0x0000007c893ff498 is pointing into the stack for thread: 0x0000020503a30830
RCX=0x000002056ee025a0 points into unknown readable memory: 0x0000020501a40101 | 01 01 a4 01 05 02 00 00
RDX=0x0 is NULL
RSP=0x0000007c893ff3b8 is pointing into the stack for thread: 0x0000020503a30830
RBP=0x0000007c893ff478 is pointing into the stack for thread: 0x0000020503a30830
RSI=0x0000020565c3a2fc points into unknown readable memory: 02 00 00 00
RDI=0x00000205132adf9e is at code_begin+1374 in an Interpreter codelet
return entry points  [0x00000205132ada40, 0x00000205132ae508]  2760 bytes
R8 =0x0000007c893ff498 is pointing into the stack for thread: 0x0000020503a30830
R9 =0x0000000000000002 is an unknown value
R10=0x00000205132b1fc4 is at code_begin+996 in an Interpreter codelet
method entry point (kind = native)  [0x00000205132b1be0, 0x00000205132b26d0]  2800 bytes
R11=0x00000000899473f8 is an oop: java.lang.Class 
{0x00000000899473f8} - klass: 'java/lang/Class'
 - ---- fields (total size 24 words):
 - private volatile transient 'classRedefinedCount' 'I' @12  0 (0x00000000)
 - abstract internal 'klass' 'J' @16  2221060720200 (0x0000020521890648)
 - abstract internal 'array_klass' 'J' @24  0 (0x0000000000000000)
 - abstract internal 'oop_size' 'I' @32  24 (0x00000018)
 - abstract internal 'static_oop_field_count' 'I' @36  19 (0x00000013)
 - private volatile transient 'cachedConstructor' 'Ljava/lang/reflect/Constructor;' @40  NULL (0x00000000)
 - private transient 'name' 'Ljava/lang/String;' @44  "imgui.ImGui"{0x0000000089947578} (0x89947578)
 - private transient 'module' 'Ljava/lang/Module;' @48  a 'java/lang/Module'{0x000000008a76a420} (0x8a76a420)
 - private final 'classLoader' 'Ljava/lang/ClassLoader;' @52  a 'jdk/internal/loader/ClassLoaders$AppClassLoader'{0x000000008a76a260} (0x8a76a260)
 - private transient 'classData' 'Ljava/lang/Object;' @56  NULL (0x00000000)
 - private transient 'packageName' 'Ljava/lang/String;' @60  "imgui"{0x0000000089ad0788} (0x89ad0788)
 - private final 'componentType' 'Ljava/lang/Class;' @64  NULL (0x00000000)
 - private volatile transient 'reflectionData' 'Ljava/lang/ref/SoftReference;' @68  NULL (0x00000000)
 - private volatile transient 'genericInfo' 'Lsun/reflect/generics/repository/ClassRepository;' @72  NULL (0x00000000)
 - private volatile transient 'enumConstants' '[Ljava/lang/Object;' @76  NULL (0x00000000)
 - private volatile transient 'enumConstantDirectory' 'Ljava/util/Map;' @80  NULL (0x00000000)
 - private volatile transient 'annotationData' 'Ljava/lang/Class$AnnotationData;' @84  NULL (0x00000000)
 - private volatile transient 'annotationType' 'Lsun/reflect/annotation/AnnotationType;' @88  NULL (0x00000000)
 - transient 'classValueMap' 'Ljava/lang/ClassValue$ClassValueMap;' @92  NULL (0x00000000)
 - abstract internal 'protection_domain' 'Ljava/lang/Object;' @96  a 'java/security/ProtectionDomain'{0x000000008a4233a8} (0x8a4233a8)
 - abstract internal 'signers_name' 'Ljava/lang/Object;' @100  NULL (0x00000000)
 - abstract internal 'source_file' 'Ljava/lang/Object;' @104  NULL (0x00000000)
 - signature: Limgui/ImGui;
 - ---- static fields (19):
 - private static final 'LIB_PATH_PROP' 'Ljava/lang/String;' @112  "imgui.library.path"{0x00000000899474b8} (0x899474b8)
 - private static final 'LIB_NAME_PROP' 'Ljava/lang/String;' @116  "imgui.library.name"{0x00000000899474f8} (0x899474f8)
 - private static final 'LIB_NAME_DEFAULT' 'Ljava/lang/String;' @120  "imgui-java64"{0x000000008994ab88} (0x8994ab88)
 - private static final 'LIB_TMP_DIR_PREFIX' 'Ljava/lang/String;' @124  "imgui-java-natives"{0x0000000089947538} (0x89947538)
 - private static final 'IMGUI_CONTEXT' 'Limgui/internal/ImGuiContext;' @128  a 'imgui/internal/ImGuiContext'{0x000000008994d508} (0x8994d508)
 - private static final 'IMGUI_IO' 'Limgui/ImGuiIO;' @132  a 'imgui/ImGuiIO'{0x0000000089952300} (0x89952300)
 - private static final 'WINDOW_DRAW_LIST' 'Limgui/ImDrawList;' @136  a 'imgui/ImDrawList'{0x000000008995c0d8} (0x8995c0d8)
 - private static final 'BACKGROUND_DRAW_LIST' 'Limgui/ImDrawList;' @140  a 'imgui/ImDrawList'{0x000000008995c0f0} (0x8995c0f0)
 - private static final 'FOREGROUND_DRAW_LIST' 'Limgui/ImDrawList;' @144  a 'imgui/ImDrawList'{0x000000008995c108} (0x8995c108)
 - private static final 'IMGUI_STORAGE' 'Limgui/ImGuiStorage;' @148  a 'imgui/ImGuiStorage'{0x000000008995d290} (0x8995d290)
 - private static final 'WINDOW_VIEWPORT' 'Limgui/ImGuiViewport;' @152  a 'imgui/ImGuiViewport'{0x0000000089962db8} (0x89962db8)
 - private static final 'FIND_VIEWPORT' 'Limgui/ImGuiViewport;' @156  a 'imgui/ImGuiViewport'{0x0000000089962dd0} (0x89962dd0)
 - private static final 'DRAW_DATA' 'Limgui/ImDrawData;' @160  a 'imgui/ImDrawData'{0x0000000089962de8} (0x89962de8)
 - private static final 'FONT' 'Limgui/ImFont;' @164  a 'imgui/ImFont'{0x0000000089966590} (0x89966590)
 - private static final 'STYLE' 'Limgui/ImGuiStyle;' @168  a 'imgui/ImGuiStyle'{0x000000008996be90} (0x8996be90)
 - private static final 'MAIN_VIEWPORT' 'Limgui/ImGuiViewport;' @172  a 'imgui/ImGuiViewport'{0x000000008996bea8} (0x8996bea8)
 - private static final 'PLATFORM_IO' 'Limgui/ImGuiPlatformIO;' @176  a 'imgui/ImGuiPlatformIO'{0x000000008996f370} (0x8996f370)
 - private static 'payloadRef' 'Ljava/lang/ref/WeakReference;' @180  NULL (0x00000000)
 - private static final 'PAYLOAD_PLACEHOLDER_DATA' '[B' @184  [B{0x0000000089979e88} (0x89979e88)
R12=0x0000020503a30b10 points into unknown readable memory: 0x0000020565c26b50 | 50 6b c2 65 05 02 00 00
R13={method} {0x0000020561f66d80} 'getContentRegionAvail' '(Limgui/ImVec2;)V' in 'imgui/ImGui'
R14=0x0000007c893ff498 is pointing into the stack for thread: 0x0000020503a30830
R15=0x0000020503a30830 is a thread


Top of Stack: (sp=0x0000007c893ff3b8)
0x0000007c893ff3b8:   00007ffde4dc4a22 00000205132adf9e
0x0000007c893ff3c8:   00000205132b1e6e 0000020561f66d78
0x0000007c893ff3d8:   0000020561f66d78 0000020561f66d78
0x0000007c893ff3e8:   0000020561f66d78 0000000000000000
0x0000007c893ff3f8:   00000205132b1ff3 0000020561f66d78
0x0000007c893ff408:   0000020565c3a2fc 000019d596f1ebc6
0x0000007c893ff418:   0000007c893ff4f8 0000007c893ff480
0x0000007c893ff428:   00000205132b1c96 0000007c893ff430
0x0000007c893ff438:   0000020561f66d78 0000007c893ff498
0x0000007c893ff448:   0000020561f90000 0000000000000000
0x0000007c893ff458:   00000000899473f8 0000020561f66d78
0x0000007c893ff468:   0000000000000000 0000007c893ff498
0x0000007c893ff478:   0000007c893ff4e8 00000205132ade8a
0x0000007c893ff488:   00000000899473f8 00000205132af897
0x0000007c893ff498:   00000000898c0840 0000007c893ff4a0
0x0000007c893ff4a8:   0000020561f66cc9 0000007c893ff4f8
0x0000007c893ff4b8:   0000020561f90000 0000000000000000
0x0000007c893ff4c8:   00000000899473f8 0000020561f66ce8
0x0000007c893ff4d8:   0000007c893ff498 0000007c893ff500
0x0000007c893ff4e8:   0000007c893ff548 00000205132adfe3
0x0000007c893ff4f8:   00000000898c0840 0000007c893ff500
0x0000007c893ff508:   0000020562030548 0000007c893ff558
0x0000007c893ff518:   000002056202fd18 0000000000000000
0x0000007c893ff528:   00000000898c0740 0000020562030570
0x0000007c893ff538:   0000007c893ff500 0000007c893ff560
0x0000007c893ff548:   0000007c893ff5a8 00000205132adfe3
0x0000007c893ff558:   0000000000000000 0000007c893ff560
0x0000007c893ff568:   0000020562030458 0000007c893ff5c8
0x0000007c893ff578:   000002056202fd18 0000000000000000
0x0000007c893ff588:   00000000898c0740 00000205620304b8
0x0000007c893ff598:   0000007c893ff560 0000007c893ff5d0
0x0000007c893ff5a8:   0000007c893ff618 00000205132ade8a 

Instructions: (pc=0x00007ffde4d8636e)
0x00007ffde4d8626e:   00 f3 0f 58 c0 f3 0f 58 80 98 1a 00 00 f3 0f 58
0x00007ffde4d8627e:   80 a0 16 00 00 c3 66 66 2e 0f 1f 84 00 00 00 00
0x00007ffde4d8628e:   00 90 48 8b 0d b1 0e 4b 00 48 8b 91 28 1d 00 00
0x00007ffde4d8629e:   f3 0f 10 82 64 02 00 00 48 83 ba b8 01 00 00 00
0x00007ffde4d862ae:   f3 0f 10 4a 48 0f 10 d0 f3 0f 5c 52 4c 74 23 f3
0x00007ffde4d862be:   0f 10 82 30 02 00 00 f3 0f 5c c1 66 0f 7e d0 48
0x00007ffde4d862ce:   89 c2 48 c1 e2 20 66 0f 7e c0 48 09 d0 c3 0f 1f
0x00007ffde4d862de:   40 00 48 83 b9 f0 21 00 00 00 f3 0f 10 82 60 02
0x00007ffde4d862ee:   00 00 75 cb eb d1 66 66 2e 0f 1f 84 00 00 00 00
0x00007ffde4d862fe:   00 90 48 8b 0d 41 0e 4b 00 48 8b 91 28 1d 00 00
0x00007ffde4d8630e:   48 83 ba b8 01 00 00 00 f3 0f 10 8a 64 02 00 00
0x00007ffde4d8631e:   74 20 f3 0f 10 82 30 02 00 00 66 0f 7e c8 48 89
0x00007ffde4d8632e:   c2 66 0f 7e c0 48 c1 e2 20 48 09 d0 c3 0f 1f 44
0x00007ffde4d8633e:   00 00 48 83 b9 f0 21 00 00 00 f3 0f 10 82 60 02
0x00007ffde4d8634e:   00 00 75 ce eb d4 66 66 2e 0f 1f 84 00 00 00 00
0x00007ffde4d8635e:   00 90 48 8b 0d e1 0d 4b 00 48 8b 91 28 1d 00 00
0x00007ffde4d8636e:   48 83 ba b8 01 00 00 00 f3 0f 10 8a 64 02 00 00
0x00007ffde4d8637e:   74 30 f3 0f 10 82 30 02 00 00 f3 0f 5c 8a 14 01
0x00007ffde4d8638e:   00 00 f3 0f 5c 82 10 01 00 00 66 0f 7e c8 48 89
0x00007ffde4d8639e:   c2 66 0f 7e c0 48 c1 e2 20 48 09 d0 c3 0f 1f 44
0x00007ffde4d863ae:   00 00 48 83 b9 f0 21 00 00 00 f3 0f 10 82 60 02
0x00007ffde4d863be:   00 00 75 be eb c4 66 66 2e 0f 1f 84 00 00 00 00
0x00007ffde4d863ce:   00 90 48 8b 05 71 0d 4b 00 48 8b 80 28 1d 00 00
0x00007ffde4d863de:   f3 0f 10 88 5c 02 00 00 f3 0f 5c 48 4c f3 0f 10
0x00007ffde4d863ee:   80 58 02 00 00 f3 0f 5c 40 48 66 0f 7e c8 48 89
0x00007ffde4d863fe:   c2 66 0f 7e c0 48 c1 e2 20 48 09 d0 c3 0f 1f 44
0x00007ffde4d8640e:   00 00 48 8b 05 31 0d 4b 00 48 8b 80 28 1d 00 00
0x00007ffde4d8641e:   f3 0f 10 88 64 02 00 00 f3 0f 5c 48 4c f3 0f 10
0x00007ffde4d8642e:   80 60 02 00 00 f3 0f 5c 40 48 66 0f 7e c8 48 89
0x00007ffde4d8643e:   c2 66 0f 7e c0 48 c1 e2 20 48 09 d0 c3 0f 1f 44
0x00007ffde4d8644e:   00 00 41 54 55 57 56 53 48 83 ec 20 48 8b 35 e7
0x00007ffde4d8645e:   0c 4b 00 8b 86 08 1f 00 00 48 8b 9e 28 1d 00 00 


Stack slot to memory mapping:
stack at sp + 0 slots: 0x00007ffde4dc4a22 imgui-java64.dll
stack at sp + 1 slots: 0x00000205132adf9e is at code_begin+1374 in an Interpreter codelet
return entry points  [0x00000205132ada40, 0x00000205132ae508]  2760 bytes
stack at sp + 2 slots: 0x00000205132b1e6e is at code_begin+654 in an Interpreter codelet
method entry point (kind = native)  [0x00000205132b1be0, 0x00000205132b26d0]  2800 bytes
stack at sp + 3 slots: {method} {0x0000020561f66d80} 'getContentRegionAvail' '(Limgui/ImVec2;)V' in 'imgui/ImGui'
stack at sp + 4 slots: {method} {0x0000020561f66d80} 'getContentRegionAvail' '(Limgui/ImVec2;)V' in 'imgui/ImGui'
stack at sp + 5 slots: {method} {0x0000020561f66d80} 'getContentRegionAvail' '(Limgui/ImVec2;)V' in 'imgui/ImGui'
stack at sp + 6 slots: {method} {0x0000020561f66d80} 'getContentRegionAvail' '(Limgui/ImVec2;)V' in 'imgui/ImGui'
stack at sp + 7 slots: 0x0 is NULL


---------------  P R O C E S S  ---------------

Threads class SMR info:
_java_thread_list=0x0000020565938df0, length=12, elements={
0x0000020503a30830, 0x00000205205f89a0, 0x00000205205f9640, 0x00000205205fa8d0,
0x00000205205fc6b0, 0x00000205205fe000, 0x0000020520600a80, 0x000002052060d130,
0x000002052062ead0, 0x00000205658e5610, 0x0000020565b16d50, 0x0000020565b172a0
}

Java Threads: ( => current thread )
=>0x0000020503a30830 JavaThread "main" [_thread_in_native, id=12452, stack(0x0000007c89300000,0x0000007c89400000)]
  0x00000205205f89a0 JavaThread "Reference Handler" daemon [_thread_blocked, id=9808, stack(0x0000007c89a00000,0x0000007c89b00000)]
  0x00000205205f9640 JavaThread "Finalizer" daemon [_thread_blocked, id=9744, stack(0x0000007c89b00000,0x0000007c89c00000)]
  0x00000205205fa8d0 JavaThread "Signal Dispatcher" daemon [_thread_blocked, id=10108, stack(0x0000007c89c00000,0x0000007c89d00000)]
  0x00000205205fc6b0 JavaThread "Attach Listener" daemon [_thread_blocked, id=1096, stack(0x0000007c89d00000,0x0000007c89e00000)]
  0x00000205205fe000 JavaThread "Service Thread" daemon [_thread_blocked, id=4288, stack(0x0000007c89e00000,0x0000007c89f00000)]
  0x0000020520600a80 JavaThread "Monitor Deflation Thread" daemon [_thread_blocked, id=14112, stack(0x0000007c89f00000,0x0000007c8a000000)]
  0x000002052060d130 JavaThread "C2 CompilerThread0" daemon [_thread_blocked, id=4916, stack(0x0000007c8a000000,0x0000007c8a100000)]
  0x000002052062ead0 JavaThread "C1 CompilerThread0" daemon [_thread_blocked, id=6600, stack(0x0000007c8a100000,0x0000007c8a200000)]
  0x00000205658e5610 JavaThread "Common-Cleaner" daemon [_thread_blocked, id=8932, stack(0x0000007c8a200000,0x0000007c8a300000)]
  0x0000020565b16d50 JavaThread "Monitor Ctrl-Break" daemon [_thread_in_native, id=14832, stack(0x0000007c8a300000,0x0000007c8a400000)]
  0x0000020565b172a0 JavaThread "Notification Thread" daemon [_thread_blocked, id=6728, stack(0x0000007c8a400000,0x0000007c8a500000)]

Other Threads:
  0x00000205205dacf0 VMThread "VM Thread" [stack: 0x0000007c89900000,0x0000007c89a00000] [id=13960]
  0x0000020565b15300 WatcherThread "VM Periodic Task Thread" [stack: 0x0000007c8a500000,0x0000007c8a600000] [id=1884]
  0x0000020503a8fdf0 WorkerThread "GC Thread#0" [stack: 0x0000007c89400000,0x0000007c89500000] [id=9028]
  0x0000020503aa0860 ConcurrentGCThread "G1 Main Marker" [stack: 0x0000007c89500000,0x0000007c89600000] [id=7140]
  0x0000020503aa1190 WorkerThread "G1 Conc#0" [stack: 0x0000007c89600000,0x0000007c89700000] [id=13292]
  0x0000020503aee540 ConcurrentGCThread "G1 Refine#0" [stack: 0x0000007c89700000,0x0000007c89800000] [id=2256]
  0x000002052049a110 ConcurrentGCThread "G1 Service" [stack: 0x0000007c89800000,0x0000007c89900000] [id=7432]

Threads with active compile tasks:

VM state: not at safepoint (normal execution)

VM Mutex/Monitor currently owned by a thread: None

Heap address: 0x0000000082a00000, size: 2006 MB, Compressed Oops mode: 32-bit

CDS archive(s) mapped at: [0x0000020520800000-0x0000020521460000-0x0000020521460000), size 12976128, SharedBaseAddress: 0x0000020520800000, ArchiveRelocationMode: 1.
Compressed class space mapped at: 0x0000020521800000-0x0000020561800000, reserved size: 1073741824
Narrow klass base: 0x0000020520800000, Narrow klass shift: 0, Narrow klass range: 0x100000000

GC Precious Log:
 CardTable entry size: 512
 Card Set container configuration: InlinePtr #cards 5 size 8 Array Of Cards #cards 12 size 40 Howl #buckets 4 coarsen threshold 1843 Howl Bitmap #cards 512 size 80 coarsen threshold 460 Card regions per heap region 1 cards per card region 2048
 CPUs: 8 total, 8 available
 Memory: 8023M
 Large Page Support: Disabled
 NUMA Support: Disabled
 Compressed Oops: Enabled (32-bit)
 Heap Region Size: 1M
 Heap Min Capacity: 8M
 Heap Initial Capacity: 126M
 Heap Max Capacity: 2006M
 Pre-touch: Disabled
 Parallel Workers: 8
 Concurrent Workers: 2
 Concurrent Refinement Workers: 8
 Periodic GC: Disabled

Heap:
 garbage-first heap   total 129024K, used 16384K [0x0000000082a00000, 0x0000000100000000)
  region size 1024K, 16 young (16384K), 0 survivors (0K)
 Metaspace       used 7152K, committed 7424K, reserved 1114112K
  class space    used 516K, committed 640K, reserved 1048576K

Heap Regions: E=young(eden), S=young(survivor), O=old, HS=humongous(starts), HC=humongous(continues), CS=collection set, F=free, OA=open archive, CA=closed archive, TAMS=top-at-mark-start, PB=parsable bottom
|   0|0x0000000082a00000, 0x0000000082b00000, 0x0000000082b00000|100%|HS|  |TAMS 0x0000000082a00000| PB 0x0000000082a00000| Complete 
|   1|0x0000000082b00000, 0x0000000082c00000, 0x0000000082c00000|100%|HC|  |TAMS 0x0000000082b00000| PB 0x0000000082b00000| Complete 
|   2|0x0000000082c00000, 0x0000000082c00000, 0x0000000082d00000|  0%| F|  |TAMS 0x0000000082c00000| PB 0x0000000082c00000| Untracked 
|   3|0x0000000082d00000, 0x0000000082d00000, 0x0000000082e00000|  0%| F|  |TAMS 0x0000000082d00000| PB 0x0000000082d00000| Untracked 
|   4|0x0000000082e00000, 0x0000000082e00000, 0x0000000082f00000|  0%| F|  |TAMS 0x0000000082e00000| PB 0x0000000082e00000| Untracked 
|   5|0x0000000082f00000, 0x0000000082f00000, 0x0000000083000000|  0%| F|  |TAMS 0x0000000082f00000| PB 0x0000000082f00000| Untracked 
|   6|0x0000000083000000, 0x0000000083000000, 0x0000000083100000|  0%| F|  |TAMS 0x0000000083000000| PB 0x0000000083000000| Untracked 
|   7|0x0000000083100000, 0x0000000083100000, 0x0000000083200000|  0%| F|  |TAMS 0x0000000083100000| PB 0x0000000083100000| Untracked 
|   8|0x0000000083200000, 0x0000000083200000, 0x0000000083300000|  0%| F|  |TAMS 0x0000000083200000| PB 0x0000000083200000| Untracked 
|   9|0x0000000083300000, 0x0000000083300000, 0x0000000083400000|  0%| F|  |TAMS 0x0000000083300000| PB 0x0000000083300000| Untracked 
|  10|0x0000000083400000, 0x0000000083400000, 0x0000000083500000|  0%| F|  |TAMS 0x0000000083400000| PB 0x0000000083400000| Untracked 
|  11|0x0000000083500000, 0x0000000083500000, 0x0000000083600000|  0%| F|  |TAMS 0x0000000083500000| PB 0x0000000083500000| Untracked 
|  12|0x0000000083600000, 0x0000000083600000, 0x0000000083700000|  0%| F|  |TAMS 0x0000000083600000| PB 0x0000000083600000| Untracked 
|  13|0x0000000083700000, 0x0000000083700000, 0x0000000083800000|  0%| F|  |TAMS 0x0000000083700000| PB 0x0000000083700000| Untracked 
|  14|0x0000000083800000, 0x0000000083800000, 0x0000000083900000|  0%| F|  |TAMS 0x0000000083800000| PB 0x0000000083800000| Untracked 
|  15|0x0000000083900000, 0x0000000083900000, 0x0000000083a00000|  0%| F|  |TAMS 0x0000000083900000| PB 0x0000000083900000| Untracked 
|  16|0x0000000083a00000, 0x0000000083a00000, 0x0000000083b00000|  0%| F|  |TAMS 0x0000000083a00000| PB 0x0000000083a00000| Untracked 
|  17|0x0000000083b00000, 0x0000000083b00000, 0x0000000083c00000|  0%| F|  |TAMS 0x0000000083b00000| PB 0x0000000083b00000| Untracked 
|  18|0x0000000083c00000, 0x0000000083c00000, 0x0000000083d00000|  0%| F|  |TAMS 0x0000000083c00000| PB 0x0000000083c00000| Untracked 
|  19|0x0000000083d00000, 0x0000000083d00000, 0x0000000083e00000|  0%| F|  |TAMS 0x0000000083d00000| PB 0x0000000083d00000| Untracked 
|  20|0x0000000083e00000, 0x0000000083e00000, 0x0000000083f00000|  0%| F|  |TAMS 0x0000000083e00000| PB 0x0000000083e00000| Untracked 
|  21|0x0000000083f00000, 0x0000000083f00000, 0x0000000084000000|  0%| F|  |TAMS 0x0000000083f00000| PB 0x0000000083f00000| Untracked 
|  22|0x0000000084000000, 0x0000000084000000, 0x0000000084100000|  0%| F|  |TAMS 0x0000000084000000| PB 0x0000000084000000| Untracked 
|  23|0x0000000084100000, 0x0000000084100000, 0x0000000084200000|  0%| F|  |TAMS 0x0000000084100000| PB 0x0000000084100000| Untracked 
|  24|0x0000000084200000, 0x0000000084200000, 0x0000000084300000|  0%| F|  |TAMS 0x0000000084200000| PB 0x0000000084200000| Untracked 
|  25|0x0000000084300000, 0x0000000084300000, 0x0000000084400000|  0%| F|  |TAMS 0x0000000084300000| PB 0x0000000084300000| Untracked 
|  26|0x0000000084400000, 0x0000000084400000, 0x0000000084500000|  0%| F|  |TAMS 0x0000000084400000| PB 0x0000000084400000| Untracked 
|  27|0x0000000084500000, 0x0000000084500000, 0x0000000084600000|  0%| F|  |TAMS 0x0000000084500000| PB 0x0000000084500000| Untracked 
|  28|0x0000000084600000, 0x0000000084600000, 0x0000000084700000|  0%| F|  |TAMS 0x0000000084600000| PB 0x0000000084600000| Untracked 
|  29|0x0000000084700000, 0x0000000084700000, 0x0000000084800000|  0%| F|  |TAMS 0x0000000084700000| PB 0x0000000084700000| Untracked 
|  30|0x0000000084800000, 0x0000000084800000, 0x0000000084900000|  0%| F|  |TAMS 0x0000000084800000| PB 0x0000000084800000| Untracked 
|  31|0x0000000084900000, 0x0000000084900000, 0x0000000084a00000|  0%| F|  |TAMS 0x0000000084900000| PB 0x0000000084900000| Untracked 
|  32|0x0000000084a00000, 0x0000000084a00000, 0x0000000084b00000|  0%| F|  |TAMS 0x0000000084a00000| PB 0x0000000084a00000| Untracked 
|  33|0x0000000084b00000, 0x0000000084b00000, 0x0000000084c00000|  0%| F|  |TAMS 0x0000000084b00000| PB 0x0000000084b00000| Untracked 
|  34|0x0000000084c00000, 0x0000000084c00000, 0x0000000084d00000|  0%| F|  |TAMS 0x0000000084c00000| PB 0x0000000084c00000| Untracked 
|  35|0x0000000084d00000, 0x0000000084d00000, 0x0000000084e00000|  0%| F|  |TAMS 0x0000000084d00000| PB 0x0000000084d00000| Untracked 
|  36|0x0000000084e00000, 0x0000000084e00000, 0x0000000084f00000|  0%| F|  |TAMS 0x0000000084e00000| PB 0x0000000084e00000| Untracked 
|  37|0x0000000084f00000, 0x0000000084f00000, 0x0000000085000000|  0%| F|  |TAMS 0x0000000084f00000| PB 0x0000000084f00000| Untracked 
|  38|0x0000000085000000, 0x0000000085000000, 0x0000000085100000|  0%| F|  |TAMS 0x0000000085000000| PB 0x0000000085000000| Untracked 
|  39|0x0000000085100000, 0x0000000085100000, 0x0000000085200000|  0%| F|  |TAMS 0x0000000085100000| PB 0x0000000085100000| Untracked 
|  40|0x0000000085200000, 0x0000000085200000, 0x0000000085300000|  0%| F|  |TAMS 0x0000000085200000| PB 0x0000000085200000| Untracked 
|  41|0x0000000085300000, 0x0000000085300000, 0x0000000085400000|  0%| F|  |TAMS 0x0000000085300000| PB 0x0000000085300000| Untracked 
|  42|0x0000000085400000, 0x0000000085400000, 0x0000000085500000|  0%| F|  |TAMS 0x0000000085400000| PB 0x0000000085400000| Untracked 
|  43|0x0000000085500000, 0x0000000085500000, 0x0000000085600000|  0%| F|  |TAMS 0x0000000085500000| PB 0x0000000085500000| Untracked 
|  44|0x0000000085600000, 0x0000000085600000, 0x0000000085700000|  0%| F|  |TAMS 0x0000000085600000| PB 0x0000000085600000| Untracked 
|  45|0x0000000085700000, 0x0000000085700000, 0x0000000085800000|  0%| F|  |TAMS 0x0000000085700000| PB 0x0000000085700000| Untracked 
|  46|0x0000000085800000, 0x0000000085800000, 0x0000000085900000|  0%| F|  |TAMS 0x0000000085800000| PB 0x0000000085800000| Untracked 
|  47|0x0000000085900000, 0x0000000085900000, 0x0000000085a00000|  0%| F|  |TAMS 0x0000000085900000| PB 0x0000000085900000| Untracked 
|  48|0x0000000085a00000, 0x0000000085a00000, 0x0000000085b00000|  0%| F|  |TAMS 0x0000000085a00000| PB 0x0000000085a00000| Untracked 
|  49|0x0000000085b00000, 0x0000000085b00000, 0x0000000085c00000|  0%| F|  |TAMS 0x0000000085b00000| PB 0x0000000085b00000| Untracked 
|  50|0x0000000085c00000, 0x0000000085c00000, 0x0000000085d00000|  0%| F|  |TAMS 0x0000000085c00000| PB 0x0000000085c00000| Untracked 
|  51|0x0000000085d00000, 0x0000000085d00000, 0x0000000085e00000|  0%| F|  |TAMS 0x0000000085d00000| PB 0x0000000085d00000| Untracked 
|  52|0x0000000085e00000, 0x0000000085e00000, 0x0000000085f00000|  0%| F|  |TAMS 0x0000000085e00000| PB 0x0000000085e00000| Untracked 
|  53|0x0000000085f00000, 0x0000000085f00000, 0x0000000086000000|  0%| F|  |TAMS 0x0000000085f00000| PB 0x0000000085f00000| Untracked 
|  54|0x0000000086000000, 0x0000000086000000, 0x0000000086100000|  0%| F|  |TAMS 0x0000000086000000| PB 0x0000000086000000| Untracked 
|  55|0x0000000086100000, 0x0000000086100000, 0x0000000086200000|  0%| F|  |TAMS 0x0000000086100000| PB 0x0000000086100000| Untracked 
|  56|0x0000000086200000, 0x0000000086200000, 0x0000000086300000|  0%| F|  |TAMS 0x0000000086200000| PB 0x0000000086200000| Untracked 
|  57|0x0000000086300000, 0x0000000086300000, 0x0000000086400000|  0%| F|  |TAMS 0x0000000086300000| PB 0x0000000086300000| Untracked 
|  58|0x0000000086400000, 0x0000000086400000, 0x0000000086500000|  0%| F|  |TAMS 0x0000000086400000| PB 0x0000000086400000| Untracked 
|  59|0x0000000086500000, 0x0000000086500000, 0x0000000086600000|  0%| F|  |TAMS 0x0000000086500000| PB 0x0000000086500000| Untracked 
|  60|0x0000000086600000, 0x0000000086600000, 0x0000000086700000|  0%| F|  |TAMS 0x0000000086600000| PB 0x0000000086600000| Untracked 
|  61|0x0000000086700000, 0x0000000086700000, 0x0000000086800000|  0%| F|  |TAMS 0x0000000086700000| PB 0x0000000086700000| Untracked 
|  62|0x0000000086800000, 0x0000000086800000, 0x0000000086900000|  0%| F|  |TAMS 0x0000000086800000| PB 0x0000000086800000| Untracked 
|  63|0x0000000086900000, 0x0000000086900000, 0x0000000086a00000|  0%| F|  |TAMS 0x0000000086900000| PB 0x0000000086900000| Untracked 
|  64|0x0000000086a00000, 0x0000000086a00000, 0x0000000086b00000|  0%| F|  |TAMS 0x0000000086a00000| PB 0x0000000086a00000| Untracked 
|  65|0x0000000086b00000, 0x0000000086b00000, 0x0000000086c00000|  0%| F|  |TAMS 0x0000000086b00000| PB 0x0000000086b00000| Untracked 
|  66|0x0000000086c00000, 0x0000000086c00000, 0x0000000086d00000|  0%| F|  |TAMS 0x0000000086c00000| PB 0x0000000086c00000| Untracked 
|  67|0x0000000086d00000, 0x0000000086d00000, 0x0000000086e00000|  0%| F|  |TAMS 0x0000000086d00000| PB 0x0000000086d00000| Untracked 
|  68|0x0000000086e00000, 0x0000000086e00000, 0x0000000086f00000|  0%| F|  |TAMS 0x0000000086e00000| PB 0x0000000086e00000| Untracked 
|  69|0x0000000086f00000, 0x0000000086f00000, 0x0000000087000000|  0%| F|  |TAMS 0x0000000086f00000| PB 0x0000000086f00000| Untracked 
|  70|0x0000000087000000, 0x0000000087000000, 0x0000000087100000|  0%| F|  |TAMS 0x0000000087000000| PB 0x0000000087000000| Untracked 
|  71|0x0000000087100000, 0x0000000087100000, 0x0000000087200000|  0%| F|  |TAMS 0x0000000087100000| PB 0x0000000087100000| Untracked 
|  72|0x0000000087200000, 0x0000000087200000, 0x0000000087300000|  0%| F|  |TAMS 0x0000000087200000| PB 0x0000000087200000| Untracked 
|  73|0x0000000087300000, 0x0000000087300000, 0x0000000087400000|  0%| F|  |TAMS 0x0000000087300000| PB 0x0000000087300000| Untracked 
|  74|0x0000000087400000, 0x0000000087400000, 0x0000000087500000|  0%| F|  |TAMS 0x0000000087400000| PB 0x0000000087400000| Untracked 
|  75|0x0000000087500000, 0x0000000087500000, 0x0000000087600000|  0%| F|  |TAMS 0x0000000087500000| PB 0x0000000087500000| Untracked 
|  76|0x0000000087600000, 0x0000000087600000, 0x0000000087700000|  0%| F|  |TAMS 0x0000000087600000| PB 0x0000000087600000| Untracked 
|  77|0x0000000087700000, 0x0000000087700000, 0x0000000087800000|  0%| F|  |TAMS 0x0000000087700000| PB 0x0000000087700000| Untracked 
|  78|0x0000000087800000, 0x0000000087800000, 0x0000000087900000|  0%| F|  |TAMS 0x0000000087800000| PB 0x0000000087800000| Untracked 
|  79|0x0000000087900000, 0x0000000087900000, 0x0000000087a00000|  0%| F|  |TAMS 0x0000000087900000| PB 0x0000000087900000| Untracked 
|  80|0x0000000087a00000, 0x0000000087a00000, 0x0000000087b00000|  0%| F|  |TAMS 0x0000000087a00000| PB 0x0000000087a00000| Untracked 
|  81|0x0000000087b00000, 0x0000000087b00000, 0x0000000087c00000|  0%| F|  |TAMS 0x0000000087b00000| PB 0x0000000087b00000| Untracked 
|  82|0x0000000087c00000, 0x0000000087c00000, 0x0000000087d00000|  0%| F|  |TAMS 0x0000000087c00000| PB 0x0000000087c00000| Untracked 
|  83|0x0000000087d00000, 0x0000000087d00000, 0x0000000087e00000|  0%| F|  |TAMS 0x0000000087d00000| PB 0x0000000087d00000| Untracked 
|  84|0x0000000087e00000, 0x0000000087e00000, 0x0000000087f00000|  0%| F|  |TAMS 0x0000000087e00000| PB 0x0000000087e00000| Untracked 
|  85|0x0000000087f00000, 0x0000000087f00000, 0x0000000088000000|  0%| F|  |TAMS 0x0000000087f00000| PB 0x0000000087f00000| Untracked 
|  86|0x0000000088000000, 0x0000000088000000, 0x0000000088100000|  0%| F|  |TAMS 0x0000000088000000| PB 0x0000000088000000| Untracked 
|  87|0x0000000088100000, 0x0000000088100000, 0x0000000088200000|  0%| F|  |TAMS 0x0000000088100000| PB 0x0000000088100000| Untracked 
|  88|0x0000000088200000, 0x0000000088200000, 0x0000000088300000|  0%| F|  |TAMS 0x0000000088200000| PB 0x0000000088200000| Untracked 
|  89|0x0000000088300000, 0x0000000088300000, 0x0000000088400000|  0%| F|  |TAMS 0x0000000088300000| PB 0x0000000088300000| Untracked 
|  90|0x0000000088400000, 0x0000000088400000, 0x0000000088500000|  0%| F|  |TAMS 0x0000000088400000| PB 0x0000000088400000| Untracked 
|  91|0x0000000088500000, 0x0000000088500000, 0x0000000088600000|  0%| F|  |TAMS 0x0000000088500000| PB 0x0000000088500000| Untracked 
|  92|0x0000000088600000, 0x0000000088600000, 0x0000000088700000|  0%| F|  |TAMS 0x0000000088600000| PB 0x0000000088600000| Untracked 
|  93|0x0000000088700000, 0x0000000088700000, 0x0000000088800000|  0%| F|  |TAMS 0x0000000088700000| PB 0x0000000088700000| Untracked 
|  94|0x0000000088800000, 0x0000000088800000, 0x0000000088900000|  0%| F|  |TAMS 0x0000000088800000| PB 0x0000000088800000| Untracked 
|  95|0x0000000088900000, 0x0000000088900000, 0x0000000088a00000|  0%| F|  |TAMS 0x0000000088900000| PB 0x0000000088900000| Untracked 
|  96|0x0000000088a00000, 0x0000000088a00000, 0x0000000088b00000|  0%| F|  |TAMS 0x0000000088a00000| PB 0x0000000088a00000| Untracked 
|  97|0x0000000088b00000, 0x0000000088b00000, 0x0000000088c00000|  0%| F|  |TAMS 0x0000000088b00000| PB 0x0000000088b00000| Untracked 
|  98|0x0000000088c00000, 0x0000000088c00000, 0x0000000088d00000|  0%| F|  |TAMS 0x0000000088c00000| PB 0x0000000088c00000| Untracked 
|  99|0x0000000088d00000, 0x0000000088d00000, 0x0000000088e00000|  0%| F|  |TAMS 0x0000000088d00000| PB 0x0000000088d00000| Untracked 
| 100|0x0000000088e00000, 0x0000000088e00000, 0x0000000088f00000|  0%| F|  |TAMS 0x0000000088e00000| PB 0x0000000088e00000| Untracked 
| 101|0x0000000088f00000, 0x0000000088f00000, 0x0000000089000000|  0%| F|  |TAMS 0x0000000088f00000| PB 0x0000000088f00000| Untracked 
| 102|0x0000000089000000, 0x0000000089000000, 0x0000000089100000|  0%| F|  |TAMS 0x0000000089000000| PB 0x0000000089000000| Untracked 
| 103|0x0000000089100000, 0x0000000089100000, 0x0000000089200000|  0%| F|  |TAMS 0x0000000089100000| PB 0x0000000089100000| Untracked 
| 104|0x0000000089200000, 0x0000000089200000, 0x0000000089300000|  0%| F|  |TAMS 0x0000000089200000| PB 0x0000000089200000| Untracked 
| 105|0x0000000089300000, 0x0000000089300000, 0x0000000089400000|  0%| F|  |TAMS 0x0000000089300000| PB 0x0000000089300000| Untracked 
| 106|0x0000000089400000, 0x0000000089400000, 0x0000000089500000|  0%| F|  |TAMS 0x0000000089400000| PB 0x0000000089400000| Untracked 
| 107|0x0000000089500000, 0x0000000089500000, 0x0000000089600000|  0%| F|  |TAMS 0x0000000089500000| PB 0x0000000089500000| Untracked 
| 108|0x0000000089600000, 0x0000000089600000, 0x0000000089700000|  0%| F|  |TAMS 0x0000000089600000| PB 0x0000000089600000| Untracked 
| 109|0x0000000089700000, 0x0000000089700000, 0x0000000089800000|  0%| F|  |TAMS 0x0000000089700000| PB 0x0000000089700000| Untracked 
| 110|0x0000000089800000, 0x00000000898c8da0, 0x0000000089900000| 78%| E|  |TAMS 0x0000000089800000| PB 0x0000000089800000| Complete 
| 111|0x0000000089900000, 0x0000000089a00000, 0x0000000089a00000|100%| E|  |TAMS 0x0000000089900000| PB 0x0000000089900000| Complete 
| 112|0x0000000089a00000, 0x0000000089b00000, 0x0000000089b00000|100%| E|CS|TAMS 0x0000000089a00000| PB 0x0000000089a00000| Complete 
| 113|0x0000000089b00000, 0x0000000089c00000, 0x0000000089c00000|100%| E|CS|TAMS 0x0000000089b00000| PB 0x0000000089b00000| Complete 
| 114|0x0000000089c00000, 0x0000000089d00000, 0x0000000089d00000|100%| E|CS|TAMS 0x0000000089c00000| PB 0x0000000089c00000| Complete 
| 115|0x0000000089d00000, 0x0000000089e00000, 0x0000000089e00000|100%| E|CS|TAMS 0x0000000089d00000| PB 0x0000000089d00000| Complete 
| 116|0x0000000089e00000, 0x0000000089f00000, 0x0000000089f00000|100%| E|CS|TAMS 0x0000000089e00000| PB 0x0000000089e00000| Complete 
| 117|0x0000000089f00000, 0x000000008a000000, 0x000000008a000000|100%| E|CS|TAMS 0x0000000089f00000| PB 0x0000000089f00000| Complete 
| 118|0x000000008a000000, 0x000000008a100000, 0x000000008a100000|100%| E|CS|TAMS 0x000000008a000000| PB 0x000000008a000000| Complete 
| 119|0x000000008a100000, 0x000000008a200000, 0x000000008a200000|100%| E|CS|TAMS 0x000000008a100000| PB 0x000000008a100000| Complete 
| 120|0x000000008a200000, 0x000000008a300000, 0x000000008a300000|100%| E|CS|TAMS 0x000000008a200000| PB 0x000000008a200000| Complete 
| 121|0x000000008a300000, 0x000000008a400000, 0x000000008a400000|100%| E|CS|TAMS 0x000000008a300000| PB 0x000000008a300000| Complete 
| 122|0x000000008a400000, 0x000000008a500000, 0x000000008a500000|100%| E|CS|TAMS 0x000000008a400000| PB 0x000000008a400000| Complete 
| 123|0x000000008a500000, 0x000000008a600000, 0x000000008a600000|100%| E|CS|TAMS 0x000000008a500000| PB 0x000000008a500000| Complete 
| 124|0x000000008a600000, 0x000000008a700000, 0x000000008a700000|100%| E|CS|TAMS 0x000000008a600000| PB 0x000000008a600000| Complete 
| 125|0x000000008a700000, 0x000000008a800000, 0x000000008a800000|100%| E|CS|TAMS 0x000000008a700000| PB 0x000000008a700000| Complete 

Card table byte_map: [0x000002051b490000,0x000002051b880000] _byte_map_base: 0x000002051b07b000

Marking Bits: (CMBitMap*) 0x0000020503a90320
 Bits: [0x000002051bc70000, 0x000002051dbc8000)

Polling page: 0x0000020501a10000

Metaspace:

Usage:
  Non-class:      6.48 MB used.
      Class:    516.22 KB used.
       Both:      6.98 MB used.

Virtual space:
  Non-class space:       64.00 MB reserved,       6.62 MB ( 10%) committed,  1 nodes.
      Class space:        1.00 GB reserved,     640.00 KB ( <1%) committed,  1 nodes.
             Both:        1.06 GB reserved,       7.25 MB ( <1%) committed. 

Chunk freelists:
   Non-Class:  3.80 MB
       Class:  3.38 MB
        Both:  7.18 MB

MaxMetaspaceSize: unlimited
CompressedClassSpaceSize: 1.00 GB
Initial GC threshold: 21.00 MB
Current GC threshold: 21.00 MB
CDS: on
MetaspaceReclaimPolicy: balanced
 - commit_granule_bytes: 65536.
 - commit_granule_words: 8192.
 - virtual_space_node_default_size: 8388608.
 - enlarge_chunks_in_place: 1.
 - new_chunks_are_fully_committed: 0.
 - uncommit_free_chunks: 1.
 - use_allocation_guard: 0.


Internal statistics:

num_allocs_failed_limit: 0.
num_arena_births: 226.
num_arena_deaths: 0.
num_vsnodes_births: 2.
num_vsnodes_deaths: 0.
num_space_committed: 114.
num_space_uncommitted: 0.
num_chunks_returned_to_freelist: 0.
num_chunks_taken_from_freelist: 434.
num_chunk_merges: 0.
num_chunk_splits: 288.
num_chunks_enlarged: 194.
num_inconsistent_stats: 0.

CodeHeap 'non-profiled nmethods': size=120000Kb used=312Kb max_used=312Kb free=119687Kb
 bounds [0x0000020513830000, 0x0000020513aa0000, 0x000002051ad60000]
CodeHeap 'profiled nmethods': size=120000Kb used=1757Kb max_used=1757Kb free=118242Kb
 bounds [0x000002050bd60000, 0x000002050bfd0000, 0x0000020513290000]
CodeHeap 'non-nmethods': size=5760Kb used=2421Kb max_used=2428Kb free=3338Kb
 bounds [0x0000020513290000, 0x0000020513500000, 0x0000020513830000]
 total_blobs=2356 nmethods=1059 adapters=1208
 compilation: enabled
              stopped_count=0, restarted_count=0
 full_count=0

Compilation events (20 events):
Event: 0.648 Thread 0x000002052062ead0 nmethod 1048 0x000002050bf14790 code [0x000002050bf14940, 0x000002050bf14c70]
Event: 0.648 Thread 0x000002052062ead0 1049       3       java.lang.invoke.LambdaFormEditor::lambdaFormEditor (12 bytes)
Event: 0.648 Thread 0x000002052062ead0 nmethod 1049 0x000002050bf14d90 code [0x000002050bf14f40, 0x000002050bf151f0]
Event: 0.649 Thread 0x000002052062ead0 1050       3       java.lang.invoke.LambdaFormEditor$TransformKey::inRange (36 bytes)
Event: 0.649 Thread 0x000002052062ead0 nmethod 1050 0x000002050bf15310 code [0x000002050bf154a0, 0x000002050bf15600]
Event: 0.649 Thread 0x000002052062ead0 1053       3       sun.invoke.util.Wrapper::isDoubleWord (15 bytes)
Event: 0.649 Thread 0x000002052062ead0 nmethod 1053 0x000002050bf15690 code [0x000002050bf15820, 0x000002050bf15990]
Event: 0.650 Thread 0x000002052062ead0 1054       3       java.util.concurrent.ConcurrentHashMap::sumCount (60 bytes)
Event: 0.650 Thread 0x000002052062ead0 nmethod 1054 0x000002050bf15a10 code [0x000002050bf15ba0, 0x000002050bf15e00]
Event: 0.650 Thread 0x000002052062ead0 1055       3       main.renderer.RenderBatch::loadElement (70 bytes)
Event: 0.650 Thread 0x000002052062ead0 nmethod 1055 0x000002050bf15f10 code [0x000002050bf160a0, 0x000002050bf162b0]
Event: 0.651 Thread 0x000002052060d130 nmethod 1043 0x000002051387d490 code [0x000002051387d600, 0x000002051387d948]
Event: 0.651 Thread 0x000002052060d130 1056       4       main.renderer.RenderBatch::loadElement (70 bytes)
Event: 0.651 Thread 0x000002052062ead0 1057       1       main.components.SpriteRenderer::getSprite (5 bytes)
Event: 0.651 Thread 0x000002052062ead0 nmethod 1057 0x000002051387db10 code [0x000002051387dc80, 0x000002051387dd48]
Event: 0.652 Thread 0x000002052060d130 nmethod 1056 0x000002051387de10 code [0x000002051387df80, 0x000002051387e0a8]
Event: 0.654 Thread 0x000002052062ead0 1059       3       jdk.internal.loader.NativeLibraries::find (70 bytes)
Event: 0.654 Thread 0x000002052062ead0 nmethod 1059 0x000002050bf16410 code [0x000002050bf16620, 0x000002050bf16e30]
Event: 0.654 Thread 0x000002052062ead0 1058       3       java.lang.ClassLoader::findNative (21 bytes)
Event: 0.655 Thread 0x000002052062ead0 nmethod 1058 0x000002050bf17090 code [0x000002050bf17240, 0x000002050bf17448]

GC Heap History (0 events):
No events

Dll operation events (16 events):
Event: 0.008 Loaded shared library C:\Users\sangral\.jdks\corretto-20.0.2.1\bin\java.dll
Event: 0.029 Loaded shared library C:\Users\sangral\.jdks\corretto-20.0.2.1\bin\jsvml.dll
Event: 0.080 Loaded shared library C:\Users\sangral\.jdks\corretto-20.0.2.1\bin\zip.dll
Event: 0.082 Loaded shared library C:\Users\sangral\.jdks\corretto-20.0.2.1\bin\instrument.dll
Event: 0.087 Loaded shared library C:\Users\sangral\.jdks\corretto-20.0.2.1\bin\net.dll
Event: 0.089 Loaded shared library C:\Users\sangral\.jdks\corretto-20.0.2.1\bin\nio.dll
Event: 0.096 Loaded shared library C:\Users\sangral\.jdks\corretto-20.0.2.1\bin\zip.dll
Event: 0.116 Loaded shared library C:\Program Files\JetBrains\IntelliJ IDEA Community Edition 2023.3.5\bin\breakgen64.dll
Event: 0.121 Loaded shared library C:\Users\sangral\.jdks\corretto-20.0.2.1\bin\extnet.dll
Event: 0.126 Loaded shared library C:\Users\sangral\.jdks\corretto-20.0.2.1\bin\jimage.dll
Event: 0.167 Loaded shared library C:\Users\sangral\AppData\Local\Temp\lwjgl_sangral\3.3.3-snapshot\x64\lwjgl.dll
Event: 0.221 Loaded shared library C:\Users\sangral\.jdks\corretto-20.0.2.1\bin\awt.dll
Event: 0.230 Loaded shared library C:\Users\sangral\.jdks\corretto-20.0.2.1\bin\verify.dll
Event: 0.334 Loaded shared library C:\Users\sangral\AppData\Local\Temp\lwjgl_sangral\3.3.3-snapshot\x64\lwjgl_opengl.dll
Event: 0.441 Loaded shared library C:\Users\sangral\AppData\Local\Temp\lwjgl_sangral\3.3.3-snapshot\x64\lwjgl_stb.dll
Event: 0.584 Loaded shared library E:\repo\Haspid2DEngine\libs\imgui-java64.dll

Deoptimization events (14 events):
Event: 0.179 Thread 0x0000020503a30830 DEOPT PACKING pc=0x000002050bd8aad7 sp=0x0000007c893fd340
Event: 0.179 Thread 0x0000020503a30830 DEOPT UNPACKING pc=0x00000205132fa4c2 sp=0x0000007c893fc760 mode 0
Event: 0.193 Thread 0x0000020503a30830 DEOPT PACKING pc=0x000002050bd68441 sp=0x0000007c893fa100
Event: 0.193 Thread 0x0000020503a30830 DEOPT UNPACKING pc=0x00000205132fa4c2 sp=0x0000007c893f9578 mode 0
Event: 0.344 Thread 0x0000020503a30830 Uncommon trap: trap_request=0xffffff54 fr.pc=0x0000020513864a74 relative=0x0000000000000074
Event: 0.344 Thread 0x0000020503a30830 Uncommon trap: reason=speculate_null_assert action=make_not_entrant pc=0x0000020513864a74 method=sun.misc.Unsafe.putLong(Ljava/lang/Object;JJ)V @ 7 c2
Event: 0.344 Thread 0x0000020503a30830 DEOPT PACKING pc=0x0000020513864a74 sp=0x0000007c893ff210
Event: 0.344 Thread 0x0000020503a30830 DEOPT UNPACKING pc=0x00000205132f9d22 sp=0x0000007c893ff188 mode 2
Event: 0.483 Thread 0x0000020503a30830 DEOPT PACKING pc=0x000002050bdc73f5 sp=0x0000007c893fa8b0
Event: 0.483 Thread 0x0000020503a30830 DEOPT UNPACKING pc=0x00000205132fa4c2 sp=0x0000007c893f9d00 mode 0
Event: 0.507 Thread 0x0000020503a30830 Uncommon trap: trap_request=0xffffff45 fr.pc=0x000002051383e6c8 relative=0x0000000000000ac8
Event: 0.507 Thread 0x0000020503a30830 Uncommon trap: reason=unstable_if action=reinterpret pc=0x000002051383e6c8 method=java.util.HashMap.putVal(ILjava/lang/Object;Ljava/lang/Object;ZZ)Ljava/lang/Object; @ 181 c2
Event: 0.507 Thread 0x0000020503a30830 DEOPT PACKING pc=0x000002051383e6c8 sp=0x0000007c893fefd0
Event: 0.507 Thread 0x0000020503a30830 DEOPT UNPACKING pc=0x00000205132f9d22 sp=0x0000007c893fef90 mode 2

Classes loaded (20 events):
Event: 0.544 Loading class java/lang/reflect/Proxy$ProxyBuilder$ProxyClassContext
Event: 0.544 Loading class java/lang/reflect/Proxy$ProxyBuilder$ProxyClassContext done
Event: 0.545 Loading class java/lang/reflect/ProxyGenerator
Event: 0.545 Loading class java/lang/reflect/ProxyGenerator done
Event: 0.545 Loading class java/lang/reflect/ProxyGenerator$ProxyMethod
Event: 0.545 Loading class java/lang/reflect/ProxyGenerator$ProxyMethod done
Event: 0.545 Loading class java/lang/InterruptedException
Event: 0.545 Loading class java/lang/InterruptedException done
Event: 0.546 Loading class java/lang/reflect/ProxyGenerator$PrimitiveTypeInfo
Event: 0.546 Loading class java/lang/reflect/ProxyGenerator$PrimitiveTypeInfo done
Event: 0.546 Loading class jdk/internal/org/objectweb/asm/Edge
Event: 0.546 Loading class jdk/internal/org/objectweb/asm/Edge done
Event: 0.547 Loading class java/lang/reflect/Proxy$ProxyBuilder$1
Event: 0.547 Loading class java/lang/reflect/Proxy$ProxyBuilder$1 done
Event: 0.581 Loading class java/io/UncheckedIOException
Event: 0.581 Loading class java/io/UncheckedIOException done
Event: 0.581 Loading class java/nio/file/AccessDeniedException
Event: 0.581 Loading class java/nio/file/AccessDeniedException done
Event: 0.651 Loading class java/util/ComparableTimSort
Event: 0.651 Loading class java/util/ComparableTimSort done

Classes unloaded (0 events):
No events

Classes redefined (0 events):
No events

Internal exceptions (20 events):
Event: 0.225 Thread 0x0000020503a30830 Exception <a 'java/io/FileNotFoundException'{0x000000008a17b1c0}> (0x000000008a17b1c0) 
thrown [s\src\hotspot\share\prims\jni.cpp, line 519]
Event: 0.228 Thread 0x0000020503a30830 Exception <a 'java/io/FileNotFoundException'{0x000000008a1a5108}> (0x000000008a1a5108) 
thrown [s\src\hotspot\share\prims\jni.cpp, line 519]
Event: 0.297 Thread 0x0000020503a30830 Exception <a 'java/lang/NoSuchMethodError'{0x000000008a1efc48}: 'void java.lang.invoke.DirectMethodHandle$Holder.invokeStaticInit(java.lang.Object, long, int, int, int, int)'> (0x000000008a1efc48) 
thrown [s\src\hotspot\share\interpreter\linkResolver.cpp, line 773]
Event: 0.299 Thread 0x0000020503a30830 Exception <a 'java/lang/NoSuchMethodError'{0x000000008a007cf0}: 'void java.lang.invoke.DirectMethodHandle$Holder.invokeStaticInit(java.lang.Object, long, double, double)'> (0x000000008a007cf0) 
thrown [s\src\hotspot\share\interpreter\linkResolver.cpp, line 773]
Event: 0.302 Thread 0x0000020503a30830 Exception <a 'java/lang/NoSuchMethodError'{0x000000008a015078}: 'void java.lang.invoke.DirectMethodHandle$Holder.invokeStaticInit(java.lang.Object, long, int, int, int)'> (0x000000008a015078) 
thrown [s\src\hotspot\share\interpreter\linkResolver.cpp, line 773]
Event: 0.327 Thread 0x0000020503a30830 Exception <a 'java/lang/NoSuchMethodError'{0x000000008a043368}: 'void java.lang.System.load(java.lang.String, java.lang.Class)'> (0x000000008a043368) 
thrown [s\src\hotspot\share\interpreter\linkResolver.cpp, line 773]
Event: 0.328 Thread 0x0000020503a30830 Exception <a 'java/lang/NoSuchMethodError'{0x000000008a046150}: 'void java.lang.System.loadLibrary(java.lang.String, java.lang.Class)'> (0x000000008a046150) 
thrown [s\src\hotspot\share\interpreter\linkResolver.cpp, line 773]
Event: 0.332 Thread 0x0000020503a30830 Exception <a 'sun/nio/fs/WindowsException'{0x000000008a050db8}> (0x000000008a050db8) 
thrown [s\src\hotspot\share\prims\jni.cpp, line 519]
Event: 0.332 Thread 0x0000020503a30830 Exception <a 'sun/nio/fs/WindowsException'{0x000000008a051198}> (0x000000008a051198) 
thrown [s\src\hotspot\share\prims\jni.cpp, line 519]
Event: 0.341 Thread 0x0000020503a30830 Exception <a 'sun/nio/fs/WindowsException'{0x000000008a05e800}> (0x000000008a05e800) 
thrown [s\src\hotspot\share\prims\jni.cpp, line 519]
Event: 0.342 Thread 0x0000020503a30830 Exception <a 'sun/nio/fs/WindowsException'{0x000000008a05eb20}> (0x000000008a05eb20) 
thrown [s\src\hotspot\share\prims\jni.cpp, line 519]
Event: 0.432 Thread 0x0000020503a30830 Exception <a 'java/lang/NoSuchMethodError'{0x0000000089ec0ef8}: 'void java.lang.System.load(java.lang.String, java.lang.Class)'> (0x0000000089ec0ef8) 
thrown [s\src\hotspot\share\interpreter\linkResolver.cpp, line 773]
Event: 0.432 Thread 0x0000020503a30830 Exception <a 'java/lang/NoSuchMethodError'{0x0000000089ec3ce8}: 'void java.lang.System.loadLibrary(java.lang.String, java.lang.Class)'> (0x0000000089ec3ce8) 
thrown [s\src\hotspot\share\interpreter\linkResolver.cpp, line 773]
Event: 0.439 Thread 0x0000020503a30830 Exception <a 'sun/nio/fs/WindowsException'{0x0000000089ed2e78}> (0x0000000089ed2e78) 
thrown [s\src\hotspot\share\prims\jni.cpp, line 519]
Event: 0.439 Thread 0x0000020503a30830 Exception <a 'sun/nio/fs/WindowsException'{0x0000000089ed3238}> (0x0000000089ed3238) 
thrown [s\src\hotspot\share\prims\jni.cpp, line 519]
Event: 0.527 Thread 0x0000020503a30830 Exception <a 'java/lang/NoSuchMethodError'{0x0000000089bb1700}: 'float java.lang.invoke.DelegatingMethodHandle$Holder.reinvoke_L(java.lang.Object, java.lang.Object)'> (0x0000000089bb1700) 
thrown [s\src\hotspot\share\interpreter\linkResolver.cpp, line 773]
Event: 0.529 Thread 0x0000020503a30830 Exception <a 'java/lang/NoSuchMethodError'{0x0000000089bbb688}: 'void java.lang.invoke.DelegatingMethodHandle$Holder.reinvoke_L(java.lang.Object, java.lang.Object, float)'> (0x0000000089bbb688) 
thrown [s\src\hotspot\share\interpreter\linkResolver.cpp, line 773]
Event: 0.531 Thread 0x0000020503a30830 Exception <a 'java/lang/NoSuchMethodError'{0x0000000089bd6518}: 'void java.lang.invoke.Invokers$Holder.invokeExact_MT(java.lang.Object, java.lang.Object, java.lang.Object, java.lang.Object)'> (0x0000000089bd6518) 
thrown [s\src\hotspot\share\interpreter\linkResolver.cpp, line 773]
Event: 0.549 Thread 0x0000020503a30830 Exception <a 'java/lang/NoSuchMethodError'{0x0000000089a3eec0}: 'void java.lang.invoke.DelegatingMethodHandle$Holder.reinvoke_L(java.lang.Object, java.lang.Object, int)'> (0x0000000089a3eec0) 
thrown [s\src\hotspot\share\interpreter\linkResolver.cpp, line 773]
Event: 0.550 Thread 0x0000020503a30830 Exception <a 'java/lang/NoSuchMethodError'{0x0000000089a45700}: 'void java.lang.invoke.Invokers$Holder.invokeExact_MT(java.lang.Object, java.lang.Object, int, java.lang.Object)'> (0x0000000089a45700) 
thrown [s\src\hotspot\share\interpreter\linkResolver.cpp, line 773]

VM Operations (4 events):
Event: 0.067 Executing VM operation: HandshakeAllThreads
Event: 0.067 Executing VM operation: HandshakeAllThreads done
Event: 0.118 Executing VM operation: HandshakeAllThreads
Event: 0.118 Executing VM operation: HandshakeAllThreads done

Events (12 events):
Event: 0.029 Thread 0x0000020503a30830 Thread added: 0x0000020503a30830
Event: 0.039 Thread 0x00000205205f89a0 Thread added: 0x00000205205f89a0
Event: 0.039 Thread 0x00000205205f9640 Thread added: 0x00000205205f9640
Event: 0.040 Thread 0x00000205205fa8d0 Thread added: 0x00000205205fa8d0
Event: 0.040 Thread 0x00000205205fc6b0 Thread added: 0x00000205205fc6b0
Event: 0.040 Thread 0x00000205205fe000 Thread added: 0x00000205205fe000
Event: 0.040 Thread 0x0000020520600a80 Thread added: 0x0000020520600a80
Event: 0.040 Thread 0x000002052060d130 Thread added: 0x000002052060d130
Event: 0.040 Thread 0x000002052062ead0 Thread added: 0x000002052062ead0
Event: 0.062 Thread 0x00000205658e5610 Thread added: 0x00000205658e5610
Event: 0.116 Thread 0x0000020565b16d50 Thread added: 0x0000020565b16d50
Event: 0.116 Thread 0x0000020565b172a0 Thread added: 0x0000020565b172a0


Dynamic libraries:
0x00007ff761ed0000 - 0x00007ff761ede000 	C:\Users\sangral\.jdks\corretto-20.0.2.1\bin\java.exe
0x00007ffe420f0000 - 0x00007ffe42306000 	C:\WINDOWS\SYSTEM32\ntdll.dll
0x00007ffe404f0000 - 0x00007ffe405b4000 	C:\WINDOWS\System32\KERNEL32.DLL
0x00007ffe3fa90000 - 0x00007ffe3fe36000 	C:\WINDOWS\System32\KERNELBASE.dll
0x00007ffe3f6f0000 - 0x00007ffe3f801000 	C:\WINDOWS\System32\ucrtbase.dll
0x00007ffe37cf0000 - 0x00007ffe37d0b000 	C:\Users\sangral\.jdks\corretto-20.0.2.1\bin\VCRUNTIME140.dll
0x00007ffe37450000 - 0x00007ffe37467000 	C:\Users\sangral\.jdks\corretto-20.0.2.1\bin\jli.dll
0x00007ffe41e30000 - 0x00007ffe41fdd000 	C:\WINDOWS\System32\USER32.dll
0x00007ffe2cfd0000 - 0x00007ffe2d263000 	C:\WINDOWS\WinSxS\amd64_microsoft.windows.common-controls_6595b64144ccf1df_6.0.22621.3235_none_270f74e173860f98\COMCTL32.dll
0x00007ffe3f550000 - 0x00007ffe3f576000 	C:\WINDOWS\System32\win32u.dll
0x00007ffe40270000 - 0x00007ffe40317000 	C:\WINDOWS\System32\msvcrt.dll
0x00007ffe41fe0000 - 0x00007ffe42009000 	C:\WINDOWS\System32\GDI32.dll
0x00007ffe3f430000 - 0x00007ffe3f548000 	C:\WINDOWS\System32\gdi32full.dll
0x00007ffe3f810000 - 0x00007ffe3f8aa000 	C:\WINDOWS\System32\msvcp_win.dll
0x00007ffe40320000 - 0x00007ffe40351000 	C:\WINDOWS\System32\IMM32.DLL
0x00007ffe3cff0000 - 0x00007ffe3cffc000 	C:\Users\sangral\.jdks\corretto-20.0.2.1\bin\vcruntime140_1.dll
0x00007ffe2e9c0000 - 0x00007ffe2ea4e000 	C:\Users\sangral\.jdks\corretto-20.0.2.1\bin\msvcp140.dll
0x00007ffdeee00000 - 0x00007ffdefb04000 	C:\Users\sangral\.jdks\corretto-20.0.2.1\bin\server\jvm.dll
0x00007ffe40620000 - 0x00007ffe406d2000 	C:\WINDOWS\System32\ADVAPI32.dll
0x00007ffe40100000 - 0x00007ffe401a8000 	C:\WINDOWS\System32\sechost.dll
0x00007ffe3f640000 - 0x00007ffe3f668000 	C:\WINDOWS\System32\bcrypt.dll
0x00007ffe40360000 - 0x00007ffe40475000 	C:\WINDOWS\System32\RPCRT4.dll
0x00007ffe3d040000 - 0x00007ffe3d049000 	C:\WINDOWS\SYSTEM32\WSOCK32.dll
0x00007ffe370e0000 - 0x00007ffe37114000 	C:\WINDOWS\SYSTEM32\WINMM.dll
0x00007ffe36790000 - 0x00007ffe3679a000 	C:\WINDOWS\SYSTEM32\VERSION.dll
0x00007ffe415a0000 - 0x00007ffe41611000 	C:\WINDOWS\System32\WS2_32.dll
0x00007ffe3e560000 - 0x00007ffe3e578000 	C:\WINDOWS\SYSTEM32\kernel.appcore.dll
0x00007ffe3a160000 - 0x00007ffe3a16a000 	C:\Users\sangral\.jdks\corretto-20.0.2.1\bin\jimage.dll
0x00007ffe3cbd0000 - 0x00007ffe3ce03000 	C:\WINDOWS\SYSTEM32\DBGHELP.DLL
0x00007ffe41620000 - 0x00007ffe419a8000 	C:\WINDOWS\System32\combase.dll
0x00007ffe41370000 - 0x00007ffe41447000 	C:\WINDOWS\System32\OLEAUT32.dll
0x00007ffe1a800000 - 0x00007ffe1a832000 	C:\WINDOWS\SYSTEM32\dbgcore.DLL
0x00007ffe3f670000 - 0x00007ffe3f6ea000 	C:\WINDOWS\System32\bcryptPrimitives.dll
0x00007ffe381d0000 - 0x00007ffe381de000 	C:\Users\sangral\.jdks\corretto-20.0.2.1\bin\instrument.dll
0x00007ffe347e0000 - 0x00007ffe34806000 	C:\Users\sangral\.jdks\corretto-20.0.2.1\bin\java.dll
0x00007ffe27fd0000 - 0x00007ffe280a7000 	C:\Users\sangral\.jdks\corretto-20.0.2.1\bin\jsvml.dll
0x00007ffe40970000 - 0x00007ffe411cd000 	C:\WINDOWS\System32\SHELL32.dll
0x00007ffe3d3a0000 - 0x00007ffe3dc98000 	C:\WINDOWS\SYSTEM32\windows.storage.dll
0x00007ffe3d260000 - 0x00007ffe3d39e000 	C:\WINDOWS\SYSTEM32\wintypes.dll
0x00007ffe41450000 - 0x00007ffe41543000 	C:\WINDOWS\System32\SHCORE.dll
0x00007ffe40490000 - 0x00007ffe404ee000 	C:\WINDOWS\System32\shlwapi.dll
0x00007ffe3f360000 - 0x00007ffe3f386000 	C:\WINDOWS\SYSTEM32\profapi.dll
0x00007ffe31340000 - 0x00007ffe31358000 	C:\Users\sangral\.jdks\corretto-20.0.2.1\bin\zip.dll
0x00007ffe37430000 - 0x00007ffe37443000 	C:\Users\sangral\.jdks\corretto-20.0.2.1\bin\net.dll
0x00007ffe38960000 - 0x00007ffe38a97000 	C:\WINDOWS\SYSTEM32\WINHTTP.dll
0x00007ffe3e9e0000 - 0x00007ffe3ea49000 	C:\WINDOWS\system32\mswsock.dll
0x00007ffe347c0000 - 0x00007ffe347d6000 	C:\Users\sangral\.jdks\corretto-20.0.2.1\bin\nio.dll
0x00007ffe30dc0000 - 0x00007ffe30dda000 	C:\Program Files\JetBrains\IntelliJ IDEA Community Edition 2023.3.5\bin\breakgen64.dll
0x00007ffe37390000 - 0x00007ffe37397000 	C:\Users\sangral\.jdks\corretto-20.0.2.1\bin\extnet.dll
0x00007ffe2e940000 - 0x00007ffe2e9bb000 	C:\Users\sangral\AppData\Local\Temp\lwjgl_sangral\3.3.3-snapshot\x64\lwjgl.dll
0x00007ffe18ce0000 - 0x00007ffe18d62000 	C:\Users\sangral\AppData\Local\Temp\lwjgl_sangral\3.3.3-snapshot\x64\glfw.dll
0x00007ffe27f80000 - 0x00007ffe27fc6000 	C:\WINDOWS\SYSTEM32\dinput8.dll
0x00007ffe30b50000 - 0x00007ffe30b61000 	C:\WINDOWS\SYSTEM32\xinput1_4.dll
0x00007ffe3f120000 - 0x00007ffe3f16e000 	C:\WINDOWS\SYSTEM32\cfgmgr32.dll
0x00007ffe3f0f0000 - 0x00007ffe3f11c000 	C:\WINDOWS\SYSTEM32\DEVOBJ.dll
0x00007ffe3c780000 - 0x00007ffe3c7ab000 	C:\WINDOWS\SYSTEM32\dwmapi.dll
0x00007ffe2b960000 - 0x00007ffe2bb6a000 	C:\WINDOWS\SYSTEM32\inputhost.dll
0x00007ffe3c110000 - 0x00007ffe3c244000 	C:\WINDOWS\SYSTEM32\CoreMessaging.dll
0x00007ffe3c540000 - 0x00007ffe3c5eb000 	C:\WINDOWS\system32\uxtheme.dll
0x00007ffe3fe40000 - 0x00007ffe3ff94000 	C:\WINDOWS\System32\MSCTF.dll
0x00007ffdfafd0000 - 0x00007ffdfb160000 	C:\Users\sangral\.jdks\corretto-20.0.2.1\bin\awt.dll
0x00007ffe3c400000 - 0x00007ffe3c497000 	C:\WINDOWS\SYSTEM32\apphelp.dll
0x00007ffe3ec30000 - 0x00007ffe3ec3c000 	C:\WINDOWS\SYSTEM32\CRYPTBASE.DLL
0x00007ffe37260000 - 0x00007ffe37270000 	C:\Users\sangral\.jdks\corretto-20.0.2.1\bin\verify.dll
0x00007ffe2f4a0000 - 0x00007ffe2f5a0000 	C:\WINDOWS\SYSTEM32\opengl32.dll
0x00007ffe36300000 - 0x00007ffe3632d000 	C:\WINDOWS\SYSTEM32\GLU32.dll
0x00007ffe3c7f0000 - 0x00007ffe3c829000 	C:\WINDOWS\SYSTEM32\dxcore.dll
0x00007ffe383f0000 - 0x00007ffe3843a000 	C:\WINDOWS\SYSTEM32\directxdatabasehelper.dll
0x00007ffe406f0000 - 0x00007ffe407a0000 	C:\WINDOWS\System32\clbcatq.dll
0x00007ffddeb40000 - 0x00007ffddfa71000 	C:\WINDOWS\System32\DriverStore\FileRepository\iigd_dch.inf_amd64_2b7bcff446ea567f\ig9icd64.dll
0x00007ffe411d0000 - 0x00007ffe4136f000 	C:\WINDOWS\System32\ole32.dll
0x00007ffe3c670000 - 0x00007ffe3c768000 	C:\WINDOWS\system32\dxgi.dll
0x00007ffe369c0000 - 0x00007ffe36b65000 	C:\WINDOWS\System32\DriverStore\FileRepository\iigd_dch.inf_amd64_2b7bcff446ea567f\igdgmm64.dll
0x00007ffe0c690000 - 0x00007ffe0f146000 	C:\WINDOWS\System32\DriverStore\FileRepository\iigd_dch.inf_amd64_2b7bcff446ea567f\igc64.dll
0x00007ffe3e2c0000 - 0x00007ffe3e30d000 	C:\WINDOWS\SYSTEM32\powrprof.dll
0x00007ffe3e2a0000 - 0x00007ffe3e2b3000 	C:\WINDOWS\SYSTEM32\UMPDC.dll
0x00007ffdfabe0000 - 0x00007ffdfafc5000 	C:\WINDOWS\System32\DriverStore\FileRepository\iigd_dch.inf_amd64_2b7bcff446ea567f\igdml64.dll
0x00007ffe2db90000 - 0x00007ffe2dcda000 	C:\WINDOWS\SYSTEM32\textinputframework.dll
0x00007ffe36d70000 - 0x00007ffe370dc000 	C:\WINDOWS\SYSTEM32\CoreUIComponents.dll
0x00007ffe27d90000 - 0x00007ffe27dee000 	C:\Users\sangral\AppData\Local\Temp\lwjgl_sangral\3.3.3-snapshot\x64\lwjgl_opengl.dll
0x00007ffe17bf0000 - 0x00007ffe17c72000 	C:\Users\sangral\AppData\Local\Temp\lwjgl_sangral\3.3.3-snapshot\x64\lwjgl_stb.dll
0x00007ffde4d30000 - 0x00007ffde5a8d000 	E:\repo\Haspid2DEngine\libs\imgui-java64.dll

dbghelp: loaded successfully - version: 4.0.5 - missing functions: none
symbol engine: initialized successfully - sym options: 0x614 - pdb path: .;C:\Users\sangral\.jdks\corretto-20.0.2.1\bin;C:\WINDOWS\SYSTEM32;C:\WINDOWS\WinSxS\amd64_microsoft.windows.common-controls_6595b64144ccf1df_6.0.22621.3235_none_270f74e173860f98;C:\Users\sangral\.jdks\corretto-20.0.2.1\bin\server;C:\Program Files\JetBrains\IntelliJ IDEA Community Edition 2023.3.5\bin;C:\Users\sangral\AppData\Local\Temp\lwjgl_sangral\3.3.3-snapshot\x64;C:\WINDOWS\System32\DriverStore\FileRepository\iigd_dch.inf_amd64_2b7bcff446ea567f;E:\repo\Haspid2DEngine\libs

VM Arguments:
jvm_args: -Djava.library.path=E:\repo\Haspid2DEngine\libs -javaagent:C:\Program Files\JetBrains\IntelliJ IDEA Community Edition 2023.3.5\lib\idea_rt.jar=50310:C:\Program Files\JetBrains\IntelliJ IDEA Community Edition 2023.3.5\bin -Dfile.encoding=UTF-8 -Dsun.stdout.encoding=UTF-8 -Dsun.stderr.encoding=UTF-8 
java_command: main.Main
java_class_path (initial): E:\repo\Haspid2DEngine\out\production\Haspid2DEngine;E:\repo\Haspid2DEngine\libs\imgui-app-1.86.11-all.jar;E:\repo\Haspid2DEngine\libs\imgui-app-1.86.11.jar;E:\repo\Haspid2DEngine\libs\imgui-binding-1.86.11.jar;E:\repo\Haspid2DEngine\libs\imgui-java64.dll;E:\repo\Haspid2DEngine\libs\imgui-lwjgl3-1.86.11.jar;E:\repo\Haspid2DEngine\libs\joml-1.10.5.jar;E:\repo\Haspid2DEngine\libs\lwjgl-assimp-natives-windows.jar;E:\repo\Haspid2DEngine\libs\lwjgl-assimp.jar;E:\repo\Haspid2DEngine\libs\lwjgl-glfw-natives-windows.jar;E:\repo\Haspid2DEngine\libs\lwjgl-glfw.jar;E:\repo\Haspid2DEngine\libs\lwjgl-natives-windows.jar;E:\repo\Haspid2DEngine\libs\lwjgl-nfd-natives-windows.jar;E:\repo\Haspid2DEngine\libs\lwjgl-nfd.jar;E:\repo\Haspid2DEngine\libs\lwjgl-openal-natives-windows.jar;E:\repo\Haspid2DEngine\libs\lwjgl-openal.jar;E:\repo\Haspid2DEngine\libs\lwjgl-opengl-natives-windows.jar;E:\repo\Haspid2DEngine\libs\lwjgl-opengl.jar;E:\repo\Haspid2DEngine\libs\lwjgl-stb-natives-windows.jar;E:\repo\Haspid2DEngine\libs\lwjgl-stb.jar;E:\repo\Haspid2DEngine\libs\lwjgl.jar;E:\repo\Haspid2DEngine\libs\gson-2.10.1.jar
Launcher Type: SUN_STANDARD

[Global flags]
     intx CICompilerCount                          = 4                                         {product} {ergonomic}
     uint ConcGCThreads                            = 2                                         {product} {ergonomic}
     uint G1ConcRefinementThreads                  = 8                                         {product} {ergonomic}
   size_t G1HeapRegionSize                         = 1048576                                   {product} {ergonomic}
    uintx GCDrainStackTargetSize                   = 64                                        {product} {ergonomic}
   size_t InitialHeapSize                          = 132120576                                 {product} {ergonomic}
   size_t MarkStackSize                            = 4194304                                   {product} {ergonomic}
   size_t MaxHeapSize                              = 2103443456                                {product} {ergonomic}
   size_t MaxNewSize                               = 1261436928                                {product} {ergonomic}
   size_t MinHeapDeltaBytes                        = 1048576                                   {product} {ergonomic}
   size_t MinHeapSize                              = 8388608                                   {product} {ergonomic}
    uintx NonNMethodCodeHeapSize                   = 5839372                                {pd product} {ergonomic}
    uintx NonProfiledCodeHeapSize                  = 122909434                              {pd product} {ergonomic}
    uintx ProfiledCodeHeapSize                     = 122909434                              {pd product} {ergonomic}
    uintx ReservedCodeCacheSize                    = 251658240                              {pd product} {ergonomic}
     bool SegmentedCodeCache                       = true                                      {product} {ergonomic}
   size_t SoftMaxHeapSize                          = 2103443456                             {manageable} {ergonomic}
     bool UseCompressedClassPointers               = true                           {product lp64_product} {ergonomic}
     bool UseCompressedOops                        = true                           {product lp64_product} {ergonomic}
     bool UseG1GC                                  = true                                      {product} {ergonomic}
     bool UseLargePagesIndividualAllocation        = false                                  {pd product} {ergonomic}

Logging:
Log output configuration:
 #0: stdout all=warning uptime,level,tags foldmultilines=false
 #1: stderr all=off uptime,level,tags foldmultilines=false

Environment Variables:
PATH=C:\Program Files (x86)\Common Files\Oracle\Java\javapath;C:\WINDOWS\system32;C:\WINDOWS;C:\WINDOWS\System32\Wbem;C:\WINDOWS\System32\WindowsPowerShell\v1.0\;C:\WINDOWS\System32\OpenSSH\;E:\system\Git\cmd;C:\Users\sangral\AppData\Local\Microsoft\WindowsApps;
USERNAME=sangral
OS=Windows_NT
PROCESSOR_IDENTIFIER=Intel64 Family 6 Model 165 Stepping 2, GenuineIntel
TMP=C:\Users\sangral\AppData\Local\Temp
TEMP=C:\Users\sangral\AppData\Local\Temp




---------------  S Y S T E M  ---------------

OS:
 Windows 11 , 64 bit Build 22621 (10.0.22621.3235)
OS uptime: 18 days 5:20 hours

CPU: total 8 (initial active 8) (4 cores per cpu, 2 threads per core) family 6 model 165 stepping 2 microcode 0xea, cx8, cmov, fxsr, ht, mmx, 3dnowpref, sse, sse2, sse3, ssse3, sse4.1, sse4.2, popcnt, lzcnt, tsc, tscinvbit, avx, avx2, aes, erms, clmul, bmi1, bmi2, adx, fma, vzeroupper, clflush, clflushopt, rdtscp, f16c, pku

Memory: 4k page, system-wide physical 8023M (1314M free)
TotalPageFile size 12336M (AvailPageFile size 2234M)
current process WorkingSet (physical memory assigned to process): 174M, peak: 174M
current process commit charge ("private bytes"): 292M, peak: 293M

vm_info: OpenJDK 64-Bit Server VM (20.0.2.1+10-FR) for windows-amd64 JRE (20.0.2.1+10-FR), built on 2023-08-19T09:18:31Z by "Administrator" with unknown MS VC++:1937

END.
