#
# A fatal error has been detected by the Java Runtime Environment:
#
#  EXCEPTION_ACCESS_VIOLATION (0xc0000005) at pc=0x00007ffdfa22636e, pid=9488, tid=5436
#
# JRE version: OpenJDK Runtime Environment Corretto-20.0.2.10.1 (20.0.2.1+10) (build 20.0.2.1+10-FR)
# Java VM: OpenJDK 64-Bit Server VM Corretto-20.0.2.10.1 (20.0.2.1+10-FR, mixed mode, sharing, tiered, compressed oops, compressed class ptrs, g1 gc, windows-amd64)
# Problematic frame:
# C  [imgui-java64.dll+0x5636e]
#
# No core dump will be written. Minidumps are not enabled by default on client versions of Windows
#
# If you would like to submit a bug report, please visit:
#   https://github.com/corretto/corretto-20/issues/
# The crash happened outside the Java Virtual Machine in native code.
# See problematic frame for where to report the bug.
#

---------------  S U M M A R Y ------------

Command Line: -Djava.library.path=E:\repo\Haspid2DEngine\libs -javaagent:C:\Program Files\JetBrains\IntelliJ IDEA Community Edition 2023.3.5\lib\idea_rt.jar=55264:C:\Program Files\JetBrains\IntelliJ IDEA Community Edition 2023.3.5\bin -Dfile.encoding=UTF-8 -Dsun.stdout.encoding=UTF-8 -Dsun.stderr.encoding=UTF-8 main.Main

Host: Intel(R) Core(TM) i5-10300H CPU @ 2.50GHz, 8 cores, 7G,  Windows 11 , 64 bit Build 22621 (10.0.22621.3235)
Time: Mon Apr 15 14:13:21 2024  Windows 11 , 64 bit Build 22621 (10.0.22621.3235) elapsed time: 0.707730 seconds (0d 0h 0m 0s)

---------------  T H R E A D  ---------------

Current thread (0x000001971b54f310):  JavaThread "main" [_thread_in_native, id=5436, stack(0x00000055d2500000,0x00000055d2600000)]

Stack: [0x00000055d2500000,0x00000055d2600000],  sp=0x00000055d25ff3c8,  free space=1020k
Native frames: (J=compiled Java code, j=interpreted, Vv=VM code, C=native code)
C  [imgui-java64.dll+0x5636e]

Java frames: (J=compiled Java code, j=interpreted, Vv=VM code)
j  imgui.ImGui.getContentRegionAvail(Limgui/ImVec2;)V+0
j  imgui.ImGui.getContentRegionAvail()Limgui/ImVec2;+9
j  main.Editor.ViewPort.update()V+0
j  main.scene.EditorScene.update(F)V+11
j  main.haspid.Window.loop()V+43
j  main.haspid.Window.run()V+19
j  main.Main.main([Ljava/lang/String;)V+5
v  ~StubRoutines::call_stub 0x000001972adb100d

siginfo: EXCEPTION_ACCESS_VIOLATION (0xc0000005), reading address 0x00000000000001b8


Registers:
RAX=0x00007ffdfa264a10, RBX=0x00000055d25ff4a0, RCX=0x00000197014c25f0, RDX=0x0000000000000000
RSP=0x00000055d25ff3c8, RBP=0x00000055d25ff480, RSI=0x0000000000000000, RDI=0x000000000000008f
R8 =0x00000055d25ff4a0, R9 =0x0000000000000002, R10=0x000001972add1fc4, R11=0x0000000089afa778
R12=0x000001971b54f5f0, R13=0x0000019779b66d10, R14=0x00000055d25ff4a0, R15=0x000001971b54f310
RIP=0x00007ffdfa22636e, EFLAGS=0x0000000000010202


Register to memory mapping:

RIP=0x00007ffdfa22636e imgui-java64.dll
RAX=0x00007ffdfa264a10 imgui-java64.dll
RBX=0x00000055d25ff4a0 is pointing into the stack for thread: 0x000001971b54f310
RCX=0x00000197014c25f0 points into unknown readable memory: 0x00000197196e0101 | 01 01 6e 19 97 01 00 00
RDX=0x0 is NULL
RSP=0x00000055d25ff3c8 is pointing into the stack for thread: 0x000001971b54f310
RBP=0x00000055d25ff480 is pointing into the stack for thread: 0x000001971b54f310
RSI=0x0 is NULL
RDI=0x000000000000008f is an unknown value
R8 =0x00000055d25ff4a0 is pointing into the stack for thread: 0x000001971b54f310
R9 =0x0000000000000002 is an unknown value
R10=0x000001972add1fc4 is at code_begin+996 in an Interpreter codelet
method entry point (kind = native)  [0x000001972add1be0, 0x000001972add26d0]  2800 bytes
R11=0x0000000089afa778 is an oop: java.lang.Class 
{0x0000000089afa778} - klass: 'java/lang/Class'
 - ---- fields (total size 24 words):
 - private volatile transient 'classRedefinedCount' 'I' @12  0 (0x00000000)
 - abstract internal 'klass' 'J' @16  1749012777544 (0x0000019739490a48)
 - abstract internal 'array_klass' 'J' @24  0 (0x0000000000000000)
 - abstract internal 'oop_size' 'I' @32  24 (0x00000018)
 - abstract internal 'static_oop_field_count' 'I' @36  19 (0x00000013)
 - private volatile transient 'cachedConstructor' 'Ljava/lang/reflect/Constructor;' @40  NULL (0x00000000)
 - private transient 'name' 'Ljava/lang/String;' @44  "imgui.ImGui"{0x0000000089afa8f8} (0x89afa8f8)
 - private transient 'module' 'Ljava/lang/Module;' @48  a 'java/lang/Module'{0x000000008a76a420} (0x8a76a420)
 - private final 'classLoader' 'Ljava/lang/ClassLoader;' @52  a 'jdk/internal/loader/ClassLoaders$AppClassLoader'{0x000000008a76a260} (0x8a76a260)
 - private transient 'classData' 'Ljava/lang/Object;' @56  NULL (0x00000000)
 - private transient 'packageName' 'Ljava/lang/String;' @60  "imgui"{0x0000000089aa5638} (0x89aa5638)
 - private final 'componentType' 'Ljava/lang/Class;' @64  NULL (0x00000000)
 - private volatile transient 'reflectionData' 'Ljava/lang/ref/SoftReference;' @68  NULL (0x00000000)
 - private volatile transient 'genericInfo' 'Lsun/reflect/generics/repository/ClassRepository;' @72  NULL (0x00000000)
 - private volatile transient 'enumConstants' '[Ljava/lang/Object;' @76  NULL (0x00000000)
 - private volatile transient 'enumConstantDirectory' 'Ljava/util/Map;' @80  NULL (0x00000000)
 - private volatile transient 'annotationData' 'Ljava/lang/Class$AnnotationData;' @84  NULL (0x00000000)
 - private volatile transient 'annotationType' 'Lsun/reflect/annotation/AnnotationType;' @88  NULL (0x00000000)
 - transient 'classValueMap' 'Ljava/lang/ClassValue$ClassValueMap;' @92  NULL (0x00000000)
 - abstract internal 'protection_domain' 'Ljava/lang/Object;' @96  a 'java/security/ProtectionDomain'{0x000000008a424b20} (0x8a424b20)
 - abstract internal 'signers_name' 'Ljava/lang/Object;' @100  NULL (0x00000000)
 - abstract internal 'source_file' 'Ljava/lang/Object;' @104  NULL (0x00000000)
 - signature: Limgui/ImGui;
 - ---- static fields (19):
 - private static final 'LIB_PATH_PROP' 'Ljava/lang/String;' @112  "imgui.library.path"{0x0000000089afa838} (0x89afa838)
 - private static final 'LIB_NAME_PROP' 'Ljava/lang/String;' @116  "imgui.library.name"{0x0000000089afa878} (0x89afa878)
 - private static final 'LIB_NAME_DEFAULT' 'Ljava/lang/String;' @120  "imgui-java64"{0x0000000089afdf08} (0x89afdf08)
 - private static final 'LIB_TMP_DIR_PREFIX' 'Ljava/lang/String;' @124  "imgui-java-natives"{0x0000000089afa8b8} (0x89afa8b8)
 - private static final 'IMGUI_CONTEXT' 'Limgui/internal/ImGuiContext;' @128  a 'imgui/internal/ImGuiContext'{0x0000000089922270} (0x89922270)
 - private static final 'IMGUI_IO' 'Limgui/ImGuiIO;' @132  a 'imgui/ImGuiIO'{0x0000000089927068} (0x89927068)
 - private static final 'WINDOW_DRAW_LIST' 'Limgui/ImDrawList;' @136  a 'imgui/ImDrawList'{0x0000000089930e40} (0x89930e40)
 - private static final 'BACKGROUND_DRAW_LIST' 'Limgui/ImDrawList;' @140  a 'imgui/ImDrawList'{0x0000000089930e58} (0x89930e58)
 - private static final 'FOREGROUND_DRAW_LIST' 'Limgui/ImDrawList;' @144  a 'imgui/ImDrawList'{0x0000000089930e70} (0x89930e70)
 - private static final 'IMGUI_STORAGE' 'Limgui/ImGuiStorage;' @148  a 'imgui/ImGuiStorage'{0x0000000089931ff8} (0x89931ff8)
 - private static final 'WINDOW_VIEWPORT' 'Limgui/ImGuiViewport;' @152  a 'imgui/ImGuiViewport'{0x0000000089937b20} (0x89937b20)
 - private static final 'FIND_VIEWPORT' 'Limgui/ImGuiViewport;' @156  a 'imgui/ImGuiViewport'{0x0000000089937b38} (0x89937b38)
 - private static final 'DRAW_DATA' 'Limgui/ImDrawData;' @160  a 'imgui/ImDrawData'{0x0000000089937b50} (0x89937b50)
 - private static final 'FONT' 'Limgui/ImFont;' @164  a 'imgui/ImFont'{0x000000008993b2f8} (0x8993b2f8)
 - private static final 'STYLE' 'Limgui/ImGuiStyle;' @168  a 'imgui/ImGuiStyle'{0x0000000089940bf8} (0x89940bf8)
 - private static final 'MAIN_VIEWPORT' 'Limgui/ImGuiViewport;' @172  a 'imgui/ImGuiViewport'{0x0000000089940c10} (0x89940c10)
 - private static final 'PLATFORM_IO' 'Limgui/ImGuiPlatformIO;' @176  a 'imgui/ImGuiPlatformIO'{0x00000000899440d8} (0x899440d8)
 - private static 'payloadRef' 'Ljava/lang/ref/WeakReference;' @180  NULL (0x00000000)
 - private static final 'PAYLOAD_PLACEHOLDER_DATA' '[B' @184  [B{0x000000008994df00} (0x8994df00)
R12=0x000001971b54f5f0 points into unknown readable memory: 0x000001977d865170 | 70 51 86 7d 97 01 00 00
R13={method} {0x0000019779b66d18} 'getContentRegionAvail' '(Limgui/ImVec2;)V' in 'imgui/ImGui'
R14=0x00000055d25ff4a0 is pointing into the stack for thread: 0x000001971b54f310
R15=0x000001971b54f310 is a thread


Top of Stack: (sp=0x00000055d25ff3c8)
0x00000055d25ff3c8:   00007ffdfa264a22 000000000000008f
0x00000055d25ff3d8:   000001972add1e6e 0000019779b66d10
0x00000055d25ff3e8:   0000019779b66d10 0000019779b66d10
0x00000055d25ff3f8:   0000019779b66d10 0000000000000000
0x00000055d25ff408:   000001972add1ff3 0000019779b66d10
0x00000055d25ff418:   0000000000000000 00000055d25ff488
0x00000055d25ff428:   000001972adcde8a 000001972add1c96
0x00000055d25ff438:   00000055d25ff438 0000019779b66d10
0x00000055d25ff448:   00000055d25ff4a0 0000019779b90000
0x00000055d25ff458:   0000000000000000 0000000089afa778
0x00000055d25ff468:   0000019779b66d10 0000000000000000
0x00000055d25ff478:   00000055d25ff4a0 00000055d25ff4f0
0x00000055d25ff488:   000001972adcde8a 0000000089afa778
0x00000055d25ff498:   000001972adcf897 00000000898c6d68
0x00000055d25ff4a8:   00000055d25ff4a8 0000019779b66c61
0x00000055d25ff4b8:   00000055d25ff500 0000019779b90000
0x00000055d25ff4c8:   0000000000000000 0000000089afa778
0x00000055d25ff4d8:   0000019779b66c80 00000055d25ff4a0
0x00000055d25ff4e8:   00000055d25ff508 00000055d25ff550
0x00000055d25ff4f8:   000001972adcdfe3 00000000898c6d68
0x00000055d25ff508:   00000055d25ff508 0000019779c23ad0
0x00000055d25ff518:   00000055d25ff578 0000019779c23fc0
0x00000055d25ff528:   0000000000000000 00000000898c6c38
0x00000055d25ff538:   0000019779c23b60 00000055d25ff508
0x00000055d25ff548:   00000055d25ff578 00000055d25ff5c8
0x00000055d25ff558:   000001972adcde8a 0000000000000000
0x00000055d25ff568:   0000000000000000 0000000000000000
0x00000055d25ff578:   00000000898c6d58 00000055d25ff580
0x00000055d25ff588:   000001977980e10b 00000055d25ff5f0
0x00000055d25ff598:   0000019779a8c148 0000000000000000
0x00000055d25ff5a8:   000000008a41da48 000001977980e168
0x00000055d25ff5b8:   00000055d25ff578 00000055d25ff5e8 

Instructions: (pc=0x00007ffdfa22636e)
0x00007ffdfa22626e:   00 f3 0f 58 c0 f3 0f 58 80 98 1a 00 00 f3 0f 58
0x00007ffdfa22627e:   80 a0 16 00 00 c3 66 66 2e 0f 1f 84 00 00 00 00
0x00007ffdfa22628e:   00 90 48 8b 0d b1 0e 4b 00 48 8b 91 28 1d 00 00
0x00007ffdfa22629e:   f3 0f 10 82 64 02 00 00 48 83 ba b8 01 00 00 00
0x00007ffdfa2262ae:   f3 0f 10 4a 48 0f 10 d0 f3 0f 5c 52 4c 74 23 f3
0x00007ffdfa2262be:   0f 10 82 30 02 00 00 f3 0f 5c c1 66 0f 7e d0 48
0x00007ffdfa2262ce:   89 c2 48 c1 e2 20 66 0f 7e c0 48 09 d0 c3 0f 1f
0x00007ffdfa2262de:   40 00 48 83 b9 f0 21 00 00 00 f3 0f 10 82 60 02
0x00007ffdfa2262ee:   00 00 75 cb eb d1 66 66 2e 0f 1f 84 00 00 00 00
0x00007ffdfa2262fe:   00 90 48 8b 0d 41 0e 4b 00 48 8b 91 28 1d 00 00
0x00007ffdfa22630e:   48 83 ba b8 01 00 00 00 f3 0f 10 8a 64 02 00 00
0x00007ffdfa22631e:   74 20 f3 0f 10 82 30 02 00 00 66 0f 7e c8 48 89
0x00007ffdfa22632e:   c2 66 0f 7e c0 48 c1 e2 20 48 09 d0 c3 0f 1f 44
0x00007ffdfa22633e:   00 00 48 83 b9 f0 21 00 00 00 f3 0f 10 82 60 02
0x00007ffdfa22634e:   00 00 75 ce eb d4 66 66 2e 0f 1f 84 00 00 00 00
0x00007ffdfa22635e:   00 90 48 8b 0d e1 0d 4b 00 48 8b 91 28 1d 00 00
0x00007ffdfa22636e:   48 83 ba b8 01 00 00 00 f3 0f 10 8a 64 02 00 00
0x00007ffdfa22637e:   74 30 f3 0f 10 82 30 02 00 00 f3 0f 5c 8a 14 01
0x00007ffdfa22638e:   00 00 f3 0f 5c 82 10 01 00 00 66 0f 7e c8 48 89
0x00007ffdfa22639e:   c2 66 0f 7e c0 48 c1 e2 20 48 09 d0 c3 0f 1f 44
0x00007ffdfa2263ae:   00 00 48 83 b9 f0 21 00 00 00 f3 0f 10 82 60 02
0x00007ffdfa2263be:   00 00 75 be eb c4 66 66 2e 0f 1f 84 00 00 00 00
0x00007ffdfa2263ce:   00 90 48 8b 05 71 0d 4b 00 48 8b 80 28 1d 00 00
0x00007ffdfa2263de:   f3 0f 10 88 5c 02 00 00 f3 0f 5c 48 4c f3 0f 10
0x00007ffdfa2263ee:   80 58 02 00 00 f3 0f 5c 40 48 66 0f 7e c8 48 89
0x00007ffdfa2263fe:   c2 66 0f 7e c0 48 c1 e2 20 48 09 d0 c3 0f 1f 44
0x00007ffdfa22640e:   00 00 48 8b 05 31 0d 4b 00 48 8b 80 28 1d 00 00
0x00007ffdfa22641e:   f3 0f 10 88 64 02 00 00 f3 0f 5c 48 4c f3 0f 10
0x00007ffdfa22642e:   80 60 02 00 00 f3 0f 5c 40 48 66 0f 7e c8 48 89
0x00007ffdfa22643e:   c2 66 0f 7e c0 48 c1 e2 20 48 09 d0 c3 0f 1f 44
0x00007ffdfa22644e:   00 00 41 54 55 57 56 53 48 83 ec 20 48 8b 35 e7
0x00007ffdfa22645e:   0c 4b 00 8b 86 08 1f 00 00 48 8b 9e 28 1d 00 00 


Stack slot to memory mapping:
stack at sp + 0 slots: 0x00007ffdfa264a22 imgui-java64.dll
stack at sp + 1 slots: 0x000000000000008f is an unknown value
stack at sp + 2 slots: 0x000001972add1e6e is at code_begin+654 in an Interpreter codelet
method entry point (kind = native)  [0x000001972add1be0, 0x000001972add26d0]  2800 bytes
stack at sp + 3 slots: {method} {0x0000019779b66d18} 'getContentRegionAvail' '(Limgui/ImVec2;)V' in 'imgui/ImGui'
stack at sp + 4 slots: {method} {0x0000019779b66d18} 'getContentRegionAvail' '(Limgui/ImVec2;)V' in 'imgui/ImGui'
stack at sp + 5 slots: {method} {0x0000019779b66d18} 'getContentRegionAvail' '(Limgui/ImVec2;)V' in 'imgui/ImGui'
stack at sp + 6 slots: {method} {0x0000019779b66d18} 'getContentRegionAvail' '(Limgui/ImVec2;)V' in 'imgui/ImGui'
stack at sp + 7 slots: 0x0 is NULL


---------------  P R O C E S S  ---------------

Threads class SMR info:
_java_thread_list=0x000001977d719850, length=12, elements={
0x000001971b54f310, 0x00000197381de370, 0x00000197381def50, 0x00000197381e1d30,
0x00000197381e2870, 0x00000197381e52c0, 0x00000197381e5e60, 0x00000197381ee120,
0x00000197381f6be0, 0x000001977d4f04b0, 0x000001977d725c60, 0x000001977d7261b0
}

Java Threads: ( => current thread )
=>0x000001971b54f310 JavaThread "main" [_thread_in_native, id=5436, stack(0x00000055d2500000,0x00000055d2600000)]
  0x00000197381de370 JavaThread "Reference Handler" daemon [_thread_blocked, id=13652, stack(0x00000055d2c00000,0x00000055d2d00000)]
  0x00000197381def50 JavaThread "Finalizer" daemon [_thread_blocked, id=164, stack(0x00000055d2d00000,0x00000055d2e00000)]
  0x00000197381e1d30 JavaThread "Signal Dispatcher" daemon [_thread_blocked, id=13592, stack(0x00000055d2e00000,0x00000055d2f00000)]
  0x00000197381e2870 JavaThread "Attach Listener" daemon [_thread_blocked, id=9360, stack(0x00000055d2f00000,0x00000055d3000000)]
  0x00000197381e52c0 JavaThread "Service Thread" daemon [_thread_blocked, id=12224, stack(0x00000055d3000000,0x00000055d3100000)]
  0x00000197381e5e60 JavaThread "Monitor Deflation Thread" daemon [_thread_blocked, id=8660, stack(0x00000055d3100000,0x00000055d3200000)]
  0x00000197381ee120 JavaThread "C2 CompilerThread0" daemon [_thread_blocked, id=9816, stack(0x00000055d3200000,0x00000055d3300000)]
  0x00000197381f6be0 JavaThread "C1 CompilerThread0" daemon [_thread_blocked, id=11812, stack(0x00000055d3300000,0x00000055d3400000)]
  0x000001977d4f04b0 JavaThread "Common-Cleaner" daemon [_thread_blocked, id=1876, stack(0x00000055d3400000,0x00000055d3500000)]
  0x000001977d725c60 JavaThread "Monitor Ctrl-Break" daemon [_thread_in_native, id=4908, stack(0x00000055d3500000,0x00000055d3600000)]
  0x000001977d7261b0 JavaThread "Notification Thread" daemon [_thread_blocked, id=3544, stack(0x00000055d3600000,0x00000055d3700000)]

Other Threads:
  0x00000197381c0ce0 VMThread "VM Thread" [stack: 0x00000055d2b00000,0x00000055d2c00000] [id=6420]
  0x000001971b550330 WatcherThread "VM Periodic Task Thread" [stack: 0x00000055d3700000,0x00000055d3800000] [id=7980]
  0x000001971b5adbd0 WorkerThread "GC Thread#0" [stack: 0x00000055d2600000,0x00000055d2700000] [id=9908]
  0x000001971b5fc010 ConcurrentGCThread "G1 Main Marker" [stack: 0x00000055d2700000,0x00000055d2800000] [id=2724]
  0x000001971b5fca40 WorkerThread "G1 Conc#0" [stack: 0x00000055d2800000,0x00000055d2900000] [id=8960]
  0x0000019738078a60 ConcurrentGCThread "G1 Refine#0" [stack: 0x00000055d2900000,0x00000055d2a00000] [id=14860]
  0x0000019738079410 ConcurrentGCThread "G1 Service" [stack: 0x00000055d2a00000,0x00000055d2b00000] [id=7976]

Threads with active compile tasks:

VM state: not at safepoint (normal execution)

VM Mutex/Monitor currently owned by a thread: None

Heap address: 0x0000000082a00000, size: 2006 MB, Compressed Oops mode: 32-bit

CDS archive(s) mapped at: [0x0000019738400000-0x0000019739060000-0x0000019739060000), size 12976128, SharedBaseAddress: 0x0000019738400000, ArchiveRelocationMode: 1.
Compressed class space mapped at: 0x0000019739400000-0x0000019779400000, reserved size: 1073741824
Narrow klass base: 0x0000019738400000, Narrow klass shift: 0, Narrow klass range: 0x100000000

GC Precious Log:
 CardTable entry size: 512
 Card Set container configuration: InlinePtr #cards 5 size 8 Array Of Cards #cards 12 size 40 Howl #buckets 4 coarsen threshold 1843 Howl Bitmap #cards 512 size 80 coarsen threshold 460 Card regions per heap region 1 cards per card region 2048
 CPUs: 8 total, 8 available
 Memory: 8023M
 Large Page Support: Disabled
 NUMA Support: Disabled
 Compressed Oops: Enabled (32-bit)
 Heap Region Size: 1M
 Heap Min Capacity: 8M
 Heap Initial Capacity: 126M
 Heap Max Capacity: 2006M
 Pre-touch: Disabled
 Parallel Workers: 8
 Concurrent Workers: 2
 Concurrent Refinement Workers: 8
 Periodic GC: Disabled

Heap:
 garbage-first heap   total 129024K, used 18432K [0x0000000082a00000, 0x0000000100000000)
  region size 1024K, 16 young (16384K), 0 survivors (0K)
 Metaspace       used 7057K, committed 7360K, reserved 1114112K
  class space    used 515K, committed 640K, reserved 1048576K

Heap Regions: E=young(eden), S=young(survivor), O=old, HS=humongous(starts), HC=humongous(continues), CS=collection set, F=free, OA=open archive, CA=closed archive, TAMS=top-at-mark-start, PB=parsable bottom
|   0|0x0000000082a00000, 0x0000000082b00000, 0x0000000082b00000|100%|HS|  |TAMS 0x0000000082a00000| PB 0x0000000082a00000| Complete 
|   1|0x0000000082b00000, 0x0000000082c00000, 0x0000000082c00000|100%|HC|  |TAMS 0x0000000082b00000| PB 0x0000000082b00000| Complete 
|   2|0x0000000082c00000, 0x0000000082d00000, 0x0000000082d00000|100%|HS|  |TAMS 0x0000000082c00000| PB 0x0000000082c00000| Complete 
|   3|0x0000000082d00000, 0x0000000082e00000, 0x0000000082e00000|100%|HC|  |TAMS 0x0000000082d00000| PB 0x0000000082d00000| Complete 
|   4|0x0000000082e00000, 0x0000000082e00000, 0x0000000082f00000|  0%| F|  |TAMS 0x0000000082e00000| PB 0x0000000082e00000| Untracked 
|   5|0x0000000082f00000, 0x0000000082f00000, 0x0000000083000000|  0%| F|  |TAMS 0x0000000082f00000| PB 0x0000000082f00000| Untracked 
|   6|0x0000000083000000, 0x0000000083000000, 0x0000000083100000|  0%| F|  |TAMS 0x0000000083000000| PB 0x0000000083000000| Untracked 
|   7|0x0000000083100000, 0x0000000083100000, 0x0000000083200000|  0%| F|  |TAMS 0x0000000083100000| PB 0x0000000083100000| Untracked 
|   8|0x0000000083200000, 0x0000000083200000, 0x0000000083300000|  0%| F|  |TAMS 0x0000000083200000| PB 0x0000000083200000| Untracked 
|   9|0x0000000083300000, 0x0000000083300000, 0x0000000083400000|  0%| F|  |TAMS 0x0000000083300000| PB 0x0000000083300000| Untracked 
|  10|0x0000000083400000, 0x0000000083400000, 0x0000000083500000|  0%| F|  |TAMS 0x0000000083400000| PB 0x0000000083400000| Untracked 
|  11|0x0000000083500000, 0x0000000083500000, 0x0000000083600000|  0%| F|  |TAMS 0x0000000083500000| PB 0x0000000083500000| Untracked 
|  12|0x0000000083600000, 0x0000000083600000, 0x0000000083700000|  0%| F|  |TAMS 0x0000000083600000| PB 0x0000000083600000| Untracked 
|  13|0x0000000083700000, 0x0000000083700000, 0x0000000083800000|  0%| F|  |TAMS 0x0000000083700000| PB 0x0000000083700000| Untracked 
|  14|0x0000000083800000, 0x0000000083800000, 0x0000000083900000|  0%| F|  |TAMS 0x0000000083800000| PB 0x0000000083800000| Untracked 
|  15|0x0000000083900000, 0x0000000083900000, 0x0000000083a00000|  0%| F|  |TAMS 0x0000000083900000| PB 0x0000000083900000| Untracked 
|  16|0x0000000083a00000, 0x0000000083a00000, 0x0000000083b00000|  0%| F|  |TAMS 0x0000000083a00000| PB 0x0000000083a00000| Untracked 
|  17|0x0000000083b00000, 0x0000000083b00000, 0x0000000083c00000|  0%| F|  |TAMS 0x0000000083b00000| PB 0x0000000083b00000| Untracked 
|  18|0x0000000083c00000, 0x0000000083c00000, 0x0000000083d00000|  0%| F|  |TAMS 0x0000000083c00000| PB 0x0000000083c00000| Untracked 
|  19|0x0000000083d00000, 0x0000000083d00000, 0x0000000083e00000|  0%| F|  |TAMS 0x0000000083d00000| PB 0x0000000083d00000| Untracked 
|  20|0x0000000083e00000, 0x0000000083e00000, 0x0000000083f00000|  0%| F|  |TAMS 0x0000000083e00000| PB 0x0000000083e00000| Untracked 
|  21|0x0000000083f00000, 0x0000000083f00000, 0x0000000084000000|  0%| F|  |TAMS 0x0000000083f00000| PB 0x0000000083f00000| Untracked 
|  22|0x0000000084000000, 0x0000000084000000, 0x0000000084100000|  0%| F|  |TAMS 0x0000000084000000| PB 0x0000000084000000| Untracked 
|  23|0x0000000084100000, 0x0000000084100000, 0x0000000084200000|  0%| F|  |TAMS 0x0000000084100000| PB 0x0000000084100000| Untracked 
|  24|0x0000000084200000, 0x0000000084200000, 0x0000000084300000|  0%| F|  |TAMS 0x0000000084200000| PB 0x0000000084200000| Untracked 
|  25|0x0000000084300000, 0x0000000084300000, 0x0000000084400000|  0%| F|  |TAMS 0x0000000084300000| PB 0x0000000084300000| Untracked 
|  26|0x0000000084400000, 0x0000000084400000, 0x0000000084500000|  0%| F|  |TAMS 0x0000000084400000| PB 0x0000000084400000| Untracked 
|  27|0x0000000084500000, 0x0000000084500000, 0x0000000084600000|  0%| F|  |TAMS 0x0000000084500000| PB 0x0000000084500000| Untracked 
|  28|0x0000000084600000, 0x0000000084600000, 0x0000000084700000|  0%| F|  |TAMS 0x0000000084600000| PB 0x0000000084600000| Untracked 
|  29|0x0000000084700000, 0x0000000084700000, 0x0000000084800000|  0%| F|  |TAMS 0x0000000084700000| PB 0x0000000084700000| Untracked 
|  30|0x0000000084800000, 0x0000000084800000, 0x0000000084900000|  0%| F|  |TAMS 0x0000000084800000| PB 0x0000000084800000| Untracked 
|  31|0x0000000084900000, 0x0000000084900000, 0x0000000084a00000|  0%| F|  |TAMS 0x0000000084900000| PB 0x0000000084900000| Untracked 
|  32|0x0000000084a00000, 0x0000000084a00000, 0x0000000084b00000|  0%| F|  |TAMS 0x0000000084a00000| PB 0x0000000084a00000| Untracked 
|  33|0x0000000084b00000, 0x0000000084b00000, 0x0000000084c00000|  0%| F|  |TAMS 0x0000000084b00000| PB 0x0000000084b00000| Untracked 
|  34|0x0000000084c00000, 0x0000000084c00000, 0x0000000084d00000|  0%| F|  |TAMS 0x0000000084c00000| PB 0x0000000084c00000| Untracked 
|  35|0x0000000084d00000, 0x0000000084d00000, 0x0000000084e00000|  0%| F|  |TAMS 0x0000000084d00000| PB 0x0000000084d00000| Untracked 
|  36|0x0000000084e00000, 0x0000000084e00000, 0x0000000084f00000|  0%| F|  |TAMS 0x0000000084e00000| PB 0x0000000084e00000| Untracked 
|  37|0x0000000084f00000, 0x0000000084f00000, 0x0000000085000000|  0%| F|  |TAMS 0x0000000084f00000| PB 0x0000000084f00000| Untracked 
|  38|0x0000000085000000, 0x0000000085000000, 0x0000000085100000|  0%| F|  |TAMS 0x0000000085000000| PB 0x0000000085000000| Untracked 
|  39|0x0000000085100000, 0x0000000085100000, 0x0000000085200000|  0%| F|  |TAMS 0x0000000085100000| PB 0x0000000085100000| Untracked 
|  40|0x0000000085200000, 0x0000000085200000, 0x0000000085300000|  0%| F|  |TAMS 0x0000000085200000| PB 0x0000000085200000| Untracked 
|  41|0x0000000085300000, 0x0000000085300000, 0x0000000085400000|  0%| F|  |TAMS 0x0000000085300000| PB 0x0000000085300000| Untracked 
|  42|0x0000000085400000, 0x0000000085400000, 0x0000000085500000|  0%| F|  |TAMS 0x0000000085400000| PB 0x0000000085400000| Untracked 
|  43|0x0000000085500000, 0x0000000085500000, 0x0000000085600000|  0%| F|  |TAMS 0x0000000085500000| PB 0x0000000085500000| Untracked 
|  44|0x0000000085600000, 0x0000000085600000, 0x0000000085700000|  0%| F|  |TAMS 0x0000000085600000| PB 0x0000000085600000| Untracked 
|  45|0x0000000085700000, 0x0000000085700000, 0x0000000085800000|  0%| F|  |TAMS 0x0000000085700000| PB 0x0000000085700000| Untracked 
|  46|0x0000000085800000, 0x0000000085800000, 0x0000000085900000|  0%| F|  |TAMS 0x0000000085800000| PB 0x0000000085800000| Untracked 
|  47|0x0000000085900000, 0x0000000085900000, 0x0000000085a00000|  0%| F|  |TAMS 0x0000000085900000| PB 0x0000000085900000| Untracked 
|  48|0x0000000085a00000, 0x0000000085a00000, 0x0000000085b00000|  0%| F|  |TAMS 0x0000000085a00000| PB 0x0000000085a00000| Untracked 
|  49|0x0000000085b00000, 0x0000000085b00000, 0x0000000085c00000|  0%| F|  |TAMS 0x0000000085b00000| PB 0x0000000085b00000| Untracked 
|  50|0x0000000085c00000, 0x0000000085c00000, 0x0000000085d00000|  0%| F|  |TAMS 0x0000000085c00000| PB 0x0000000085c00000| Untracked 
|  51|0x0000000085d00000, 0x0000000085d00000, 0x0000000085e00000|  0%| F|  |TAMS 0x0000000085d00000| PB 0x0000000085d00000| Untracked 
|  52|0x0000000085e00000, 0x0000000085e00000, 0x0000000085f00000|  0%| F|  |TAMS 0x0000000085e00000| PB 0x0000000085e00000| Untracked 
|  53|0x0000000085f00000, 0x0000000085f00000, 0x0000000086000000|  0%| F|  |TAMS 0x0000000085f00000| PB 0x0000000085f00000| Untracked 
|  54|0x0000000086000000, 0x0000000086000000, 0x0000000086100000|  0%| F|  |TAMS 0x0000000086000000| PB 0x0000000086000000| Untracked 
|  55|0x0000000086100000, 0x0000000086100000, 0x0000000086200000|  0%| F|  |TAMS 0x0000000086100000| PB 0x0000000086100000| Untracked 
|  56|0x0000000086200000, 0x0000000086200000, 0x0000000086300000|  0%| F|  |TAMS 0x0000000086200000| PB 0x0000000086200000| Untracked 
|  57|0x0000000086300000, 0x0000000086300000, 0x0000000086400000|  0%| F|  |TAMS 0x0000000086300000| PB 0x0000000086300000| Untracked 
|  58|0x0000000086400000, 0x0000000086400000, 0x0000000086500000|  0%| F|  |TAMS 0x0000000086400000| PB 0x0000000086400000| Untracked 
|  59|0x0000000086500000, 0x0000000086500000, 0x0000000086600000|  0%| F|  |TAMS 0x0000000086500000| PB 0x0000000086500000| Untracked 
|  60|0x0000000086600000, 0x0000000086600000, 0x0000000086700000|  0%| F|  |TAMS 0x0000000086600000| PB 0x0000000086600000| Untracked 
|  61|0x0000000086700000, 0x0000000086700000, 0x0000000086800000|  0%| F|  |TAMS 0x0000000086700000| PB 0x0000000086700000| Untracked 
|  62|0x0000000086800000, 0x0000000086800000, 0x0000000086900000|  0%| F|  |TAMS 0x0000000086800000| PB 0x0000000086800000| Untracked 
|  63|0x0000000086900000, 0x0000000086900000, 0x0000000086a00000|  0%| F|  |TAMS 0x0000000086900000| PB 0x0000000086900000| Untracked 
|  64|0x0000000086a00000, 0x0000000086a00000, 0x0000000086b00000|  0%| F|  |TAMS 0x0000000086a00000| PB 0x0000000086a00000| Untracked 
|  65|0x0000000086b00000, 0x0000000086b00000, 0x0000000086c00000|  0%| F|  |TAMS 0x0000000086b00000| PB 0x0000000086b00000| Untracked 
|  66|0x0000000086c00000, 0x0000000086c00000, 0x0000000086d00000|  0%| F|  |TAMS 0x0000000086c00000| PB 0x0000000086c00000| Untracked 
|  67|0x0000000086d00000, 0x0000000086d00000, 0x0000000086e00000|  0%| F|  |TAMS 0x0000000086d00000| PB 0x0000000086d00000| Untracked 
|  68|0x0000000086e00000, 0x0000000086e00000, 0x0000000086f00000|  0%| F|  |TAMS 0x0000000086e00000| PB 0x0000000086e00000| Untracked 
|  69|0x0000000086f00000, 0x0000000086f00000, 0x0000000087000000|  0%| F|  |TAMS 0x0000000086f00000| PB 0x0000000086f00000| Untracked 
|  70|0x0000000087000000, 0x0000000087000000, 0x0000000087100000|  0%| F|  |TAMS 0x0000000087000000| PB 0x0000000087000000| Untracked 
|  71|0x0000000087100000, 0x0000000087100000, 0x0000000087200000|  0%| F|  |TAMS 0x0000000087100000| PB 0x0000000087100000| Untracked 
|  72|0x0000000087200000, 0x0000000087200000, 0x0000000087300000|  0%| F|  |TAMS 0x0000000087200000| PB 0x0000000087200000| Untracked 
|  73|0x0000000087300000, 0x0000000087300000, 0x0000000087400000|  0%| F|  |TAMS 0x0000000087300000| PB 0x0000000087300000| Untracked 
|  74|0x0000000087400000, 0x0000000087400000, 0x0000000087500000|  0%| F|  |TAMS 0x0000000087400000| PB 0x0000000087400000| Untracked 
|  75|0x0000000087500000, 0x0000000087500000, 0x0000000087600000|  0%| F|  |TAMS 0x0000000087500000| PB 0x0000000087500000| Untracked 
|  76|0x0000000087600000, 0x0000000087600000, 0x0000000087700000|  0%| F|  |TAMS 0x0000000087600000| PB 0x0000000087600000| Untracked 
|  77|0x0000000087700000, 0x0000000087700000, 0x0000000087800000|  0%| F|  |TAMS 0x0000000087700000| PB 0x0000000087700000| Untracked 
|  78|0x0000000087800000, 0x0000000087800000, 0x0000000087900000|  0%| F|  |TAMS 0x0000000087800000| PB 0x0000000087800000| Untracked 
|  79|0x0000000087900000, 0x0000000087900000, 0x0000000087a00000|  0%| F|  |TAMS 0x0000000087900000| PB 0x0000000087900000| Untracked 
|  80|0x0000000087a00000, 0x0000000087a00000, 0x0000000087b00000|  0%| F|  |TAMS 0x0000000087a00000| PB 0x0000000087a00000| Untracked 
|  81|0x0000000087b00000, 0x0000000087b00000, 0x0000000087c00000|  0%| F|  |TAMS 0x0000000087b00000| PB 0x0000000087b00000| Untracked 
|  82|0x0000000087c00000, 0x0000000087c00000, 0x0000000087d00000|  0%| F|  |TAMS 0x0000000087c00000| PB 0x0000000087c00000| Untracked 
|  83|0x0000000087d00000, 0x0000000087d00000, 0x0000000087e00000|  0%| F|  |TAMS 0x0000000087d00000| PB 0x0000000087d00000| Untracked 
|  84|0x0000000087e00000, 0x0000000087e00000, 0x0000000087f00000|  0%| F|  |TAMS 0x0000000087e00000| PB 0x0000000087e00000| Untracked 
|  85|0x0000000087f00000, 0x0000000087f00000, 0x0000000088000000|  0%| F|  |TAMS 0x0000000087f00000| PB 0x0000000087f00000| Untracked 
|  86|0x0000000088000000, 0x0000000088000000, 0x0000000088100000|  0%| F|  |TAMS 0x0000000088000000| PB 0x0000000088000000| Untracked 
|  87|0x0000000088100000, 0x0000000088100000, 0x0000000088200000|  0%| F|  |TAMS 0x0000000088100000| PB 0x0000000088100000| Untracked 
|  88|0x0000000088200000, 0x0000000088200000, 0x0000000088300000|  0%| F|  |TAMS 0x0000000088200000| PB 0x0000000088200000| Untracked 
|  89|0x0000000088300000, 0x0000000088300000, 0x0000000088400000|  0%| F|  |TAMS 0x0000000088300000| PB 0x0000000088300000| Untracked 
|  90|0x0000000088400000, 0x0000000088400000, 0x0000000088500000|  0%| F|  |TAMS 0x0000000088400000| PB 0x0000000088400000| Untracked 
|  91|0x0000000088500000, 0x0000000088500000, 0x0000000088600000|  0%| F|  |TAMS 0x0000000088500000| PB 0x0000000088500000| Untracked 
|  92|0x0000000088600000, 0x0000000088600000, 0x0000000088700000|  0%| F|  |TAMS 0x0000000088600000| PB 0x0000000088600000| Untracked 
|  93|0x0000000088700000, 0x0000000088700000, 0x0000000088800000|  0%| F|  |TAMS 0x0000000088700000| PB 0x0000000088700000| Untracked 
|  94|0x0000000088800000, 0x0000000088800000, 0x0000000088900000|  0%| F|  |TAMS 0x0000000088800000| PB 0x0000000088800000| Untracked 
|  95|0x0000000088900000, 0x0000000088900000, 0x0000000088a00000|  0%| F|  |TAMS 0x0000000088900000| PB 0x0000000088900000| Untracked 
|  96|0x0000000088a00000, 0x0000000088a00000, 0x0000000088b00000|  0%| F|  |TAMS 0x0000000088a00000| PB 0x0000000088a00000| Untracked 
|  97|0x0000000088b00000, 0x0000000088b00000, 0x0000000088c00000|  0%| F|  |TAMS 0x0000000088b00000| PB 0x0000000088b00000| Untracked 
|  98|0x0000000088c00000, 0x0000000088c00000, 0x0000000088d00000|  0%| F|  |TAMS 0x0000000088c00000| PB 0x0000000088c00000| Untracked 
|  99|0x0000000088d00000, 0x0000000088d00000, 0x0000000088e00000|  0%| F|  |TAMS 0x0000000088d00000| PB 0x0000000088d00000| Untracked 
| 100|0x0000000088e00000, 0x0000000088e00000, 0x0000000088f00000|  0%| F|  |TAMS 0x0000000088e00000| PB 0x0000000088e00000| Untracked 
| 101|0x0000000088f00000, 0x0000000088f00000, 0x0000000089000000|  0%| F|  |TAMS 0x0000000088f00000| PB 0x0000000088f00000| Untracked 
| 102|0x0000000089000000, 0x0000000089000000, 0x0000000089100000|  0%| F|  |TAMS 0x0000000089000000| PB 0x0000000089000000| Untracked 
| 103|0x0000000089100000, 0x0000000089100000, 0x0000000089200000|  0%| F|  |TAMS 0x0000000089100000| PB 0x0000000089100000| Untracked 
| 104|0x0000000089200000, 0x0000000089200000, 0x0000000089300000|  0%| F|  |TAMS 0x0000000089200000| PB 0x0000000089200000| Untracked 
| 105|0x0000000089300000, 0x0000000089300000, 0x0000000089400000|  0%| F|  |TAMS 0x0000000089300000| PB 0x0000000089300000| Untracked 
| 106|0x0000000089400000, 0x0000000089400000, 0x0000000089500000|  0%| F|  |TAMS 0x0000000089400000| PB 0x0000000089400000| Untracked 
| 107|0x0000000089500000, 0x0000000089500000, 0x0000000089600000|  0%| F|  |TAMS 0x0000000089500000| PB 0x0000000089500000| Untracked 
| 108|0x0000000089600000, 0x0000000089600000, 0x0000000089700000|  0%| F|  |TAMS 0x0000000089600000| PB 0x0000000089600000| Untracked 
| 109|0x0000000089700000, 0x0000000089700000, 0x0000000089800000|  0%| F|  |TAMS 0x0000000089700000| PB 0x0000000089700000| Untracked 
| 110|0x0000000089800000, 0x0000000089900000, 0x0000000089900000|100%| E|  |TAMS 0x0000000089800000| PB 0x0000000089800000| Complete 
| 111|0x0000000089900000, 0x0000000089a00000, 0x0000000089a00000|100%| E|CS|TAMS 0x0000000089900000| PB 0x0000000089900000| Complete 
| 112|0x0000000089a00000, 0x0000000089b00000, 0x0000000089b00000|100%| E|CS|TAMS 0x0000000089a00000| PB 0x0000000089a00000| Complete 
| 113|0x0000000089b00000, 0x0000000089c00000, 0x0000000089c00000|100%| E|CS|TAMS 0x0000000089b00000| PB 0x0000000089b00000| Complete 
| 114|0x0000000089c00000, 0x0000000089d00000, 0x0000000089d00000|100%| E|CS|TAMS 0x0000000089c00000| PB 0x0000000089c00000| Complete 
| 115|0x0000000089d00000, 0x0000000089e00000, 0x0000000089e00000|100%| E|CS|TAMS 0x0000000089d00000| PB 0x0000000089d00000| Complete 
| 116|0x0000000089e00000, 0x0000000089f00000, 0x0000000089f00000|100%| E|CS|TAMS 0x0000000089e00000| PB 0x0000000089e00000| Complete 
| 117|0x0000000089f00000, 0x000000008a000000, 0x000000008a000000|100%| E|CS|TAMS 0x0000000089f00000| PB 0x0000000089f00000| Complete 
| 118|0x000000008a000000, 0x000000008a100000, 0x000000008a100000|100%| E|  |TAMS 0x000000008a000000| PB 0x000000008a000000| Complete 
| 119|0x000000008a100000, 0x000000008a200000, 0x000000008a200000|100%| E|CS|TAMS 0x000000008a100000| PB 0x000000008a100000| Complete 
| 120|0x000000008a200000, 0x000000008a300000, 0x000000008a300000|100%| E|CS|TAMS 0x000000008a200000| PB 0x000000008a200000| Complete 
| 121|0x000000008a300000, 0x000000008a400000, 0x000000008a400000|100%| E|CS|TAMS 0x000000008a300000| PB 0x000000008a300000| Complete 
| 122|0x000000008a400000, 0x000000008a500000, 0x000000008a500000|100%| E|CS|TAMS 0x000000008a400000| PB 0x000000008a400000| Complete 
| 123|0x000000008a500000, 0x000000008a600000, 0x000000008a600000|100%| E|CS|TAMS 0x000000008a500000| PB 0x000000008a500000| Complete 
| 124|0x000000008a600000, 0x000000008a700000, 0x000000008a700000|100%| E|CS|TAMS 0x000000008a600000| PB 0x000000008a600000| Complete 
| 125|0x000000008a700000, 0x000000008a800000, 0x000000008a800000|100%| E|CS|TAMS 0x000000008a700000| PB 0x000000008a700000| Complete 

Card table byte_map: [0x0000019732fb0000,0x00000197333a0000] _byte_map_base: 0x0000019732b9b000

Marking Bits: (CMBitMap*) 0x000001971b5ae200
 Bits: [0x0000019733790000, 0x00000197356e8000)

Polling page: 0x000001971ad10000

Metaspace:

Usage:
  Non-class:      6.39 MB used.
      Class:    515.33 KB used.
       Both:      6.89 MB used.

Virtual space:
  Non-class space:       64.00 MB reserved,       6.56 MB ( 10%) committed,  1 nodes.
      Class space:        1.00 GB reserved,     640.00 KB ( <1%) committed,  1 nodes.
             Both:        1.06 GB reserved,       7.19 MB ( <1%) committed. 

Chunk freelists:
   Non-Class:  3.84 MB
       Class:  3.38 MB
        Both:  7.23 MB

MaxMetaspaceSize: unlimited
CompressedClassSpaceSize: 1.00 GB
Initial GC threshold: 21.00 MB
Current GC threshold: 21.00 MB
CDS: on
MetaspaceReclaimPolicy: balanced
 - commit_granule_bytes: 65536.
 - commit_granule_words: 8192.
 - virtual_space_node_default_size: 8388608.
 - enlarge_chunks_in_place: 1.
 - new_chunks_are_fully_committed: 0.
 - uncommit_free_chunks: 1.
 - use_allocation_guard: 0.


Internal statistics:

num_allocs_failed_limit: 0.
num_arena_births: 226.
num_arena_deaths: 0.
num_vsnodes_births: 2.
num_vsnodes_deaths: 0.
num_space_committed: 113.
num_space_uncommitted: 0.
num_chunks_returned_to_freelist: 0.
num_chunks_taken_from_freelist: 434.
num_chunk_merges: 0.
num_chunk_splits: 290.
num_chunks_enlarged: 193.
num_inconsistent_stats: 0.

CodeHeap 'non-profiled nmethods': size=120000Kb used=302Kb max_used=302Kb free=119697Kb
 bounds [0x000001972b350000, 0x000001972b5c0000, 0x0000019732880000]
CodeHeap 'profiled nmethods': size=120000Kb used=1655Kb max_used=1655Kb free=118344Kb
 bounds [0x0000019723880000, 0x0000019723af0000, 0x000001972adb0000]
CodeHeap 'non-nmethods': size=5760Kb used=2417Kb max_used=2429Kb free=3342Kb
 bounds [0x000001972adb0000, 0x000001972b020000, 0x000001972b350000]
 total_blobs=2317 nmethods=1024 adapters=1204
 compilation: enabled
              stopped_count=0, restarted_count=0
 full_count=0

Compilation events (20 events):
Event: 0.674 Thread 0x00000197381f6be0 nmethod 1012 0x0000019723a1bd10 code [0x0000019723a1bec0, 0x0000019723a1c1f0]
Event: 0.674 Thread 0x00000197381f6be0 1013       3       java.lang.invoke.LambdaFormEditor::lambdaFormEditor (12 bytes)
Event: 0.674 Thread 0x00000197381f6be0 nmethod 1013 0x0000019723a1c310 code [0x0000019723a1c4c0, 0x0000019723a1c780]
Event: 0.674 Thread 0x00000197381f6be0 1014       3       java.lang.invoke.LambdaFormEditor$TransformKey::inRange (36 bytes)
Event: 0.674 Thread 0x00000197381f6be0 nmethod 1014 0x0000019723a1c910 code [0x0000019723a1caa0, 0x0000019723a1cc00]
Event: 0.674 Thread 0x00000197381ee120 nmethod 1015 0x000001972b39ad90 code [0x000001972b39af00, 0x000001972b39af70]
Event: 0.674 Thread 0x00000197381f6be0 1018       3       sun.invoke.util.Wrapper::isDoubleWord (15 bytes)
Event: 0.674 Thread 0x00000197381f6be0 nmethod 1018 0x0000019723a1cc90 code [0x0000019723a1ce20, 0x0000019723a1cf90]
Event: 0.675 Thread 0x00000197381f6be0 1019       3       main.renderer.RenderBatch::loadElement (70 bytes)
Event: 0.675 Thread 0x00000197381f6be0 nmethod 1019 0x0000019723a1d010 code [0x0000019723a1d1a0, 0x0000019723a1d3b0]
Event: 0.675 Thread 0x00000197381ee120 1020       4       main.renderer.RenderBatch::loadElement (70 bytes)
Event: 0.676 Thread 0x00000197381ee120 nmethod 1020 0x000001972b39b090 code [0x000001972b39b200, 0x000001972b39b328]
Event: 0.677 Thread 0x00000197381f6be0 1021       3       java.util.ArrayList::<init> (12 bytes)
Event: 0.678 Thread 0x00000197381f6be0 nmethod 1021 0x0000019723a1d510 code [0x0000019723a1d6c0, 0x0000019723a1d960]
Event: 0.678 Thread 0x00000197381f6be0 1022       1       main.components.SpriteRenderer::getSprite (5 bytes)
Event: 0.678 Thread 0x00000197381f6be0 nmethod 1022 0x000001972b39b410 code [0x000001972b39b580, 0x000001972b39b648]
Event: 0.692 Thread 0x00000197381f6be0 1023       3       org.joml.Vector2f::<init> (15 bytes)
Event: 0.692 Thread 0x00000197381f6be0 nmethod 1023 0x0000019723a1da90 code [0x0000019723a1dc20, 0x0000019723a1dd90]
Event: 0.692 Thread 0x00000197381f6be0 1024       1       main.haspid.Camera::getPosition (5 bytes)
Event: 0.692 Thread 0x00000197381f6be0 nmethod 1024 0x000001972b39b710 code [0x000001972b39b880, 0x000001972b39b948]

GC Heap History (0 events):
No events

Dll operation events (16 events):
Event: 0.009 Loaded shared library C:\Users\sangral\.jdks\corretto-20.0.2.1\bin\java.dll
Event: 0.032 Loaded shared library C:\Users\sangral\.jdks\corretto-20.0.2.1\bin\jsvml.dll
Event: 0.082 Loaded shared library C:\Users\sangral\.jdks\corretto-20.0.2.1\bin\zip.dll
Event: 0.083 Loaded shared library C:\Users\sangral\.jdks\corretto-20.0.2.1\bin\instrument.dll
Event: 0.086 Loaded shared library C:\Users\sangral\.jdks\corretto-20.0.2.1\bin\net.dll
Event: 0.087 Loaded shared library C:\Users\sangral\.jdks\corretto-20.0.2.1\bin\nio.dll
Event: 0.092 Loaded shared library C:\Users\sangral\.jdks\corretto-20.0.2.1\bin\zip.dll
Event: 0.113 Loaded shared library C:\Program Files\JetBrains\IntelliJ IDEA Community Edition 2023.3.5\bin\breakgen64.dll
Event: 0.118 Loaded shared library C:\Users\sangral\.jdks\corretto-20.0.2.1\bin\extnet.dll
Event: 0.125 Loaded shared library C:\Users\sangral\.jdks\corretto-20.0.2.1\bin\jimage.dll
Event: 0.166 Loaded shared library C:\Users\sangral\AppData\Local\Temp\lwjgl_sangral\3.3.3-snapshot\x64\lwjgl.dll
Event: 0.214 Loaded shared library C:\Users\sangral\.jdks\corretto-20.0.2.1\bin\verify.dll
Event: 0.225 Loaded shared library C:\Users\sangral\.jdks\corretto-20.0.2.1\bin\awt.dll
Event: 0.345 Loaded shared library C:\Users\sangral\AppData\Local\Temp\lwjgl_sangral\3.3.3-snapshot\x64\lwjgl_opengl.dll
Event: 0.468 Loaded shared library C:\Users\sangral\AppData\Local\Temp\lwjgl_sangral\3.3.3-snapshot\x64\lwjgl_stb.dll
Event: 0.622 Loaded shared library E:\repo\Haspid2DEngine\libs\imgui-java64.dll

Deoptimization events (14 events):
Event: 0.177 Thread 0x000001971b54f310 DEOPT PACKING pc=0x00000197238a8cd7 sp=0x00000055d25fd570
Event: 0.177 Thread 0x000001971b54f310 DEOPT UNPACKING pc=0x000001972ae1a4c2 sp=0x00000055d25fc990 mode 0
Event: 0.190 Thread 0x000001971b54f310 DEOPT PACKING pc=0x0000019723887fc1 sp=0x00000055d25fd6f0
Event: 0.190 Thread 0x000001971b54f310 DEOPT UNPACKING pc=0x000001972ae1a4c2 sp=0x00000055d25fcb68 mode 0
Event: 0.351 Thread 0x000001971b54f310 Uncommon trap: trap_request=0xffffff54 fr.pc=0x000001972b383df4 relative=0x0000000000000074
Event: 0.351 Thread 0x000001971b54f310 Uncommon trap: reason=speculate_null_assert action=make_not_entrant pc=0x000001972b383df4 method=sun.misc.Unsafe.putLong(Ljava/lang/Object;JJ)V @ 7 c2
Event: 0.351 Thread 0x000001971b54f310 DEOPT PACKING pc=0x000001972b383df4 sp=0x00000055d25ff1b0
Event: 0.351 Thread 0x000001971b54f310 DEOPT UNPACKING pc=0x000001972ae19d22 sp=0x00000055d25ff128 mode 2
Event: 0.516 Thread 0x000001971b54f310 DEOPT PACKING pc=0x00000197238e96f5 sp=0x00000055d25fa710
Event: 0.516 Thread 0x000001971b54f310 DEOPT UNPACKING pc=0x000001972ae1a4c2 sp=0x00000055d25f9b60 mode 0
Event: 0.542 Thread 0x000001971b54f310 Uncommon trap: trap_request=0xffffff45 fr.pc=0x000001972b35d5e8 relative=0x0000000000000868
Event: 0.542 Thread 0x000001971b54f310 Uncommon trap: reason=unstable_if action=reinterpret pc=0x000001972b35d5e8 method=java.util.HashMap.putVal(ILjava/lang/Object;Ljava/lang/Object;ZZ)Ljava/lang/Object; @ 69 c2
Event: 0.542 Thread 0x000001971b54f310 DEOPT PACKING pc=0x000001972b35d5e8 sp=0x00000055d25fef80
Event: 0.542 Thread 0x000001971b54f310 DEOPT UNPACKING pc=0x000001972ae19d22 sp=0x00000055d25fef30 mode 2

Classes loaded (20 events):
Event: 0.586 Loading class java/lang/reflect/Proxy$ProxyBuilder$ProxyClassContext
Event: 0.586 Loading class java/lang/reflect/Proxy$ProxyBuilder$ProxyClassContext done
Event: 0.586 Loading class java/lang/reflect/ProxyGenerator
Event: 0.586 Loading class java/lang/reflect/ProxyGenerator done
Event: 0.586 Loading class java/lang/reflect/ProxyGenerator$ProxyMethod
Event: 0.586 Loading class java/lang/reflect/ProxyGenerator$ProxyMethod done
Event: 0.586 Loading class java/lang/InterruptedException
Event: 0.587 Loading class java/lang/InterruptedException done
Event: 0.588 Loading class java/lang/reflect/ProxyGenerator$PrimitiveTypeInfo
Event: 0.588 Loading class java/lang/reflect/ProxyGenerator$PrimitiveTypeInfo done
Event: 0.588 Loading class jdk/internal/org/objectweb/asm/Edge
Event: 0.588 Loading class jdk/internal/org/objectweb/asm/Edge done
Event: 0.589 Loading class java/lang/reflect/Proxy$ProxyBuilder$1
Event: 0.589 Loading class java/lang/reflect/Proxy$ProxyBuilder$1 done
Event: 0.619 Loading class java/io/UncheckedIOException
Event: 0.619 Loading class java/io/UncheckedIOException done
Event: 0.619 Loading class java/nio/file/AccessDeniedException
Event: 0.619 Loading class java/nio/file/AccessDeniedException done
Event: 0.676 Loading class java/util/ComparableTimSort
Event: 0.676 Loading class java/util/ComparableTimSort done

Classes unloaded (0 events):
No events

Classes redefined (0 events):
No events

Internal exceptions (20 events):
Event: 0.229 Thread 0x000001971b54f310 Exception <a 'java/io/FileNotFoundException'{0x000000008a1c04d0}> (0x000000008a1c04d0) 
thrown [s\src\hotspot\share\prims\jni.cpp, line 519]
Event: 0.232 Thread 0x000001971b54f310 Exception <a 'java/io/FileNotFoundException'{0x000000008a1ea418}> (0x000000008a1ea418) 
thrown [s\src\hotspot\share\prims\jni.cpp, line 519]
Event: 0.298 Thread 0x000001971b54f310 Exception <a 'java/lang/NoSuchMethodError'{0x000000008a006bc8}: 'void java.lang.invoke.DirectMethodHandle$Holder.invokeStaticInit(java.lang.Object, long, int, int, int, int)'> (0x000000008a006bc8) 
thrown [s\src\hotspot\share\interpreter\linkResolver.cpp, line 773]
Event: 0.300 Thread 0x000001971b54f310 Exception <a 'java/lang/NoSuchMethodError'{0x000000008a01e9e8}: 'void java.lang.invoke.DirectMethodHandle$Holder.invokeStaticInit(java.lang.Object, long, double, double)'> (0x000000008a01e9e8) 
thrown [s\src\hotspot\share\interpreter\linkResolver.cpp, line 773]
Event: 0.302 Thread 0x000001971b54f310 Exception <a 'java/lang/NoSuchMethodError'{0x000000008a02bd70}: 'void java.lang.invoke.DirectMethodHandle$Holder.invokeStaticInit(java.lang.Object, long, int, int, int)'> (0x000000008a02bd70) 
thrown [s\src\hotspot\share\interpreter\linkResolver.cpp, line 773]
Event: 0.334 Thread 0x000001971b54f310 Exception <a 'java/lang/NoSuchMethodError'{0x000000008a05e058}: 'void java.lang.System.load(java.lang.String, java.lang.Class)'> (0x000000008a05e058) 
thrown [s\src\hotspot\share\interpreter\linkResolver.cpp, line 773]
Event: 0.335 Thread 0x000001971b54f310 Exception <a 'java/lang/NoSuchMethodError'{0x000000008a060e40}: 'void java.lang.System.loadLibrary(java.lang.String, java.lang.Class)'> (0x000000008a060e40) 
thrown [s\src\hotspot\share\interpreter\linkResolver.cpp, line 773]
Event: 0.340 Thread 0x000001971b54f310 Exception <a 'sun/nio/fs/WindowsException'{0x000000008a06baa8}> (0x000000008a06baa8) 
thrown [s\src\hotspot\share\prims\jni.cpp, line 519]
Event: 0.340 Thread 0x000001971b54f310 Exception <a 'sun/nio/fs/WindowsException'{0x000000008a06be88}> (0x000000008a06be88) 
thrown [s\src\hotspot\share\prims\jni.cpp, line 519]
Event: 0.349 Thread 0x000001971b54f310 Exception <a 'sun/nio/fs/WindowsException'{0x000000008a079bb0}> (0x000000008a079bb0) 
thrown [s\src\hotspot\share\prims\jni.cpp, line 519]
Event: 0.349 Thread 0x000001971b54f310 Exception <a 'sun/nio/fs/WindowsException'{0x000000008a079ed0}> (0x000000008a079ed0) 
thrown [s\src\hotspot\share\prims\jni.cpp, line 519]
Event: 0.457 Thread 0x000001971b54f310 Exception <a 'java/lang/NoSuchMethodError'{0x0000000089edfd00}: 'void java.lang.System.load(java.lang.String, java.lang.Class)'> (0x0000000089edfd00) 
thrown [s\src\hotspot\share\interpreter\linkResolver.cpp, line 773]
Event: 0.457 Thread 0x000001971b54f310 Exception <a 'java/lang/NoSuchMethodError'{0x0000000089ee2af0}: 'void java.lang.System.loadLibrary(java.lang.String, java.lang.Class)'> (0x0000000089ee2af0) 
thrown [s\src\hotspot\share\interpreter\linkResolver.cpp, line 773]
Event: 0.467 Thread 0x000001971b54f310 Exception <a 'sun/nio/fs/WindowsException'{0x0000000089ef1c80}> (0x0000000089ef1c80) 
thrown [s\src\hotspot\share\prims\jni.cpp, line 519]
Event: 0.467 Thread 0x000001971b54f310 Exception <a 'sun/nio/fs/WindowsException'{0x0000000089ef2040}> (0x0000000089ef2040) 
thrown [s\src\hotspot\share\prims\jni.cpp, line 519]
Event: 0.566 Thread 0x000001971b54f310 Exception <a 'java/lang/NoSuchMethodError'{0x0000000089bb55d8}: 'float java.lang.invoke.DelegatingMethodHandle$Holder.reinvoke_L(java.lang.Object, java.lang.Object)'> (0x0000000089bb55d8) 
thrown [s\src\hotspot\share\interpreter\linkResolver.cpp, line 773]
Event: 0.567 Thread 0x000001971b54f310 Exception <a 'java/lang/NoSuchMethodError'{0x0000000089bbf560}: 'void java.lang.invoke.DelegatingMethodHandle$Holder.reinvoke_L(java.lang.Object, java.lang.Object, float)'> (0x0000000089bbf560) 
thrown [s\src\hotspot\share\interpreter\linkResolver.cpp, line 773]
Event: 0.569 Thread 0x000001971b54f310 Exception <a 'java/lang/NoSuchMethodError'{0x0000000089bda3f0}: 'void java.lang.invoke.Invokers$Holder.invokeExact_MT(java.lang.Object, java.lang.Object, java.lang.Object, java.lang.Object)'> (0x0000000089bda3f0) 
thrown [s\src\hotspot\share\interpreter\linkResolver.cpp, line 773]
Event: 0.595 Thread 0x000001971b54f310 Exception <a 'java/lang/NoSuchMethodError'{0x0000000089a43478}: 'void java.lang.invoke.DelegatingMethodHandle$Holder.reinvoke_L(java.lang.Object, java.lang.Object, int)'> (0x0000000089a43478) 
thrown [s\src\hotspot\share\interpreter\linkResolver.cpp, line 773]
Event: 0.596 Thread 0x000001971b54f310 Exception <a 'java/lang/NoSuchMethodError'{0x0000000089a49cb8}: 'void java.lang.invoke.Invokers$Holder.invokeExact_MT(java.lang.Object, java.lang.Object, int, java.lang.Object)'> (0x0000000089a49cb8) 
thrown [s\src\hotspot\share\interpreter\linkResolver.cpp, line 773]

VM Operations (4 events):
Event: 0.068 Executing VM operation: HandshakeAllThreads
Event: 0.068 Executing VM operation: HandshakeAllThreads done
Event: 0.115 Executing VM operation: HandshakeAllThreads
Event: 0.115 Executing VM operation: HandshakeAllThreads done

Events (12 events):
Event: 0.032 Thread 0x000001971b54f310 Thread added: 0x000001971b54f310
Event: 0.043 Thread 0x00000197381de370 Thread added: 0x00000197381de370
Event: 0.043 Thread 0x00000197381def50 Thread added: 0x00000197381def50
Event: 0.043 Thread 0x00000197381e1d30 Thread added: 0x00000197381e1d30
Event: 0.043 Thread 0x00000197381e2870 Thread added: 0x00000197381e2870
Event: 0.043 Thread 0x00000197381e52c0 Thread added: 0x00000197381e52c0
Event: 0.043 Thread 0x00000197381e5e60 Thread added: 0x00000197381e5e60
Event: 0.043 Thread 0x00000197381ee120 Thread added: 0x00000197381ee120
Event: 0.043 Thread 0x00000197381f6be0 Thread added: 0x00000197381f6be0
Event: 0.063 Thread 0x000001977d4f04b0 Thread added: 0x000001977d4f04b0
Event: 0.113 Thread 0x000001977d725c60 Thread added: 0x000001977d725c60
Event: 0.114 Thread 0x000001977d7261b0 Thread added: 0x000001977d7261b0


Dynamic libraries:
0x00007ff712c80000 - 0x00007ff712c8e000 	C:\Users\sangral\.jdks\corretto-20.0.2.1\bin\java.exe
0x00007ffe420f0000 - 0x00007ffe42306000 	C:\WINDOWS\SYSTEM32\ntdll.dll
0x00007ffe404f0000 - 0x00007ffe405b4000 	C:\WINDOWS\System32\KERNEL32.DLL
0x00007ffe3fa90000 - 0x00007ffe3fe36000 	C:\WINDOWS\System32\KERNELBASE.dll
0x00007ffe3f6f0000 - 0x00007ffe3f801000 	C:\WINDOWS\System32\ucrtbase.dll
0x00007ffe3d030000 - 0x00007ffe3d047000 	C:\Users\sangral\.jdks\corretto-20.0.2.1\bin\jli.dll
0x00007ffe3d050000 - 0x00007ffe3d06b000 	C:\Users\sangral\.jdks\corretto-20.0.2.1\bin\VCRUNTIME140.dll
0x00007ffe41e30000 - 0x00007ffe41fdd000 	C:\WINDOWS\System32\USER32.dll
0x00007ffe3f550000 - 0x00007ffe3f576000 	C:\WINDOWS\System32\win32u.dll
0x00007ffe2cfd0000 - 0x00007ffe2d263000 	C:\WINDOWS\WinSxS\amd64_microsoft.windows.common-controls_6595b64144ccf1df_6.0.22621.3235_none_270f74e173860f98\COMCTL32.dll
0x00007ffe41fe0000 - 0x00007ffe42009000 	C:\WINDOWS\System32\GDI32.dll
0x00007ffe40270000 - 0x00007ffe40317000 	C:\WINDOWS\System32\msvcrt.dll
0x00007ffe3f430000 - 0x00007ffe3f548000 	C:\WINDOWS\System32\gdi32full.dll
0x00007ffe3f810000 - 0x00007ffe3f8aa000 	C:\WINDOWS\System32\msvcp_win.dll
0x00007ffe40320000 - 0x00007ffe40351000 	C:\WINDOWS\System32\IMM32.DLL
0x00007ffe3d080000 - 0x00007ffe3d08c000 	C:\Users\sangral\.jdks\corretto-20.0.2.1\bin\vcruntime140_1.dll
0x00007ffe373e0000 - 0x00007ffe3746e000 	C:\Users\sangral\.jdks\corretto-20.0.2.1\bin\msvcp140.dll
0x00007ffe07e80000 - 0x00007ffe08b84000 	C:\Users\sangral\.jdks\corretto-20.0.2.1\bin\server\jvm.dll
0x00007ffe40620000 - 0x00007ffe406d2000 	C:\WINDOWS\System32\ADVAPI32.dll
0x00007ffe40100000 - 0x00007ffe401a8000 	C:\WINDOWS\System32\sechost.dll
0x00007ffe3f640000 - 0x00007ffe3f668000 	C:\WINDOWS\System32\bcrypt.dll
0x00007ffe40360000 - 0x00007ffe40475000 	C:\WINDOWS\System32\RPCRT4.dll
0x00007ffe345b0000 - 0x00007ffe345b9000 	C:\WINDOWS\SYSTEM32\WSOCK32.dll
0x00007ffe370e0000 - 0x00007ffe37114000 	C:\WINDOWS\SYSTEM32\WINMM.dll
0x00007ffe36790000 - 0x00007ffe3679a000 	C:\WINDOWS\SYSTEM32\VERSION.dll
0x00007ffe415a0000 - 0x00007ffe41611000 	C:\WINDOWS\System32\WS2_32.dll
0x00007ffe3e560000 - 0x00007ffe3e578000 	C:\WINDOWS\SYSTEM32\kernel.appcore.dll
0x00007ffe3d020000 - 0x00007ffe3d02a000 	C:\Users\sangral\.jdks\corretto-20.0.2.1\bin\jimage.dll
0x00007ffe3cbd0000 - 0x00007ffe3ce03000 	C:\WINDOWS\SYSTEM32\DBGHELP.DLL
0x00007ffe41620000 - 0x00007ffe419a8000 	C:\WINDOWS\System32\combase.dll
0x00007ffe41370000 - 0x00007ffe41447000 	C:\WINDOWS\System32\OLEAUT32.dll
0x00007ffe1a800000 - 0x00007ffe1a832000 	C:\WINDOWS\SYSTEM32\dbgcore.DLL
0x00007ffe3f670000 - 0x00007ffe3f6ea000 	C:\WINDOWS\System32\bcryptPrimitives.dll
0x00007ffe3cfc0000 - 0x00007ffe3cfce000 	C:\Users\sangral\.jdks\corretto-20.0.2.1\bin\instrument.dll
0x00007ffe3a080000 - 0x00007ffe3a0a6000 	C:\Users\sangral\.jdks\corretto-20.0.2.1\bin\java.dll
0x00007ffe36830000 - 0x00007ffe36907000 	C:\Users\sangral\.jdks\corretto-20.0.2.1\bin\jsvml.dll
0x00007ffe40970000 - 0x00007ffe411cd000 	C:\WINDOWS\System32\SHELL32.dll
0x00007ffe3d3a0000 - 0x00007ffe3dc98000 	C:\WINDOWS\SYSTEM32\windows.storage.dll
0x00007ffe3d260000 - 0x00007ffe3d39e000 	C:\WINDOWS\SYSTEM32\wintypes.dll
0x00007ffe41450000 - 0x00007ffe41543000 	C:\WINDOWS\System32\SHCORE.dll
0x00007ffe40490000 - 0x00007ffe404ee000 	C:\WINDOWS\System32\shlwapi.dll
0x00007ffe3f360000 - 0x00007ffe3f386000 	C:\WINDOWS\SYSTEM32\profapi.dll
0x00007ffe380b0000 - 0x00007ffe380c8000 	C:\Users\sangral\.jdks\corretto-20.0.2.1\bin\zip.dll
0x00007ffe3b260000 - 0x00007ffe3b273000 	C:\Users\sangral\.jdks\corretto-20.0.2.1\bin\net.dll
0x00007ffe38960000 - 0x00007ffe38a97000 	C:\WINDOWS\SYSTEM32\WINHTTP.dll
0x00007ffe3e9e0000 - 0x00007ffe3ea49000 	C:\WINDOWS\system32\mswsock.dll
0x00007ffe38180000 - 0x00007ffe38196000 	C:\Users\sangral\.jdks\corretto-20.0.2.1\bin\nio.dll
0x00007ffe364a0000 - 0x00007ffe364ba000 	C:\Program Files\JetBrains\IntelliJ IDEA Community Edition 2023.3.5\bin\breakgen64.dll
0x00007ffe39870000 - 0x00007ffe39877000 	C:\Users\sangral\.jdks\corretto-20.0.2.1\bin\extnet.dll
0x00007ffe34750000 - 0x00007ffe347cb000 	C:\Users\sangral\AppData\Local\Temp\lwjgl_sangral\3.3.3-snapshot\x64\lwjgl.dll
0x00007ffe22d80000 - 0x00007ffe22e02000 	C:\Users\sangral\AppData\Local\Temp\lwjgl_sangral\3.3.3-snapshot\x64\glfw.dll
0x00007ffe35e10000 - 0x00007ffe35e56000 	C:\WINDOWS\SYSTEM32\dinput8.dll
0x00007ffe36480000 - 0x00007ffe36491000 	C:\WINDOWS\SYSTEM32\xinput1_4.dll
0x00007ffe3f120000 - 0x00007ffe3f16e000 	C:\WINDOWS\SYSTEM32\cfgmgr32.dll
0x00007ffe3f0f0000 - 0x00007ffe3f11c000 	C:\WINDOWS\SYSTEM32\DEVOBJ.dll
0x00007ffe3c780000 - 0x00007ffe3c7ab000 	C:\WINDOWS\SYSTEM32\dwmapi.dll
0x00007ffe2b960000 - 0x00007ffe2bb6a000 	C:\WINDOWS\SYSTEM32\inputhost.dll
0x00007ffe3c110000 - 0x00007ffe3c244000 	C:\WINDOWS\SYSTEM32\CoreMessaging.dll
0x00007ffe3c540000 - 0x00007ffe3c5eb000 	C:\WINDOWS\system32\uxtheme.dll
0x00007ffe3fe40000 - 0x00007ffe3ff94000 	C:\WINDOWS\System32\MSCTF.dll
0x00007ffe3ec30000 - 0x00007ffe3ec3c000 	C:\WINDOWS\SYSTEM32\CRYPTBASE.DLL
0x00007ffe38540000 - 0x00007ffe38550000 	C:\Users\sangral\.jdks\corretto-20.0.2.1\bin\verify.dll
0x00007ffe08cc0000 - 0x00007ffe08e50000 	C:\Users\sangral\.jdks\corretto-20.0.2.1\bin\awt.dll
0x00007ffe3c400000 - 0x00007ffe3c497000 	C:\WINDOWS\SYSTEM32\apphelp.dll
0x00007ffe2f4a0000 - 0x00007ffe2f5a0000 	C:\WINDOWS\SYSTEM32\opengl32.dll
0x00007ffe31100000 - 0x00007ffe3112d000 	C:\WINDOWS\SYSTEM32\GLU32.dll
0x00007ffe3c7f0000 - 0x00007ffe3c829000 	C:\WINDOWS\SYSTEM32\dxcore.dll
0x00007ffe383f0000 - 0x00007ffe3843a000 	C:\WINDOWS\SYSTEM32\directxdatabasehelper.dll
0x00007ffe406f0000 - 0x00007ffe407a0000 	C:\WINDOWS\System32\clbcatq.dll
0x00007ffdfca80000 - 0x00007ffdfd9b1000 	C:\WINDOWS\System32\DriverStore\FileRepository\iigd_dch.inf_amd64_2b7bcff446ea567f\ig9icd64.dll
0x00007ffe411d0000 - 0x00007ffe4136f000 	C:\WINDOWS\System32\ole32.dll
0x00007ffe3c670000 - 0x00007ffe3c768000 	C:\WINDOWS\system32\dxgi.dll
0x00007ffe369c0000 - 0x00007ffe36b65000 	C:\WINDOWS\System32\DriverStore\FileRepository\iigd_dch.inf_amd64_2b7bcff446ea567f\igdgmm64.dll
0x00007ffe0c690000 - 0x00007ffe0f146000 	C:\WINDOWS\System32\DriverStore\FileRepository\iigd_dch.inf_amd64_2b7bcff446ea567f\igc64.dll
0x00007ffe3e2c0000 - 0x00007ffe3e30d000 	C:\WINDOWS\SYSTEM32\powrprof.dll
0x00007ffe3e2a0000 - 0x00007ffe3e2b3000 	C:\WINDOWS\SYSTEM32\UMPDC.dll
0x00007ffe06a20000 - 0x00007ffe06e05000 	C:\WINDOWS\System32\DriverStore\FileRepository\iigd_dch.inf_amd64_2b7bcff446ea567f\igdml64.dll
0x00007ffe2db90000 - 0x00007ffe2dcda000 	C:\WINDOWS\SYSTEM32\textinputframework.dll
0x00007ffe36d70000 - 0x00007ffe370dc000 	C:\WINDOWS\SYSTEM32\CoreUIComponents.dll
0x00007ffe264e0000 - 0x00007ffe2653e000 	C:\Users\sangral\AppData\Local\Temp\lwjgl_sangral\3.3.3-snapshot\x64\lwjgl_opengl.dll
0x00007ffe0c050000 - 0x00007ffe0c0d2000 	C:\Users\sangral\AppData\Local\Temp\lwjgl_sangral\3.3.3-snapshot\x64\lwjgl_stb.dll
0x00007ffdfa1d0000 - 0x00007ffdfaf2d000 	E:\repo\Haspid2DEngine\libs\imgui-java64.dll

dbghelp: loaded successfully - version: 4.0.5 - missing functions: none
symbol engine: initialized successfully - sym options: 0x614 - pdb path: .;C:\Users\sangral\.jdks\corretto-20.0.2.1\bin;C:\WINDOWS\SYSTEM32;C:\WINDOWS\WinSxS\amd64_microsoft.windows.common-controls_6595b64144ccf1df_6.0.22621.3235_none_270f74e173860f98;C:\Users\sangral\.jdks\corretto-20.0.2.1\bin\server;C:\Program Files\JetBrains\IntelliJ IDEA Community Edition 2023.3.5\bin;C:\Users\sangral\AppData\Local\Temp\lwjgl_sangral\3.3.3-snapshot\x64;C:\WINDOWS\System32\DriverStore\FileRepository\iigd_dch.inf_amd64_2b7bcff446ea567f;E:\repo\Haspid2DEngine\libs

VM Arguments:
jvm_args: -Djava.library.path=E:\repo\Haspid2DEngine\libs -javaagent:C:\Program Files\JetBrains\IntelliJ IDEA Community Edition 2023.3.5\lib\idea_rt.jar=55264:C:\Program Files\JetBrains\IntelliJ IDEA Community Edition 2023.3.5\bin -Dfile.encoding=UTF-8 -Dsun.stdout.encoding=UTF-8 -Dsun.stderr.encoding=UTF-8 
java_command: main.Main
java_class_path (initial): E:\repo\Haspid2DEngine\out\production\Haspid2DEngine;E:\repo\Haspid2DEngine\libs\imgui-app-1.86.11-all.jar;E:\repo\Haspid2DEngine\libs\imgui-app-1.86.11.jar;E:\repo\Haspid2DEngine\libs\imgui-binding-1.86.11.jar;E:\repo\Haspid2DEngine\libs\imgui-java64.dll;E:\repo\Haspid2DEngine\libs\imgui-lwjgl3-1.86.11.jar;E:\repo\Haspid2DEngine\libs\joml-1.10.5.jar;E:\repo\Haspid2DEngine\libs\lwjgl-assimp-natives-windows.jar;E:\repo\Haspid2DEngine\libs\lwjgl-assimp.jar;E:\repo\Haspid2DEngine\libs\lwjgl-glfw-natives-windows.jar;E:\repo\Haspid2DEngine\libs\lwjgl-glfw.jar;E:\repo\Haspid2DEngine\libs\lwjgl-natives-windows.jar;E:\repo\Haspid2DEngine\libs\lwjgl-nfd-natives-windows.jar;E:\repo\Haspid2DEngine\libs\lwjgl-nfd.jar;E:\repo\Haspid2DEngine\libs\lwjgl-openal-natives-windows.jar;E:\repo\Haspid2DEngine\libs\lwjgl-openal.jar;E:\repo\Haspid2DEngine\libs\lwjgl-opengl-natives-windows.jar;E:\repo\Haspid2DEngine\libs\lwjgl-opengl.jar;E:\repo\Haspid2DEngine\libs\lwjgl-stb-natives-windows.jar;E:\repo\Haspid2DEngine\libs\lwjgl-stb.jar;E:\repo\Haspid2DEngine\libs\lwjgl.jar;E:\repo\Haspid2DEngine\libs\gson-2.10.1.jar
Launcher Type: SUN_STANDARD

[Global flags]
     intx CICompilerCount                          = 4                                         {product} {ergonomic}
     uint ConcGCThreads                            = 2                                         {product} {ergonomic}
     uint G1ConcRefinementThreads                  = 8                                         {product} {ergonomic}
   size_t G1HeapRegionSize                         = 1048576                                   {product} {ergonomic}
    uintx GCDrainStackTargetSize                   = 64                                        {product} {ergonomic}
   size_t InitialHeapSize                          = 132120576                                 {product} {ergonomic}
   size_t MarkStackSize                            = 4194304                                   {product} {ergonomic}
   size_t MaxHeapSize                              = 2103443456                                {product} {ergonomic}
   size_t MaxNewSize                               = 1261436928                                {product} {ergonomic}
   size_t MinHeapDeltaBytes                        = 1048576                                   {product} {ergonomic}
   size_t MinHeapSize                              = 8388608                                   {product} {ergonomic}
    uintx NonNMethodCodeHeapSize                   = 5839372                                {pd product} {ergonomic}
    uintx NonProfiledCodeHeapSize                  = 122909434                              {pd product} {ergonomic}
    uintx ProfiledCodeHeapSize                     = 122909434                              {pd product} {ergonomic}
    uintx ReservedCodeCacheSize                    = 251658240                              {pd product} {ergonomic}
     bool SegmentedCodeCache                       = true                                      {product} {ergonomic}
   size_t SoftMaxHeapSize                          = 2103443456                             {manageable} {ergonomic}
     bool UseCompressedClassPointers               = true                           {product lp64_product} {ergonomic}
     bool UseCompressedOops                        = true                           {product lp64_product} {ergonomic}
     bool UseG1GC                                  = true                                      {product} {ergonomic}
     bool UseLargePagesIndividualAllocation        = false                                  {pd product} {ergonomic}

Logging:
Log output configuration:
 #0: stdout all=warning uptime,level,tags foldmultilines=false
 #1: stderr all=off uptime,level,tags foldmultilines=false

Environment Variables:
PATH=C:\Program Files (x86)\Common Files\Oracle\Java\javapath;C:\WINDOWS\system32;C:\WINDOWS;C:\WINDOWS\System32\Wbem;C:\WINDOWS\System32\WindowsPowerShell\v1.0\;C:\WINDOWS\System32\OpenSSH\;E:\system\Git\cmd;C:\Users\sangral\AppData\Local\Microsoft\WindowsApps;E:\system\Microsoft VS Code\bin
USERNAME=sangral
OS=Windows_NT
PROCESSOR_IDENTIFIER=Intel64 Family 6 Model 165 Stepping 2, GenuineIntel
TMP=C:\Users\sangral\AppData\Local\Temp
TEMP=C:\Users\sangral\AppData\Local\Temp




---------------  S Y S T E M  ---------------

OS:
 Windows 11 , 64 bit Build 22621 (10.0.22621.3235)
OS uptime: 21 days 0:58 hours

CPU: total 8 (initial active 8) (4 cores per cpu, 2 threads per core) family 6 model 165 stepping 2 microcode 0xea, cx8, cmov, fxsr, ht, mmx, 3dnowpref, sse, sse2, sse3, ssse3, sse4.1, sse4.2, popcnt, lzcnt, tsc, tscinvbit, avx, avx2, aes, erms, clmul, bmi1, bmi2, adx, fma, vzeroupper, clflush, clflushopt, rdtscp, f16c, pku

Memory: 4k page, system-wide physical 8023M (1790M free)
TotalPageFile size 12331M (AvailPageFile size 1928M)
current process WorkingSet (physical memory assigned to process): 186M, peak: 186M
current process commit charge ("private bytes"): 328M, peak: 328M

vm_info: OpenJDK 64-Bit Server VM (20.0.2.1+10-FR) for windows-amd64 JRE (20.0.2.1+10-FR), built on 2023-08-19T09:18:31Z by "Administrator" with unknown MS VC++:1937

END.
